#
# There is insufficient memory for the Java Runtime Environment to continue.
# Native memory allocation (malloc) failed to allocate 488768 bytes for Chunk::new
# Possible reasons:
#   The system is out of physical RAM or swap space
#   The process is running with CompressedOops enabled, and the Java Heap may be blocking the growth of the native heap
# Possible solutions:
#   Reduce memory load on the system
#   Increase physical memory or swap space
#   Check if swap backing store is full
#   Decrease Java heap size (-Xmx/-Xms)
#   Decrease number of Java threads
#   Decrease Java thread stack sizes (-Xss)
#   Set larger code cache with -XX:ReservedCodeCacheSize=
#   JVM is running with Unscaled Compressed Oops mode in which the Java heap is
#     placed in the first 4GB address space. The Java Heap base address is the
#     maximum limit for the native heap growth. Please use -XX:HeapBaseMinAddress
#     to set the Java Heap base and to place the Java Heap above 4GB virtual address.
# This output file may be truncated or incomplete.
#
#  Out of Memory Error (arena.cpp:189), pid=17960, tid=15600
#
# JRE version: OpenJDK Runtime Environment Temurin-17.0.5+8 (17.0.5+8) (build 17.0.5+8)
# Java VM: OpenJDK 64-Bit Server VM Temurin-17.0.5+8 (17.0.5+8, mixed mode, tiered, compressed oops, compressed class ptrs, parallel gc, windows-amd64)
# No core dump will be written. Minidumps are not enabled by default on client versions of Windows
#

---------------  S U M M A R Y ------------

Command Line: --add-modules=ALL-SYSTEM --add-opens=java.base/java.util=ALL-UNNAMED --add-opens=java.base/java.lang=ALL-UNNAMED --add-opens=java.base/sun.nio.fs=ALL-UNNAMED -Declipse.application=org.eclipse.jdt.ls.core.id1 -Dosgi.bundles.defaultStartLevel=4 -Declipse.product=org.eclipse.jdt.ls.core.product -Djava.import.generatesMetadataFilesAtProjectRoot=false -Dfile.encoding=utf8 -XX:+UseParallelGC -XX:GCTimeRatio=4 -XX:AdaptiveSizePolicyWeight=90 -Dsun.zip.disableMemoryMapping=true -Xmx1G -Xms100m -Xlog:disable -javaagent:c:\Users\nhatn\.vscode\extensions\redhat.java-1.13.0-win32-x64\lombok\lombok-1.18.24.jar -XX:+HeapDumpOnOutOfMemoryError -XX:HeapDumpPath=c:\Users\nhatn\AppData\Roaming\Code\User\workspaceStorage\44674951d730b25edd6456c19b829709\redhat.java c:\Users\nhatn\.vscode\extensions\redhat.java-1.13.0-win32-x64\server\plugins\org.eclipse.equinox.launcher_1.6.400.v20210924-0641.jar -configuration c:\Users\nhatn\AppData\Roaming\Code\User\globalStorage\redhat.java\1.13.0\config_win -data c:\Users\nhatn\AppData\Roaming\Code\User\workspaceStorage\44674951d730b25edd6456c19b829709\redhat.java\jdt_ws

Host: AMD Ryzen 5 3550H with Radeon Vega Mobile Gfx  , 8 cores, 5G,  Windows 11 , 64 bit Build 22000 (10.0.22000.1335)
Time: Tue Dec 20 19:12:57 2022 SE Asia Standard Time elapsed time: 73.632665 seconds (0d 0h 1m 13s)

---------------  T H R E A D  ---------------

Current thread (0x0000013536b428e0):  JavaThread "C2 CompilerThread0" daemon [_thread_in_native, id=15600, stack(0x0000002717800000,0x0000002717900000)]


Current CompileTask:
C2:  73632 9919       4       com.google.gson.stream.JsonWriter::string (169 bytes)

Stack: [0x0000002717800000,0x0000002717900000]
Native frames: (J=compiled Java code, j=interpreted, Vv=VM code, C=native code)
V  [jvm.dll+0x676b3a]
V  [jvm.dll+0x831444]
V  [jvm.dll+0x832bee]
V  [jvm.dll+0x833253]
V  [jvm.dll+0x244ce5]
V  [jvm.dll+0xabbac]
V  [jvm.dll+0xac17c]
V  [jvm.dll+0x362d57]
V  [jvm.dll+0x32d591]
V  [jvm.dll+0x32ca3a]
V  [jvm.dll+0x217b51]
V  [jvm.dll+0x216f71]
V  [jvm.dll+0x1a343d]
V  [jvm.dll+0x22698a]
V  [jvm.dll+0x224ac5]
V  [jvm.dll+0x7e727b]
V  [jvm.dll+0x7e17ea]
V  [jvm.dll+0x6759e5]
C  [ucrtbase.dll+0x26c0c]
C  [KERNEL32.DLL+0x155a0]
C  [ntdll.dll+0x485b]


---------------  P R O C E S S  ---------------

Threads class SMR info:
_java_thread_list=0x0000013539150c30, length=38, elements={
0x0000013521224bf0, 0x00000135350a5010, 0x00000135350a6910, 0x0000013536b36f10,
0x0000013536b397e0, 0x0000013536b3a840, 0x0000013536b3eda0, 0x0000013536b428e0,
0x0000013536b47750, 0x0000013536b53dc0, 0x0000013536c6bb30, 0x0000013537aa8050,
0x0000013537c133d0, 0x000001353803d930, 0x000001353803de00, 0x0000013538c2c540,
0x0000013537ee4040, 0x0000013537e0a160, 0x0000013537f710d0, 0x0000013537f70260,
0x0000013537f715a0, 0x0000013537f6ea50, 0x0000013537f70c00, 0x0000013537f6ef20,
0x0000013537f6f3f0, 0x0000013539b10a90, 0x0000013539b105c0, 0x0000013539b0e410,
0x0000013539b0df40, 0x0000013539b100f0, 0x0000013539b10f60, 0x0000013539b0d5a0,
0x0000013539b0da70, 0x0000013539b0e8e0, 0x0000013539b0edb0, 0x0000013537f6e580,
0x000001353b36a260, 0x000001353b3668a0
}

Java Threads: ( => current thread )
  0x0000013521224bf0 JavaThread "main" [_thread_blocked, id=13772, stack(0x0000002716f00000,0x0000002717000000)]
  0x00000135350a5010 JavaThread "Reference Handler" daemon [_thread_blocked, id=19572, stack(0x0000002717200000,0x0000002717300000)]
  0x00000135350a6910 JavaThread "Finalizer" daemon [_thread_blocked, id=19180, stack(0x0000002717300000,0x0000002717400000)]
  0x0000013536b36f10 JavaThread "Signal Dispatcher" daemon [_thread_blocked, id=4824, stack(0x0000002717400000,0x0000002717500000)]
  0x0000013536b397e0 JavaThread "Attach Listener" daemon [_thread_blocked, id=12688, stack(0x0000002717500000,0x0000002717600000)]
  0x0000013536b3a840 JavaThread "Service Thread" daemon [_thread_blocked, id=19728, stack(0x0000002717600000,0x0000002717700000)]
  0x0000013536b3eda0 JavaThread "Monitor Deflation Thread" daemon [_thread_blocked, id=596, stack(0x0000002717700000,0x0000002717800000)]
=>0x0000013536b428e0 JavaThread "C2 CompilerThread0" daemon [_thread_in_native, id=15600, stack(0x0000002717800000,0x0000002717900000)]
  0x0000013536b47750 JavaThread "C1 CompilerThread0" daemon [_thread_blocked, id=19384, stack(0x0000002717900000,0x0000002717a00000)]
  0x0000013536b53dc0 JavaThread "Sweeper thread" daemon [_thread_blocked, id=13788, stack(0x0000002717a00000,0x0000002717b00000)]
  0x0000013536c6bb30 JavaThread "Common-Cleaner" daemon [_thread_blocked, id=16124, stack(0x0000002717b00000,0x0000002717c00000)]
  0x0000013537aa8050 JavaThread "Notification Thread" daemon [_thread_blocked, id=2004, stack(0x0000002717c00000,0x0000002717d00000)]
  0x0000013537c133d0 JavaThread "Active Thread: Equinox Container: 0e679fa8-5883-40d4-ab60-a81e3e9ea200" [_thread_blocked, id=17204, stack(0x0000002718400000,0x0000002718500000)]
  0x000001353803d930 JavaThread "Framework Event Dispatcher: Equinox Container: 0e679fa8-5883-40d4-ab60-a81e3e9ea200" daemon [_thread_blocked, id=17360, stack(0x0000002718500000,0x0000002718600000)]
  0x000001353803de00 JavaThread "Start Level: Equinox Container: 0e679fa8-5883-40d4-ab60-a81e3e9ea200" daemon [_thread_blocked, id=20468, stack(0x0000002718600000,0x0000002718700000)]
  0x0000013538c2c540 JavaThread "SCR Component Actor" daemon [_thread_blocked, id=9708, stack(0x0000002718700000,0x0000002718800000)]
  0x0000013537ee4040 JavaThread "Worker-JM" [_thread_blocked, id=17520, stack(0x0000002718a00000,0x0000002718b00000)]
  0x0000013537e0a160 JavaThread "Worker-0: Initialize Workspace" [_thread_blocked, id=17920, stack(0x0000002718b00000,0x0000002718c00000)]
  0x0000013537f710d0 JavaThread "Worker-1" [_thread_blocked, id=1276, stack(0x0000002718c00000,0x0000002718d00000)]
  0x0000013537f70260 JavaThread "Java indexing" daemon [_thread_blocked, id=3232, stack(0x0000002718d00000,0x0000002718e00000)]
  0x0000013537f715a0 JavaThread "Worker-2" [_thread_blocked, id=10604, stack(0x0000002718e00000,0x0000002718f00000)]
  0x0000013537f6ea50 JavaThread "JNA Cleaner" daemon [_thread_blocked, id=7424, stack(0x0000002718f00000,0x0000002719000000)]
  0x0000013537f70c00 JavaThread "pool-2-thread-1" [_thread_blocked, id=13040, stack(0x0000002718900000,0x0000002718a00000)]
  0x0000013537f6ef20 JavaThread "pool-1-thread-1" [_thread_in_native, id=1516, stack(0x0000002719000000,0x0000002719100000)]
  0x0000013537f6f3f0 JavaThread "Worker-3" [_thread_blocked, id=12188, stack(0x0000002719100000,0x0000002719200000)]
  0x0000013539b10a90 JavaThread "Worker-4" [_thread_blocked, id=12012, stack(0x0000002716e00000,0x0000002716f00000)]
  0x0000013539b105c0 JavaThread "Worker-5: Initialize workspace" [_thread_in_native, id=16256, stack(0x0000002719200000,0x0000002719300000)]
  0x0000013539b0e410 JavaThread "Worker-6" [_thread_blocked, id=11236, stack(0x0000002719300000,0x0000002719400000)]
  0x0000013539b0df40 JavaThread "ForkJoinPool.commonPool-worker-1" daemon [_thread_blocked, id=14520, stack(0x0000002719400000,0x0000002719500000)]
  0x0000013539b100f0 JavaThread "Worker-7" [_thread_blocked, id=10000, stack(0x0000002719500000,0x0000002719600000)]
  0x0000013539b10f60 JavaThread "ForkJoinPool.commonPool-worker-2" daemon [_thread_blocked, id=9596, stack(0x0000002719600000,0x0000002719700000)]
  0x0000013539b0d5a0 JavaThread "ForkJoinPool.commonPool-worker-3" daemon [_thread_blocked, id=13532, stack(0x0000002719700000,0x0000002719800000)]
  0x0000013539b0da70 JavaThread "ForkJoinPool.commonPool-worker-4" daemon [_thread_blocked, id=13984, stack(0x0000002719800000,0x0000002719900000)]
  0x0000013539b0e8e0 JavaThread "ForkJoinPool.commonPool-worker-5" daemon [_thread_blocked, id=2820, stack(0x0000002719900000,0x0000002719a00000)]
  0x0000013539b0edb0 JavaThread "ForkJoinPool.commonPool-worker-6" daemon [_thread_blocked, id=19048, stack(0x0000002719a00000,0x0000002719b00000)]
  0x0000013537f6e580 JavaThread "ForkJoinPool.commonPool-worker-7" daemon [_thread_in_native, id=1696, stack(0x0000002719b00000,0x0000002719c00000)]
  0x000001353b36a260 JavaThread "SCR Component Registry" daemon [_thread_blocked, id=20444, stack(0x0000002716c00000,0x0000002716d00000)]
  0x000001353b3668a0 JavaThread "Bundle File Closer" daemon [_thread_blocked, id=12956, stack(0x0000002716d00000,0x0000002716e00000)]

Other Threads:
  0x0000013536b10c20 VMThread "VM Thread" [stack: 0x0000002717100000,0x0000002717200000] [id=16268]
  0x0000013536dd2a40 WatcherThread [stack: 0x0000002717d00000,0x0000002717e00000] [id=492]
  0x0000013521239c70 GCTaskThread "GC Thread#0" [stack: 0x0000002717000000,0x0000002717100000] [id=12996]
  0x00000135380e31d0 GCTaskThread "GC Thread#1" [stack: 0x0000002717e00000,0x0000002717f00000] [id=10904]
  0x0000013537fe43b0 GCTaskThread "GC Thread#2" [stack: 0x0000002717f00000,0x0000002718000000] [id=9036]
  0x000001353800c590 GCTaskThread "GC Thread#3" [stack: 0x0000002718000000,0x0000002718100000] [id=9568]
  0x0000013538084030 GCTaskThread "GC Thread#4" [stack: 0x0000002718100000,0x0000002718200000] [id=5060]
  0x00000135380842e0 GCTaskThread "GC Thread#5" [stack: 0x0000002718200000,0x0000002718300000] [id=1828]
  0x000001353827c250 GCTaskThread "GC Thread#6" [stack: 0x0000002718300000,0x0000002718400000] [id=12372]
  0x000001351f10b6b0 GCTaskThread "GC Thread#7" [stack: 0x0000002718800000,0x0000002718900000] [id=16004]

Threads with active compile tasks:
C2 CompilerThread0    73672 9919       4       com.google.gson.stream.JsonWriter::string (169 bytes)

VM state: not at safepoint (normal execution)

VM Mutex/Monitor currently owned by a thread: None

Heap address: 0x00000000c0000000, size: 1024 MB, Compressed Oops mode: 32-bit

CDS archive(s) not mapped
Compressed class space mapped at: 0x0000000100000000-0x0000000140000000, reserved size: 1073741824
Narrow klass base: 0x0000000000000000, Narrow klass shift: 3, Narrow klass range: 0x140000000

GC Precious Log:
 CPUs: 8 total, 8 available
 Memory: 6080M
 Large Page Support: Disabled
 NUMA Support: Disabled
 Compressed Oops: Enabled (32-bit)
 Alignments: Space 512K, Generation 512K, Heap 2M
 Heap Min Capacity: 100M
 Heap Initial Capacity: 100M
 Heap Max Capacity: 1G
 Pre-touch: Disabled
 Parallel Workers: 8

Heap:
 PSYoungGen      total 15872K, used 13045K [0x00000000eab00000, 0x00000000ebb80000, 0x0000000100000000)
  eden space 14848K, 85% used [0x00000000eab00000,0x00000000eb755788,0x00000000eb980000)
  from space 1024K, 40% used [0x00000000eb980000,0x00000000eb9e8000,0x00000000eba80000)
  to   space 512K, 0% used [0x00000000ebb00000,0x00000000ebb00000,0x00000000ebb80000)
 ParOldGen       total 68608K, used 50100K [0x00000000c0000000, 0x00000000c4300000, 0x00000000eab00000)
  object space 68608K, 73% used [0x00000000c0000000,0x00000000c30ed200,0x00000000c4300000)
 Metaspace       used 63596K, committed 64832K, reserved 1114112K
  class space    used 6614K, committed 7168K, reserved 1048576K

Card table byte_map: [0x0000013520c00000,0x0000013520e10000] _byte_map_base: 0x0000013520600000

Marking Bits: (ParMarkBitMap*) 0x00007ffb77020dd0
 Begin Bits: [0x0000013532eb0000, 0x0000013533eb0000)
 End Bits:   [0x0000013533eb0000, 0x0000013534eb0000)

Polling page: 0x00000135209f0000

Metaspace:

Usage:
  Non-class:     55.65 MB used.
      Class:      6.46 MB used.
       Both:     62.11 MB used.

Virtual space:
  Non-class space:       64.00 MB reserved,      56.31 MB ( 88%) committed,  8 nodes.
      Class space:        1.00 GB reserved,       7.00 MB ( <1%) committed,  1 nodes.
             Both:        1.06 GB reserved,      63.31 MB (  6%) committed. 

Chunk freelists:
   Non-Class:  3.61 MB
       Class:  932.00 KB
        Both:  4.52 MB

MaxMetaspaceSize: unlimited
CompressedClassSpaceSize: 1.00 GB
Initial GC threshold: 21.00 MB
Current GC threshold: 97.31 MB
CDS: off
MetaspaceReclaimPolicy: balanced
 - commit_granule_bytes: 65536.
 - commit_granule_words: 8192.
 - virtual_space_node_default_size: 1048576.
 - enlarge_chunks_in_place: 1.
 - new_chunks_are_fully_committed: 0.
 - uncommit_free_chunks: 1.
 - use_allocation_guard: 0.
 - handle_deallocations: 1.


Internal statistics:

num_allocs_failed_limit: 11.
num_arena_births: 742.
num_arena_deaths: 16.
num_vsnodes_births: 9.
num_vsnodes_deaths: 0.
num_space_committed: 1013.
num_space_uncommitted: 0.
num_chunks_returned_to_freelist: 27.
num_chunks_taken_from_freelist: 3341.
num_chunk_merges: 15.
num_chunk_splits: 2089.
num_chunks_enlarged: 1190.
num_purges: 4.
num_inconsistent_stats: 0.

CodeHeap 'non-profiled nmethods': size=120000Kb used=4839Kb max_used=4839Kb free=115160Kb
 bounds [0x000001352b980000, 0x000001352be40000, 0x0000013532eb0000]
CodeHeap 'profiled nmethods': size=120000Kb used=18260Kb max_used=18260Kb free=101739Kb
 bounds [0x0000013524450000, 0x0000013525630000, 0x000001352b980000]
CodeHeap 'non-nmethods': size=5760Kb used=1336Kb max_used=1392Kb free=4423Kb
 bounds [0x0000013523eb0000, 0x0000013524120000, 0x0000013524450000]
 total_blobs=9063 nmethods=8388 adapters=587
 compilation: enabled
              stopped_count=0, restarted_count=0
 full_count=0

Compilation events (20 events):
Event: 73.583 Thread 0x0000013536b47750 9915       3       jdk.internal.reflect.UnsafeBooleanFieldAccessorImpl::get (9 bytes)
Event: 73.584 Thread 0x0000013536b47750 nmethod 9915 0x0000013525613c10 code [0x0000013525613e20, 0x0000013525614568]
Event: 73.584 Thread 0x0000013536b47750 9917       3       jdk.internal.reflect.UnsafeBooleanFieldAccessorImpl::getBoolean (17 bytes)
Event: 73.585 Thread 0x0000013536b47750 nmethod 9917 0x0000013525614810 code [0x0000013525614a00, 0x0000013525614fe8]
Event: 73.585 Thread 0x0000013536b47750 9921       3       com.google.gson.internal.bind.TypeAdapters$3::write (10 bytes)
Event: 73.585 Thread 0x0000013536b47750 nmethod 9921 0x0000013525615210 code [0x00000135256153c0, 0x00000135256156e8]
Event: 73.585 Thread 0x0000013536b47750 9922       3       com.google.gson.stream.JsonWriter::value (40 bytes)
Event: 73.586 Thread 0x0000013536b47750 nmethod 9922 0x0000013525615810 code [0x0000013525615a00, 0x0000013525615ee8]
Event: 73.586 Thread 0x0000013536b47750 9923       3       com.google.gson.internal.bind.TypeAdapters$3::write (7 bytes)
Event: 73.586 Thread 0x0000013536b47750 nmethod 9923 0x0000013525616090 code [0x0000013525616240, 0x0000013525616408]
Event: 73.586 Thread 0x0000013536b47750 9924       3       com.google.gson.stream.JsonWriter::nullValue (43 bytes)
Event: 73.586 Thread 0x0000013536b47750 nmethod 9924 0x0000013525616510 code [0x0000013525616700, 0x0000013525616b18]
Event: 73.587 Thread 0x0000013536b47750 9925       3       com.google.gson.internal.bind.TypeAdapters$20::write (10 bytes)
Event: 73.587 Thread 0x0000013536b47750 nmethod 9925 0x0000013525616c90 code [0x0000013525616ec0, 0x0000013525617638]
Event: 73.587 Thread 0x0000013536b47750 9927   !   3       com.google.gson.internal.bind.ReflectiveTypeAdapterFactory$Adapter::write (98 bytes)
Event: 73.588 Thread 0x0000013536b47750 nmethod 9927 0x0000013525617890 code [0x0000013525617b60, 0x0000013525618a68]
Event: 73.589 Thread 0x0000013536b47750 9926       3       com.google.gson.internal.bind.TypeAdapters$20::write (18 bytes)
Event: 73.589 Thread 0x0000013536b47750 nmethod 9926 0x0000013525619090 code [0x00000135256192a0, 0x00000135256198d8]
Event: 73.589 Thread 0x0000013536b47750 9928       3       java.lang.invoke.VarHandleGuards::guard_LL_V (125 bytes)
Event: 73.593 Thread 0x0000013536b47750 nmethod 9928 0x0000013525619b10 code [0x0000013525619f20, 0x000001352561c5b8]

GC Heap History (20 events):
Event: 57.395 GC heap before
{Heap before GC invocations=59 (full 3):
 PSYoungGen      total 16896K, used 16512K [0x00000000eab00000, 0x00000000ebd80000, 0x0000000100000000)
  eden space 14848K, 100% used [0x00000000eab00000,0x00000000eb980000,0x00000000eb980000)
  from space 2048K, 81% used [0x00000000eb980000,0x00000000ebb20000,0x00000000ebb80000)
  to   space 2048K, 0% used [0x00000000ebb80000,0x00000000ebb80000,0x00000000ebd80000)
 ParOldGen       total 68608K, used 41990K [0x00000000c0000000, 0x00000000c4300000, 0x00000000eab00000)
  object space 68608K, 61% used [0x00000000c0000000,0x00000000c2901878,0x00000000c4300000)
 Metaspace       used 60498K, committed 61568K, reserved 1105920K
  class space    used 6349K, committed 6848K, reserved 1048576K
}
Event: 57.397 GC heap after
{Heap after GC invocations=59 (full 3):
 PSYoungGen      total 16384K, used 1312K [0x00000000eab00000, 0x00000000ebd00000, 0x0000000100000000)
  eden space 14848K, 0% used [0x00000000eab00000,0x00000000eab00000,0x00000000eb980000)
  from space 1536K, 85% used [0x00000000ebb80000,0x00000000ebcc8000,0x00000000ebd00000)
  to   space 1536K, 0% used [0x00000000eba00000,0x00000000eba00000,0x00000000ebb80000)
 ParOldGen       total 68608K, used 43370K [0x00000000c0000000, 0x00000000c4300000, 0x00000000eab00000)
  object space 68608K, 63% used [0x00000000c0000000,0x00000000c2a5a898,0x00000000c4300000)
 Metaspace       used 60498K, committed 61568K, reserved 1105920K
  class space    used 6349K, committed 6848K, reserved 1048576K
}
Event: 59.369 GC heap before
{Heap before GC invocations=60 (full 3):
 PSYoungGen      total 16384K, used 16160K [0x00000000eab00000, 0x00000000ebd00000, 0x0000000100000000)
  eden space 14848K, 100% used [0x00000000eab00000,0x00000000eb980000,0x00000000eb980000)
  from space 1536K, 85% used [0x00000000ebb80000,0x00000000ebcc8000,0x00000000ebd00000)
  to   space 1536K, 0% used [0x00000000eba00000,0x00000000eba00000,0x00000000ebb80000)
 ParOldGen       total 68608K, used 43370K [0x00000000c0000000, 0x00000000c4300000, 0x00000000eab00000)
  object space 68608K, 63% used [0x00000000c0000000,0x00000000c2a5a898,0x00000000c4300000)
 Metaspace       used 60812K, committed 61824K, reserved 1105920K
  class space    used 6371K, committed 6848K, reserved 1048576K
}
Event: 59.372 GC heap after
{Heap after GC invocations=60 (full 3):
 PSYoungGen      total 15872K, used 928K [0x00000000eab00000, 0x00000000ebc80000, 0x0000000100000000)
  eden space 14848K, 0% used [0x00000000eab00000,0x00000000eab00000,0x00000000eb980000)
  from space 1024K, 90% used [0x00000000eba00000,0x00000000ebae8000,0x00000000ebb00000)
  to   space 1536K, 0% used [0x00000000ebb00000,0x00000000ebb00000,0x00000000ebc80000)
 ParOldGen       total 68608K, used 44570K [0x00000000c0000000, 0x00000000c4300000, 0x00000000eab00000)
  object space 68608K, 64% used [0x00000000c0000000,0x00000000c2b868a8,0x00000000c4300000)
 Metaspace       used 60812K, committed 61824K, reserved 1105920K
  class space    used 6371K, committed 6848K, reserved 1048576K
}
Event: 62.053 GC heap before
{Heap before GC invocations=61 (full 3):
 PSYoungGen      total 15872K, used 15776K [0x00000000eab00000, 0x00000000ebc80000, 0x0000000100000000)
  eden space 14848K, 100% used [0x00000000eab00000,0x00000000eb980000,0x00000000eb980000)
  from space 1024K, 90% used [0x00000000eba00000,0x00000000ebae8000,0x00000000ebb00000)
  to   space 1536K, 0% used [0x00000000ebb00000,0x00000000ebb00000,0x00000000ebc80000)
 ParOldGen       total 68608K, used 44570K [0x00000000c0000000, 0x00000000c4300000, 0x00000000eab00000)
  object space 68608K, 64% used [0x00000000c0000000,0x00000000c2b868a8,0x00000000c4300000)
 Metaspace       used 60987K, committed 62016K, reserved 1105920K
  class space    used 6371K, committed 6848K, reserved 1048576K
}
Event: 62.055 GC heap after
{Heap after GC invocations=61 (full 3):
 PSYoungGen      total 16384K, used 1184K [0x00000000eab00000, 0x00000000ebc80000, 0x0000000100000000)
  eden space 14848K, 0% used [0x00000000eab00000,0x00000000eab00000,0x00000000eb980000)
  from space 1536K, 77% used [0x00000000ebb00000,0x00000000ebc28000,0x00000000ebc80000)
  to   space 1536K, 0% used [0x00000000eb980000,0x00000000eb980000,0x00000000ebb00000)
 ParOldGen       total 68608K, used 45314K [0x00000000c0000000, 0x00000000c4300000, 0x00000000eab00000)
  object space 68608K, 66% used [0x00000000c0000000,0x00000000c2c408b8,0x00000000c4300000)
 Metaspace       used 60987K, committed 62016K, reserved 1105920K
  class space    used 6371K, committed 6848K, reserved 1048576K
}
Event: 64.254 GC heap before
{Heap before GC invocations=62 (full 3):
 PSYoungGen      total 16384K, used 16032K [0x00000000eab00000, 0x00000000ebc80000, 0x0000000100000000)
  eden space 14848K, 100% used [0x00000000eab00000,0x00000000eb980000,0x00000000eb980000)
  from space 1536K, 77% used [0x00000000ebb00000,0x00000000ebc28000,0x00000000ebc80000)
  to   space 1536K, 0% used [0x00000000eb980000,0x00000000eb980000,0x00000000ebb00000)
 ParOldGen       total 68608K, used 45314K [0x00000000c0000000, 0x00000000c4300000, 0x00000000eab00000)
  object space 68608K, 66% used [0x00000000c0000000,0x00000000c2c408b8,0x00000000c4300000)
 Metaspace       used 61131K, committed 62144K, reserved 1105920K
  class space    used 6375K, committed 6848K, reserved 1048576K
}
Event: 64.256 GC heap after
{Heap after GC invocations=62 (full 3):
 PSYoungGen      total 15872K, used 640K [0x00000000eab00000, 0x00000000ebb80000, 0x0000000100000000)
  eden space 14848K, 0% used [0x00000000eab00000,0x00000000eab00000,0x00000000eb980000)
  from space 1024K, 62% used [0x00000000eb980000,0x00000000eba20000,0x00000000eba80000)
  to   space 1024K, 0% used [0x00000000eba80000,0x00000000eba80000,0x00000000ebb80000)
 ParOldGen       total 68608K, used 46266K [0x00000000c0000000, 0x00000000c4300000, 0x00000000eab00000)
  object space 68608K, 67% used [0x00000000c0000000,0x00000000c2d2e8b8,0x00000000c4300000)
 Metaspace       used 61131K, committed 62144K, reserved 1105920K
  class space    used 6375K, committed 6848K, reserved 1048576K
}
Event: 65.470 GC heap before
{Heap before GC invocations=63 (full 3):
 PSYoungGen      total 15872K, used 15488K [0x00000000eab00000, 0x00000000ebb80000, 0x0000000100000000)
  eden space 14848K, 100% used [0x00000000eab00000,0x00000000eb980000,0x00000000eb980000)
  from space 1024K, 62% used [0x00000000eb980000,0x00000000eba20000,0x00000000eba80000)
  to   space 1024K, 0% used [0x00000000eba80000,0x00000000eba80000,0x00000000ebb80000)
 ParOldGen       total 68608K, used 46266K [0x00000000c0000000, 0x00000000c4300000, 0x00000000eab00000)
  object space 68608K, 67% used [0x00000000c0000000,0x00000000c2d2e8b8,0x00000000c4300000)
 Metaspace       used 61261K, committed 62272K, reserved 1105920K
  class space    used 6379K, committed 6848K, reserved 1048576K
}
Event: 65.471 GC heap after
{Heap after GC invocations=63 (full 3):
 PSYoungGen      total 15872K, used 832K [0x00000000eab00000, 0x00000000ebb80000, 0x0000000100000000)
  eden space 14848K, 0% used [0x00000000eab00000,0x00000000eab00000,0x00000000eb980000)
  from space 1024K, 81% used [0x00000000eba80000,0x00000000ebb50000,0x00000000ebb80000)
  to   space 1024K, 0% used [0x00000000eb980000,0x00000000eb980000,0x00000000eba80000)
 ParOldGen       total 68608K, used 46810K [0x00000000c0000000, 0x00000000c4300000, 0x00000000eab00000)
  object space 68608K, 68% used [0x00000000c0000000,0x00000000c2db68c8,0x00000000c4300000)
 Metaspace       used 61261K, committed 62272K, reserved 1105920K
  class space    used 6379K, committed 6848K, reserved 1048576K
}
Event: 66.499 GC heap before
{Heap before GC invocations=64 (full 3):
 PSYoungGen      total 15872K, used 15680K [0x00000000eab00000, 0x00000000ebb80000, 0x0000000100000000)
  eden space 14848K, 100% used [0x00000000eab00000,0x00000000eb980000,0x00000000eb980000)
  from space 1024K, 81% used [0x00000000eba80000,0x00000000ebb50000,0x00000000ebb80000)
  to   space 1024K, 0% used [0x00000000eb980000,0x00000000eb980000,0x00000000eba80000)
 ParOldGen       total 68608K, used 46810K [0x00000000c0000000, 0x00000000c4300000, 0x00000000eab00000)
  object space 68608K, 68% used [0x00000000c0000000,0x00000000c2db68c8,0x00000000c4300000)
 Metaspace       used 61825K, committed 62912K, reserved 1105920K
  class space    used 6440K, committed 6976K, reserved 1048576K
}
Event: 66.501 GC heap after
{Heap after GC invocations=64 (full 3):
 PSYoungGen      total 15872K, used 1024K [0x00000000eab00000, 0x00000000ebd80000, 0x0000000100000000)
  eden space 14848K, 0% used [0x00000000eab00000,0x00000000eab00000,0x00000000eb980000)
  from space 1024K, 100% used [0x00000000eb980000,0x00000000eba80000,0x00000000eba80000)
  to   space 2048K, 0% used [0x00000000ebb80000,0x00000000ebb80000,0x00000000ebd80000)
 ParOldGen       total 68608K, used 47618K [0x00000000c0000000, 0x00000000c4300000, 0x00000000eab00000)
  object space 68608K, 69% used [0x00000000c0000000,0x00000000c2e808c8,0x00000000c4300000)
 Metaspace       used 61825K, committed 62912K, reserved 1105920K
  class space    used 6440K, committed 6976K, reserved 1048576K
}
Event: 68.567 GC heap before
{Heap before GC invocations=65 (full 3):
 PSYoungGen      total 15872K, used 15872K [0x00000000eab00000, 0x00000000ebd80000, 0x0000000100000000)
  eden space 14848K, 100% used [0x00000000eab00000,0x00000000eb980000,0x00000000eb980000)
  from space 1024K, 100% used [0x00000000eb980000,0x00000000eba80000,0x00000000eba80000)
  to   space 2048K, 0% used [0x00000000ebb80000,0x00000000ebb80000,0x00000000ebd80000)
 ParOldGen       total 68608K, used 47618K [0x00000000c0000000, 0x00000000c4300000, 0x00000000eab00000)
  object space 68608K, 69% used [0x00000000c0000000,0x00000000c2e808c8,0x00000000c4300000)
 Metaspace       used 61955K, committed 63104K, reserved 1105920K
  class space    used 6441K, committed 6976K, reserved 1048576K
}
Event: 68.569 GC heap after
{Heap after GC invocations=65 (full 3):
 PSYoungGen      total 16384K, used 1088K [0x00000000eab00000, 0x00000000ebd00000, 0x0000000100000000)
  eden space 14848K, 0% used [0x00000000eab00000,0x00000000eab00000,0x00000000eb980000)
  from space 1536K, 70% used [0x00000000ebb80000,0x00000000ebc90000,0x00000000ebd00000)
  to   space 1536K, 0% used [0x00000000eba00000,0x00000000eba00000,0x00000000ebb80000)
 ParOldGen       total 68608K, used 48566K [0x00000000c0000000, 0x00000000c4300000, 0x00000000eab00000)
  object space 68608K, 70% used [0x00000000c0000000,0x00000000c2f6d8d8,0x00000000c4300000)
 Metaspace       used 61955K, committed 63104K, reserved 1105920K
  class space    used 6441K, committed 6976K, reserved 1048576K
}
Event: 70.664 GC heap before
{Heap before GC invocations=66 (full 3):
 PSYoungGen      total 16384K, used 15701K [0x00000000eab00000, 0x00000000ebd00000, 0x0000000100000000)
  eden space 14848K, 98% used [0x00000000eab00000,0x00000000eb945460,0x00000000eb980000)
  from space 1536K, 70% used [0x00000000ebb80000,0x00000000ebc90000,0x00000000ebd00000)
  to   space 1536K, 0% used [0x00000000eba00000,0x00000000eba00000,0x00000000ebb80000)
 ParOldGen       total 68608K, used 48566K [0x00000000c0000000, 0x00000000c4300000, 0x00000000eab00000)
  object space 68608K, 70% used [0x00000000c0000000,0x00000000c2f6d8d8,0x00000000c4300000)
 Metaspace       used 62826K, committed 63936K, reserved 1105920K
  class space    used 6535K, committed 7104K, reserved 1048576K
}
Event: 70.667 GC heap after
{Heap after GC invocations=66 (full 3):
 PSYoungGen      total 15872K, used 856K [0x00000000eab00000, 0x00000000ebc00000, 0x0000000100000000)
  eden space 14848K, 0% used [0x00000000eab00000,0x00000000eab00000,0x00000000eb980000)
  from space 1024K, 83% used [0x00000000eba00000,0x00000000ebad6008,0x00000000ebb00000)
  to   space 1024K, 0% used [0x00000000ebb00000,0x00000000ebb00000,0x00000000ebc00000)
 ParOldGen       total 68608K, used 49430K [0x00000000c0000000, 0x00000000c4300000, 0x00000000eab00000)
  object space 68608K, 72% used [0x00000000c0000000,0x00000000c30458d8,0x00000000c4300000)
 Metaspace       used 62826K, committed 63936K, reserved 1105920K
  class space    used 6535K, committed 7104K, reserved 1048576K
}
Event: 71.813 GC heap before
{Heap before GC invocations=67 (full 3):
 PSYoungGen      total 15872K, used 15602K [0x00000000eab00000, 0x00000000ebc00000, 0x0000000100000000)
  eden space 14848K, 99% used [0x00000000eab00000,0x00000000eb966978,0x00000000eb980000)
  from space 1024K, 83% used [0x00000000eba00000,0x00000000ebad6008,0x00000000ebb00000)
  to   space 1024K, 0% used [0x00000000ebb00000,0x00000000ebb00000,0x00000000ebc00000)
 ParOldGen       total 68608K, used 49430K [0x00000000c0000000, 0x00000000c4300000, 0x00000000eab00000)
  object space 68608K, 72% used [0x00000000c0000000,0x00000000c30458d8,0x00000000c4300000)
 Metaspace       used 62908K, committed 64128K, reserved 1105920K
  class space    used 6541K, committed 7104K, reserved 1048576K
}
Event: 71.814 GC heap after
{Heap after GC invocations=67 (full 3):
 PSYoungGen      total 15360K, used 320K [0x00000000eab00000, 0x00000000ebb80000, 0x0000000100000000)
  eden space 14848K, 0% used [0x00000000eab00000,0x00000000eab00000,0x00000000eb980000)
  from space 512K, 62% used [0x00000000ebb00000,0x00000000ebb50000,0x00000000ebb80000)
  to   space 1024K, 0% used [0x00000000eb980000,0x00000000eb980000,0x00000000eba80000)
 ParOldGen       total 68608K, used 50020K [0x00000000c0000000, 0x00000000c4300000, 0x00000000eab00000)
  object space 68608K, 72% used [0x00000000c0000000,0x00000000c30d9200,0x00000000c4300000)
 Metaspace       used 62908K, committed 64128K, reserved 1105920K
  class space    used 6541K, committed 7104K, reserved 1048576K
}
Event: 73.161 GC heap before
{Heap before GC invocations=68 (full 3):
 PSYoungGen      total 15360K, used 15168K [0x00000000eab00000, 0x00000000ebb80000, 0x0000000100000000)
  eden space 14848K, 100% used [0x00000000eab00000,0x00000000eb980000,0x00000000eb980000)
  from space 512K, 62% used [0x00000000ebb00000,0x00000000ebb50000,0x00000000ebb80000)
  to   space 1024K, 0% used [0x00000000eb980000,0x00000000eb980000,0x00000000eba80000)
 ParOldGen       total 68608K, used 50020K [0x00000000c0000000, 0x00000000c4300000, 0x00000000eab00000)
  object space 68608K, 72% used [0x00000000c0000000,0x00000000c30d9200,0x00000000c4300000)
 Metaspace       used 63156K, committed 64320K, reserved 1114112K
  class space    used 6561K, committed 7104K, reserved 1048576K
}
Event: 73.162 GC heap after
{Heap after GC invocations=68 (full 3):
 PSYoungGen      total 15872K, used 416K [0x00000000eab00000, 0x00000000ebb80000, 0x0000000100000000)
  eden space 14848K, 0% used [0x00000000eab00000,0x00000000eab00000,0x00000000eb980000)
  from space 1024K, 40% used [0x00000000eb980000,0x00000000eb9e8000,0x00000000eba80000)
  to   space 512K, 0% used [0x00000000ebb00000,0x00000000ebb00000,0x00000000ebb80000)
 ParOldGen       total 68608K, used 50100K [0x00000000c0000000, 0x00000000c4300000, 0x00000000eab00000)
  object space 68608K, 73% used [0x00000000c0000000,0x00000000c30ed200,0x00000000c4300000)
 Metaspace       used 63156K, committed 64320K, reserved 1114112K
  class space    used 6561K, committed 7104K, reserved 1048576K
}

Dll operation events (10 events):
Event: 0.019 Loaded shared library c:\Users\nhatn\.vscode\extensions\redhat.java-1.13.0-win32-x64\jre\17.0.5-win32-x86_64\bin\java.dll
Event: 0.282 Loaded shared library c:\Users\nhatn\.vscode\extensions\redhat.java-1.13.0-win32-x64\jre\17.0.5-win32-x86_64\bin\zip.dll
Event: 0.289 Loaded shared library C:\Users\nhatn\.vscode\extensions\redhat.java-1.13.0-win32-x64\jre\17.0.5-win32-x86_64\bin\instrument.dll
Event: 0.314 Loaded shared library C:\Users\nhatn\.vscode\extensions\redhat.java-1.13.0-win32-x64\jre\17.0.5-win32-x86_64\bin\net.dll
Event: 0.316 Loaded shared library C:\Users\nhatn\.vscode\extensions\redhat.java-1.13.0-win32-x64\jre\17.0.5-win32-x86_64\bin\nio.dll
Event: 0.328 Loaded shared library C:\Users\nhatn\.vscode\extensions\redhat.java-1.13.0-win32-x64\jre\17.0.5-win32-x86_64\bin\zip.dll
Event: 0.362 Loaded shared library C:\Users\nhatn\.vscode\extensions\redhat.java-1.13.0-win32-x64\jre\17.0.5-win32-x86_64\bin\jimage.dll
Event: 0.479 Loaded shared library c:\Users\nhatn\.vscode\extensions\redhat.java-1.13.0-win32-x64\jre\17.0.5-win32-x86_64\bin\verify.dll
Event: 10.229 Loaded shared library C:\Users\nhatn\AppData\Roaming\Code\User\globalStorage\redhat.java\1.13.0\config_win\org.eclipse.equinox.launcher\org.eclipse.equinox.launcher.win32.win32.x86_64_1.2.600.v20220720-1916\eclipse_11700.dll
Event: 20.607 Loaded shared library C:\Users\nhatn\AppData\Local\Temp\jna-104782497\jna9945185299387260308.dll

Deoptimization events (20 events):
Event: 73.465 Thread 0x0000013537f6e580 DEOPT PACKING pc=0x000001352b9f2a0c sp=0x0000002719bfe720
Event: 73.465 Thread 0x0000013537f6e580 DEOPT UNPACKING pc=0x0000013523f020a3 sp=0x0000002719bfe6a8 mode 2
Event: 73.465 Thread 0x0000013539b0edb0 DEOPT PACKING pc=0x000001352b9f2a0c sp=0x0000002719afe8e0
Event: 73.465 Thread 0x0000013539b0edb0 DEOPT UNPACKING pc=0x0000013523f020a3 sp=0x0000002719afe868 mode 2
Event: 73.467 Thread 0x0000013537f6e580 Uncommon trap: trap_request=0xffffff45 fr.pc=0x000001352bd01a74 relative=0x0000000000000254
Event: 73.467 Thread 0x0000013537f6e580 Uncommon trap: reason=unstable_if action=reinterpret pc=0x000001352bd01a74 method=java.net.URI.equal(Ljava/lang/String;Ljava/lang/String;)Z @ 10 c2
Event: 73.467 Thread 0x0000013537f6e580 DEOPT PACKING pc=0x000001352bd01a74 sp=0x0000002719bfe940
Event: 73.467 Thread 0x0000013537f6e580 DEOPT UNPACKING pc=0x0000013523f020a3 sp=0x0000002719bfe8d0 mode 2
Event: 73.484 Thread 0x0000013539b0da70 Uncommon trap: trap_request=0xffffffc6 fr.pc=0x000001352ba8bdd8 relative=0x00000000000009d8
Event: 73.485 Thread 0x0000013539b0da70 Uncommon trap: reason=bimorphic_or_optimized_type_check action=maybe_recompile pc=0x000001352ba8bdd8 method=java.util.HashMap.removeNode(ILjava/lang/Object;Ljava/lang/Object;ZZ)Ljava/util/HashMap$Node; @ 68 c2
Event: 73.485 Thread 0x0000013539b0da70 DEOPT PACKING pc=0x000001352ba8bdd8 sp=0x00000027198fe250
Event: 73.485 Thread 0x0000013539b0da70 DEOPT UNPACKING pc=0x0000013523f020a3 sp=0x00000027198fe1c8 mode 2
Event: 73.493 Thread 0x0000013539b10f60 Uncommon trap: trap_request=0xffffff45 fr.pc=0x000001352be16b90 relative=0x0000000000000270
Event: 73.493 Thread 0x0000013539b10f60 Uncommon trap: reason=unstable_if action=reinterpret pc=0x000001352be16b90 method=java.lang.Class.annotationData()Ljava/lang/Class$AnnotationData; @ 36 c2
Event: 73.493 Thread 0x0000013539b10f60 DEOPT PACKING pc=0x000001352be16b90 sp=0x00000027196fe820
Event: 73.493 Thread 0x0000013539b10f60 DEOPT UNPACKING pc=0x0000013523f020a3 sp=0x00000027196fe810 mode 2
Event: 73.534 Thread 0x000001353b3668a0 Uncommon trap: trap_request=0xffffff45 fr.pc=0x000001352bb5529c relative=0x000000000000035c
Event: 73.534 Thread 0x000001353b3668a0 Uncommon trap: reason=unstable_if action=reinterpret pc=0x000001352bb5529c method=java.lang.ThreadLocal.set(Ljava/lang/Object;)V @ 11 c2
Event: 73.534 Thread 0x000001353b3668a0 DEOPT PACKING pc=0x000001352bb5529c sp=0x0000002716dff470
Event: 73.534 Thread 0x000001353b3668a0 DEOPT UNPACKING pc=0x0000013523f020a3 sp=0x0000002716dff420 mode 2

Classes unloaded (8 events):
Event: 12.846 Thread 0x0000013536b10c20 Unloading class 0x000000010021a400 'java/lang/invoke/LambdaForm$MH+0x000000010021a400'
Event: 12.846 Thread 0x0000013536b10c20 Unloading class 0x000000010021a000 'java/lang/invoke/LambdaForm$MH+0x000000010021a000'
Event: 12.846 Thread 0x0000013536b10c20 Unloading class 0x0000000100219c00 'java/lang/invoke/LambdaForm$MH+0x0000000100219c00'
Event: 12.846 Thread 0x0000013536b10c20 Unloading class 0x0000000100219400 'java/lang/invoke/LambdaForm$MH+0x0000000100219400'
Event: 12.846 Thread 0x0000013536b10c20 Unloading class 0x0000000100219000 'java/lang/invoke/LambdaForm$BMH+0x0000000100219000'
Event: 12.846 Thread 0x0000013536b10c20 Unloading class 0x0000000100218c00 'java/lang/invoke/LambdaForm$DMH+0x0000000100218c00'
Event: 12.846 Thread 0x0000013536b10c20 Unloading class 0x0000000100216000 'java/lang/invoke/LambdaForm$DMH+0x0000000100216000'
Event: 49.484 Thread 0x0000013536b10c20 Unloading class 0x0000000100638800 'java/lang/invoke/LambdaForm$DMH+0x0000000100638800'

Classes redefined (0 events):
No events

Internal exceptions (20 events):
Event: 49.354 Thread 0x0000013539b0df40 Exception <a 'java/lang/NoSuchMethodError'{0x00000000eae30958}: 'int java.lang.invoke.DirectMethodHandle$Holder.invokeStatic(java.lang.Object)'> (0x00000000eae30958) 
thrown [s\src\hotspot\share\interpreter\linkResolver.cpp, line 759]
Event: 50.348 Thread 0x0000013539b0df40 Exception <a 'java/lang/NoSuchMethodError'{0x00000000eae31d70}: 'java.lang.Object java.lang.invoke.DirectMethodHandle$Holder.newInvokeSpecial(java.lang.Object, java.lang.Object, java.lang.Object, int)'> (0x00000000eae31d70) 
thrown [s\src\hotspot\share\interpreter\linkResolver.cpp, line 759]
Event: 50.349 Thread 0x0000013539b0df40 Exception <a 'java/lang/NoSuchMethodError'{0x00000000eae35e78}: 'java.lang.Object java.lang.invoke.DirectMethodHandle$Holder.invokeSpecial(java.lang.Object, java.lang.Object, java.lang.Object, java.lang.Object, int)'> (0x00000000eae35e78) 
thrown [s\src\hotspot\share\interpreter\linkResolver.cpp, line 759]
Event: 50.350 Thread 0x0000013539b0df40 Exception <a 'java/lang/NoSuchMethodError'{0x00000000eae397c0}: 'java.lang.Object java.lang.invoke.Invokers$Holder.linkToTargetMethod(java.lang.Object, java.lang.Object, int, java.lang.Object)'> (0x00000000eae397c0) 
thrown [s\src\hotspot\share\interpreter\linkResolver.cpp, line 759]
Event: 50.368 Thread 0x0000013539b0df40 Exception <a 'java/lang/NoSuchMethodError'{0x00000000eae7a960}: 'java.lang.Object java.lang.invoke.DirectMethodHandle$Holder.newInvokeSpecial(java.lang.Object, java.lang.Object, int, java.lang.Object, java.lang.Object)'> (0x00000000eae7a960) 
thrown [s\src\hotspot\share\interpreter\linkResolver.cpp, line 759]
Event: 50.369 Thread 0x0000013539b0df40 Exception <a 'java/lang/NoSuchMethodError'{0x00000000eae7eba0}: 'java.lang.Object java.lang.invoke.DirectMethodHandle$Holder.invokeSpecial(java.lang.Object, java.lang.Object, java.lang.Object, int, java.lang.Object, java.lang.Object)'> (0x00000000eae7eba0) 
thrown [s\src\hotspot\share\interpreter\linkResolver.cpp, line 759]
Event: 55.595 Thread 0x0000013539b0df40 Implicit null exception at 0x000001352bbe6fd4 to 0x000001352bbe73b0
Event: 55.959 Thread 0x0000013539b0df40 Implicit null exception at 0x000001352b98dc6c to 0x000001352b98dd14
Event: 65.610 Thread 0x0000013539b0df40 Exception <a 'java/lang/NoSuchMethodError'{0x00000000eafcc580}: 'void java.lang.invoke.DirectMethodHandle$Holder.invokeStatic(java.lang.Object, int)'> (0x00000000eafcc580) 
thrown [s\src\hotspot\share\interpreter\linkResolver.cpp, line 759]
Event: 65.660 Thread 0x0000013539b0df40 Exception <a 'java/lang/NoSuchMethodError'{0x00000000eb132e58}: 'int java.lang.invoke.DirectMethodHandle$Holder.invokeSpecial(java.lang.Object, java.lang.Object, java.lang.Object, java.lang.Object)'> (0x00000000eb132e58) 
thrown [s\src\hotspot\share\interpreter\linkResolver.cpp, line 759]
Event: 65.662 Thread 0x0000013539b0df40 Exception <a 'java/lang/NoSuchMethodError'{0x00000000eb14eb98}: 'java.lang.Object java.lang.invoke.DirectMethodHandle$Holder.invokeStatic(java.lang.Object, int, java.lang.Object, java.lang.Object)'> (0x00000000eb14eb98) 
thrown [s\src\hotspot\share\interpreter\linkResolver.cpp, line 759]
Event: 65.663 Thread 0x0000013539b0df40 Exception <a 'java/lang/NoSuchMethodError'{0x00000000eb152e48}: 'java.lang.Object java.lang.invoke.DirectMethodHandle$Holder.invokeSpecial(java.lang.Object, java.lang.Object, int, java.lang.Object, java.lang.Object)'> (0x00000000eb152e48) 
thrown [s\src\hotspot\share\interpreter\linkResolver.cpp, line 759]
Event: 65.664 Thread 0x0000013539b0df40 Exception <a 'java/lang/NoSuchMethodError'{0x00000000eb156af0}: 'java.lang.Object java.lang.invoke.DelegatingMethodHandle$Holder.delegate(java.lang.Object, int, java.lang.Object, java.lang.Object)'> (0x00000000eb156af0) 
thrown [s\src\hotspot\share\interpreter\linkResolver.cpp, line 759]
Event: 65.667 Thread 0x0000013539b0df40 Exception <a 'java/lang/NoSuchMethodError'{0x00000000eb16c4f8}: 'int java.lang.invoke.Invokers$Holder.linkToTargetMethod(java.lang.Object, java.lang.Object, java.lang.Object)'> (0x00000000eb16c4f8) 
thrown [s\src\hotspot\share\interpreter\linkResolver.cpp, line 759]
Event: 66.258 Thread 0x0000013539b0df40 Exception <a 'java/io/FileNotFoundException'{0x00000000eb5936d8}> (0x00000000eb5936d8) 
thrown [s\src\hotspot\share\prims\jni.cpp, line 516]
Event: 66.258 Thread 0x0000013539b0df40 Exception <a 'java/io/FileNotFoundException'{0x00000000eb594cc0}> (0x00000000eb594cc0) 
thrown [s\src\hotspot\share\prims\jni.cpp, line 516]
Event: 70.576 Thread 0x0000013539b10f60 Exception <a 'java/io/FileNotFoundException'{0x00000000eb671110}> (0x00000000eb671110) 
thrown [s\src\hotspot\share\prims\jni.cpp, line 516]
Event: 70.607 Thread 0x0000013539b10f60 Implicit null exception at 0x000001352ba9fd6f to 0x000001352baa0680
Event: 70.627 Thread 0x0000013539b10f60 Exception <a 'java/lang/NoSuchMethodError'{0x00000000eb765ae8}: 'void java.lang.invoke.DirectMethodHandle$Holder.invokeSpecial(java.lang.Object, java.lang.Object, java.lang.Object, java.lang.Object, java.lang.Object)'> (0x00000000eb765ae8) 
thrown [s\src\hotspot\share\interpreter\linkResolver.cpp, line 759]
Event: 73.534 Thread 0x000001353b3668a0 Implicit null exception at 0x000001352bb54f99 to 0x000001352bb55290

VM Operations (20 events):
Event: 67.503 Executing VM operation: Cleanup
Event: 67.504 Executing VM operation: Cleanup done
Event: 68.518 Executing VM operation: Cleanup
Event: 68.518 Executing VM operation: Cleanup done
Event: 68.567 Executing VM operation: ParallelGCFailedAllocation
Event: 68.569 Executing VM operation: ParallelGCFailedAllocation done
Event: 69.575 Executing VM operation: Cleanup
Event: 69.576 Executing VM operation: Cleanup done
Event: 70.578 Executing VM operation: Cleanup
Event: 70.578 Executing VM operation: Cleanup done
Event: 70.663 Executing VM operation: ParallelGCFailedAllocation
Event: 70.667 Executing VM operation: ParallelGCFailedAllocation done
Event: 71.471 Executing VM operation: HandshakeAllThreads
Event: 71.471 Executing VM operation: HandshakeAllThreads done
Event: 71.813 Executing VM operation: ParallelGCFailedAllocation
Event: 71.815 Executing VM operation: ParallelGCFailedAllocation done
Event: 72.823 Executing VM operation: Cleanup
Event: 72.824 Executing VM operation: Cleanup done
Event: 73.160 Executing VM operation: ParallelGCFailedAllocation
Event: 73.162 Executing VM operation: ParallelGCFailedAllocation done

Events (20 events):
Event: 71.565 loading class java/time/temporal/Temporal
Event: 71.565 loading class java/time/temporal/TemporalAccessor
Event: 71.566 loading class java/time/temporal/TemporalAccessor done
Event: 71.566 loading class java/time/temporal/Temporal done
Event: 71.566 loading class java/time/temporal/TemporalAdjuster
Event: 71.566 loading class java/time/temporal/TemporalAdjuster done
Event: 71.567 loading class java/time/Instant done
Event: 73.141 loading class java/util/function/ToIntFunction
Event: 73.141 loading class java/util/function/ToIntFunction done
Event: 73.142 loading class java/util/stream/ReferencePipeline$4
Event: 73.142 loading class java/util/stream/ReferencePipeline$4 done
Event: 73.148 loading class java/util/stream/Nodes$IntFixedNodeBuilder
Event: 73.148 loading class java/util/stream/Node$Builder$OfInt
Event: 73.148 loading class java/util/stream/Node$Builder$OfInt done
Event: 73.148 loading class java/util/stream/Nodes$IntArrayNode
Event: 73.149 loading class java/util/stream/Nodes$IntArrayNode done
Event: 73.149 loading class java/util/stream/Nodes$IntFixedNodeBuilder done
Event: 73.149 loading class java/util/stream/ReferencePipeline$4$1
Event: 73.150 loading class java/util/stream/ReferencePipeline$4$1 done
Event: 73.446 Thread 0x000001353b3668a0 Thread added: 0x000001353b3668a0


Dynamic libraries:
0x00007ff695530000 - 0x00007ff69553e000 	c:\Users\nhatn\.vscode\extensions\redhat.java-1.13.0-win32-x64\jre\17.0.5-win32-x86_64\bin\java.exe
0x00007ffc89c80000 - 0x00007ffc89e89000 	C:\Windows\SYSTEM32\ntdll.dll
0x00007ffc88e60000 - 0x00007ffc88f1e000 	C:\Windows\System32\KERNEL32.DLL
0x00007ffc87350000 - 0x00007ffc876cb000 	C:\Windows\System32\KERNELBASE.dll
0x00007ffc878c0000 - 0x00007ffc879d1000 	C:\Windows\System32\ucrtbase.dll
0x00007ffc22910000 - 0x00007ffc22927000 	c:\Users\nhatn\.vscode\extensions\redhat.java-1.13.0-win32-x64\jre\17.0.5-win32-x86_64\bin\jli.dll
0x00007ffc88cb0000 - 0x00007ffc88e5d000 	C:\Windows\System32\USER32.dll
0x00007ffc87150000 - 0x00007ffc87176000 	C:\Windows\System32\win32u.dll
0x00007ffc890e0000 - 0x00007ffc89109000 	C:\Windows\System32\GDI32.dll
0x00007ffc879e0000 - 0x00007ffc87af8000 	C:\Windows\System32\gdi32full.dll
0x00007ffc871f0000 - 0x00007ffc8728d000 	C:\Windows\System32\msvcp_win.dll
0x00007ffc22990000 - 0x00007ffc229a9000 	c:\Users\nhatn\.vscode\extensions\redhat.java-1.13.0-win32-x64\jre\17.0.5-win32-x86_64\bin\VCRUNTIME140.dll
0x00007ffc78c90000 - 0x00007ffc78f35000 	C:\Windows\WinSxS\amd64_microsoft.windows.common-controls_6595b64144ccf1df_6.0.22000.120_none_9d947278b86cc467\COMCTL32.dll
0x00007ffc896f0000 - 0x00007ffc89793000 	C:\Windows\System32\msvcrt.dll
0x00007ffc88080000 - 0x00007ffc880b2000 	C:\Windows\System32\IMM32.DLL
0x00007ffc2d040000 - 0x00007ffc2d04c000 	c:\Users\nhatn\.vscode\extensions\redhat.java-1.13.0-win32-x64\jre\17.0.5-win32-x86_64\bin\vcruntime140_1.dll
0x00007ffc1ff10000 - 0x00007ffc1ffa1000 	c:\Users\nhatn\.vscode\extensions\redhat.java-1.13.0-win32-x64\jre\17.0.5-win32-x86_64\bin\msvcp140.dll
0x00007ffb764a0000 - 0x00007ffb770e4000 	c:\Users\nhatn\.vscode\extensions\redhat.java-1.13.0-win32-x64\jre\17.0.5-win32-x86_64\bin\server\jvm.dll
0x00007ffc89b80000 - 0x00007ffc89c2e000 	C:\Windows\System32\ADVAPI32.dll
0x00007ffc87fe0000 - 0x00007ffc8807e000 	C:\Windows\System32\sechost.dll
0x00007ffc89110000 - 0x00007ffc89230000 	C:\Windows\System32\RPCRT4.dll
0x00007ffc332a0000 - 0x00007ffc332a9000 	C:\Windows\SYSTEM32\WSOCK32.dll
0x00007ffc82070000 - 0x00007ffc820a3000 	C:\Windows\SYSTEM32\WINMM.dll
0x00007ffc81340000 - 0x00007ffc8134a000 	C:\Windows\SYSTEM32\VERSION.dll
0x00007ffc88ad0000 - 0x00007ffc88b3f000 	C:\Windows\System32\WS2_32.dll
0x00007ffc861d0000 - 0x00007ffc861e8000 	C:\Windows\SYSTEM32\kernel.appcore.dll
0x00007ffc23c10000 - 0x00007ffc23c1a000 	c:\Users\nhatn\.vscode\extensions\redhat.java-1.13.0-win32-x64\jre\17.0.5-win32-x86_64\bin\jimage.dll
0x00007ffc7de40000 - 0x00007ffc7e061000 	C:\Windows\SYSTEM32\DBGHELP.DLL
0x00007ffc7e380000 - 0x00007ffc7e3b1000 	C:\Windows\SYSTEM32\dbgcore.DLL
0x00007ffc876d0000 - 0x00007ffc8774f000 	C:\Windows\System32\bcryptPrimitives.dll
0x00007ffc22980000 - 0x00007ffc2298e000 	c:\Users\nhatn\.vscode\extensions\redhat.java-1.13.0-win32-x64\jre\17.0.5-win32-x86_64\bin\instrument.dll
0x00007ffc20200000 - 0x00007ffc20225000 	c:\Users\nhatn\.vscode\extensions\redhat.java-1.13.0-win32-x64\jre\17.0.5-win32-x86_64\bin\java.dll
0x00007ffc22860000 - 0x00007ffc22878000 	c:\Users\nhatn\.vscode\extensions\redhat.java-1.13.0-win32-x64\jre\17.0.5-win32-x86_64\bin\zip.dll
0x00007ffc880c0000 - 0x00007ffc88877000 	C:\Windows\System32\SHELL32.dll
0x00007ffc85210000 - 0x00007ffc85a75000 	C:\Windows\SYSTEM32\windows.storage.dll
0x00007ffc89290000 - 0x00007ffc89608000 	C:\Windows\System32\combase.dll
0x00007ffc850a0000 - 0x00007ffc85206000 	C:\Windows\SYSTEM32\wintypes.dll
0x00007ffc88950000 - 0x00007ffc88a3a000 	C:\Windows\System32\SHCORE.dll
0x00007ffc89230000 - 0x00007ffc8928d000 	C:\Windows\System32\shlwapi.dll
0x00007ffc87080000 - 0x00007ffc870a1000 	C:\Windows\SYSTEM32\profapi.dll
0x00007ffc201e0000 - 0x00007ffc201f9000 	C:\Users\nhatn\.vscode\extensions\redhat.java-1.13.0-win32-x64\jre\17.0.5-win32-x86_64\bin\net.dll
0x00007ffc81f50000 - 0x00007ffc82064000 	C:\Windows\SYSTEM32\WINHTTP.dll
0x00007ffc86670000 - 0x00007ffc866d7000 	C:\Windows\system32\mswsock.dll
0x00007ffc1fef0000 - 0x00007ffc1ff05000 	C:\Users\nhatn\.vscode\extensions\redhat.java-1.13.0-win32-x64\jre\17.0.5-win32-x86_64\bin\nio.dll
0x00007ffc1fee0000 - 0x00007ffc1fef0000 	c:\Users\nhatn\.vscode\extensions\redhat.java-1.13.0-win32-x64\jre\17.0.5-win32-x86_64\bin\verify.dll
0x00007ffc0e110000 - 0x00007ffc0e14e000 	C:\Users\nhatn\AppData\Roaming\Code\User\globalStorage\redhat.java\1.13.0\config_win\org.eclipse.equinox.launcher\org.eclipse.equinox.launcher.win32.win32.x86_64_1.2.600.v20220720-1916\eclipse_11700.dll
0x00007ffc899e0000 - 0x00007ffc89b7a000 	C:\Windows\System32\ole32.dll
0x00007ffc868b0000 - 0x00007ffc868c8000 	C:\Windows\SYSTEM32\CRYPTSP.dll
0x00007ffc86130000 - 0x00007ffc86165000 	C:\Windows\system32\rsaenh.dll
0x00007ffc86760000 - 0x00007ffc86789000 	C:\Windows\SYSTEM32\USERENV.dll
0x00007ffc86ab0000 - 0x00007ffc86ad7000 	C:\Windows\SYSTEM32\bcrypt.dll
0x00007ffc868d0000 - 0x00007ffc868dc000 	C:\Windows\SYSTEM32\CRYPTBASE.dll
0x00007ffc85cc0000 - 0x00007ffc85ced000 	C:\Windows\SYSTEM32\IPHLPAPI.DLL
0x00007ffc87b60000 - 0x00007ffc87b69000 	C:\Windows\System32\NSI.dll
0x00007ffc822d0000 - 0x00007ffc822e9000 	C:\Windows\SYSTEM32\dhcpcsvc6.DLL
0x00007ffc82470000 - 0x00007ffc8248e000 	C:\Windows\SYSTEM32\dhcpcsvc.DLL
0x00007ffc85cf0000 - 0x00007ffc85dd8000 	C:\Windows\SYSTEM32\DNSAPI.dll
0x00007ffc0e090000 - 0x00007ffc0e0d0000 	C:\Users\nhatn\AppData\Local\Temp\jna-104782497\jna9945185299387260308.dll
0x00007ffc88880000 - 0x00007ffc88888000 	C:\Windows\System32\PSAPI.DLL

dbghelp: loaded successfully - version: 4.0.5 - missing functions: none
symbol engine: initialized successfully - sym options: 0x614 - pdb path: .;c:\Users\nhatn\.vscode\extensions\redhat.java-1.13.0-win32-x64\jre\17.0.5-win32-x86_64\bin;C:\Windows\SYSTEM32;C:\Windows\WinSxS\amd64_microsoft.windows.common-controls_6595b64144ccf1df_6.0.22000.120_none_9d947278b86cc467;c:\Users\nhatn\.vscode\extensions\redhat.java-1.13.0-win32-x64\jre\17.0.5-win32-x86_64\bin\server;C:\Users\nhatn\AppData\Roaming\Code\User\globalStorage\redhat.java\1.13.0\config_win\org.eclipse.equinox.launcher\org.eclipse.equinox.launcher.win32.win32.x86_64_1.2.600.v20220720-1916;C:\Users\nhatn\AppData\Local\Temp\jna-104782497

VM Arguments:
jvm_args: --add-modules=ALL-SYSTEM --add-opens=java.base/java.util=ALL-UNNAMED --add-opens=java.base/java.lang=ALL-UNNAMED --add-opens=java.base/sun.nio.fs=ALL-UNNAMED -Declipse.application=org.eclipse.jdt.ls.core.id1 -Dosgi.bundles.defaultStartLevel=4 -Declipse.product=org.eclipse.jdt.ls.core.product -Djava.import.generatesMetadataFilesAtProjectRoot=false -Dfile.encoding=utf8 -XX:+UseParallelGC -XX:GCTimeRatio=4 -XX:AdaptiveSizePolicyWeight=90 -Dsun.zip.disableMemoryMapping=true -Xmx1G -Xms100m -Xlog:disable -javaagent:c:\Users\nhatn\.vscode\extensions\redhat.java-1.13.0-win32-x64\lombok\lombok-1.18.24.jar -XX:+HeapDumpOnOutOfMemoryError -XX:HeapDumpPath=c:\Users\nhatn\AppData\Roaming\Code\User\workspaceStorage\44674951d730b25edd6456c19b829709\redhat.java 
java_command: c:\Users\nhatn\.vscode\extensions\redhat.java-1.13.0-win32-x64\server\plugins\org.eclipse.equinox.launcher_1.6.400.v20210924-0641.jar -configuration c:\Users\nhatn\AppData\Roaming\Code\User\globalStorage\redhat.java\1.13.0\config_win -data c:\Users\nhatn\AppData\Roaming\Code\User\workspaceStorage\44674951d730b25edd6456c19b829709\redhat.java\jdt_ws
java_class_path (initial): c:\Users\nhatn\.vscode\extensions\redhat.java-1.13.0-win32-x64\server\plugins\org.eclipse.equinox.launcher_1.6.400.v20210924-0641.jar
Launcher Type: SUN_STANDARD

[Global flags]
    uintx AdaptiveSizePolicyWeight                 = 90                                        {product} {command line}
     intx CICompilerCount                          = 4                                         {product} {ergonomic}
    uintx GCTimeRatio                              = 4                                         {product} {command line}
     bool HeapDumpOnOutOfMemoryError               = true                                   {manageable} {command line}
    ccstr HeapDumpPath                             = c:\Users\nhatn\AppData\Roaming\Code\User\workspaceStorage\44674951d730b25edd6456c19b829709\redhat.java         {manageable} {command line}
   size_t InitialHeapSize                          = 104857600                                 {product} {command line}
   size_t MaxHeapSize                              = 1073741824                                {product} {command line}
   size_t MaxNewSize                               = 357564416                                 {product} {ergonomic}
   size_t MinHeapDeltaBytes                        = 524288                                    {product} {ergonomic}
   size_t MinHeapSize                              = 104857600                                 {product} {command line}
   size_t NewSize                                  = 34603008                                  {product} {ergonomic}
    uintx NonNMethodCodeHeapSize                   = 5839372                                {pd product} {ergonomic}
    uintx NonProfiledCodeHeapSize                  = 122909434                              {pd product} {ergonomic}
   size_t OldSize                                  = 70254592                                  {product} {ergonomic}
    uintx ProfiledCodeHeapSize                     = 122909434                              {pd product} {ergonomic}
    uintx ReservedCodeCacheSize                    = 251658240                              {pd product} {ergonomic}
     bool SegmentedCodeCache                       = true                                      {product} {ergonomic}
   size_t SoftMaxHeapSize                          = 1073741824                             {manageable} {ergonomic}
     bool UseCompressedClassPointers               = true                           {product lp64_product} {ergonomic}
     bool UseCompressedOops                        = true                           {product lp64_product} {ergonomic}
     bool UseLargePagesIndividualAllocation        = false                                  {pd product} {ergonomic}
     bool UseParallelGC                            = true                                      {product} {command line}

Logging:
Log output configuration:
 #0: stdout all=off uptime,level,tags
 #1: stderr all=off uptime,level,tags

Environment Variables:
JAVA_HOME=C:\Program Files\Java\jdk-11.0.16
PATH=C:\Program Files\NVIDIA GPU Computing Toolkit\CUDA\v8.0\bin;C:\Program Files\NVIDIA GPU Computing Toolkit\CUDA\v8.0\libnvvp;C:\Program Files (x86)\VMware\VMware Workstation\bin\;C:\ProgramData\Oracle\Java\javapath;C:\Program Files\Common Files\Oracle\Java\javapath;C:\Program Files (x86)\Common Files\Oracle\Java\javapath;C:\Windows\system32;C:\Windows;C:\Windows\System32\Wbem;C:\Windows\System32\WindowsPowerShell\v1.0\;C:\Windows\System32\OpenSSH\;C:\Program Files\dotnet\;C:\Program Files\Microsoft SQL Server\130\Tools\Binn\;C:\Program Files\Microsoft SQL Server\Client SDK\ODBC\170\Tools\Binn\;C:\Program Files (x86)\Microsoft SQL Server\150\Tools\Binn\;C:\Program Files\Microsoft SQL Server\150\Tools\Binn\;C:\Program Files\Microsoft SQL Server\150\DTS\Binn\;C:\Program Files (x86)\Microsoft SQL Server\150\DTS\Binn\;C:\Program Files\Azure Data Studio\bin;C:\Program Files\Java\jdk-17.0.1\bin;C:\Program Files\Git\cmd;C:\Users\nhatn\apache-maven-3.8.6-bin\apache-maven-3.8.6\bin;C:\Program Files\Java\jdk-11.0.16\bin;C:\Program Files\Java\jdk-18.0.2.1\bin;C:\Program Files\Java\jdk1.8.0_45\bin;C:\Program Files (x86)\dotnet\;C:\Program Files (x86)\NVIDIA Corporation\PhysX\Common;C:\Program Files\nodejs\;C:\sqlite3;C:\Users\nhatn\AppData\Local\Microsoft\WindowsApps;C:\Users\nhatn\.dotnet\tools;C:\Program Files\Azure Data Studio\bin;C:\Users\nhatn\AppData\Local\Programs\Microsoft VS Code\bin;C:\Users\nhatn\AppData\Local\Programs\oh-my-posh\bin;C:\Program Files\heroku\bin;C:\Program Files\JetBrains\IntelliJ IDEA 2021.1.3\bin;;C:\Users\nhatn\AppData\Roaming\npm
USERNAME=nhatn
OS=Windows_NT
PROCESSOR_IDENTIFIER=AMD64 Family 23 Model 24 Stepping 1, AuthenticAMD
TMP=C:\Users\nhatn\AppData\Local\Temp
TEMP=C:\Users\nhatn\AppData\Local\Temp



---------------  S Y S T E M  ---------------

OS:
 Windows 11 , 64 bit Build 22000 (10.0.22000.1335)
OS uptime: 3 days 14:54 hours
Hyper-V role detected

CPU: total 8 (initial active 8) (8 cores per cpu, 2 threads per core) family 23 model 24 stepping 1 microcode 0x0, cx8, cmov, fxsr, ht, mmx, 3dnowpref, sse, sse2, sse3, ssse3, sse4a, sse4.1, sse4.2, popcnt, lzcnt, tsc, tscinvbit, avx, avx2, aes, clmul, bmi1, bmi2, adx, sha, fma, vzeroupper, clflush, clflushopt, hv

Memory: 4k page, system-wide physical 6080M (198M free)
TotalPageFile size 24512M (AvailPageFile size 4M)
current process WorkingSet (physical memory assigned to process): 229M, peak: 242M
current process commit charge ("private bytes"): 287M, peak: 301M

vm_info: OpenJDK 64-Bit Server VM (17.0.5+8) for windows-amd64 JRE (17.0.5+8), built on Oct 19 2022 04:48:13 by "temurin" with MS VC++ 16.7 (VS2019)

END.
