#
# There is insufficient memory for the Java Runtime Environment to continue.
# Native memory allocation (malloc) failed to allocate 131088 bytes for Chunk::new
# Possible reasons:
#   The system is out of physical RAM or swap space
#   The process is running with CompressedOops enabled, and the Java Heap may be blocking the growth of the native heap
# Possible solutions:
#   Reduce memory load on the system
#   Increase physical memory or swap space
#   Check if swap backing store is full
#   Decrease Java heap size (-Xmx/-Xms)
#   Decrease number of Java threads
#   Decrease Java thread stack sizes (-Xss)
#   Set larger code cache with -XX:ReservedCodeCacheSize=
#   JVM is running with Unscaled Compressed Oops mode in which the Java heap is
#     placed in the first 4GB address space. The Java Heap base address is the
#     maximum limit for the native heap growth. Please use -XX:HeapBaseMinAddress
#     to set the Java Heap base and to place the Java Heap above 4GB virtual address.
# This output file may be truncated or incomplete.
#
#  Out of Memory Error (arena.cpp:189), pid=18624, tid=16448
#
# JRE version: OpenJDK Runtime Environment Temurin-17.0.5+8 (17.0.5+8) (build 17.0.5+8)
# Java VM: OpenJDK 64-Bit Server VM Temurin-17.0.5+8 (17.0.5+8, mixed mode, tiered, compressed oops, compressed class ptrs, parallel gc, windows-amd64)
# No core dump will be written. Minidumps are not enabled by default on client versions of Windows
#

---------------  S U M M A R Y ------------

Command Line: --add-modules=ALL-SYSTEM --add-opens=java.base/java.util=ALL-UNNAMED --add-opens=java.base/java.lang=ALL-UNNAMED --add-opens=java.base/sun.nio.fs=ALL-UNNAMED -Declipse.application=org.eclipse.jdt.ls.core.id1 -Dosgi.bundles.defaultStartLevel=4 -Declipse.product=org.eclipse.jdt.ls.core.product -Djava.import.generatesMetadataFilesAtProjectRoot=false -Dfile.encoding=utf8 -XX:+UseParallelGC -XX:GCTimeRatio=4 -XX:AdaptiveSizePolicyWeight=90 -Dsun.zip.disableMemoryMapping=true -Xmx1G -Xms100m -Xlog:disable -javaagent:c:\Users\nhatn\.vscode\extensions\redhat.java-1.13.0-win32-x64\lombok\lombok-1.18.24.jar c:\Users\nhatn\.vscode\extensions\redhat.java-1.13.0-win32-x64\server\plugins\org.eclipse.equinox.launcher_1.6.400.v20210924-0641.jar -configuration c:\Users\nhatn\AppData\Roaming\Code\User\globalStorage\redhat.java\1.13.0\config_ss_win -data c:\Users\nhatn\AppData\Roaming\Code\User\workspaceStorage\44674951d730b25edd6456c19b829709\redhat.java\ss_ws

Host: AMD Ryzen 5 3550H with Radeon Vega Mobile Gfx  , 8 cores, 5G,  Windows 11 , 64 bit Build 22000 (10.0.22000.1335)
Time: Tue Dec 20 19:12:57 2022 SE Asia Standard Time elapsed time: 74.809827 seconds (0d 0h 1m 14s)

---------------  T H R E A D  ---------------

Current thread (0x0000024765d8e990):  JavaThread "C2 CompilerThread0" daemon [_thread_in_native, id=16448, stack(0x0000004f64d00000,0x0000004f64e00000)]


Current CompileTask:
C2:  74809 5121       4       org.eclipse.core.internal.dtree.DataTreeWriter::writeNode (182 bytes)

Stack: [0x0000004f64d00000,0x0000004f64e00000]
Native frames: (J=compiled Java code, j=interpreted, Vv=VM code, C=native code)
V  [jvm.dll+0x676b3a]
V  [jvm.dll+0x831444]
V  [jvm.dll+0x832bee]
V  [jvm.dll+0x833253]
V  [jvm.dll+0x244ce5]
V  [jvm.dll+0xabbac]
V  [jvm.dll+0xac17c]
V  [jvm.dll+0xabcbb]
V  [jvm.dll+0x653f8c]
V  [jvm.dll+0x21e699]
V  [jvm.dll+0x699b81]
V  [jvm.dll+0x216ca9]
V  [jvm.dll+0x1a343d]
V  [jvm.dll+0x22698a]
V  [jvm.dll+0x224ac5]
V  [jvm.dll+0x7e727b]
V  [jvm.dll+0x7e17ea]
V  [jvm.dll+0x6759e5]
C  [ucrtbase.dll+0x26c0c]
C  [KERNEL32.DLL+0x155a0]
C  [ntdll.dll+0x485b]


---------------  P R O C E S S  ---------------

Threads class SMR info:
_java_thread_list=0x000002476d958f60, length=29, elements={
0x0000024751f0b140, 0x0000024751fc7330, 0x0000024751fc80b0, 0x0000024765d89fd0,
0x0000024765d8a890, 0x0000024765d8d250, 0x0000024765d8dc00, 0x0000024765d8e990,
0x00000247678c65c0, 0x00000247678db360, 0x000002476799b660, 0x00000247687b0060,
0x0000024768f0c050, 0x0000024768f36db0, 0x0000024768f31440, 0x0000024768f1f400,
0x00000247699cafe0, 0x0000024769b4a530, 0x00000247689b5ba0, 0x00000247689b6ee0,
0x00000247689b6a10, 0x00000247689b8bc0, 0x00000247689b73b0, 0x00000247689b9560,
0x00000247689b6070, 0x00000247689b6540, 0x000002476a8e7f10, 0x000002476a8e7570,
0x000002476a8e6230
}
_to_delete_list=0x000002476b8f7780, length=32, elements={
0x0000024751f0b140, 0x0000024751fc7330, 0x0000024751fc80b0, 0x0000024765d89fd0,
0x0000024765d8a890, 0x0000024765d8d250, 0x0000024765d8dc00, 0x0000024765d8e990,
0x00000247678c65c0, 0x00000247678db360, 0x000002476799b660, 0x00000247687b0060,
0x0000024768f0c050, 0x0000024768f36db0, 0x0000024768f31440, 0x0000024768f1f400,
0x00000247699cafe0, 0x0000024769b4a530, 0x00000247689b5ba0, 0x00000247689b6ee0,
0x00000247689b6a10, 0x00000247689b8bc0, 0x00000247689b73b0, 0x00000247689b9560,
0x00000247689b6070, 0x00000247689b6540, 0x000002476a8e7f10, 0x000002476a8e7570,
0x000002476a8e6230, 0x000002476a8e53c0, 0x000002476a8e2d40, 0x000002476a8e70a0
}

Java Threads: ( => current thread )
  0x0000024751f0b140 JavaThread "main" [_thread_blocked, id=16576, stack(0x0000004f64400000,0x0000004f64500000)]
  0x0000024751fc7330 JavaThread "Reference Handler" daemon [_thread_blocked, id=11300, stack(0x0000004f64700000,0x0000004f64800000)]
  0x0000024751fc80b0 JavaThread "Finalizer" daemon [_thread_blocked, id=3280, stack(0x0000004f64800000,0x0000004f64900000)]
  0x0000024765d89fd0 JavaThread "Signal Dispatcher" daemon [_thread_blocked, id=19372, stack(0x0000004f64900000,0x0000004f64a00000)]
  0x0000024765d8a890 JavaThread "Attach Listener" daemon [_thread_blocked, id=3152, stack(0x0000004f64a00000,0x0000004f64b00000)]
  0x0000024765d8d250 JavaThread "Service Thread" daemon [_thread_blocked, id=3888, stack(0x0000004f64b00000,0x0000004f64c00000)]
  0x0000024765d8dc00 JavaThread "Monitor Deflation Thread" daemon [_thread_blocked, id=18692, stack(0x0000004f64c00000,0x0000004f64d00000)]
=>0x0000024765d8e990 JavaThread "C2 CompilerThread0" daemon [_thread_in_native, id=16448, stack(0x0000004f64d00000,0x0000004f64e00000)]
  0x00000247678c65c0 JavaThread "C1 CompilerThread0" daemon [_thread_blocked, id=15200, stack(0x0000004f64e00000,0x0000004f64f00000)]
  0x00000247678db360 JavaThread "Sweeper thread" daemon [_thread_blocked, id=12232, stack(0x0000004f64f00000,0x0000004f65000000)]
  0x000002476799b660 JavaThread "Common-Cleaner" daemon [_thread_blocked, id=2432, stack(0x0000004f65000000,0x0000004f65100000)]
  0x00000247687b0060 JavaThread "Notification Thread" daemon [_thread_blocked, id=17332, stack(0x0000004f65100000,0x0000004f65200000)]
  0x0000024768f0c050 JavaThread "Active Thread: Equinox Container: b6937064-03ac-4030-a531-3feb89f098fd" [_thread_blocked, id=11572, stack(0x0000004f65900000,0x0000004f65a00000)]
  0x0000024768f36db0 JavaThread "Framework Event Dispatcher: Equinox Container: b6937064-03ac-4030-a531-3feb89f098fd" daemon [_thread_blocked, id=17800, stack(0x0000004f65a00000,0x0000004f65b00000)]
  0x0000024768f31440 JavaThread "Start Level: Equinox Container: b6937064-03ac-4030-a531-3feb89f098fd" daemon [_thread_blocked, id=14936, stack(0x0000004f65b00000,0x0000004f65c00000)]
  0x0000024768f1f400 JavaThread "SCR Component Actor" daemon [_thread_blocked, id=13120, stack(0x0000004f65c00000,0x0000004f65d00000)]
  0x00000247699cafe0 JavaThread "Worker-JM" [_thread_blocked, id=16572, stack(0x0000004f65f00000,0x0000004f66000000)]
  0x0000024769b4a530 JavaThread "Worker-0: Shutdown..." [_thread_in_Java, id=9540, stack(0x0000004f66100000,0x0000004f66200000)]
  0x00000247689b5ba0 JavaThread "Worker-1" [_thread_blocked, id=17900, stack(0x0000004f66200000,0x0000004f66300000)]
  0x00000247689b6ee0 JavaThread "JNA Cleaner" daemon [_thread_blocked, id=13364, stack(0x0000004f66300000,0x0000004f66400000)]
  0x00000247689b6a10 JavaThread "pool-2-thread-1" [_thread_blocked, id=18092, stack(0x0000004f66000000,0x0000004f66100000)]
  0x00000247689b8bc0 JavaThread "pool-1-thread-1" [_thread_in_native, id=19024, stack(0x0000004f66400000,0x0000004f66500000)]
  0x00000247689b73b0 JavaThread "Worker-2" [_thread_blocked, id=16496, stack(0x0000004f66600000,0x0000004f66700000)]
  0x00000247689b9560 JavaThread "ForkJoinPool.commonPool-worker-1" daemon [_thread_blocked, id=20108, stack(0x0000004f65e00000,0x0000004f65f00000)]
  0x00000247689b6070 JavaThread "ForkJoinPool.commonPool-worker-2" daemon [_thread_blocked, id=14420, stack(0x0000004f66500000,0x0000004f66600000)]
  0x00000247689b6540 JavaThread "ForkJoinPool.commonPool-worker-3" daemon [_thread_blocked, id=10412, stack(0x0000004f66700000,0x0000004f66800000)]
  0x000002476a8e7f10 JavaThread "ForkJoinPool.commonPool-worker-4" daemon [_thread_blocked, id=17504, stack(0x0000004f66800000,0x0000004f66900000)]
  0x000002476a8e7570 JavaThread "ForkJoinPool.commonPool-worker-5" daemon [_thread_blocked, id=10160, stack(0x0000004f66900000,0x0000004f66a00000)]
  0x000002476a8e6230 JavaThread "pool-3-thread-1" [_thread_blocked, id=8964, stack(0x0000004f64100000,0x0000004f64200000)]

Other Threads:
  0x0000024767820c20 VMThread "VM Thread" [stack: 0x0000004f64600000,0x0000004f64700000] [id=17512]
  0x00000247687b0530 WatcherThread [stack: 0x0000004f65200000,0x0000004f65300000] [id=19268]
  0x0000024751f206a0 GCTaskThread "GC Thread#0" [stack: 0x0000004f64500000,0x0000004f64600000] [id=8568]
  0x0000024767b34a00 GCTaskThread "GC Thread#1" [stack: 0x0000004f65300000,0x0000004f65400000] [id=10708]
  0x0000024768be84d0 GCTaskThread "GC Thread#2" [stack: 0x0000004f65400000,0x0000004f65500000] [id=3204]
  0x0000024768be8780 GCTaskThread "GC Thread#3" [stack: 0x0000004f65500000,0x0000004f65600000] [id=12268]
  0x0000024768be8a30 GCTaskThread "GC Thread#4" [stack: 0x0000004f65600000,0x0000004f65700000] [id=13180]
  0x0000024768d7d0b0 GCTaskThread "GC Thread#5" [stack: 0x0000004f65700000,0x0000004f65800000] [id=15944]
  0x0000024768d7d360 GCTaskThread "GC Thread#6" [stack: 0x0000004f65800000,0x0000004f65900000] [id=10868]
  0x00000247688435a0 GCTaskThread "GC Thread#7" [stack: 0x0000004f65d00000,0x0000004f65e00000] [id=13100]

Threads with active compile tasks:
C2 CompilerThread0    74834 5121       4       org.eclipse.core.internal.dtree.DataTreeWriter::writeNode (182 bytes)

VM state: not at safepoint (normal execution)

VM Mutex/Monitor currently owned by a thread: None

Heap address: 0x00000000c0000000, size: 1024 MB, Compressed Oops mode: 32-bit

CDS archive(s) not mapped
Compressed class space mapped at: 0x0000000100000000-0x0000000140000000, reserved size: 1073741824
Narrow klass base: 0x0000000000000000, Narrow klass shift: 3, Narrow klass range: 0x140000000

GC Precious Log:
 CPUs: 8 total, 8 available
 Memory: 6080M
 Large Page Support: Disabled
 NUMA Support: Disabled
 Compressed Oops: Enabled (32-bit)
 Alignments: Space 512K, Generation 512K, Heap 2M
 Heap Min Capacity: 100M
 Heap Initial Capacity: 100M
 Heap Max Capacity: 1G
 Pre-touch: Disabled
 Parallel Workers: 8

Heap:
 PSYoungGen      total 20992K, used 16667K [0x00000000eab00000, 0x00000000ec100000, 0x0000000100000000)
  eden space 19968K, 79% used [0x00000000eab00000,0x00000000eba7ad58,0x00000000ebe80000)
  from space 1024K, 79% used [0x00000000ebe80000,0x00000000ebf4c010,0x00000000ebf80000)
  to   space 1024K, 0% used [0x00000000ec000000,0x00000000ec000000,0x00000000ec100000)
 ParOldGen       total 68608K, used 35360K [0x00000000c0000000, 0x00000000c4300000, 0x00000000eab00000)
  object space 68608K, 51% used [0x00000000c0000000,0x00000000c22881f0,0x00000000c4300000)
 Metaspace       used 45807K, committed 46528K, reserved 1097728K
  class space    used 4602K, committed 4928K, reserved 1048576K

Card table byte_map: [0x00000247518e0000,0x0000024751af0000] _byte_map_base: 0x00000247512e0000

Marking Bits: (ParMarkBitMap*) 0x00007ffb77020dd0
 Begin Bits: [0x0000024763b90000, 0x0000024764b90000)
 End Bits:   [0x0000024764b90000, 0x0000024765b90000)

Polling page: 0x00000247516d0000

Metaspace:

Usage:
  Non-class:     40.24 MB used.
      Class:      4.49 MB used.
       Both:     44.73 MB used.

Virtual space:
  Non-class space:       48.00 MB reserved,      40.62 MB ( 85%) committed,  6 nodes.
      Class space:        1.00 GB reserved,       4.81 MB ( <1%) committed,  1 nodes.
             Both:        1.05 GB reserved,      45.44 MB (  4%) committed. 

Chunk freelists:
   Non-Class:  2.70 MB
       Class:  3.05 MB
        Both:  5.75 MB

MaxMetaspaceSize: unlimited
CompressedClassSpaceSize: 1.00 GB
Initial GC threshold: 21.00 MB
Current GC threshold: 58.38 MB
CDS: off
MetaspaceReclaimPolicy: balanced
 - commit_granule_bytes: 65536.
 - commit_granule_words: 8192.
 - virtual_space_node_default_size: 1048576.
 - enlarge_chunks_in_place: 1.
 - new_chunks_are_fully_committed: 0.
 - uncommit_free_chunks: 1.
 - use_allocation_guard: 0.
 - handle_deallocations: 1.


Internal statistics:

num_allocs_failed_limit: 6.
num_arena_births: 302.
num_arena_deaths: 14.
num_vsnodes_births: 7.
num_vsnodes_deaths: 0.
num_space_committed: 727.
num_space_uncommitted: 0.
num_chunks_returned_to_freelist: 20.
num_chunks_taken_from_freelist: 1767.
num_chunk_merges: 10.
num_chunk_splits: 1228.
num_chunks_enlarged: 875.
num_purges: 2.
num_inconsistent_stats: 0.

CodeHeap 'non-profiled nmethods': size=120000Kb used=2781Kb max_used=2781Kb free=117218Kb
 bounds [0x000002475c660000, 0x000002475c920000, 0x0000024763b90000]
CodeHeap 'profiled nmethods': size=120000Kb used=11345Kb max_used=11345Kb free=108654Kb
 bounds [0x0000024755130000, 0x0000024755c50000, 0x000002475c660000]
CodeHeap 'non-nmethods': size=5760Kb used=1311Kb max_used=1363Kb free=4448Kb
 bounds [0x0000024754b90000, 0x0000024754e00000, 0x0000024755130000]
 total_blobs=5764 nmethods=5119 adapters=557
 compilation: enabled
              stopped_count=0, restarted_count=0
 full_count=0

Compilation events (20 events):
Event: 74.687 Thread 0x00000247678c65c0 5112       3       org.eclipse.core.internal.resources.SaveManager::writeElement (36 bytes)
Event: 74.688 Thread 0x00000247678c65c0 nmethod 5112 0x0000024755c43090 code [0x0000024755c432a0, 0x0000024755c43888]
Event: 74.688 Thread 0x00000247678c65c0 5113       3       org.eclipse.core.internal.resources.ResourceInfo::writeTo (41 bytes)
Event: 74.688 Thread 0x00000247678c65c0 nmethod 5113 0x0000024755c43a90 code [0x0000024755c43c60, 0x0000024755c44178]
Event: 74.693 Thread 0x0000024765d8e990 nmethod 5110 0x000002475c910790 code [0x000002475c910940, 0x000002475c910f08]
Event: 74.693 Thread 0x0000024765d8e990 5114 %     4       java.io.DataOutputStream::writeUTF @ 187 (411 bytes)
Event: 74.710 Thread 0x0000024765d8e990 nmethod 5114% 0x000002475c911290 code [0x000002475c911460, 0x000002475c9120d8]
Event: 74.710 Thread 0x0000024765d8e990 5115       4       java.io.DataOutputStream::writeByte (14 bytes)
Event: 74.714 Thread 0x0000024765d8e990 nmethod 5115 0x000002475c912810 code [0x000002475c9129c0, 0x000002475c912dc8]
Event: 74.714 Thread 0x0000024765d8e990 5117       4       java.io.DataOutputStream::writeLong (118 bytes)
Event: 74.725 Thread 0x0000024765d8e990 nmethod 5117 0x000002475c913010 code [0x000002475c9131c0, 0x000002475c9137a8]
Event: 74.725 Thread 0x0000024765d8e990 5116       4       org.eclipse.core.internal.dtree.DataTreeWriter::writeNumber (47 bytes)
Event: 74.731 Thread 0x0000024765d8e990 nmethod 5116 0x000002475c913b90 code [0x000002475c913d60, 0x000002475c9142c8]
Event: 74.736 Thread 0x0000024765d8e990 5118       4       java.io.DataOutputStream::writeInt (62 bytes)
Event: 74.744 Thread 0x0000024765d8e990 nmethod 5118 0x000002475c914690 code [0x000002475c914840, 0x000002475c914de8]
Event: 74.744 Thread 0x0000024765d8e990 5120       4       org.eclipse.core.runtime.Path::equals (122 bytes)
Event: 74.751 Thread 0x0000024765d8e990 nmethod 5120 0x000002475c915210 code [0x000002475c9153a0, 0x000002475c9157d8]
Event: 74.751 Thread 0x0000024765d8e990 5119       4       java.io.DataOutputStream::writeUTF (411 bytes)
Event: 74.772 Thread 0x0000024765d8e990 nmethod 5119 0x000002475c915e10 code [0x000002475c916000, 0x000002475c916e08]
Event: 74.772 Thread 0x0000024765d8e990 5121       4       org.eclipse.core.internal.dtree.DataTreeWriter::writeNode (182 bytes)

GC Heap History (20 events):
Event: 20.024 GC heap before
{Heap before GC invocations=16 (full 1):
 PSYoungGen      total 24064K, used 19473K [0x00000000eab00000, 0x00000000ec600000, 0x0000000100000000)
  eden space 20992K, 80% used [0x00000000eab00000,0x00000000ebb847b8,0x00000000ebf80000)
  from space 3072K, 83% used [0x00000000ec300000,0x00000000ec580010,0x00000000ec600000)
  to   space 3072K, 0% used [0x00000000ec000000,0x00000000ec000000,0x00000000ec300000)
 ParOldGen       total 68608K, used 26092K [0x00000000c0000000, 0x00000000c4300000, 0x00000000eab00000)
  object space 68608K, 38% used [0x00000000c0000000,0x00000000c197b3f0,0x00000000c4300000)
 Metaspace       used 35305K, committed 35840K, reserved 1081344K
  class space    used 3564K, committed 3776K, reserved 1048576K
}
Event: 20.030 GC heap after
{Heap after GC invocations=16 (full 1):
 PSYoungGen      total 23552K, used 2500K [0x00000000eab00000, 0x00000000ec480000, 0x0000000100000000)
  eden space 20992K, 0% used [0x00000000eab00000,0x00000000eab00000,0x00000000ebf80000)
  from space 2560K, 97% used [0x00000000ec000000,0x00000000ec2713d0,0x00000000ec280000)
  to   space 2048K, 0% used [0x00000000ec280000,0x00000000ec280000,0x00000000ec480000)
 ParOldGen       total 68608K, used 28501K [0x00000000c0000000, 0x00000000c4300000, 0x00000000eab00000)
  object space 68608K, 41% used [0x00000000c0000000,0x00000000c1bd5400,0x00000000c4300000)
 Metaspace       used 35305K, committed 35840K, reserved 1081344K
  class space    used 3564K, committed 3776K, reserved 1048576K
}
Event: 20.030 GC heap before
{Heap before GC invocations=17 (full 2):
 PSYoungGen      total 23552K, used 2500K [0x00000000eab00000, 0x00000000ec480000, 0x0000000100000000)
  eden space 20992K, 0% used [0x00000000eab00000,0x00000000eab00000,0x00000000ebf80000)
  from space 2560K, 97% used [0x00000000ec000000,0x00000000ec2713d0,0x00000000ec280000)
  to   space 2048K, 0% used [0x00000000ec280000,0x00000000ec280000,0x00000000ec480000)
 ParOldGen       total 68608K, used 28501K [0x00000000c0000000, 0x00000000c4300000, 0x00000000eab00000)
  object space 68608K, 41% used [0x00000000c0000000,0x00000000c1bd5400,0x00000000c4300000)
 Metaspace       used 35305K, committed 35840K, reserved 1081344K
  class space    used 3564K, committed 3776K, reserved 1048576K
}
Event: 20.076 GC heap after
{Heap after GC invocations=17 (full 2):
 PSYoungGen      total 23552K, used 0K [0x00000000eab00000, 0x00000000ec480000, 0x0000000100000000)
  eden space 20992K, 0% used [0x00000000eab00000,0x00000000eab00000,0x00000000ebf80000)
  from space 2560K, 0% used [0x00000000ec000000,0x00000000ec000000,0x00000000ec280000)
  to   space 2048K, 0% used [0x00000000ec280000,0x00000000ec280000,0x00000000ec480000)
 ParOldGen       total 68608K, used 30102K [0x00000000c0000000, 0x00000000c4300000, 0x00000000eab00000)
  object space 68608K, 43% used [0x00000000c0000000,0x00000000c1d65ba0,0x00000000c4300000)
 Metaspace       used 35305K, committed 35840K, reserved 1081344K
  class space    used 3564K, committed 3776K, reserved 1048576K
}
Event: 21.444 GC heap before
{Heap before GC invocations=18 (full 2):
 PSYoungGen      total 23552K, used 20952K [0x00000000eab00000, 0x00000000ec480000, 0x0000000100000000)
  eden space 20992K, 99% used [0x00000000eab00000,0x00000000ebf76198,0x00000000ebf80000)
  from space 2560K, 0% used [0x00000000ec000000,0x00000000ec000000,0x00000000ec280000)
  to   space 2048K, 0% used [0x00000000ec280000,0x00000000ec280000,0x00000000ec480000)
 ParOldGen       total 68608K, used 30102K [0x00000000c0000000, 0x00000000c4300000, 0x00000000eab00000)
  object space 68608K, 43% used [0x00000000c0000000,0x00000000c1d65ba0,0x00000000c4300000)
 Metaspace       used 37398K, committed 38016K, reserved 1089536K
  class space    used 3848K, committed 4096K, reserved 1048576K
}
Event: 21.446 GC heap after
{Heap after GC invocations=18 (full 2):
 PSYoungGen      total 22016K, used 726K [0x00000000eab00000, 0x00000000ec380000, 0x0000000100000000)
  eden space 20992K, 0% used [0x00000000eab00000,0x00000000eab00000,0x00000000ebf80000)
  from space 1024K, 70% used [0x00000000ec280000,0x00000000ec335a20,0x00000000ec380000)
  to   space 1536K, 0% used [0x00000000ec080000,0x00000000ec080000,0x00000000ec200000)
 ParOldGen       total 68608K, used 30110K [0x00000000c0000000, 0x00000000c4300000, 0x00000000eab00000)
  object space 68608K, 43% used [0x00000000c0000000,0x00000000c1d67ba0,0x00000000c4300000)
 Metaspace       used 37398K, committed 38016K, reserved 1089536K
  class space    used 3848K, committed 4096K, reserved 1048576K
}
Event: 23.476 GC heap before
{Heap before GC invocations=19 (full 2):
 PSYoungGen      total 22016K, used 21718K [0x00000000eab00000, 0x00000000ec380000, 0x0000000100000000)
  eden space 20992K, 100% used [0x00000000eab00000,0x00000000ebf80000,0x00000000ebf80000)
  from space 1024K, 70% used [0x00000000ec280000,0x00000000ec335a20,0x00000000ec380000)
  to   space 1536K, 0% used [0x00000000ec080000,0x00000000ec080000,0x00000000ec200000)
 ParOldGen       total 68608K, used 30110K [0x00000000c0000000, 0x00000000c4300000, 0x00000000eab00000)
  object space 68608K, 43% used [0x00000000c0000000,0x00000000c1d67ba0,0x00000000c4300000)
 Metaspace       used 39457K, committed 40064K, reserved 1089536K
  class space    used 4034K, committed 4288K, reserved 1048576K
}
Event: 23.478 GC heap after
{Heap after GC invocations=19 (full 2):
 PSYoungGen      total 22528K, used 480K [0x00000000eab00000, 0x00000000ec300000, 0x0000000100000000)
  eden space 20992K, 0% used [0x00000000eab00000,0x00000000eab00000,0x00000000ebf80000)
  from space 1536K, 31% used [0x00000000ec080000,0x00000000ec0f8000,0x00000000ec200000)
  to   space 1024K, 0% used [0x00000000ec200000,0x00000000ec200000,0x00000000ec300000)
 ParOldGen       total 68608K, used 30656K [0x00000000c0000000, 0x00000000c4300000, 0x00000000eab00000)
  object space 68608K, 44% used [0x00000000c0000000,0x00000000c1df00a8,0x00000000c4300000)
 Metaspace       used 39457K, committed 40064K, reserved 1089536K
  class space    used 4034K, committed 4288K, reserved 1048576K
}
Event: 24.510 GC heap before
{Heap before GC invocations=20 (full 2):
 PSYoungGen      total 22528K, used 21470K [0x00000000eab00000, 0x00000000ec300000, 0x0000000100000000)
  eden space 20992K, 99% used [0x00000000eab00000,0x00000000ebf7f9d0,0x00000000ebf80000)
  from space 1536K, 31% used [0x00000000ec080000,0x00000000ec0f8000,0x00000000ec200000)
  to   space 1024K, 0% used [0x00000000ec200000,0x00000000ec200000,0x00000000ec300000)
 ParOldGen       total 68608K, used 30656K [0x00000000c0000000, 0x00000000c4300000, 0x00000000eab00000)
  object space 68608K, 44% used [0x00000000c0000000,0x00000000c1df00a8,0x00000000c4300000)
 Metaspace       used 42370K, committed 43008K, reserved 1089536K
  class space    used 4327K, committed 4608K, reserved 1048576K
}
Event: 24.516 GC heap after
{Heap after GC invocations=20 (full 2):
 PSYoungGen      total 21504K, used 1024K [0x00000000eab00000, 0x00000000ec580000, 0x0000000100000000)
  eden space 20480K, 0% used [0x00000000eab00000,0x00000000eab00000,0x00000000ebf00000)
  from space 1024K, 100% used [0x00000000ec200000,0x00000000ec300000,0x00000000ec300000)
  to   space 3072K, 0% used [0x00000000ebf00000,0x00000000ebf00000,0x00000000ec200000)
 ParOldGen       total 68608K, used 32081K [0x00000000c0000000, 0x00000000c4300000, 0x00000000eab00000)
  object space 68608K, 46% used [0x00000000c0000000,0x00000000c1f54788,0x00000000c4300000)
 Metaspace       used 42370K, committed 43008K, reserved 1089536K
  class space    used 4327K, committed 4608K, reserved 1048576K
}
Event: 24.918 GC heap before
{Heap before GC invocations=21 (full 2):
 PSYoungGen      total 21504K, used 21471K [0x00000000eab00000, 0x00000000ec580000, 0x0000000100000000)
  eden space 20480K, 99% used [0x00000000eab00000,0x00000000ebef7d68,0x00000000ebf00000)
  from space 1024K, 100% used [0x00000000ec200000,0x00000000ec300000,0x00000000ec300000)
  to   space 3072K, 0% used [0x00000000ebf00000,0x00000000ebf00000,0x00000000ec200000)
 ParOldGen       total 68608K, used 32081K [0x00000000c0000000, 0x00000000c4300000, 0x00000000eab00000)
  object space 68608K, 46% used [0x00000000c0000000,0x00000000c1f54788,0x00000000c4300000)
 Metaspace       used 42798K, committed 43456K, reserved 1089536K
  class space    used 4363K, committed 4672K, reserved 1048576K
}
Event: 24.921 GC heap after
{Heap after GC invocations=21 (full 2):
 PSYoungGen      total 21504K, used 853K [0x00000000eab00000, 0x00000000ec280000, 0x0000000100000000)
  eden space 20480K, 0% used [0x00000000eab00000,0x00000000eab00000,0x00000000ebf00000)
  from space 1024K, 83% used [0x00000000ebf00000,0x00000000ebfd56a0,0x00000000ec000000)
  to   space 1536K, 0% used [0x00000000ec100000,0x00000000ec100000,0x00000000ec280000)
 ParOldGen       total 68608K, used 32981K [0x00000000c0000000, 0x00000000c4300000, 0x00000000eab00000)
  object space 68608K, 48% used [0x00000000c0000000,0x00000000c20356e0,0x00000000c4300000)
 Metaspace       used 42798K, committed 43456K, reserved 1089536K
  class space    used 4363K, committed 4672K, reserved 1048576K
}
Event: 25.180 GC heap before
{Heap before GC invocations=22 (full 2):
 PSYoungGen      total 21504K, used 21333K [0x00000000eab00000, 0x00000000ec280000, 0x0000000100000000)
  eden space 20480K, 100% used [0x00000000eab00000,0x00000000ebf00000,0x00000000ebf00000)
  from space 1024K, 83% used [0x00000000ebf00000,0x00000000ebfd56a0,0x00000000ec000000)
  to   space 1536K, 0% used [0x00000000ec100000,0x00000000ec100000,0x00000000ec280000)
 ParOldGen       total 68608K, used 32981K [0x00000000c0000000, 0x00000000c4300000, 0x00000000eab00000)
  object space 68608K, 48% used [0x00000000c0000000,0x00000000c20356e0,0x00000000c4300000)
 Metaspace       used 43186K, committed 43840K, reserved 1089536K
  class space    used 4390K, committed 4672K, reserved 1048576K
}
Event: 25.182 GC heap after
{Heap after GC invocations=22 (full 2):
 PSYoungGen      total 21504K, used 1510K [0x00000000eab00000, 0x00000000ec400000, 0x0000000100000000)
  eden space 19968K, 0% used [0x00000000eab00000,0x00000000eab00000,0x00000000ebe80000)
  from space 1536K, 98% used [0x00000000ec100000,0x00000000ec2798c8,0x00000000ec280000)
  to   space 2560K, 0% used [0x00000000ebe80000,0x00000000ebe80000,0x00000000ec100000)
 ParOldGen       total 68608K, used 33665K [0x00000000c0000000, 0x00000000c4300000, 0x00000000eab00000)
  object space 68608K, 49% used [0x00000000c0000000,0x00000000c20e0530,0x00000000c4300000)
 Metaspace       used 43186K, committed 43840K, reserved 1089536K
  class space    used 4390K, committed 4672K, reserved 1048576K
}
Event: 25.380 GC heap before
{Heap before GC invocations=23 (full 2):
 PSYoungGen      total 21504K, used 21478K [0x00000000eab00000, 0x00000000ec400000, 0x0000000100000000)
  eden space 19968K, 100% used [0x00000000eab00000,0x00000000ebe80000,0x00000000ebe80000)
  from space 1536K, 98% used [0x00000000ec100000,0x00000000ec2798c8,0x00000000ec280000)
  to   space 2560K, 0% used [0x00000000ebe80000,0x00000000ebe80000,0x00000000ec100000)
 ParOldGen       total 68608K, used 33665K [0x00000000c0000000, 0x00000000c4300000, 0x00000000eab00000)
  object space 68608K, 49% used [0x00000000c0000000,0x00000000c20e0530,0x00000000c4300000)
 Metaspace       used 43487K, committed 44096K, reserved 1089536K
  class space    used 4409K, committed 4672K, reserved 1048576K
}
Event: 25.381 GC heap after
{Heap after GC invocations=23 (full 2):
 PSYoungGen      total 20480K, used 256K [0x00000000eab00000, 0x00000000ec180000, 0x0000000100000000)
  eden space 19968K, 0% used [0x00000000eab00000,0x00000000eab00000,0x00000000ebe80000)
  from space 512K, 50% used [0x00000000ebe80000,0x00000000ebec0000,0x00000000ebf00000)
  to   space 1024K, 0% used [0x00000000ec080000,0x00000000ec080000,0x00000000ec180000)
 ParOldGen       total 68608K, used 34027K [0x00000000c0000000, 0x00000000c4300000, 0x00000000eab00000)
  object space 68608K, 49% used [0x00000000c0000000,0x00000000c213ad90,0x00000000c4300000)
 Metaspace       used 43487K, committed 44096K, reserved 1089536K
  class space    used 4409K, committed 4672K, reserved 1048576K
}
Event: 26.417 GC heap before
{Heap before GC invocations=24 (full 2):
 PSYoungGen      total 20480K, used 20224K [0x00000000eab00000, 0x00000000ec180000, 0x0000000100000000)
  eden space 19968K, 100% used [0x00000000eab00000,0x00000000ebe80000,0x00000000ebe80000)
  from space 512K, 50% used [0x00000000ebe80000,0x00000000ebec0000,0x00000000ebf00000)
  to   space 1024K, 0% used [0x00000000ec080000,0x00000000ec080000,0x00000000ec180000)
 ParOldGen       total 68608K, used 34027K [0x00000000c0000000, 0x00000000c4300000, 0x00000000eab00000)
  object space 68608K, 49% used [0x00000000c0000000,0x00000000c213ad90,0x00000000c4300000)
 Metaspace       used 45257K, committed 45952K, reserved 1097728K
  class space    used 4567K, committed 4864K, reserved 1048576K
}
Event: 26.419 GC heap after
{Heap after GC invocations=24 (full 2):
 PSYoungGen      total 20992K, used 1001K [0x00000000eab00000, 0x00000000ec280000, 0x0000000100000000)
  eden space 19968K, 0% used [0x00000000eab00000,0x00000000eab00000,0x00000000ebe80000)
  from space 1024K, 97% used [0x00000000ec080000,0x00000000ec17a480,0x00000000ec180000)
  to   space 2048K, 0% used [0x00000000ebe80000,0x00000000ebe80000,0x00000000ec080000)
 ParOldGen       total 68608K, used 34371K [0x00000000c0000000, 0x00000000c4300000, 0x00000000eab00000)
  object space 68608K, 50% used [0x00000000c0000000,0x00000000c2190db0,0x00000000c4300000)
 Metaspace       used 45257K, committed 45952K, reserved 1097728K
  class space    used 4567K, committed 4864K, reserved 1048576K
}
Event: 36.724 GC heap before
{Heap before GC invocations=25 (full 2):
 PSYoungGen      total 20992K, used 20969K [0x00000000eab00000, 0x00000000ec280000, 0x0000000100000000)
  eden space 19968K, 100% used [0x00000000eab00000,0x00000000ebe80000,0x00000000ebe80000)
  from space 1024K, 97% used [0x00000000ec080000,0x00000000ec17a480,0x00000000ec180000)
  to   space 2048K, 0% used [0x00000000ebe80000,0x00000000ebe80000,0x00000000ec080000)
 ParOldGen       total 68608K, used 34371K [0x00000000c0000000, 0x00000000c4300000, 0x00000000eab00000)
  object space 68608K, 50% used [0x00000000c0000000,0x00000000c2190db0,0x00000000c4300000)
 Metaspace       used 45425K, committed 46144K, reserved 1097728K
  class space    used 4568K, committed 4864K, reserved 1048576K
}
Event: 36.727 GC heap after
{Heap after GC invocations=25 (full 2):
 PSYoungGen      total 20992K, used 816K [0x00000000eab00000, 0x00000000ec100000, 0x0000000100000000)
  eden space 19968K, 0% used [0x00000000eab00000,0x00000000eab00000,0x00000000ebe80000)
  from space 1024K, 79% used [0x00000000ebe80000,0x00000000ebf4c010,0x00000000ebf80000)
  to   space 1024K, 0% used [0x00000000ec000000,0x00000000ec000000,0x00000000ec100000)
 ParOldGen       total 68608K, used 35360K [0x00000000c0000000, 0x00000000c4300000, 0x00000000eab00000)
  object space 68608K, 51% used [0x00000000c0000000,0x00000000c22881f0,0x00000000c4300000)
 Metaspace       used 45425K, committed 46144K, reserved 1097728K
  class space    used 4568K, committed 4864K, reserved 1048576K
}

Dll operation events (10 events):
Event: 0.251 Loaded shared library c:\Users\nhatn\.vscode\extensions\redhat.java-1.13.0-win32-x64\jre\17.0.5-win32-x86_64\bin\java.dll
Event: 0.860 Loaded shared library c:\Users\nhatn\.vscode\extensions\redhat.java-1.13.0-win32-x64\jre\17.0.5-win32-x86_64\bin\zip.dll
Event: 0.865 Loaded shared library C:\Users\nhatn\.vscode\extensions\redhat.java-1.13.0-win32-x64\jre\17.0.5-win32-x86_64\bin\instrument.dll
Event: 0.940 Loaded shared library C:\Users\nhatn\.vscode\extensions\redhat.java-1.13.0-win32-x64\jre\17.0.5-win32-x86_64\bin\net.dll
Event: 1.004 Loaded shared library C:\Users\nhatn\.vscode\extensions\redhat.java-1.13.0-win32-x64\jre\17.0.5-win32-x86_64\bin\nio.dll
Event: 1.038 Loaded shared library C:\Users\nhatn\.vscode\extensions\redhat.java-1.13.0-win32-x64\jre\17.0.5-win32-x86_64\bin\zip.dll
Event: 1.071 Loaded shared library C:\Users\nhatn\.vscode\extensions\redhat.java-1.13.0-win32-x64\jre\17.0.5-win32-x86_64\bin\jimage.dll
Event: 1.201 Loaded shared library c:\Users\nhatn\.vscode\extensions\redhat.java-1.13.0-win32-x64\jre\17.0.5-win32-x86_64\bin\verify.dll
Event: 11.196 Loaded shared library C:\Users\nhatn\AppData\Roaming\Code\User\globalStorage\redhat.java\1.13.0\config_ss_win\org.eclipse.equinox.launcher\org.eclipse.equinox.launcher.win32.win32.x86_64_1.2.600.v20220720-1916\eclipse_11700.dll
Event: 15.868 Loaded shared library C:\Users\nhatn\AppData\Local\Temp\jna-104782497\jna1583643012023245533.dll

Deoptimization events (20 events):
Event: 74.737 Thread 0x0000024769b4a530 DEOPT PACKING pc=0x0000024755c3fcc2 sp=0x0000004f661fe160
Event: 74.737 Thread 0x0000024769b4a530 DEOPT UNPACKING pc=0x0000024754be2843 sp=0x0000004f661fd6a8 mode 0
Event: 74.743 Thread 0x0000024769b4a530 DEOPT PACKING pc=0x0000024755c3fcc2 sp=0x0000004f661fe160
Event: 74.743 Thread 0x0000024769b4a530 DEOPT UNPACKING pc=0x0000024754be2843 sp=0x0000004f661fd6a8 mode 0
Event: 74.747 Thread 0x0000024769b4a530 DEOPT PACKING pc=0x0000024755c3fcc2 sp=0x0000004f661fe160
Event: 74.747 Thread 0x0000024769b4a530 DEOPT UNPACKING pc=0x0000024754be2843 sp=0x0000004f661fd6a8 mode 0
Event: 74.751 Thread 0x0000024769b4a530 DEOPT PACKING pc=0x0000024755c3fcc2 sp=0x0000004f661fe160
Event: 74.751 Thread 0x0000024769b4a530 DEOPT UNPACKING pc=0x0000024754be2843 sp=0x0000004f661fd6a8 mode 0
Event: 74.755 Thread 0x0000024769b4a530 DEOPT PACKING pc=0x0000024755c3fcc2 sp=0x0000004f661fe340
Event: 74.755 Thread 0x0000024769b4a530 DEOPT UNPACKING pc=0x0000024754be2843 sp=0x0000004f661fd888 mode 0
Event: 74.761 Thread 0x0000024769b4a530 DEOPT PACKING pc=0x0000024755c3fcc2 sp=0x0000004f661fe160
Event: 74.761 Thread 0x0000024769b4a530 DEOPT UNPACKING pc=0x0000024754be2843 sp=0x0000004f661fd6a8 mode 0
Event: 74.762 Thread 0x0000024769b4a530 DEOPT PACKING pc=0x0000024755c3fcc2 sp=0x0000004f661fe2a0
Event: 74.762 Thread 0x0000024769b4a530 DEOPT UNPACKING pc=0x0000024754be2843 sp=0x0000004f661fd7e8 mode 0
Event: 74.768 Thread 0x0000024769b4a530 DEOPT PACKING pc=0x0000024755c3fcc2 sp=0x0000004f661fe0c0
Event: 74.768 Thread 0x0000024769b4a530 DEOPT UNPACKING pc=0x0000024754be2843 sp=0x0000004f661fd608 mode 0
Event: 74.770 Thread 0x0000024769b4a530 DEOPT PACKING pc=0x0000024755c3fcc2 sp=0x0000004f661fe200
Event: 74.770 Thread 0x0000024769b4a530 DEOPT UNPACKING pc=0x0000024754be2843 sp=0x0000004f661fd748 mode 0
Event: 74.771 Thread 0x0000024769b4a530 DEOPT PACKING pc=0x0000024755c3fcc2 sp=0x0000004f661fe340
Event: 74.771 Thread 0x0000024769b4a530 DEOPT UNPACKING pc=0x0000024754be2843 sp=0x0000004f661fd888 mode 0

Classes unloaded (7 events):
Event: 13.887 Thread 0x0000024767820c20 Unloading class 0x0000000100212400 'java/lang/invoke/LambdaForm$MH+0x0000000100212400'
Event: 13.887 Thread 0x0000024767820c20 Unloading class 0x0000000100212000 'java/lang/invoke/LambdaForm$MH+0x0000000100212000'
Event: 13.887 Thread 0x0000024767820c20 Unloading class 0x0000000100211c00 'java/lang/invoke/LambdaForm$MH+0x0000000100211c00'
Event: 13.887 Thread 0x0000024767820c20 Unloading class 0x0000000100211800 'java/lang/invoke/LambdaForm$MH+0x0000000100211800'
Event: 13.887 Thread 0x0000024767820c20 Unloading class 0x0000000100211000 'java/lang/invoke/LambdaForm$BMH+0x0000000100211000'
Event: 13.887 Thread 0x0000024767820c20 Unloading class 0x0000000100210c00 'java/lang/invoke/LambdaForm$DMH+0x0000000100210c00'
Event: 13.887 Thread 0x0000024767820c20 Unloading class 0x000000010020e000 'java/lang/invoke/LambdaForm$DMH+0x000000010020e000'

Classes redefined (0 events):
No events

Internal exceptions (20 events):
Event: 16.318 Thread 0x0000024751f0b140 Exception <a 'java/lang/NoSuchMethodError'{0x00000000ebf83f78}: 'java.lang.Object java.lang.invoke.DirectMethodHandle$Holder.newInvokeSpecial(java.lang.Object, java.lang.Object, java.lang.Object, java.lang.Object, java.lang.Object)'> (0x00000000ebf83f78) 
thrown [s\src\hotspot\share\interpreter\linkResolver.cpp, line 759]
Event: 16.493 Thread 0x00000247689b8bc0 Exception <a 'java/io/FileNotFoundException'{0x00000000eabdf320}> (0x00000000eabdf320) 
thrown [s\src\hotspot\share\prims\jni.cpp, line 516]
Event: 16.627 Thread 0x00000247689b8bc0 Exception <a 'java/lang/NoSuchMethodError'{0x00000000eaff5188}: 'int java.lang.invoke.DirectMethodHandle$Holder.invokeVirtual(java.lang.Object, java.lang.Object)'> (0x00000000eaff5188) 
thrown [s\src\hotspot\share\interpreter\linkResolver.cpp, line 759]
Event: 17.353 Thread 0x00000247689b5ba0 Exception <a 'java/lang/NoSuchMethodError'{0x00000000eab96d40}: 'java.lang.Object java.lang.invoke.Invokers$Holder.invoke_MT(java.lang.Object, java.lang.Object, java.lang.Object)'> (0x00000000eab96d40) 
thrown [s\src\hotspot\share\interpreter\linkResolver.cpp, line 759]
Event: 17.816 Thread 0x00000247689b5ba0 Exception <a 'java/io/FileNotFoundException'{0x00000000ebc57098}> (0x00000000ebc57098) 
thrown [s\src\hotspot\share\prims\jni.cpp, line 516]
Event: 17.816 Thread 0x00000247689b5ba0 Exception <a 'java/io/FileNotFoundException'{0x00000000ebc58960}> (0x00000000ebc58960) 
thrown [s\src\hotspot\share\prims\jni.cpp, line 516]
Event: 17.819 Thread 0x00000247689b5ba0 Exception <a 'java/lang/NoSuchMethodError'{0x00000000ebc67968}: 'void java.lang.invoke.DirectMethodHandle$Holder.invokeStaticInit(java.lang.Object, java.lang.Object, java.lang.Object)'> (0x00000000ebc67968) 
thrown [s\src\hotspot\share\interpreter\linkResolver.cpp, line 759]
Event: 19.827 Thread 0x00000247689b5ba0 Exception <a 'java/lang/NoSuchMethodError'{0x00000000eb8d58e8}: 'java.lang.Object java.lang.invoke.DirectMethodHandle$Holder.newInvokeSpecial(java.lang.Object, java.lang.Object, java.lang.Object, int, java.lang.Object)'> (0x00000000eb8d58e8) 
thrown [s\src\hotspot\share\interpreter\linkResolver.cpp, line 759]
Event: 19.828 Thread 0x00000247689b5ba0 Exception <a 'java/lang/NoSuchMethodError'{0x00000000eb8d9a98}: 'java.lang.Object java.lang.invoke.DirectMethodHandle$Holder.invokeSpecial(java.lang.Object, java.lang.Object, java.lang.Object, java.lang.Object, int, java.lang.Object)'> (0x00000000eb8d9a98) 
thrown [s\src\hotspot\share\interpreter\linkResolver.cpp, line 759]
Event: 20.079 Thread 0x00000247689b8bc0 Exception <a 'java/lang/NoSuchMethodError'{0x00000000eab02070}: 'java.lang.Object java.lang.invoke.DirectMethodHandle$Holder.invokeInterface(java.lang.Object, java.lang.Object, java.lang.Object)'> (0x00000000eab02070) 
thrown [s\src\hotspot\share\interpreter\linkResolver.cpp, line 759]
Event: 20.346 Thread 0x00000247689b8bc0 Implicit null exception at 0x000002475c74e148 to 0x000002475c74e208
Event: 22.561 Thread 0x00000247689b8bc0 Implicit null exception at 0x000002475c76e347 to 0x000002475c76efd8
Event: 23.802 Thread 0x000002476a8e7f10 Exception <a 'java/lang/ArrayIndexOutOfBoundsException'{0x00000000eaf55730}: Index 889 out of bounds for length 888> (0x00000000eaf55730) 
thrown [s\src\hotspot\share\interpreter\interpreterRuntime.cpp, line 428]
Event: 24.032 Thread 0x00000247689b6070 Exception <a 'java/lang/NoSuchMethodError'{0x00000000eb720e60}: 'int java.lang.invoke.DirectMethodHandle$Holder.invokeStatic(java.lang.Object, java.lang.Object, java.lang.Object, int)'> (0x00000000eb720e60) 
thrown [s\src\hotspot\share\interpreter\linkResolver.cpp, line 759]
Event: 24.108 Thread 0x000002476a8e7570 Exception <a 'java/lang/NoSuchMethodError'{0x00000000eb8dbd70}: 'int java.lang.invoke.DirectMethodHandle$Holder.invokeVirtual(java.lang.Object, java.lang.Object, java.lang.Object)'> (0x00000000eb8dbd70) 
thrown [s\src\hotspot\share\interpreter\linkResolver.cpp, line 759]
Event: 24.115 Thread 0x000002476a8e7570 Exception <a 'java/lang/NoSuchMethodError'{0x00000000eb8f6b28}: 'int java.lang.invoke.DirectMethodHandle$Holder.invokeSpecialIFC(java.lang.Object, java.lang.Object, java.lang.Object)'> (0x00000000eb8f6b28) 
thrown [s\src\hotspot\share\interpreter\linkResolver.cpp, line 759]
Event: 24.243 Thread 0x000002476a8e7570 Exception <a 'java/io/FileNotFoundException'{0x00000000ebba2888}> (0x00000000ebba2888) 
thrown [s\src\hotspot\share\prims\jni.cpp, line 516]
Event: 26.183 Thread 0x00000247689b73b0 Exception <a 'java/io/FileNotFoundException'{0x00000000eb9b9b58}> (0x00000000eb9b9b58) 
thrown [s\src\hotspot\share\prims\jni.cpp, line 516]
Event: 26.183 Thread 0x00000247689b73b0 Exception <a 'java/io/FileNotFoundException'{0x00000000eb9bae30}> (0x00000000eb9bae30) 
thrown [s\src\hotspot\share\prims\jni.cpp, line 516]
Event: 74.644 Thread 0x0000024769b4a530 Exception <a 'java/io/FileNotFoundException'{0x00000000eb7ad768}> (0x00000000eb7ad768) 
thrown [s\src\hotspot\share\prims\jni.cpp, line 516]

VM Operations (20 events):
Event: 26.416 Executing VM operation: ParallelGCFailedAllocation
Event: 26.419 Executing VM operation: ParallelGCFailedAllocation done
Event: 27.426 Executing VM operation: Cleanup
Event: 27.426 Executing VM operation: Cleanup done
Event: 36.724 Executing VM operation: ParallelGCFailedAllocation
Event: 36.727 Executing VM operation: ParallelGCFailedAllocation done
Event: 37.727 Executing VM operation: Cleanup
Event: 37.728 Executing VM operation: Cleanup done
Event: 73.031 Executing VM operation: Cleanup
Event: 73.031 Executing VM operation: Cleanup done
Event: 73.258 Executing VM operation: HandshakeAllThreads
Event: 73.259 Executing VM operation: HandshakeAllThreads done
Event: 73.279 Executing VM operation: HandshakeAllThreads
Event: 73.279 Executing VM operation: HandshakeAllThreads done
Event: 73.281 Executing VM operation: HandshakeAllThreads
Event: 73.281 Executing VM operation: HandshakeAllThreads done
Event: 74.294 Executing VM operation: Cleanup
Event: 74.295 Executing VM operation: Cleanup done
Event: 74.656 Executing VM operation: HandshakeAllThreads
Event: 74.670 Executing VM operation: HandshakeAllThreads done

Events (20 events):
Event: 74.621 loading class java/util/concurrent/CountedCompleter
Event: 74.621 loading class java/util/concurrent/CountedCompleter done
Event: 74.621 loading class java/util/stream/AbstractTask done
Event: 74.621 loading class java/util/stream/Nodes$CollectorTask done
Event: 74.622 loading class java/util/stream/Nodes$CollectorTask$OfRef done
Event: 74.622 loading class java/util/function/LongFunction
Event: 74.622 loading class java/util/function/LongFunction done
Event: 74.623 loading class java/util/stream/Nodes$ConcNode
Event: 74.623 loading class java/util/stream/Nodes$AbstractConcNode
Event: 74.623 loading class java/util/stream/Nodes$AbstractConcNode done
Event: 74.623 loading class java/util/stream/Nodes$ConcNode done
Event: 74.626 Thread 0x000002476a8e2d40 Thread added: 0x000002476a8e2d40
Event: 74.627 loading class java/util/stream/Nodes$ToArrayTask$OfRef
Event: 74.627 loading class java/util/stream/Nodes$ToArrayTask
Event: 74.627 loading class java/util/stream/Nodes$ToArrayTask done
Event: 74.627 loading class java/util/stream/Nodes$ToArrayTask$OfRef done
Event: 74.628 Thread 0x000002476a8e70a0 Thread added: 0x000002476a8e70a0
Event: 74.666 Thread 0x000002476a8e2d40 Thread exited: 0x000002476a8e2d40
Event: 74.668 Thread 0x000002476a8e53c0 Thread exited: 0x000002476a8e53c0
Event: 74.669 Thread 0x000002476a8e70a0 Thread exited: 0x000002476a8e70a0


Dynamic libraries:
0x00007ff695530000 - 0x00007ff69553e000 	c:\Users\nhatn\.vscode\extensions\redhat.java-1.13.0-win32-x64\jre\17.0.5-win32-x86_64\bin\java.exe
0x00007ffc89c80000 - 0x00007ffc89e89000 	C:\Windows\SYSTEM32\ntdll.dll
0x00007ffc88e60000 - 0x00007ffc88f1e000 	C:\Windows\System32\KERNEL32.DLL
0x00007ffc87350000 - 0x00007ffc876cb000 	C:\Windows\System32\KERNELBASE.dll
0x00007ffc878c0000 - 0x00007ffc879d1000 	C:\Windows\System32\ucrtbase.dll
0x00007ffc22910000 - 0x00007ffc22927000 	c:\Users\nhatn\.vscode\extensions\redhat.java-1.13.0-win32-x64\jre\17.0.5-win32-x86_64\bin\jli.dll
0x00007ffc22990000 - 0x00007ffc229a9000 	c:\Users\nhatn\.vscode\extensions\redhat.java-1.13.0-win32-x64\jre\17.0.5-win32-x86_64\bin\VCRUNTIME140.dll
0x00007ffc88cb0000 - 0x00007ffc88e5d000 	C:\Windows\System32\USER32.dll
0x00007ffc87150000 - 0x00007ffc87176000 	C:\Windows\System32\win32u.dll
0x00007ffc890e0000 - 0x00007ffc89109000 	C:\Windows\System32\GDI32.dll
0x00007ffc78c90000 - 0x00007ffc78f35000 	C:\Windows\WinSxS\amd64_microsoft.windows.common-controls_6595b64144ccf1df_6.0.22000.120_none_9d947278b86cc467\COMCTL32.dll
0x00007ffc879e0000 - 0x00007ffc87af8000 	C:\Windows\System32\gdi32full.dll
0x00007ffc896f0000 - 0x00007ffc89793000 	C:\Windows\System32\msvcrt.dll
0x00007ffc871f0000 - 0x00007ffc8728d000 	C:\Windows\System32\msvcp_win.dll
0x00007ffc88080000 - 0x00007ffc880b2000 	C:\Windows\System32\IMM32.DLL
0x00007ffc2d040000 - 0x00007ffc2d04c000 	c:\Users\nhatn\.vscode\extensions\redhat.java-1.13.0-win32-x64\jre\17.0.5-win32-x86_64\bin\vcruntime140_1.dll
0x00007ffc1ff10000 - 0x00007ffc1ffa1000 	c:\Users\nhatn\.vscode\extensions\redhat.java-1.13.0-win32-x64\jre\17.0.5-win32-x86_64\bin\msvcp140.dll
0x00007ffb764a0000 - 0x00007ffb770e4000 	c:\Users\nhatn\.vscode\extensions\redhat.java-1.13.0-win32-x64\jre\17.0.5-win32-x86_64\bin\server\jvm.dll
0x00007ffc89b80000 - 0x00007ffc89c2e000 	C:\Windows\System32\ADVAPI32.dll
0x00007ffc87fe0000 - 0x00007ffc8807e000 	C:\Windows\System32\sechost.dll
0x00007ffc89110000 - 0x00007ffc89230000 	C:\Windows\System32\RPCRT4.dll
0x00007ffc332a0000 - 0x00007ffc332a9000 	C:\Windows\SYSTEM32\WSOCK32.dll
0x00007ffc88ad0000 - 0x00007ffc88b3f000 	C:\Windows\System32\WS2_32.dll
0x00007ffc82070000 - 0x00007ffc820a3000 	C:\Windows\SYSTEM32\WINMM.dll
0x00007ffc81340000 - 0x00007ffc8134a000 	C:\Windows\SYSTEM32\VERSION.dll
0x00007ffc861d0000 - 0x00007ffc861e8000 	C:\Windows\SYSTEM32\kernel.appcore.dll
0x00007ffc23c10000 - 0x00007ffc23c1a000 	c:\Users\nhatn\.vscode\extensions\redhat.java-1.13.0-win32-x64\jre\17.0.5-win32-x86_64\bin\jimage.dll
0x00007ffc7de40000 - 0x00007ffc7e061000 	C:\Windows\SYSTEM32\DBGHELP.DLL
0x00007ffc7e380000 - 0x00007ffc7e3b1000 	C:\Windows\SYSTEM32\dbgcore.DLL
0x00007ffc876d0000 - 0x00007ffc8774f000 	C:\Windows\System32\bcryptPrimitives.dll
0x00007ffc22980000 - 0x00007ffc2298e000 	c:\Users\nhatn\.vscode\extensions\redhat.java-1.13.0-win32-x64\jre\17.0.5-win32-x86_64\bin\instrument.dll
0x00007ffc20200000 - 0x00007ffc20225000 	c:\Users\nhatn\.vscode\extensions\redhat.java-1.13.0-win32-x64\jre\17.0.5-win32-x86_64\bin\java.dll
0x00007ffc22860000 - 0x00007ffc22878000 	c:\Users\nhatn\.vscode\extensions\redhat.java-1.13.0-win32-x64\jre\17.0.5-win32-x86_64\bin\zip.dll
0x00007ffc880c0000 - 0x00007ffc88877000 	C:\Windows\System32\SHELL32.dll
0x00007ffc85210000 - 0x00007ffc85a75000 	C:\Windows\SYSTEM32\windows.storage.dll
0x00007ffc89290000 - 0x00007ffc89608000 	C:\Windows\System32\combase.dll
0x00007ffc850a0000 - 0x00007ffc85206000 	C:\Windows\SYSTEM32\wintypes.dll
0x00007ffc88950000 - 0x00007ffc88a3a000 	C:\Windows\System32\SHCORE.dll
0x00007ffc89230000 - 0x00007ffc8928d000 	C:\Windows\System32\shlwapi.dll
0x00007ffc87080000 - 0x00007ffc870a1000 	C:\Windows\SYSTEM32\profapi.dll
0x00007ffc201e0000 - 0x00007ffc201f9000 	C:\Users\nhatn\.vscode\extensions\redhat.java-1.13.0-win32-x64\jre\17.0.5-win32-x86_64\bin\net.dll
0x00007ffc81f50000 - 0x00007ffc82064000 	C:\Windows\SYSTEM32\WINHTTP.dll
0x00007ffc86670000 - 0x00007ffc866d7000 	C:\Windows\system32\mswsock.dll
0x00007ffc1fef0000 - 0x00007ffc1ff05000 	C:\Users\nhatn\.vscode\extensions\redhat.java-1.13.0-win32-x64\jre\17.0.5-win32-x86_64\bin\nio.dll
0x00007ffc1fee0000 - 0x00007ffc1fef0000 	c:\Users\nhatn\.vscode\extensions\redhat.java-1.13.0-win32-x64\jre\17.0.5-win32-x86_64\bin\verify.dll
0x00007ffc1fcd0000 - 0x00007ffc1fd0e000 	C:\Users\nhatn\AppData\Roaming\Code\User\globalStorage\redhat.java\1.13.0\config_ss_win\org.eclipse.equinox.launcher\org.eclipse.equinox.launcher.win32.win32.x86_64_1.2.600.v20220720-1916\eclipse_11700.dll
0x00007ffc899e0000 - 0x00007ffc89b7a000 	C:\Windows\System32\ole32.dll
0x00007ffc868b0000 - 0x00007ffc868c8000 	C:\Windows\SYSTEM32\CRYPTSP.dll
0x00007ffc86130000 - 0x00007ffc86165000 	C:\Windows\system32\rsaenh.dll
0x00007ffc86760000 - 0x00007ffc86789000 	C:\Windows\SYSTEM32\USERENV.dll
0x00007ffc86ab0000 - 0x00007ffc86ad7000 	C:\Windows\SYSTEM32\bcrypt.dll
0x00007ffc868d0000 - 0x00007ffc868dc000 	C:\Windows\SYSTEM32\CRYPTBASE.dll
0x00007ffc85cc0000 - 0x00007ffc85ced000 	C:\Windows\SYSTEM32\IPHLPAPI.DLL
0x00007ffc87b60000 - 0x00007ffc87b69000 	C:\Windows\System32\NSI.dll
0x00007ffc822d0000 - 0x00007ffc822e9000 	C:\Windows\SYSTEM32\dhcpcsvc6.DLL
0x00007ffc82470000 - 0x00007ffc8248e000 	C:\Windows\SYSTEM32\dhcpcsvc.DLL
0x00007ffc85cf0000 - 0x00007ffc85dd8000 	C:\Windows\SYSTEM32\DNSAPI.dll
0x00007ffc0e0d0000 - 0x00007ffc0e110000 	C:\Users\nhatn\AppData\Local\Temp\jna-104782497\jna1583643012023245533.dll
0x00007ffc88880000 - 0x00007ffc88888000 	C:\Windows\System32\PSAPI.DLL

dbghelp: loaded successfully - version: 4.0.5 - missing functions: none
symbol engine: initialized successfully - sym options: 0x614 - pdb path: .;c:\Users\nhatn\.vscode\extensions\redhat.java-1.13.0-win32-x64\jre\17.0.5-win32-x86_64\bin;C:\Windows\SYSTEM32;C:\Windows\WinSxS\amd64_microsoft.windows.common-controls_6595b64144ccf1df_6.0.22000.120_none_9d947278b86cc467;c:\Users\nhatn\.vscode\extensions\redhat.java-1.13.0-win32-x64\jre\17.0.5-win32-x86_64\bin\server;C:\Users\nhatn\AppData\Roaming\Code\User\globalStorage\redhat.java\1.13.0\config_ss_win\org.eclipse.equinox.launcher\org.eclipse.equinox.launcher.win32.win32.x86_64_1.2.600.v20220720-1916;C:\Users\nhatn\AppData\Local\Temp\jna-104782497

VM Arguments:
jvm_args: --add-modules=ALL-SYSTEM --add-opens=java.base/java.util=ALL-UNNAMED --add-opens=java.base/java.lang=ALL-UNNAMED --add-opens=java.base/sun.nio.fs=ALL-UNNAMED -Declipse.application=org.eclipse.jdt.ls.core.id1 -Dosgi.bundles.defaultStartLevel=4 -Declipse.product=org.eclipse.jdt.ls.core.product -Djava.import.generatesMetadataFilesAtProjectRoot=false -Dfile.encoding=utf8 -XX:+UseParallelGC -XX:GCTimeRatio=4 -XX:AdaptiveSizePolicyWeight=90 -Dsun.zip.disableMemoryMapping=true -Xmx1G -Xms100m -Xlog:disable -javaagent:c:\Users\nhatn\.vscode\extensions\redhat.java-1.13.0-win32-x64\lombok\lombok-1.18.24.jar 
java_command: c:\Users\nhatn\.vscode\extensions\redhat.java-1.13.0-win32-x64\server\plugins\org.eclipse.equinox.launcher_1.6.400.v20210924-0641.jar -configuration c:\Users\nhatn\AppData\Roaming\Code\User\globalStorage\redhat.java\1.13.0\config_ss_win -data c:\Users\nhatn\AppData\Roaming\Code\User\workspaceStorage\44674951d730b25edd6456c19b829709\redhat.java\ss_ws
java_class_path (initial): c:\Users\nhatn\.vscode\extensions\redhat.java-1.13.0-win32-x64\server\plugins\org.eclipse.equinox.launcher_1.6.400.v20210924-0641.jar
Launcher Type: SUN_STANDARD

[Global flags]
    uintx AdaptiveSizePolicyWeight                 = 90                                        {product} {command line}
     intx CICompilerCount                          = 4                                         {product} {ergonomic}
    uintx GCTimeRatio                              = 4                                         {product} {command line}
   size_t InitialHeapSize                          = 104857600                                 {product} {command line}
   size_t MaxHeapSize                              = 1073741824                                {product} {command line}
   size_t MaxNewSize                               = 357564416                                 {product} {ergonomic}
   size_t MinHeapDeltaBytes                        = 524288                                    {product} {ergonomic}
   size_t MinHeapSize                              = 104857600                                 {product} {command line}
   size_t NewSize                                  = 34603008                                  {product} {ergonomic}
    uintx NonNMethodCodeHeapSize                   = 5839372                                {pd product} {ergonomic}
    uintx NonProfiledCodeHeapSize                  = 122909434                              {pd product} {ergonomic}
   size_t OldSize                                  = 70254592                                  {product} {ergonomic}
    uintx ProfiledCodeHeapSize                     = 122909434                              {pd product} {ergonomic}
    uintx ReservedCodeCacheSize                    = 251658240                              {pd product} {ergonomic}
     bool SegmentedCodeCache                       = true                                      {product} {ergonomic}
   size_t SoftMaxHeapSize                          = 1073741824                             {manageable} {ergonomic}
     bool UseCompressedClassPointers               = true                           {product lp64_product} {ergonomic}
     bool UseCompressedOops                        = true                           {product lp64_product} {ergonomic}
     bool UseLargePagesIndividualAllocation        = false                                  {pd product} {ergonomic}
     bool UseParallelGC                            = true                                      {product} {command line}

Logging:
Log output configuration:
 #0: stdout all=off uptime,level,tags
 #1: stderr all=off uptime,level,tags

Environment Variables:
JAVA_HOME=C:\Program Files\Java\jdk-11.0.16
PATH=C:\Program Files\NVIDIA GPU Computing Toolkit\CUDA\v8.0\bin;C:\Program Files\NVIDIA GPU Computing Toolkit\CUDA\v8.0\libnvvp;C:\Program Files (x86)\VMware\VMware Workstation\bin\;C:\ProgramData\Oracle\Java\javapath;C:\Program Files\Common Files\Oracle\Java\javapath;C:\Program Files (x86)\Common Files\Oracle\Java\javapath;C:\Windows\system32;C:\Windows;C:\Windows\System32\Wbem;C:\Windows\System32\WindowsPowerShell\v1.0\;C:\Windows\System32\OpenSSH\;C:\Program Files\dotnet\;C:\Program Files\Microsoft SQL Server\130\Tools\Binn\;C:\Program Files\Microsoft SQL Server\Client SDK\ODBC\170\Tools\Binn\;C:\Program Files (x86)\Microsoft SQL Server\150\Tools\Binn\;C:\Program Files\Microsoft SQL Server\150\Tools\Binn\;C:\Program Files\Microsoft SQL Server\150\DTS\Binn\;C:\Program Files (x86)\Microsoft SQL Server\150\DTS\Binn\;C:\Program Files\Azure Data Studio\bin;C:\Program Files\Java\jdk-17.0.1\bin;C:\Program Files\Git\cmd;C:\Users\nhatn\apache-maven-3.8.6-bin\apache-maven-3.8.6\bin;C:\Program Files\Java\jdk-11.0.16\bin;C:\Program Files\Java\jdk-18.0.2.1\bin;C:\Program Files\Java\jdk1.8.0_45\bin;C:\Program Files (x86)\dotnet\;C:\Program Files (x86)\NVIDIA Corporation\PhysX\Common;C:\Program Files\nodejs\;C:\sqlite3;C:\Users\nhatn\AppData\Local\Microsoft\WindowsApps;C:\Users\nhatn\.dotnet\tools;C:\Program Files\Azure Data Studio\bin;C:\Users\nhatn\AppData\Local\Programs\Microsoft VS Code\bin;C:\Users\nhatn\AppData\Local\Programs\oh-my-posh\bin;C:\Program Files\heroku\bin;C:\Program Files\JetBrains\IntelliJ IDEA 2021.1.3\bin;;C:\Users\nhatn\AppData\Roaming\npm
USERNAME=nhatn
OS=Windows_NT
PROCESSOR_IDENTIFIER=AMD64 Family 23 Model 24 Stepping 1, AuthenticAMD
TMP=C:\Users\nhatn\AppData\Local\Temp
TEMP=C:\Users\nhatn\AppData\Local\Temp



---------------  S Y S T E M  ---------------

OS:
 Windows 11 , 64 bit Build 22000 (10.0.22000.1335)
OS uptime: 3 days 14:54 hours
Hyper-V role detected

CPU: total 8 (initial active 8) (8 cores per cpu, 2 threads per core) family 23 model 24 stepping 1 microcode 0x0, cx8, cmov, fxsr, ht, mmx, 3dnowpref, sse, sse2, sse3, ssse3, sse4a, sse4.1, sse4.2, popcnt, lzcnt, tsc, tscinvbit, avx, avx2, aes, clmul, bmi1, bmi2, adx, sha, fma, vzeroupper, clflush, clflushopt, hv

Memory: 4k page, system-wide physical 6080M (197M free)
TotalPageFile size 24512M (AvailPageFile size 114M)
current process WorkingSet (physical memory assigned to process): 175M, peak: 206M
current process commit charge ("private bytes"): 250M, peak: 283M

vm_info: OpenJDK 64-Bit Server VM (17.0.5+8) for windows-amd64 JRE (17.0.5+8), built on Oct 19 2022 04:48:13 by "temurin" with MS VC++ 16.7 (VS2019)

END.
