#
# There is insufficient memory for the Java Runtime Environment to continue.
# Native memory allocation (mmap) failed to map 4472832 bytes for G1 virtual space
# Possible reasons:
#   The system is out of physical RAM or swap space
#   The process is running with CompressedOops enabled, and the Java Heap may be blocking the growth of the native heap
# Possible solutions:
#   Reduce memory load on the system
#   Increase physical memory or swap space
#   Check if swap backing store is full
#   Decrease Java heap size (-Xmx/-Xms)
#   Decrease number of Java threads
#   Decrease Java thread stack sizes (-Xss)
#   Set larger code cache with -XX:ReservedCodeCacheSize=
#   JVM is running with Unscaled Compressed Oops mode in which the Java heap is
#     placed in the first 4GB address space. The Java Heap base address is the
#     maximum limit for the native heap growth. Please use -XX:HeapBaseMinAddress
#     to set the Java Heap base and to place the Java Heap above 4GB virtual address.
# This output file may be truncated or incomplete.
#
#  Out of Memory Error (os_windows.cpp:3548), pid=11184, tid=9816
#
# JRE version: OpenJDK Runtime Environment Temurin-17.0.5+8 (17.0.5+8) (build 17.0.5+8)
# Java VM: OpenJDK 64-Bit Server VM Temurin-17.0.5+8 (17.0.5+8, mixed mode, emulated-client, tiered, compressed oops, compressed class ptrs, g1 gc, windows-amd64)
# No core dump will be written. Minidumps are not enabled by default on client versions of Windows
#

---------------  S U M M A R Y ------------

Command Line: -Dsts.lsp.client=vscode -Dsts.log.file=/dev/null -XX:TieredStopAtLevel=1 -Xlog:jni+resolve=off -Dspring.config.location=file:c:\Users\nhatn\.vscode\extensions\pivotal.vscode-spring-boot-1.42.0\language-server\BOOT-INF\classes\application.properties org.springframework.ide.vscode.boot.app.BootLanguageServerBootApp

Host: AMD Ryzen 5 3550H with Radeon Vega Mobile Gfx  , 8 cores, 5G,  Windows 11 , 64 bit Build 22000 (10.0.22000.1335)
Time: Wed Dec 21 09:34:26 2022 SE Asia Standard Time elapsed time: 3.542184 seconds (0d 0h 0m 3s)

---------------  T H R E A D  ---------------

Current thread (0x000001ae41582c50):  VMThread "VM Thread" [stack: 0x0000000257500000,0x0000000257600000] [id=9816]

Stack: [0x0000000257500000,0x0000000257600000]
Native frames: (J=compiled Java code, j=interpreted, Vv=VM code, C=native code)
V  [jvm.dll+0x676b3a]
V  [jvm.dll+0x831444]
V  [jvm.dll+0x832bee]
V  [jvm.dll+0x833253]
V  [jvm.dll+0x244ce5]
V  [jvm.dll+0x673a49]
V  [jvm.dll+0x66811a]
V  [jvm.dll+0x303ceb]
V  [jvm.dll+0x30b1e6]
V  [jvm.dll+0x35ade8]
V  [jvm.dll+0x35afef]
V  [jvm.dll+0x2dab88]
V  [jvm.dll+0x2d8e3c]
V  [jvm.dll+0x2d840c]
V  [jvm.dll+0x31c31b]
V  [jvm.dll+0x8376fb]
V  [jvm.dll+0x838434]
V  [jvm.dll+0x83894c]
V  [jvm.dll+0x838d24]
V  [jvm.dll+0x838df0]
V  [jvm.dll+0x7e17ea]
V  [jvm.dll+0x6759e5]
C  [ucrtbase.dll+0x26c0c]
C  [KERNEL32.DLL+0x155a0]
C  [ntdll.dll+0x485b]

VM_Operation (0x0000000259efe2f0): G1CollectForAllocation, mode: safepoint, requested by thread 0x000001ae438511c0


---------------  P R O C E S S  ---------------

Threads class SMR info:
_java_thread_list=0x000001ae46131480, length=52, elements={
0x000001ae4159b380, 0x000001ae4159bf30, 0x000001ae420085b0, 0x000001ae42008f60,
0x000001ae4200b920, 0x000001ae4200c2d0, 0x000001ae4200ed40, 0x000001ae4200f640,
0x000001ae42205c10, 0x000001ae42221310, 0x000001ae3550c5c0, 0x000001ae42b50df0,
0x000001ae429fcd70, 0x000001ae43572050, 0x000001ae4351aa60, 0x000001ae436e3060,
0x000001ae3550b840, 0x000001ae4339c6d0, 0x000001ae4380a170, 0x000001ae4382a860,
0x000001ae438424b0, 0x000001ae4382b490, 0x000001ae43852ea0, 0x000001ae43850820,
0x000001ae4384fe80, 0x000001ae43853370, 0x000001ae43851690, 0x000001ae43850350,
0x000001ae43850cf0, 0x000001ae43852500, 0x000001ae43852030, 0x000001ae438529d0,
0x000001ae438511c0, 0x000001ae43851b60, 0x000001ae4384f9b0, 0x000001ae439475d0,
0x000001ae43946c30, 0x000001ae43949780, 0x000001ae4394c2d0, 0x000001ae43945dc0,
0x000001ae43948de0, 0x000001ae4394b930, 0x000001ae43946290, 0x000001ae43947aa0,
0x000001ae4394cc70, 0x000001ae43949c50, 0x000001ae4394a5f0, 0x000001ae4394aac0,
0x000001ae43948440, 0x000001ae43948910, 0x000001ae4394af90, 0x000001ae43946760
}

Java Threads: ( => current thread )
  0x000001ae4159b380 JavaThread "Reference Handler" daemon [_thread_blocked, id=14204, stack(0x0000000257600000,0x0000000257700000)]
  0x000001ae4159bf30 JavaThread "Finalizer" daemon [_thread_blocked, id=14736, stack(0x0000000257700000,0x0000000257800000)]
  0x000001ae420085b0 JavaThread "Signal Dispatcher" daemon [_thread_blocked, id=19920, stack(0x0000000257800000,0x0000000257900000)]
  0x000001ae42008f60 JavaThread "Attach Listener" daemon [_thread_blocked, id=8400, stack(0x0000000257900000,0x0000000257a00000)]
  0x000001ae4200b920 JavaThread "Service Thread" daemon [_thread_blocked, id=19076, stack(0x0000000257a00000,0x0000000257b00000)]
  0x000001ae4200c2d0 JavaThread "Monitor Deflation Thread" daemon [_thread_blocked, id=10100, stack(0x0000000257b00000,0x0000000257c00000)]
  0x000001ae4200ed40 JavaThread "C1 CompilerThread0" daemon [_thread_blocked, id=17944, stack(0x0000000257c00000,0x0000000257d00000)]
  0x000001ae4200f640 JavaThread "Sweeper thread" daemon [_thread_blocked, id=9316, stack(0x0000000257d00000,0x0000000257e00000)]
  0x000001ae42205c10 JavaThread "Notification Thread" daemon [_thread_blocked, id=2364, stack(0x0000000257e00000,0x0000000257f00000)]
  0x000001ae42221310 JavaThread "Common-Cleaner" daemon [_thread_blocked, id=16256, stack(0x0000000258000000,0x0000000258100000)]
  0x000001ae3550c5c0 JavaThread "C1 CompilerThread1" daemon [_thread_blocked, id=2992, stack(0x0000000258100000,0x0000000258200000)]
  0x000001ae42b50df0 JavaThread "C1 CompilerThread2" daemon [_thread_blocked, id=17552, stack(0x0000000258200000,0x0000000258300000)]
  0x000001ae429fcd70 JavaThread "C1 CompilerThread3" daemon [_thread_blocked, id=3668, stack(0x0000000258300000,0x0000000258400000)]
  0x000001ae43572050 JavaThread "boundedElastic-evictor-1" daemon [_thread_blocked, id=16064, stack(0x0000000258b00000,0x0000000258c00000)]
  0x000001ae4351aa60 JavaThread "pool-11-thread-1" [_thread_blocked, id=9692, stack(0x0000000258d00000,0x0000000258e00000)]
  0x000001ae436e3060 JavaThread "LanguageServerApp-lifecycle" [_thread_blocked, id=9424, stack(0x0000000258e00000,0x0000000258f00000)]
  0x000001ae3550b840 JavaThread "DestroyJavaVM" [_thread_blocked, id=18044, stack(0x0000000256f00000,0x0000000257000000)]
  0x000001ae4339c6d0 JavaThread "pool-12-thread-1" [_thread_in_native, id=9628, stack(0x0000000258f00000,0x0000000259000000)]
  0x000001ae4380a170 JavaThread "Simple-Language-Server main thread" daemon [_thread_blocked, id=11888, stack(0x0000000259000000,0x0000000259100000)]
  0x000001ae4382a860 JavaThread "pool-8-thread-1" [_thread_blocked, id=6736, stack(0x0000000259100000,0x0000000259200000)]
  0x000001ae438424b0 JavaThread "parallel-1" daemon [_thread_blocked, id=13156, stack(0x0000000259200000,0x0000000259300000)]
  0x000001ae4382b490 JavaThread "parallel-2" daemon [_thread_blocked, id=13008, stack(0x0000000259300000,0x0000000259400000)]
  0x000001ae43852ea0 JavaThread "parallel-3" daemon [_thread_blocked, id=9848, stack(0x0000000259400000,0x0000000259500000)]
  0x000001ae43850820 JavaThread "parallel-4" daemon [_thread_blocked, id=12588, stack(0x0000000259500000,0x0000000259600000)]
  0x000001ae4384fe80 JavaThread "ForkJoinPool.commonPool-worker-1" daemon [_thread_blocked, id=6648, stack(0x0000000259600000,0x0000000259700000)]
  0x000001ae43853370 JavaThread "pool-5-thread-1" [_thread_blocked, id=20108, stack(0x0000000259700000,0x0000000259800000)]
  0x000001ae43851690 JavaThread "parallel-5" daemon [_thread_blocked, id=19772, stack(0x0000000259800000,0x0000000259900000)]
  0x000001ae43850350 JavaThread "ClassGraph-worker-0" daemon [_thread_blocked, id=13120, stack(0x0000000259900000,0x0000000259a00000)]
  0x000001ae43850cf0 JavaThread "ClassGraph-worker-1" daemon [_thread_blocked, id=16700, stack(0x0000000259a00000,0x0000000259b00000)]
  0x000001ae43852500 JavaThread "ClassGraph-worker-2" daemon [_thread_blocked, id=2416, stack(0x0000000259b00000,0x0000000259c00000)]
  0x000001ae43852030 JavaThread "ClassGraph-worker-3" daemon [_thread_blocked, id=10428, stack(0x0000000259c00000,0x0000000259d00000)]
  0x000001ae438529d0 JavaThread "ClassGraph-worker-4" daemon [_thread_blocked, id=6068, stack(0x0000000259d00000,0x0000000259e00000)]
  0x000001ae438511c0 JavaThread "ClassGraph-worker-5" daemon [_thread_blocked, id=8152, stack(0x0000000259e00000,0x0000000259f00000)]
  0x000001ae43851b60 JavaThread "ClassGraph-worker-6" daemon [_thread_blocked, id=17296, stack(0x0000000259f00000,0x000000025a000000)]
  0x000001ae4384f9b0 JavaThread "ClassGraph-worker-7" daemon [_thread_blocked, id=17940, stack(0x000000025a000000,0x000000025a100000)]
  0x000001ae439475d0 JavaThread "ClassGraph-worker-8" daemon [_thread_blocked, id=18604, stack(0x000000025a100000,0x000000025a200000)]
  0x000001ae43946c30 JavaThread "ClassGraph-worker-9" daemon [_thread_blocked, id=11448, stack(0x000000025a200000,0x000000025a300000)]
  0x000001ae43949780 JavaThread "ClassGraph-worker-10" daemon [_thread_blocked, id=9504, stack(0x000000025a300000,0x000000025a400000)]
  0x000001ae4394c2d0 JavaThread "ClassGraph-worker-11" daemon [_thread_blocked, id=12780, stack(0x000000025a400000,0x000000025a500000)]
  0x000001ae43945dc0 JavaThread "ClassGraph-worker-12" daemon [_thread_blocked, id=12672, stack(0x000000025a500000,0x000000025a600000)]
  0x000001ae43948de0 JavaThread "ClassGraph-worker-13" daemon [_thread_blocked, id=10180, stack(0x000000025a600000,0x000000025a700000)]
  0x000001ae4394b930 JavaThread "Reconciler-1" daemon [_thread_blocked, id=19896, stack(0x000000025a700000,0x000000025a800000)]
  0x000001ae43946290 JavaThread "pool-6-thread-1" [_thread_blocked, id=14952, stack(0x000000025a900000,0x000000025aa00000)]
  0x000001ae43947aa0 JavaThread "pool-10-thread-1" [_thread_blocked, id=17112, stack(0x000000025aa00000,0x000000025ab00000)]
  0x000001ae4394cc70 JavaThread "parallel-6" daemon [_thread_blocked, id=15944, stack(0x000000025ab00000,0x000000025ac00000)]
  0x000001ae43949c50 JavaThread "parallel-7" daemon [_thread_blocked, id=3520, stack(0x000000025ac00000,0x000000025ad00000)]
  0x000001ae4394a5f0 JavaThread "ForkJoinPool.commonPool-worker-2" daemon [_thread_blocked, id=8304, stack(0x000000025ad00000,0x000000025ae00000)]
  0x000001ae4394aac0 JavaThread "pool-10-thread-2" [_thread_blocked, id=14328, stack(0x000000025ae00000,0x000000025af00000)]
  0x000001ae43948440 JavaThread "parallel-8" daemon [_thread_blocked, id=4640, stack(0x000000025af00000,0x000000025b000000)]
  0x000001ae43948910 JavaThread "Project-Reconciler-2" daemon [_thread_blocked, id=12792, stack(0x000000025b100000,0x000000025b200000)]
  0x000001ae4394af90 JavaThread "Project-Reconciler-1" daemon [_thread_blocked, id=5616, stack(0x000000025b200000,0x000000025b300000)]
  0x000001ae43946760 JavaThread "pool-10-thread-3" [_thread_blocked, id=5152, stack(0x000000025b300000,0x000000025b400000)]

Other Threads:
=>0x000001ae41582c50 VMThread "VM Thread" [stack: 0x0000000257500000,0x0000000257600000] [id=9816]
  0x000001ae3556ddc0 WatcherThread [stack: 0x0000000257f00000,0x0000000258000000] [id=10884]
  0x000001ae35557770 GCTaskThread "GC Thread#0" [stack: 0x0000000257000000,0x0000000257100000] [id=13608]
  0x000001ae42dcbe00 GCTaskThread "GC Thread#1" [stack: 0x0000000258400000,0x0000000258500000] [id=14892]
  0x000001ae42de0bb0 GCTaskThread "GC Thread#2" [stack: 0x0000000258500000,0x0000000258600000] [id=18776]
  0x000001ae42de0e60 GCTaskThread "GC Thread#3" [stack: 0x0000000258600000,0x0000000258700000] [id=11232]
  0x000001ae42de1520 GCTaskThread "GC Thread#4" [stack: 0x0000000258700000,0x0000000258800000] [id=7784]
  0x000001ae42de1be0 GCTaskThread "GC Thread#5" [stack: 0x0000000258800000,0x0000000258900000] [id=11920]
  0x000001ae42ffa100 GCTaskThread "GC Thread#6" [stack: 0x0000000258900000,0x0000000258a00000] [id=1740]
  0x000001ae42ffa3b0 GCTaskThread "GC Thread#7" [stack: 0x0000000258a00000,0x0000000258b00000] [id=12524]
  0x000001ae35564650 ConcurrentGCThread "G1 Main Marker" [stack: 0x0000000257100000,0x0000000257200000] [id=9612]
  0x000001ae35565060 ConcurrentGCThread "G1 Conc#0" [stack: 0x0000000257200000,0x0000000257300000] [id=16948]
  0x000001ae4321f710 ConcurrentGCThread "G1 Conc#1" [stack: 0x0000000258c00000,0x0000000258d00000] [id=16396]
  0x000001ae413f20a0 ConcurrentGCThread "G1 Refine#0" [stack: 0x0000000257300000,0x0000000257400000] [id=13852]
  0x000001ae43997c20 ConcurrentGCThread "G1 Refine#1" [stack: 0x000000025a800000,0x000000025a900000] [id=20024]
  0x000001ae460f9410 ConcurrentGCThread "G1 Refine#2" [stack: 0x000000025b000000,0x000000025b100000] [id=18452]
  0x000001ae413f29d0 ConcurrentGCThread "G1 Service" [stack: 0x0000000257400000,0x0000000257500000] [id=7704]

Threads with active compile tasks:

VM state: at safepoint (normal execution)

VM Mutex/Monitor currently owned by a thread:  ([mutex/lock_event])
[0x000001ae332f0990] Threads_lock - owner thread: 0x000001ae41582c50
[0x000001ae354fc250] Heap_lock - owner thread: 0x000001ae438511c0

Heap address: 0x00000000a0e00000, size: 1522 MB, Compressed Oops mode: 32-bit

CDS archive(s) not mapped
Compressed class space mapped at: 0x0000000100000000-0x0000000140000000, reserved size: 1073741824
Narrow klass base: 0x0000000000000000, Narrow klass shift: 3, Narrow klass range: 0x140000000

GC Precious Log:
 CPUs: 8 total, 8 available
 Memory: 6080M
 Large Page Support: Disabled
 NUMA Support: Disabled
 Compressed Oops: Enabled (32-bit)
 Heap Region Size: 1M
 Heap Min Capacity: 8M
 Heap Initial Capacity: 96M
 Heap Max Capacity: 1522M
 Pre-touch: Disabled
 Parallel Workers: 8
 Concurrent Workers: 2
 Concurrent Refinement Workers: 8
 Periodic GC: Disabled

Heap:
 garbage-first heap   total 308224K, used 100954K [0x00000000a0e00000, 0x0000000100000000)
  region size 1024K, 12 young (12288K), 12 survivors (12288K)
 Metaspace       used 41086K, committed 41408K, reserved 1089536K
  class space    used 5116K, committed 5248K, reserved 1048576K

Heap Regions: E=young(eden), S=young(survivor), O=old, HS=humongous(starts), HC=humongous(continues), CS=collection set, F=free, OA=open archive, CA=closed archive, TAMS=top-at-mark-start (previous, next)
|   0|0x00000000a0e00000, 0x00000000a0f00000, 0x00000000a0f00000|100%| O|  |TAMS 0x00000000a0f00000, 0x00000000a0f00000| Untracked 
|   1|0x00000000a0f00000, 0x00000000a1000000, 0x00000000a1000000|100%| O|  |TAMS 0x00000000a1000000, 0x00000000a1000000| Untracked 
|   2|0x00000000a1000000, 0x00000000a1100000, 0x00000000a1100000|100%| O|  |TAMS 0x00000000a1100000, 0x00000000a1100000| Untracked 
|   3|0x00000000a1100000, 0x00000000a1200000, 0x00000000a1200000|100%| O|  |TAMS 0x00000000a1200000, 0x00000000a1200000| Untracked 
|   4|0x00000000a1200000, 0x00000000a1300000, 0x00000000a1300000|100%| O|  |TAMS 0x00000000a1300000, 0x00000000a1300000| Untracked 
|   5|0x00000000a1300000, 0x00000000a1400000, 0x00000000a1400000|100%| O|  |TAMS 0x00000000a1400000, 0x00000000a1400000| Untracked 
|   6|0x00000000a1400000, 0x00000000a1500000, 0x00000000a1500000|100%| O|  |TAMS 0x00000000a1500000, 0x00000000a1500000| Untracked 
|   7|0x00000000a1500000, 0x00000000a1600000, 0x00000000a1600000|100%| O|  |TAMS 0x00000000a1600000, 0x00000000a1600000| Untracked 
|   8|0x00000000a1600000, 0x00000000a1700000, 0x00000000a1700000|100%| O|  |TAMS 0x00000000a1600000, 0x00000000a1700000| Untracked 
|   9|0x00000000a1700000, 0x00000000a1800000, 0x00000000a1800000|100%| O|  |TAMS 0x00000000a1800000, 0x00000000a1800000| Untracked 
|  10|0x00000000a1800000, 0x00000000a1900000, 0x00000000a1900000|100%| O|  |TAMS 0x00000000a1900000, 0x00000000a1900000| Untracked 
|  11|0x00000000a1900000, 0x00000000a1a00000, 0x00000000a1a00000|100%| O|  |TAMS 0x00000000a1a00000, 0x00000000a1a00000| Untracked 
|  12|0x00000000a1a00000, 0x00000000a1b00000, 0x00000000a1b00000|100%| O|  |TAMS 0x00000000a1a00000, 0x00000000a1b00000| Untracked 
|  13|0x00000000a1b00000, 0x00000000a1c00000, 0x00000000a1c00000|100%| O|  |TAMS 0x00000000a1c00000, 0x00000000a1c00000| Untracked 
|  14|0x00000000a1c00000, 0x00000000a1d00000, 0x00000000a1d00000|100%| O|  |TAMS 0x00000000a1d00000, 0x00000000a1d00000| Untracked 
|  15|0x00000000a1d00000, 0x00000000a1e00000, 0x00000000a1e00000|100%| O|  |TAMS 0x00000000a1e00000, 0x00000000a1e00000| Untracked 
|  16|0x00000000a1e00000, 0x00000000a1f00000, 0x00000000a1f00000|100%| O|  |TAMS 0x00000000a1f00000, 0x00000000a1f00000| Untracked 
|  17|0x00000000a1f00000, 0x00000000a2000000, 0x00000000a2000000|100%| O|  |TAMS 0x00000000a2000000, 0x00000000a2000000| Untracked 
|  18|0x00000000a2000000, 0x00000000a2100000, 0x00000000a2100000|100%| O|  |TAMS 0x00000000a2100000, 0x00000000a2100000| Untracked 
|  19|0x00000000a2100000, 0x00000000a2200000, 0x00000000a2200000|100%| O|  |TAMS 0x00000000a2200000, 0x00000000a2200000| Untracked 
|  20|0x00000000a2200000, 0x00000000a2300000, 0x00000000a2300000|100%| O|  |TAMS 0x00000000a2300000, 0x00000000a2300000| Untracked 
|  21|0x00000000a2300000, 0x00000000a2400000, 0x00000000a2400000|100%| O|  |TAMS 0x00000000a2400000, 0x00000000a2400000| Untracked 
|  22|0x00000000a2400000, 0x00000000a2500000, 0x00000000a2500000|100%| O|  |TAMS 0x00000000a2497600, 0x00000000a2500000| Untracked 
|  23|0x00000000a2500000, 0x00000000a2600000, 0x00000000a2600000|100%| O|  |TAMS 0x00000000a2500000, 0x00000000a2600000| Untracked 
|  24|0x00000000a2600000, 0x00000000a2700000, 0x00000000a2700000|100%| O|  |TAMS 0x00000000a2600000, 0x00000000a2700000| Untracked 
|  25|0x00000000a2700000, 0x00000000a2800000, 0x00000000a2800000|100%| O|  |TAMS 0x00000000a2700000, 0x00000000a2800000| Untracked 
|  26|0x00000000a2800000, 0x00000000a2900000, 0x00000000a2900000|100%| O|  |TAMS 0x00000000a2800000, 0x00000000a2900000| Untracked 
|  27|0x00000000a2900000, 0x00000000a2a00000, 0x00000000a2a00000|100%| O|  |TAMS 0x00000000a2900000, 0x00000000a2a00000| Untracked 
|  28|0x00000000a2a00000, 0x00000000a2b00000, 0x00000000a2b00000|100%| O|  |TAMS 0x00000000a2a00000, 0x00000000a2b00000| Untracked 
|  29|0x00000000a2b00000, 0x00000000a2c00000, 0x00000000a2c00000|100%| O|  |TAMS 0x00000000a2b00000, 0x00000000a2c00000| Untracked 
|  30|0x00000000a2c00000, 0x00000000a2d00000, 0x00000000a2d00000|100%| O|  |TAMS 0x00000000a2c00000, 0x00000000a2d00000| Untracked 
|  31|0x00000000a2d00000, 0x00000000a2e00000, 0x00000000a2e00000|100%| O|  |TAMS 0x00000000a2d00000, 0x00000000a2e00000| Untracked 
|  32|0x00000000a2e00000, 0x00000000a2f00000, 0x00000000a2f00000|100%| O|  |TAMS 0x00000000a2e00000, 0x00000000a2f00000| Untracked 
|  33|0x00000000a2f00000, 0x00000000a3000000, 0x00000000a3000000|100%| O|  |TAMS 0x00000000a2f00000, 0x00000000a3000000| Untracked 
|  34|0x00000000a3000000, 0x00000000a3100000, 0x00000000a3100000|100%| O|  |TAMS 0x00000000a3000000, 0x00000000a3100000| Untracked 
|  35|0x00000000a3100000, 0x00000000a3200000, 0x00000000a3200000|100%| O|  |TAMS 0x00000000a3100000, 0x00000000a3200000| Untracked 
|  36|0x00000000a3200000, 0x00000000a3300000, 0x00000000a3300000|100%| O|  |TAMS 0x00000000a3200000, 0x00000000a3300000| Untracked 
|  37|0x00000000a3300000, 0x00000000a3400000, 0x00000000a3400000|100%| O|  |TAMS 0x00000000a3300000, 0x00000000a3400000| Untracked 
|  38|0x00000000a3400000, 0x00000000a3500000, 0x00000000a3500000|100%| O|  |TAMS 0x00000000a3400000, 0x00000000a3500000| Untracked 
|  39|0x00000000a3500000, 0x00000000a3600000, 0x00000000a3600000|100%| O|  |TAMS 0x00000000a3500000, 0x00000000a3600000| Untracked 
|  40|0x00000000a3600000, 0x00000000a3700000, 0x00000000a3700000|100%| O|  |TAMS 0x00000000a3600000, 0x00000000a3700000| Untracked 
|  41|0x00000000a3700000, 0x00000000a3800000, 0x00000000a3800000|100%| O|  |TAMS 0x00000000a3700000, 0x00000000a3800000| Untracked 
|  42|0x00000000a3800000, 0x00000000a3900000, 0x00000000a3900000|100%| O|  |TAMS 0x00000000a3800000, 0x00000000a3900000| Untracked 
|  43|0x00000000a3900000, 0x00000000a3a00000, 0x00000000a3a00000|100%| O|  |TAMS 0x00000000a3900000, 0x00000000a3a00000| Untracked 
|  44|0x00000000a3a00000, 0x00000000a3b00000, 0x00000000a3b00000|100%| O|  |TAMS 0x00000000a3a00000, 0x00000000a3b00000| Untracked 
|  45|0x00000000a3b00000, 0x00000000a3c00000, 0x00000000a3c00000|100%| O|  |TAMS 0x00000000a3b00000, 0x00000000a3c00000| Untracked 
|  46|0x00000000a3c00000, 0x00000000a3d00000, 0x00000000a3d00000|100%| O|  |TAMS 0x00000000a3c00000, 0x00000000a3d00000| Untracked 
|  47|0x00000000a3d00000, 0x00000000a3e00000, 0x00000000a3e00000|100%| O|  |TAMS 0x00000000a3d00000, 0x00000000a3dc5800| Untracked 
|  48|0x00000000a3e00000, 0x00000000a3f00000, 0x00000000a3f00000|100%| O|  |TAMS 0x00000000a3e00000, 0x00000000a3e00000| Untracked 
|  49|0x00000000a3f00000, 0x00000000a4000000, 0x00000000a4000000|100%| O|  |TAMS 0x00000000a3f00000, 0x00000000a3f00000| Untracked 
|  50|0x00000000a4000000, 0x00000000a4100000, 0x00000000a4100000|100%| O|  |TAMS 0x00000000a4000000, 0x00000000a4000000| Untracked 
|  51|0x00000000a4100000, 0x00000000a4200000, 0x00000000a4200000|100%| O|  |TAMS 0x00000000a4100000, 0x00000000a4100000| Untracked 
|  52|0x00000000a4200000, 0x00000000a4300000, 0x00000000a4300000|100%| O|  |TAMS 0x00000000a4200000, 0x00000000a4200000| Untracked 
|  53|0x00000000a4300000, 0x00000000a4400000, 0x00000000a4400000|100%|HS|  |TAMS 0x00000000a4300000, 0x00000000a4300000| Complete 
|  54|0x00000000a4400000, 0x00000000a4500000, 0x00000000a4500000|100%|HS|  |TAMS 0x00000000a4400000, 0x00000000a4400000| Complete 
|  55|0x00000000a4500000, 0x00000000a4600000, 0x00000000a4600000|100%|HS|  |TAMS 0x00000000a4500000, 0x00000000a4500000| Complete 
|  56|0x00000000a4600000, 0x00000000a4700000, 0x00000000a4700000|100%| O|  |TAMS 0x00000000a4600000, 0x00000000a4600000| Untracked 
|  57|0x00000000a4700000, 0x00000000a4800000, 0x00000000a4800000|100%| O|  |TAMS 0x00000000a4700000, 0x00000000a4700000| Untracked 
|  58|0x00000000a4800000, 0x00000000a4900000, 0x00000000a4900000|100%| O|  |TAMS 0x00000000a4800000, 0x00000000a4800000| Untracked 
|  59|0x00000000a4900000, 0x00000000a4a00000, 0x00000000a4a00000|100%| O|  |TAMS 0x00000000a4900000, 0x00000000a4900000| Untracked 
|  60|0x00000000a4a00000, 0x00000000a4b00000, 0x00000000a4b00000|100%| O|  |TAMS 0x00000000a4a00000, 0x00000000a4a00000| Untracked 
|  61|0x00000000a4b00000, 0x00000000a4c00000, 0x00000000a4c00000|100%| O|  |TAMS 0x00000000a4b00000, 0x00000000a4b00000| Untracked 
|  62|0x00000000a4c00000, 0x00000000a4d00000, 0x00000000a4d00000|100%| O|  |TAMS 0x00000000a4c00000, 0x00000000a4c00000| Untracked 
|  63|0x00000000a4d00000, 0x00000000a4e00000, 0x00000000a4e00000|100%| O|  |TAMS 0x00000000a4d00000, 0x00000000a4d00000| Untracked 
|  64|0x00000000a4e00000, 0x00000000a4f00000, 0x00000000a4f00000|100%| O|  |TAMS 0x00000000a4e00000, 0x00000000a4e00000| Untracked 
|  65|0x00000000a4f00000, 0x00000000a5000000, 0x00000000a5000000|100%| O|  |TAMS 0x00000000a4f00000, 0x00000000a4f00000| Untracked 
|  66|0x00000000a5000000, 0x00000000a5100000, 0x00000000a5100000|100%| O|  |TAMS 0x00000000a5000000, 0x00000000a5000000| Untracked 
|  67|0x00000000a5100000, 0x00000000a5200000, 0x00000000a5200000|100%| O|  |TAMS 0x00000000a5100000, 0x00000000a5100000| Untracked 
|  68|0x00000000a5200000, 0x00000000a5300000, 0x00000000a5300000|100%| O|  |TAMS 0x00000000a5200000, 0x00000000a5200000| Untracked 
|  69|0x00000000a5300000, 0x00000000a5400000, 0x00000000a5400000|100%| O|  |TAMS 0x00000000a5300000, 0x00000000a5300000| Untracked 
|  70|0x00000000a5400000, 0x00000000a5500000, 0x00000000a5500000|100%| O|  |TAMS 0x00000000a5400000, 0x00000000a5400000| Untracked 
|  71|0x00000000a5500000, 0x00000000a5600000, 0x00000000a5600000|100%| O|  |TAMS 0x00000000a5500000, 0x00000000a5500000| Untracked 
|  72|0x00000000a5600000, 0x00000000a5700000, 0x00000000a5700000|100%| O|  |TAMS 0x00000000a5600000, 0x00000000a5600000| Untracked 
|  73|0x00000000a5700000, 0x00000000a5800000, 0x00000000a5800000|100%| O|  |TAMS 0x00000000a5700000, 0x00000000a5700000| Untracked 
|  74|0x00000000a5800000, 0x00000000a5900000, 0x00000000a5900000|100%| O|  |TAMS 0x00000000a5800000, 0x00000000a5800000| Untracked 
|  75|0x00000000a5900000, 0x00000000a5a00000, 0x00000000a5a00000|100%| O|  |TAMS 0x00000000a5900000, 0x00000000a5900000| Untracked 
|  76|0x00000000a5a00000, 0x00000000a5b00000, 0x00000000a5b00000|100%| O|  |TAMS 0x00000000a5a00000, 0x00000000a5a00000| Untracked 
|  77|0x00000000a5b00000, 0x00000000a5c00000, 0x00000000a5c00000|100%| O|  |TAMS 0x00000000a5b00000, 0x00000000a5b00000| Untracked 
|  78|0x00000000a5c00000, 0x00000000a5d00000, 0x00000000a5d00000|100%| O|  |TAMS 0x00000000a5c00000, 0x00000000a5c00000| Untracked 
|  79|0x00000000a5d00000, 0x00000000a5e00000, 0x00000000a5e00000|100%| O|  |TAMS 0x00000000a5d00000, 0x00000000a5d00000| Untracked 
|  80|0x00000000a5e00000, 0x00000000a5f00000, 0x00000000a5f00000|100%| O|  |TAMS 0x00000000a5e00000, 0x00000000a5e00000| Untracked 
|  81|0x00000000a5f00000, 0x00000000a6000000, 0x00000000a6000000|100%| O|  |TAMS 0x00000000a5f00000, 0x00000000a5f00000| Untracked 
|  82|0x00000000a6000000, 0x00000000a6100000, 0x00000000a6100000|100%| O|  |TAMS 0x00000000a6000000, 0x00000000a6000000| Untracked 
|  83|0x00000000a6100000, 0x00000000a6200000, 0x00000000a6200000|100%| O|  |TAMS 0x00000000a6100000, 0x00000000a6100000| Untracked 
|  84|0x00000000a6200000, 0x00000000a6300000, 0x00000000a6300000|100%| O|  |TAMS 0x00000000a6200000, 0x00000000a6200000| Untracked 
|  85|0x00000000a6300000, 0x00000000a6400000, 0x00000000a6400000|100%| O|  |TAMS 0x00000000a6300000, 0x00000000a6300000| Untracked 
|  86|0x00000000a6400000, 0x00000000a64a1c00, 0x00000000a6500000| 63%| O|  |TAMS 0x00000000a6400000, 0x00000000a6400000| Untracked 
|  87|0x00000000a6500000, 0x00000000a6500000, 0x00000000a6600000|  0%| F|  |TAMS 0x00000000a6500000, 0x00000000a6500000| Untracked 
|  88|0x00000000a6600000, 0x00000000a6600000, 0x00000000a6700000|  0%| F|  |TAMS 0x00000000a6600000, 0x00000000a6600000| Untracked 
|  89|0x00000000a6700000, 0x00000000a6700000, 0x00000000a6800000|  0%| F|  |TAMS 0x00000000a6700000, 0x00000000a6700000| Untracked 
|  90|0x00000000a6800000, 0x00000000a6800000, 0x00000000a6900000|  0%| F|  |TAMS 0x00000000a6800000, 0x00000000a6800000| Untracked 
|  91|0x00000000a6900000, 0x00000000a6900000, 0x00000000a6a00000|  0%| F|  |TAMS 0x00000000a6900000, 0x00000000a6900000| Untracked 
|  92|0x00000000a6a00000, 0x00000000a6a00000, 0x00000000a6b00000|  0%| F|  |TAMS 0x00000000a6a00000, 0x00000000a6a00000| Untracked 
|  93|0x00000000a6b00000, 0x00000000a6b00000, 0x00000000a6c00000|  0%| F|  |TAMS 0x00000000a6b00000, 0x00000000a6b00000| Untracked 
|  94|0x00000000a6c00000, 0x00000000a6c00000, 0x00000000a6d00000|  0%| F|  |TAMS 0x00000000a6c00000, 0x00000000a6c00000| Untracked 
|  95|0x00000000a6d00000, 0x00000000a6d00000, 0x00000000a6e00000|  0%| F|  |TAMS 0x00000000a6d00000, 0x00000000a6d00000| Untracked 
|  96|0x00000000a6e00000, 0x00000000a6e00000, 0x00000000a6f00000|  0%| F|  |TAMS 0x00000000a6e00000, 0x00000000a6e00000| Untracked 
|  97|0x00000000a6f00000, 0x00000000a6f00000, 0x00000000a7000000|  0%| F|  |TAMS 0x00000000a6f00000, 0x00000000a6f00000| Untracked 
|  98|0x00000000a7000000, 0x00000000a7000000, 0x00000000a7100000|  0%| F|  |TAMS 0x00000000a7000000, 0x00000000a7000000| Untracked 
|  99|0x00000000a7100000, 0x00000000a7100000, 0x00000000a7200000|  0%| F|  |TAMS 0x00000000a7100000, 0x00000000a7100000| Untracked 
| 100|0x00000000a7200000, 0x00000000a7200000, 0x00000000a7300000|  0%| F|  |TAMS 0x00000000a7200000, 0x00000000a7200000| Untracked 
| 101|0x00000000a7300000, 0x00000000a7300000, 0x00000000a7400000|  0%| F|  |TAMS 0x00000000a7300000, 0x00000000a7300000| Untracked 
| 102|0x00000000a7400000, 0x00000000a7400000, 0x00000000a7500000|  0%| F|  |TAMS 0x00000000a7400000, 0x00000000a7400000| Untracked 
| 103|0x00000000a7500000, 0x00000000a7500000, 0x00000000a7600000|  0%| F|  |TAMS 0x00000000a7500000, 0x00000000a7500000| Untracked 
| 104|0x00000000a7600000, 0x00000000a7600000, 0x00000000a7700000|  0%| F|  |TAMS 0x00000000a7600000, 0x00000000a7600000| Untracked 
| 105|0x00000000a7700000, 0x00000000a7700000, 0x00000000a7800000|  0%| F|  |TAMS 0x00000000a7700000, 0x00000000a7700000| Untracked 
| 106|0x00000000a7800000, 0x00000000a7800000, 0x00000000a7900000|  0%| F|  |TAMS 0x00000000a7800000, 0x00000000a7800000| Untracked 
| 107|0x00000000a7900000, 0x00000000a7900000, 0x00000000a7a00000|  0%| F|  |TAMS 0x00000000a7900000, 0x00000000a7900000| Untracked 
| 108|0x00000000a7a00000, 0x00000000a7a00000, 0x00000000a7b00000|  0%| F|  |TAMS 0x00000000a7a00000, 0x00000000a7a00000| Untracked 
| 109|0x00000000a7b00000, 0x00000000a7b00000, 0x00000000a7c00000|  0%| F|  |TAMS 0x00000000a7b00000, 0x00000000a7b00000| Untracked 
| 110|0x00000000a7c00000, 0x00000000a7c00000, 0x00000000a7d00000|  0%| F|  |TAMS 0x00000000a7c00000, 0x00000000a7c00000| Untracked 
| 111|0x00000000a7d00000, 0x00000000a7d00000, 0x00000000a7e00000|  0%| F|  |TAMS 0x00000000a7d00000, 0x00000000a7d00000| Untracked 
| 112|0x00000000a7e00000, 0x00000000a7e00000, 0x00000000a7f00000|  0%| F|  |TAMS 0x00000000a7e00000, 0x00000000a7e00000| Untracked 
| 113|0x00000000a7f00000, 0x00000000a7f00000, 0x00000000a8000000|  0%| F|  |TAMS 0x00000000a7f00000, 0x00000000a7f00000| Untracked 
| 114|0x00000000a8000000, 0x00000000a8000000, 0x00000000a8100000|  0%| F|  |TAMS 0x00000000a8000000, 0x00000000a8000000| Untracked 
| 115|0x00000000a8100000, 0x00000000a8100000, 0x00000000a8200000|  0%| F|  |TAMS 0x00000000a8100000, 0x00000000a8100000| Untracked 
| 116|0x00000000a8200000, 0x00000000a8200000, 0x00000000a8300000|  0%| F|  |TAMS 0x00000000a8200000, 0x00000000a8200000| Untracked 
| 117|0x00000000a8300000, 0x00000000a8300000, 0x00000000a8400000|  0%| F|  |TAMS 0x00000000a8300000, 0x00000000a8300000| Untracked 
| 118|0x00000000a8400000, 0x00000000a8400000, 0x00000000a8500000|  0%| F|  |TAMS 0x00000000a8400000, 0x00000000a8400000| Untracked 
| 119|0x00000000a8500000, 0x00000000a8500000, 0x00000000a8600000|  0%| F|  |TAMS 0x00000000a8500000, 0x00000000a8500000| Untracked 
| 120|0x00000000a8600000, 0x00000000a8600000, 0x00000000a8700000|  0%| F|  |TAMS 0x00000000a8600000, 0x00000000a8600000| Untracked 
| 121|0x00000000a8700000, 0x00000000a8700000, 0x00000000a8800000|  0%| F|  |TAMS 0x00000000a8700000, 0x00000000a8700000| Untracked 
| 122|0x00000000a8800000, 0x00000000a8800000, 0x00000000a8900000|  0%| F|  |TAMS 0x00000000a8800000, 0x00000000a8800000| Untracked 
| 123|0x00000000a8900000, 0x00000000a8900000, 0x00000000a8a00000|  0%| F|  |TAMS 0x00000000a8900000, 0x00000000a8900000| Untracked 
| 124|0x00000000a8a00000, 0x00000000a8a00000, 0x00000000a8b00000|  0%| F|  |TAMS 0x00000000a8a00000, 0x00000000a8a00000| Untracked 
| 125|0x00000000a8b00000, 0x00000000a8b00000, 0x00000000a8c00000|  0%| F|  |TAMS 0x00000000a8b00000, 0x00000000a8b00000| Untracked 
| 126|0x00000000a8c00000, 0x00000000a8c00000, 0x00000000a8d00000|  0%| F|  |TAMS 0x00000000a8c00000, 0x00000000a8c00000| Untracked 
| 127|0x00000000a8d00000, 0x00000000a8d00000, 0x00000000a8e00000|  0%| F|  |TAMS 0x00000000a8d00000, 0x00000000a8d00000| Untracked 
| 128|0x00000000a8e00000, 0x00000000a8e00000, 0x00000000a8f00000|  0%| F|  |TAMS 0x00000000a8e00000, 0x00000000a8e00000| Untracked 
| 129|0x00000000a8f00000, 0x00000000a8f00000, 0x00000000a9000000|  0%| F|  |TAMS 0x00000000a8f00000, 0x00000000a8f00000| Untracked 
| 130|0x00000000a9000000, 0x00000000a9000000, 0x00000000a9100000|  0%| F|  |TAMS 0x00000000a9000000, 0x00000000a9000000| Untracked 
| 131|0x00000000a9100000, 0x00000000a9100000, 0x00000000a9200000|  0%| F|  |TAMS 0x00000000a9100000, 0x00000000a9100000| Untracked 
| 132|0x00000000a9200000, 0x00000000a9200000, 0x00000000a9300000|  0%| F|  |TAMS 0x00000000a9200000, 0x00000000a9200000| Untracked 
| 133|0x00000000a9300000, 0x00000000a9300000, 0x00000000a9400000|  0%| F|  |TAMS 0x00000000a9300000, 0x00000000a9300000| Untracked 
| 134|0x00000000a9400000, 0x00000000a9400000, 0x00000000a9500000|  0%| F|  |TAMS 0x00000000a9400000, 0x00000000a9400000| Untracked 
| 135|0x00000000a9500000, 0x00000000a9500000, 0x00000000a9600000|  0%| F|  |TAMS 0x00000000a9500000, 0x00000000a9500000| Untracked 
| 136|0x00000000a9600000, 0x00000000a9600000, 0x00000000a9700000|  0%| F|  |TAMS 0x00000000a9600000, 0x00000000a9600000| Untracked 
| 137|0x00000000a9700000, 0x00000000a9700000, 0x00000000a9800000|  0%| F|  |TAMS 0x00000000a9700000, 0x00000000a9700000| Untracked 
| 138|0x00000000a9800000, 0x00000000a98f4e20, 0x00000000a9900000| 95%| S|CS|TAMS 0x00000000a9800000, 0x00000000a9800000| Complete 
| 139|0x00000000a9900000, 0x00000000a9a00000, 0x00000000a9a00000|100%| S|CS|TAMS 0x00000000a9900000, 0x00000000a9900000| Complete 
| 140|0x00000000a9a00000, 0x00000000a9b00000, 0x00000000a9b00000|100%| S|CS|TAMS 0x00000000a9a00000, 0x00000000a9a00000| Complete 
| 141|0x00000000a9b00000, 0x00000000a9c00000, 0x00000000a9c00000|100%| S|CS|TAMS 0x00000000a9b00000, 0x00000000a9b00000| Complete 
| 142|0x00000000a9c00000, 0x00000000a9d00000, 0x00000000a9d00000|100%| S|CS|TAMS 0x00000000a9c00000, 0x00000000a9c00000| Complete 
| 143|0x00000000a9d00000, 0x00000000a9e00000, 0x00000000a9e00000|100%| S|CS|TAMS 0x00000000a9d00000, 0x00000000a9d00000| Complete 
| 144|0x00000000a9e00000, 0x00000000a9f00000, 0x00000000a9f00000|100%| S|CS|TAMS 0x00000000a9e00000, 0x00000000a9e00000| Complete 
| 145|0x00000000a9f00000, 0x00000000a9f00000, 0x00000000aa000000|  0%| F|  |TAMS 0x00000000a9f00000, 0x00000000a9f00000| Untracked 
| 146|0x00000000aa000000, 0x00000000aa000000, 0x00000000aa100000|  0%| F|  |TAMS 0x00000000aa000000, 0x00000000aa000000| Untracked 
| 147|0x00000000aa100000, 0x00000000aa100000, 0x00000000aa200000|  0%| F|  |TAMS 0x00000000aa100000, 0x00000000aa100000| Untracked 
| 148|0x00000000aa200000, 0x00000000aa200000, 0x00000000aa300000|  0%| F|  |TAMS 0x00000000aa200000, 0x00000000aa200000| Untracked 
| 149|0x00000000aa300000, 0x00000000aa300000, 0x00000000aa400000|  0%| F|  |TAMS 0x00000000aa300000, 0x00000000aa300000| Untracked 
| 150|0x00000000aa400000, 0x00000000aa400000, 0x00000000aa500000|  0%| F|  |TAMS 0x00000000aa400000, 0x00000000aa400000| Untracked 
| 151|0x00000000aa500000, 0x00000000aa500000, 0x00000000aa600000|  0%| F|  |TAMS 0x00000000aa500000, 0x00000000aa500000| Untracked 
| 152|0x00000000aa600000, 0x00000000aa600000, 0x00000000aa700000|  0%| F|  |TAMS 0x00000000aa600000, 0x00000000aa600000| Untracked 
| 153|0x00000000aa700000, 0x00000000aa700000, 0x00000000aa800000|  0%| F|  |TAMS 0x00000000aa700000, 0x00000000aa700000| Untracked 
| 154|0x00000000aa800000, 0x00000000aa800000, 0x00000000aa900000|  0%| F|  |TAMS 0x00000000aa800000, 0x00000000aa800000| Untracked 
| 155|0x00000000aa900000, 0x00000000aa900000, 0x00000000aaa00000|  0%| F|  |TAMS 0x00000000aa900000, 0x00000000aa900000| Untracked 
| 156|0x00000000aaa00000, 0x00000000aaa00000, 0x00000000aab00000|  0%| F|  |TAMS 0x00000000aaa00000, 0x00000000aaa00000| Untracked 
| 157|0x00000000aab00000, 0x00000000aac00000, 0x00000000aac00000|100%| S|CS|TAMS 0x00000000aab00000, 0x00000000aab00000| Complete 
| 158|0x00000000aac00000, 0x00000000aad00000, 0x00000000aad00000|100%| S|CS|TAMS 0x00000000aac00000, 0x00000000aac00000| Complete 
| 159|0x00000000aad00000, 0x00000000aae00000, 0x00000000aae00000|100%| S|CS|TAMS 0x00000000aad00000, 0x00000000aad00000| Complete 
| 160|0x00000000aae00000, 0x00000000aaf00000, 0x00000000aaf00000|100%| S|CS|TAMS 0x00000000aae00000, 0x00000000aae00000| Complete 
| 161|0x00000000aaf00000, 0x00000000ab000000, 0x00000000ab000000|100%| S|CS|TAMS 0x00000000aaf00000, 0x00000000aaf00000| Complete 
| 162|0x00000000ab000000, 0x00000000ab000000, 0x00000000ab100000|  0%| F|  |TAMS 0x00000000ab000000, 0x00000000ab000000| Untracked 
| 163|0x00000000ab100000, 0x00000000ab100000, 0x00000000ab200000|  0%| F|  |TAMS 0x00000000ab100000, 0x00000000ab100000| Untracked 
| 164|0x00000000ab200000, 0x00000000ab200000, 0x00000000ab300000|  0%| F|  |TAMS 0x00000000ab200000, 0x00000000ab200000| Untracked 
| 165|0x00000000ab300000, 0x00000000ab300000, 0x00000000ab400000|  0%| F|  |TAMS 0x00000000ab300000, 0x00000000ab300000| Untracked 
| 166|0x00000000ab400000, 0x00000000ab400000, 0x00000000ab500000|  0%| F|  |TAMS 0x00000000ab400000, 0x00000000ab400000| Untracked 
| 167|0x00000000ab500000, 0x00000000ab500000, 0x00000000ab600000|  0%| F|  |TAMS 0x00000000ab500000, 0x00000000ab500000| Untracked 
| 168|0x00000000ab600000, 0x00000000ab600000, 0x00000000ab700000|  0%| F|  |TAMS 0x00000000ab600000, 0x00000000ab600000| Untracked 
| 169|0x00000000ab700000, 0x00000000ab700000, 0x00000000ab800000|  0%| F|  |TAMS 0x00000000ab700000, 0x00000000ab700000| Untracked 
| 170|0x00000000ab800000, 0x00000000ab800000, 0x00000000ab900000|  0%| F|  |TAMS 0x00000000ab800000, 0x00000000ab800000| Untracked 
| 171|0x00000000ab900000, 0x00000000ab900000, 0x00000000aba00000|  0%| F|  |TAMS 0x00000000ab900000, 0x00000000ab900000| Untracked 
| 172|0x00000000aba00000, 0x00000000aba00000, 0x00000000abb00000|  0%| F|  |TAMS 0x00000000aba00000, 0x00000000aba00000| Untracked 
| 173|0x00000000abb00000, 0x00000000abb00000, 0x00000000abc00000|  0%| F|  |TAMS 0x00000000abb00000, 0x00000000abb00000| Untracked 
| 174|0x00000000abc00000, 0x00000000abc00000, 0x00000000abd00000|  0%| F|  |TAMS 0x00000000abc00000, 0x00000000abc00000| Untracked 
| 175|0x00000000abd00000, 0x00000000abd00000, 0x00000000abe00000|  0%| F|  |TAMS 0x00000000abd00000, 0x00000000abd00000| Untracked 
| 176|0x00000000abe00000, 0x00000000abe00000, 0x00000000abf00000|  0%| F|  |TAMS 0x00000000abe00000, 0x00000000abe00000| Untracked 
| 177|0x00000000abf00000, 0x00000000abf00000, 0x00000000ac000000|  0%| F|  |TAMS 0x00000000abf00000, 0x00000000abf00000| Untracked 
| 178|0x00000000ac000000, 0x00000000ac000000, 0x00000000ac100000|  0%| F|  |TAMS 0x00000000ac000000, 0x00000000ac000000| Untracked 
| 179|0x00000000ac100000, 0x00000000ac100000, 0x00000000ac200000|  0%| F|  |TAMS 0x00000000ac100000, 0x00000000ac100000| Untracked 
| 180|0x00000000ac200000, 0x00000000ac200000, 0x00000000ac300000|  0%| F|  |TAMS 0x00000000ac200000, 0x00000000ac200000| Untracked 
| 181|0x00000000ac300000, 0x00000000ac300000, 0x00000000ac400000|  0%| F|  |TAMS 0x00000000ac300000, 0x00000000ac300000| Untracked 
| 182|0x00000000ac400000, 0x00000000ac400000, 0x00000000ac500000|  0%| F|  |TAMS 0x00000000ac400000, 0x00000000ac400000| Untracked 
| 183|0x00000000ac500000, 0x00000000ac500000, 0x00000000ac600000|  0%| F|  |TAMS 0x00000000ac500000, 0x00000000ac500000| Untracked 
| 184|0x00000000ac600000, 0x00000000ac600000, 0x00000000ac700000|  0%| F|  |TAMS 0x00000000ac600000, 0x00000000ac600000| Untracked 
| 185|0x00000000ac700000, 0x00000000ac700000, 0x00000000ac800000|  0%| F|  |TAMS 0x00000000ac700000, 0x00000000ac700000| Untracked 
| 186|0x00000000ac800000, 0x00000000ac800000, 0x00000000ac900000|  0%| F|  |TAMS 0x00000000ac800000, 0x00000000ac800000| Untracked 
| 187|0x00000000ac900000, 0x00000000ac900000, 0x00000000aca00000|  0%| F|  |TAMS 0x00000000ac900000, 0x00000000ac900000| Untracked 
| 188|0x00000000aca00000, 0x00000000aca00000, 0x00000000acb00000|  0%| F|  |TAMS 0x00000000aca00000, 0x00000000aca00000| Untracked 
| 189|0x00000000acb00000, 0x00000000acb00000, 0x00000000acc00000|  0%| F|  |TAMS 0x00000000acb00000, 0x00000000acb00000| Untracked 
| 190|0x00000000acc00000, 0x00000000acc00000, 0x00000000acd00000|  0%| F|  |TAMS 0x00000000acc00000, 0x00000000acc00000| Untracked 
| 191|0x00000000acd00000, 0x00000000acd00000, 0x00000000ace00000|  0%| F|  |TAMS 0x00000000acd00000, 0x00000000acd00000| Untracked 
| 192|0x00000000ace00000, 0x00000000ace00000, 0x00000000acf00000|  0%| F|  |TAMS 0x00000000ace00000, 0x00000000ace00000| Untracked 
| 193|0x00000000acf00000, 0x00000000acf00000, 0x00000000ad000000|  0%| F|  |TAMS 0x00000000acf00000, 0x00000000acf00000| Untracked 
| 194|0x00000000ad000000, 0x00000000ad000000, 0x00000000ad100000|  0%| F|  |TAMS 0x00000000ad000000, 0x00000000ad000000| Untracked 
| 195|0x00000000ad100000, 0x00000000ad100000, 0x00000000ad200000|  0%| F|  |TAMS 0x00000000ad100000, 0x00000000ad100000| Untracked 
| 196|0x00000000ad200000, 0x00000000ad200000, 0x00000000ad300000|  0%| F|  |TAMS 0x00000000ad200000, 0x00000000ad200000| Untracked 
| 197|0x00000000ad300000, 0x00000000ad300000, 0x00000000ad400000|  0%| F|  |TAMS 0x00000000ad300000, 0x00000000ad300000| Untracked 
| 198|0x00000000ad400000, 0x00000000ad400000, 0x00000000ad500000|  0%| F|  |TAMS 0x00000000ad400000, 0x00000000ad400000| Untracked 
| 199|0x00000000ad500000, 0x00000000ad500000, 0x00000000ad600000|  0%| F|  |TAMS 0x00000000ad500000, 0x00000000ad500000| Untracked 
| 200|0x00000000ad600000, 0x00000000ad600000, 0x00000000ad700000|  0%| F|  |TAMS 0x00000000ad600000, 0x00000000ad600000| Untracked 
| 201|0x00000000ad700000, 0x00000000ad700000, 0x00000000ad800000|  0%| F|  |TAMS 0x00000000ad700000, 0x00000000ad700000| Untracked 
| 202|0x00000000ad800000, 0x00000000ad800000, 0x00000000ad900000|  0%| F|  |TAMS 0x00000000ad800000, 0x00000000ad800000| Untracked 
| 203|0x00000000ad900000, 0x00000000ad900000, 0x00000000ada00000|  0%| F|  |TAMS 0x00000000ad900000, 0x00000000ad900000| Untracked 
| 204|0x00000000ada00000, 0x00000000ada00000, 0x00000000adb00000|  0%| F|  |TAMS 0x00000000ada00000, 0x00000000ada00000| Untracked 
| 205|0x00000000adb00000, 0x00000000adb00000, 0x00000000adc00000|  0%| F|  |TAMS 0x00000000adb00000, 0x00000000adb00000| Untracked 
| 206|0x00000000adc00000, 0x00000000adc00000, 0x00000000add00000|  0%| F|  |TAMS 0x00000000adc00000, 0x00000000adc00000| Untracked 
| 207|0x00000000add00000, 0x00000000add00000, 0x00000000ade00000|  0%| F|  |TAMS 0x00000000add00000, 0x00000000add00000| Untracked 
| 208|0x00000000ade00000, 0x00000000ade00000, 0x00000000adf00000|  0%| F|  |TAMS 0x00000000ade00000, 0x00000000ade00000| Untracked 
| 209|0x00000000adf00000, 0x00000000adf00000, 0x00000000ae000000|  0%| F|  |TAMS 0x00000000adf00000, 0x00000000adf00000| Untracked 
| 210|0x00000000ae000000, 0x00000000ae000000, 0x00000000ae100000|  0%| F|  |TAMS 0x00000000ae000000, 0x00000000ae000000| Untracked 
| 211|0x00000000ae100000, 0x00000000ae100000, 0x00000000ae200000|  0%| F|  |TAMS 0x00000000ae100000, 0x00000000ae100000| Untracked 
| 212|0x00000000ae200000, 0x00000000ae200000, 0x00000000ae300000|  0%| F|  |TAMS 0x00000000ae200000, 0x00000000ae200000| Untracked 
| 213|0x00000000ae300000, 0x00000000ae300000, 0x00000000ae400000|  0%| F|  |TAMS 0x00000000ae300000, 0x00000000ae300000| Untracked 
| 214|0x00000000ae400000, 0x00000000ae400000, 0x00000000ae500000|  0%| F|  |TAMS 0x00000000ae400000, 0x00000000ae400000| Untracked 
| 215|0x00000000ae500000, 0x00000000ae500000, 0x00000000ae600000|  0%| F|  |TAMS 0x00000000ae500000, 0x00000000ae500000| Untracked 
| 216|0x00000000ae600000, 0x00000000ae600000, 0x00000000ae700000|  0%| F|  |TAMS 0x00000000ae600000, 0x00000000ae600000| Untracked 
| 217|0x00000000ae700000, 0x00000000ae700000, 0x00000000ae800000|  0%| F|  |TAMS 0x00000000ae700000, 0x00000000ae700000| Untracked 
| 218|0x00000000ae800000, 0x00000000ae800000, 0x00000000ae900000|  0%| F|  |TAMS 0x00000000ae800000, 0x00000000ae800000| Untracked 
| 219|0x00000000ae900000, 0x00000000ae900000, 0x00000000aea00000|  0%| F|  |TAMS 0x00000000ae900000, 0x00000000ae900000| Untracked 
| 220|0x00000000aea00000, 0x00000000aea00000, 0x00000000aeb00000|  0%| F|  |TAMS 0x00000000aea00000, 0x00000000aea00000| Untracked 
| 221|0x00000000aeb00000, 0x00000000aeb00000, 0x00000000aec00000|  0%| F|  |TAMS 0x00000000aeb00000, 0x00000000aeb00000| Untracked 
| 222|0x00000000aec00000, 0x00000000aec00000, 0x00000000aed00000|  0%| F|  |TAMS 0x00000000aec00000, 0x00000000aec00000| Untracked 
| 223|0x00000000aed00000, 0x00000000aed00000, 0x00000000aee00000|  0%| F|  |TAMS 0x00000000aed00000, 0x00000000aed00000| Untracked 
| 224|0x00000000aee00000, 0x00000000aee00000, 0x00000000aef00000|  0%| F|  |TAMS 0x00000000aee00000, 0x00000000aee00000| Untracked 
| 225|0x00000000aef00000, 0x00000000aef00000, 0x00000000af000000|  0%| F|  |TAMS 0x00000000aef00000, 0x00000000aef00000| Untracked 
| 226|0x00000000af000000, 0x00000000af000000, 0x00000000af100000|  0%| F|  |TAMS 0x00000000af000000, 0x00000000af000000| Untracked 
| 227|0x00000000af100000, 0x00000000af100000, 0x00000000af200000|  0%| F|  |TAMS 0x00000000af100000, 0x00000000af100000| Untracked 
| 228|0x00000000af200000, 0x00000000af200000, 0x00000000af300000|  0%| F|  |TAMS 0x00000000af200000, 0x00000000af200000| Untracked 
| 229|0x00000000af300000, 0x00000000af300000, 0x00000000af400000|  0%| F|  |TAMS 0x00000000af300000, 0x00000000af300000| Untracked 
| 230|0x00000000af400000, 0x00000000af400000, 0x00000000af500000|  0%| F|  |TAMS 0x00000000af400000, 0x00000000af400000| Untracked 
| 231|0x00000000af500000, 0x00000000af500000, 0x00000000af600000|  0%| F|  |TAMS 0x00000000af500000, 0x00000000af500000| Untracked 
| 232|0x00000000af600000, 0x00000000af600000, 0x00000000af700000|  0%| F|  |TAMS 0x00000000af600000, 0x00000000af600000| Untracked 
| 233|0x00000000af700000, 0x00000000af700000, 0x00000000af800000|  0%| F|  |TAMS 0x00000000af700000, 0x00000000af700000| Untracked 
| 234|0x00000000af800000, 0x00000000af800000, 0x00000000af900000|  0%| F|  |TAMS 0x00000000af800000, 0x00000000af800000| Untracked 
| 235|0x00000000af900000, 0x00000000af900000, 0x00000000afa00000|  0%| F|  |TAMS 0x00000000af900000, 0x00000000af900000| Untracked 
| 236|0x00000000afa00000, 0x00000000afa00000, 0x00000000afb00000|  0%| F|  |TAMS 0x00000000afa00000, 0x00000000afa00000| Untracked 
| 237|0x00000000afb00000, 0x00000000afb00000, 0x00000000afc00000|  0%| F|  |TAMS 0x00000000afb00000, 0x00000000afb00000| Untracked 
| 238|0x00000000afc00000, 0x00000000afc00000, 0x00000000afd00000|  0%| F|  |TAMS 0x00000000afc00000, 0x00000000afc00000| Untracked 
| 239|0x00000000afd00000, 0x00000000afd00000, 0x00000000afe00000|  0%| F|  |TAMS 0x00000000afd00000, 0x00000000afd00000| Untracked 
| 240|0x00000000afe00000, 0x00000000afe00000, 0x00000000aff00000|  0%| F|  |TAMS 0x00000000afe00000, 0x00000000afe00000| Untracked 
| 241|0x00000000aff00000, 0x00000000aff00000, 0x00000000b0000000|  0%| F|  |TAMS 0x00000000aff00000, 0x00000000aff00000| Untracked 
| 242|0x00000000b0000000, 0x00000000b0000000, 0x00000000b0100000|  0%| F|  |TAMS 0x00000000b0000000, 0x00000000b0000000| Untracked 
| 243|0x00000000b0100000, 0x00000000b0100000, 0x00000000b0200000|  0%| F|  |TAMS 0x00000000b0100000, 0x00000000b0100000| Untracked 
| 244|0x00000000b0200000, 0x00000000b0200000, 0x00000000b0300000|  0%| F|  |TAMS 0x00000000b0200000, 0x00000000b0200000| Untracked 
| 245|0x00000000b0300000, 0x00000000b0300000, 0x00000000b0400000|  0%| F|  |TAMS 0x00000000b0300000, 0x00000000b0300000| Untracked 
| 246|0x00000000b0400000, 0x00000000b0400000, 0x00000000b0500000|  0%| F|  |TAMS 0x00000000b0400000, 0x00000000b0400000| Untracked 
| 247|0x00000000b0500000, 0x00000000b0500000, 0x00000000b0600000|  0%| F|  |TAMS 0x00000000b0500000, 0x00000000b0500000| Untracked 
| 248|0x00000000b0600000, 0x00000000b0600000, 0x00000000b0700000|  0%| F|  |TAMS 0x00000000b0600000, 0x00000000b0600000| Untracked 
| 249|0x00000000b0700000, 0x00000000b0700000, 0x00000000b0800000|  0%| F|  |TAMS 0x00000000b0700000, 0x00000000b0700000| Untracked 
| 250|0x00000000b0800000, 0x00000000b0800000, 0x00000000b0900000|  0%| F|  |TAMS 0x00000000b0800000, 0x00000000b0800000| Untracked 
| 251|0x00000000b0900000, 0x00000000b0900000, 0x00000000b0a00000|  0%| F|  |TAMS 0x00000000b0900000, 0x00000000b0900000| Untracked 
| 252|0x00000000b0a00000, 0x00000000b0a00000, 0x00000000b0b00000|  0%| F|  |TAMS 0x00000000b0a00000, 0x00000000b0a00000| Untracked 
| 253|0x00000000b0b00000, 0x00000000b0b00000, 0x00000000b0c00000|  0%| F|  |TAMS 0x00000000b0b00000, 0x00000000b0b00000| Untracked 
| 254|0x00000000b0c00000, 0x00000000b0c00000, 0x00000000b0d00000|  0%| F|  |TAMS 0x00000000b0c00000, 0x00000000b0c00000| Untracked 
| 255|0x00000000b0d00000, 0x00000000b0d00000, 0x00000000b0e00000|  0%| F|  |TAMS 0x00000000b0d00000, 0x00000000b0d00000| Untracked 
| 256|0x00000000b0e00000, 0x00000000b0e00000, 0x00000000b0f00000|  0%| F|  |TAMS 0x00000000b0e00000, 0x00000000b0e00000| Untracked 
| 257|0x00000000b0f00000, 0x00000000b0f00000, 0x00000000b1000000|  0%| F|  |TAMS 0x00000000b0f00000, 0x00000000b0f00000| Untracked 
| 258|0x00000000b1000000, 0x00000000b1000000, 0x00000000b1100000|  0%| F|  |TAMS 0x00000000b1000000, 0x00000000b1000000| Untracked 
| 259|0x00000000b1100000, 0x00000000b1100000, 0x00000000b1200000|  0%| F|  |TAMS 0x00000000b1100000, 0x00000000b1100000| Untracked 
| 260|0x00000000b1200000, 0x00000000b1200000, 0x00000000b1300000|  0%| F|  |TAMS 0x00000000b1200000, 0x00000000b1200000| Untracked 
| 261|0x00000000b1300000, 0x00000000b1300000, 0x00000000b1400000|  0%| F|  |TAMS 0x00000000b1300000, 0x00000000b1300000| Untracked 
| 262|0x00000000b1400000, 0x00000000b1400000, 0x00000000b1500000|  0%| F|  |TAMS 0x00000000b1400000, 0x00000000b1400000| Untracked 
| 263|0x00000000b1500000, 0x00000000b1500000, 0x00000000b1600000|  0%| F|  |TAMS 0x00000000b1500000, 0x00000000b1500000| Untracked 
| 264|0x00000000b1600000, 0x00000000b1600000, 0x00000000b1700000|  0%| F|  |TAMS 0x00000000b1600000, 0x00000000b1600000| Untracked 
| 265|0x00000000b1700000, 0x00000000b1700000, 0x00000000b1800000|  0%| F|  |TAMS 0x00000000b1700000, 0x00000000b1700000| Untracked 
| 266|0x00000000b1800000, 0x00000000b1800000, 0x00000000b1900000|  0%| F|  |TAMS 0x00000000b1800000, 0x00000000b1800000| Untracked 
| 267|0x00000000b1900000, 0x00000000b1900000, 0x00000000b1a00000|  0%| F|  |TAMS 0x00000000b1900000, 0x00000000b1900000| Untracked 
| 268|0x00000000b1a00000, 0x00000000b1a00000, 0x00000000b1b00000|  0%| F|  |TAMS 0x00000000b1a00000, 0x00000000b1a00000| Untracked 
| 269|0x00000000b1b00000, 0x00000000b1b00000, 0x00000000b1c00000|  0%| F|  |TAMS 0x00000000b1b00000, 0x00000000b1b00000| Untracked 
| 270|0x00000000b1c00000, 0x00000000b1c00000, 0x00000000b1d00000|  0%| F|  |TAMS 0x00000000b1c00000, 0x00000000b1c00000| Untracked 
| 271|0x00000000b1d00000, 0x00000000b1d00000, 0x00000000b1e00000|  0%| F|  |TAMS 0x00000000b1d00000, 0x00000000b1d00000| Untracked 
| 272|0x00000000b1e00000, 0x00000000b1e00000, 0x00000000b1f00000|  0%| F|  |TAMS 0x00000000b1e00000, 0x00000000b1e00000| Untracked 
| 273|0x00000000b1f00000, 0x00000000b1f00000, 0x00000000b2000000|  0%| F|  |TAMS 0x00000000b1f00000, 0x00000000b1f00000| Untracked 
| 274|0x00000000b2000000, 0x00000000b2000000, 0x00000000b2100000|  0%| F|  |TAMS 0x00000000b2000000, 0x00000000b2000000| Untracked 
| 275|0x00000000b2100000, 0x00000000b2100000, 0x00000000b2200000|  0%| F|  |TAMS 0x00000000b2100000, 0x00000000b2100000| Untracked 
| 276|0x00000000b2200000, 0x00000000b2200000, 0x00000000b2300000|  0%| F|  |TAMS 0x00000000b2200000, 0x00000000b2200000| Untracked 
| 277|0x00000000b2300000, 0x00000000b2300000, 0x00000000b2400000|  0%| F|  |TAMS 0x00000000b2300000, 0x00000000b2300000| Untracked 
| 278|0x00000000b2400000, 0x00000000b2400000, 0x00000000b2500000|  0%| F|  |TAMS 0x00000000b2400000, 0x00000000b2400000| Untracked 
| 279|0x00000000b2500000, 0x00000000b2500000, 0x00000000b2600000|  0%| F|  |TAMS 0x00000000b2500000, 0x00000000b2500000| Untracked 
| 280|0x00000000b2600000, 0x00000000b2600000, 0x00000000b2700000|  0%| F|  |TAMS 0x00000000b2600000, 0x00000000b2600000| Untracked 
| 281|0x00000000b2700000, 0x00000000b2700000, 0x00000000b2800000|  0%| F|  |TAMS 0x00000000b2700000, 0x00000000b2700000| Untracked 
| 282|0x00000000b2800000, 0x00000000b2800000, 0x00000000b2900000|  0%| F|  |TAMS 0x00000000b2800000, 0x00000000b2800000| Untracked 
| 283|0x00000000b2900000, 0x00000000b2900000, 0x00000000b2a00000|  0%| F|  |TAMS 0x00000000b2900000, 0x00000000b2900000| Untracked 
| 284|0x00000000b2a00000, 0x00000000b2a00000, 0x00000000b2b00000|  0%| F|  |TAMS 0x00000000b2a00000, 0x00000000b2a00000| Untracked 
| 285|0x00000000b2b00000, 0x00000000b2b00000, 0x00000000b2c00000|  0%| F|  |TAMS 0x00000000b2b00000, 0x00000000b2b00000| Untracked 
| 286|0x00000000b2c00000, 0x00000000b2c00000, 0x00000000b2d00000|  0%| F|  |TAMS 0x00000000b2c00000, 0x00000000b2c00000| Untracked 
| 287|0x00000000b2d00000, 0x00000000b2d00000, 0x00000000b2e00000|  0%| F|  |TAMS 0x00000000b2d00000, 0x00000000b2d00000| Untracked 
| 288|0x00000000b2e00000, 0x00000000b2e00000, 0x00000000b2f00000|  0%| F|  |TAMS 0x00000000b2e00000, 0x00000000b2e00000| Untracked 
| 289|0x00000000b2f00000, 0x00000000b2f00000, 0x00000000b3000000|  0%| F|  |TAMS 0x00000000b2f00000, 0x00000000b2f00000| Untracked 
| 290|0x00000000b3000000, 0x00000000b3000000, 0x00000000b3100000|  0%| F|  |TAMS 0x00000000b3000000, 0x00000000b3000000| Untracked 
| 291|0x00000000b3100000, 0x00000000b3100000, 0x00000000b3200000|  0%| F|  |TAMS 0x00000000b3100000, 0x00000000b3100000| Untracked 
| 292|0x00000000b3200000, 0x00000000b3200000, 0x00000000b3300000|  0%| F|  |TAMS 0x00000000b3200000, 0x00000000b3200000| Untracked 
| 293|0x00000000b3300000, 0x00000000b3300000, 0x00000000b3400000|  0%| F|  |TAMS 0x00000000b3300000, 0x00000000b3300000| Untracked 
| 294|0x00000000b3400000, 0x00000000b3400000, 0x00000000b3500000|  0%| F|  |TAMS 0x00000000b3400000, 0x00000000b3400000| Untracked 
| 295|0x00000000b3500000, 0x00000000b3500000, 0x00000000b3600000|  0%| F|  |TAMS 0x00000000b3500000, 0x00000000b3500000| Untracked 
| 296|0x00000000b3600000, 0x00000000b3600000, 0x00000000b3700000|  0%| F|  |TAMS 0x00000000b3600000, 0x00000000b3600000| Untracked 
| 297|0x00000000b3700000, 0x00000000b3700000, 0x00000000b3800000|  0%| F|  |TAMS 0x00000000b3700000, 0x00000000b3700000| Untracked 
| 298|0x00000000b3800000, 0x00000000b3800000, 0x00000000b3900000|  0%| F|  |TAMS 0x00000000b3800000, 0x00000000b3800000| Untracked 
| 299|0x00000000b3900000, 0x00000000b3900000, 0x00000000b3a00000|  0%| F|  |TAMS 0x00000000b3900000, 0x00000000b3900000| Untracked 
| 300|0x00000000b3a00000, 0x00000000b3a00000, 0x00000000b3b00000|  0%| F|  |TAMS 0x00000000b3a00000, 0x00000000b3a00000| Untracked 

Card table byte_map: [0x000001ae3b5a0000,0x000001ae3b8a0000] _byte_map_base: 0x000001ae3b099000

Marking Bits (Prev, Next): (CMBitMap*) 0x000001ae35557d80, (CMBitMap*) 0x000001ae35557dc0
 Prev Bits: [0x000001ae3bba0000, 0x000001ae3d368000)
 Next Bits: [0x000001ae3d370000, 0x000001ae3eb38000)

Polling page: 0x000001ae33460000

Metaspace:

Usage:
  Non-class:     35.13 MB used.
      Class:      5.00 MB used.
       Both:     40.12 MB used.

Virtual space:
  Non-class space:       40.00 MB reserved,      35.31 MB ( 88%) committed,  5 nodes.
      Class space:        1.00 GB reserved,       5.12 MB ( <1%) committed,  1 nodes.
             Both:        1.04 GB reserved,      40.44 MB (  4%) committed. 

Chunk freelists:
   Non-Class:  3.95 MB
       Class:  2.88 MB
        Both:  6.83 MB

MaxMetaspaceSize: unlimited
CompressedClassSpaceSize: 1.00 GB
Initial GC threshold: 21.00 MB
Current GC threshold: 59.06 MB
CDS: off
MetaspaceReclaimPolicy: balanced
 - commit_granule_bytes: 65536.
 - commit_granule_words: 8192.
 - virtual_space_node_default_size: 1048576.
 - enlarge_chunks_in_place: 1.
 - new_chunks_are_fully_committed: 0.
 - uncommit_free_chunks: 1.
 - use_allocation_guard: 0.
 - handle_deallocations: 1.


Internal statistics:

num_allocs_failed_limit: 8.
num_arena_births: 388.
num_arena_deaths: 0.
num_vsnodes_births: 6.
num_vsnodes_deaths: 0.
num_space_committed: 647.
num_space_uncommitted: 0.
num_chunks_returned_to_freelist: 8.
num_chunks_taken_from_freelist: 1627.
num_chunk_merges: 8.
num_chunk_splits: 1111.
num_chunks_enlarged: 863.
num_purges: 0.
num_inconsistent_stats: 0.

CodeCache: size=49152Kb used=9965Kb max_used=9965Kb free=39186Kb
 bounds [0x000001ae38190000, 0x000001ae38b50000, 0x000001ae3b190000]
 total_blobs=4794 nmethods=4244 adapters=474
 compilation: enabled
              stopped_count=0, restarted_count=0
 full_count=0

Compilation events (20 events):
Event: 3.500 Thread 0x000001ae3550c5c0 nmethod 4180 0x000001ae38b42e90 code [0x000001ae38b43020, 0x000001ae38b43158]
Event: 3.500 Thread 0x000001ae42b50df0 nmethod 4160 0x000001ae38b43210 code [0x000001ae38b433a0, 0x000001ae38b43478]
Event: 3.500 Thread 0x000001ae3550c5c0 4161       1       jdk.internal.jimage.decompressor.CompressedResourceHeader::getDecompressorNameOffset (5 bytes)
Event: 3.500 Thread 0x000001ae42b50df0 4240       1       jdk.internal.jimage.decompressor.ZipDecompressor::decompress (10 bytes)
Event: 3.500 Thread 0x000001ae3550c5c0 nmethod 4161 0x000001ae38b43510 code [0x000001ae38b436a0, 0x000001ae38b43778]
Event: 3.500 Thread 0x000001ae42b50df0 nmethod 4240 0x000001ae38b43810 code [0x000001ae38b439a0, 0x000001ae38b43a88]
Event: 3.501 Thread 0x000001ae4200ed40 nmethod 4186 0x000001ae38b43b10 code [0x000001ae38b43d20, 0x000001ae38b44268]
Event: 3.502 Thread 0x000001ae429fcd70 nmethod 4217 0x000001ae38b44510 code [0x000001ae38b44da0, 0x000001ae38b47eb8]
Event: 3.509 Thread 0x000001ae4200ed40 4247       1       ch.qos.logback.classic.Logger::<init> (25 bytes)
Event: 3.510 Thread 0x000001ae4200ed40 nmethod 4247 0x000001ae38b49d10 code [0x000001ae38b49ea0, 0x000001ae38b4a078]
Event: 3.511 Thread 0x000001ae4200ed40 4248       1       java.util.regex.Pattern$Start::match (90 bytes)
Event: 3.512 Thread 0x000001ae4200ed40 nmethod 4248 0x000001ae38b4a110 code [0x000001ae38b4a2c0, 0x000001ae38b4a4c8]
Event: 3.513 Thread 0x000001ae4200ed40 4249       1       java.util.concurrent.locks.AbstractQueuedSynchronizer::acquireInterruptibly (36 bytes)
Event: 3.513 Thread 0x000001ae4200ed40 nmethod 4249 0x000001ae38b4a610 code [0x000001ae38b4a7e0, 0x000001ae38b4aa38]
Event: 3.514 Thread 0x000001ae429fcd70 4250       1       java.util.stream.Collectors$$Lambda$33/0x000000010014f940::accept (14 bytes)
Event: 3.514 Thread 0x000001ae429fcd70 nmethod 4250 0x000001ae38b4ab90 code [0x000001ae38b4ad20, 0x000001ae38b4ae48]
Event: 3.518 Thread 0x000001ae4200ed40 4251       1       java.util.stream.ReduceOps$ReduceOp::<init> (10 bytes)
Event: 3.518 Thread 0x000001ae4200ed40 nmethod 4251 0x000001ae38b4af10 code [0x000001ae38b4b0a0, 0x000001ae38b4b1b8]
Event: 3.529 Thread 0x000001ae3550c5c0 4252       1       java.util.concurrent.locks.ReentrantLock$NonfairSync::tryAcquire (27 bytes)
Event: 3.529 Thread 0x000001ae3550c5c0 nmethod 4252 0x000001ae38b4b210 code [0x000001ae38b4b3a0, 0x000001ae38b4b518]

GC Heap History (20 events):
Event: 2.723 GC heap after
{Heap after GC invocations=10 (full 0):
 garbage-first heap   total 61440K, used 26501K [0x00000000a0e00000, 0x0000000100000000)
  region size 1024K, 1 young (1024K), 1 survivors (1024K)
 Metaspace       used 35888K, committed 36160K, reserved 1081344K
  class space    used 4635K, committed 4800K, reserved 1048576K
}
Event: 2.769 GC heap before
{Heap before GC invocations=11 (full 0):
 garbage-first heap   total 61440K, used 43909K [0x00000000a0e00000, 0x0000000100000000)
  region size 1024K, 19 young (19456K), 1 survivors (1024K)
 Metaspace       used 36087K, committed 36352K, reserved 1081344K
  class space    used 4649K, committed 4800K, reserved 1048576K
}
Event: 2.772 GC heap after
{Heap after GC invocations=12 (full 0):
 garbage-first heap   total 61440K, used 30625K [0x00000000a0e00000, 0x0000000100000000)
  region size 1024K, 3 young (3072K), 3 survivors (3072K)
 Metaspace       used 36087K, committed 36352K, reserved 1081344K
  class space    used 4649K, committed 4800K, reserved 1048576K
}
Event: 2.773 GC heap before
{Heap before GC invocations=12 (full 0):
 garbage-first heap   total 61440K, used 31649K [0x00000000a0e00000, 0x0000000100000000)
  region size 1024K, 4 young (4096K), 3 survivors (3072K)
 Metaspace       used 36087K, committed 36352K, reserved 1081344K
  class space    used 4649K, committed 4800K, reserved 1048576K
}
Event: 2.775 GC heap after
{Heap after GC invocations=13 (full 0):
 garbage-first heap   total 109568K, used 30128K [0x00000000a0e00000, 0x0000000100000000)
  region size 1024K, 1 young (1024K), 1 survivors (1024K)
 Metaspace       used 36087K, committed 36352K, reserved 1081344K
  class space    used 4649K, committed 4800K, reserved 1048576K
}
Event: 2.886 GC heap before
{Heap before GC invocations=13 (full 0):
 garbage-first heap   total 109568K, used 77232K [0x00000000a0e00000, 0x0000000100000000)
  region size 1024K, 47 young (48128K), 1 survivors (1024K)
 Metaspace       used 37547K, committed 37888K, reserved 1089536K
  class space    used 4767K, committed 4928K, reserved 1048576K
}
Event: 2.893 GC heap after
{Heap after GC invocations=14 (full 0):
 garbage-first heap   total 109568K, used 37267K [0x00000000a0e00000, 0x0000000100000000)
  region size 1024K, 6 young (6144K), 6 survivors (6144K)
 Metaspace       used 37547K, committed 37888K, reserved 1089536K
  class space    used 4767K, committed 4928K, reserved 1048576K
}
Event: 2.949 GC heap before
{Heap before GC invocations=14 (full 0):
 garbage-first heap   total 109568K, used 75155K [0x00000000a0e00000, 0x0000000100000000)
  region size 1024K, 44 young (45056K), 6 survivors (6144K)
 Metaspace       used 38016K, committed 38272K, reserved 1089536K
  class space    used 4797K, committed 4928K, reserved 1048576K
}
Event: 2.960 GC heap after
{Heap after GC invocations=15 (full 0):
 garbage-first heap   total 109568K, used 48128K [0x00000000a0e00000, 0x0000000100000000)
  region size 1024K, 6 young (6144K), 6 survivors (6144K)
 Metaspace       used 38016K, committed 38272K, reserved 1089536K
  class space    used 4797K, committed 4928K, reserved 1048576K
}
Event: 3.061 GC heap before
{Heap before GC invocations=15 (full 0):
 garbage-first heap   total 109568K, used 77824K [0x00000000a0e00000, 0x0000000100000000)
  region size 1024K, 36 young (36864K), 6 survivors (6144K)
 Metaspace       used 38690K, committed 39040K, reserved 1089536K
  class space    used 4872K, committed 5056K, reserved 1048576K
}
Event: 3.069 GC heap after
{Heap after GC invocations=16 (full 0):
 garbage-first heap   total 109568K, used 54038K [0x00000000a0e00000, 0x0000000100000000)
  region size 1024K, 5 young (5120K), 5 survivors (5120K)
 Metaspace       used 38690K, committed 39040K, reserved 1089536K
  class space    used 4872K, committed 5056K, reserved 1048576K
}
Event: 3.080 GC heap before
{Heap before GC invocations=16 (full 0):
 garbage-first heap   total 109568K, used 57110K [0x00000000a0e00000, 0x0000000100000000)
  region size 1024K, 9 young (9216K), 5 survivors (5120K)
 Metaspace       used 38790K, committed 39104K, reserved 1089536K
  class space    used 4891K, committed 5056K, reserved 1048576K
}
Event: 3.085 GC heap after
{Heap after GC invocations=17 (full 0):
 garbage-first heap   total 308224K, used 56126K [0x00000000a0e00000, 0x0000000100000000)
  region size 1024K, 2 young (2048K), 2 survivors (2048K)
 Metaspace       used 38790K, committed 39104K, reserved 1089536K
  class space    used 4891K, committed 5056K, reserved 1048576K
}
Event: 3.333 GC heap before
{Heap before GC invocations=17 (full 0):
 garbage-first heap   total 308224K, used 219966K [0x00000000a0e00000, 0x0000000100000000)
  region size 1024K, 160 young (163840K), 2 survivors (2048K)
 Metaspace       used 40485K, committed 40832K, reserved 1089536K
  class space    used 5043K, committed 5184K, reserved 1048576K
}
Event: 3.360 GC heap after
{Heap after GC invocations=18 (full 0):
 garbage-first heap   total 308224K, used 83190K [0x00000000a0e00000, 0x0000000100000000)
  region size 1024K, 20 young (20480K), 20 survivors (20480K)
 Metaspace       used 40485K, committed 40832K, reserved 1089536K
  class space    used 5043K, committed 5184K, reserved 1048576K
}
Event: 3.428 GC heap before
{Heap before GC invocations=18 (full 0):
 garbage-first heap   total 308224K, used 220406K [0x00000000a0e00000, 0x0000000100000000)
  region size 1024K, 155 young (158720K), 20 survivors (20480K)
 Metaspace       used 40752K, committed 41152K, reserved 1089536K
  class space    used 5082K, committed 5248K, reserved 1048576K
}
Event: 3.439 GC heap after
{Heap after GC invocations=19 (full 0):
 garbage-first heap   total 308224K, used 90158K [0x00000000a0e00000, 0x0000000100000000)
  region size 1024K, 7 young (7168K), 7 survivors (7168K)
 Metaspace       used 40752K, committed 41152K, reserved 1089536K
  class space    used 5082K, committed 5248K, reserved 1048576K
}
Event: 3.489 GC heap before
{Heap before GC invocations=19 (full 0):
 garbage-first heap   total 308224K, used 229422K [0x00000000a0e00000, 0x0000000100000000)
  region size 1024K, 144 young (147456K), 7 survivors (7168K)
 Metaspace       used 40975K, committed 41344K, reserved 1089536K
  class space    used 5111K, committed 5248K, reserved 1048576K
}
Event: 3.495 GC heap after
{Heap after GC invocations=20 (full 0):
 garbage-first heap   total 308224K, used 95029K [0x00000000a0e00000, 0x0000000100000000)
  region size 1024K, 12 young (12288K), 12 survivors (12288K)
 Metaspace       used 40975K, committed 41344K, reserved 1089536K
  class space    used 5111K, committed 5248K, reserved 1048576K
}
Event: 3.532 GC heap before
{Heap before GC invocations=20 (full 0):
 garbage-first heap   total 308224K, used 236341K [0x00000000a0e00000, 0x0000000100000000)
  region size 1024K, 151 young (154624K), 12 survivors (12288K)
 Metaspace       used 41086K, committed 41408K, reserved 1089536K
  class space    used 5116K, committed 5248K, reserved 1048576K
}

Dll operation events (8 events):
Event: 0.008 Loaded shared library c:\Users\nhatn\.vscode\extensions\redhat.java-1.13.0-win32-x64\jre\17.0.5-win32-x86_64\bin\java.dll
Event: 0.190 Loaded shared library C:\Users\nhatn\.vscode\extensions\redhat.java-1.13.0-win32-x64\jre\17.0.5-win32-x86_64\bin\net.dll
Event: 0.192 Loaded shared library C:\Users\nhatn\.vscode\extensions\redhat.java-1.13.0-win32-x64\jre\17.0.5-win32-x86_64\bin\nio.dll
Event: 0.199 Loaded shared library C:\Users\nhatn\.vscode\extensions\redhat.java-1.13.0-win32-x64\jre\17.0.5-win32-x86_64\bin\zip.dll
Event: 0.310 Loaded shared library c:\Users\nhatn\.vscode\extensions\redhat.java-1.13.0-win32-x64\jre\17.0.5-win32-x86_64\bin\verify.dll
Event: 0.318 Loaded shared library C:\Users\nhatn\.vscode\extensions\redhat.java-1.13.0-win32-x64\jre\17.0.5-win32-x86_64\bin\jimage.dll
Event: 1.151 Loaded shared library C:\Users\nhatn\.vscode\extensions\redhat.java-1.13.0-win32-x64\jre\17.0.5-win32-x86_64\bin\management.dll
Event: 1.154 Loaded shared library C:\Users\nhatn\.vscode\extensions\redhat.java-1.13.0-win32-x64\jre\17.0.5-win32-x86_64\bin\management_ext.dll

Deoptimization events (12 events):
Event: 1.333 Thread 0x000001ae3550b840 DEOPT PACKING pc=0x000001ae386f0d19 sp=0x0000000256ffd690
Event: 1.333 Thread 0x000001ae3550b840 DEOPT UNPACKING pc=0x000001ae381e2b43 sp=0x0000000256ffcb70 mode 3
Event: 2.251 Thread 0x000001ae3550b840 DEOPT PACKING pc=0x000001ae3886cb99 sp=0x0000000256ffca70
Event: 2.251 Thread 0x000001ae3550b840 DEOPT UNPACKING pc=0x000001ae381e2b43 sp=0x0000000256ffbf50 mode 3
Event: 2.530 Thread 0x000001ae4380a170 DEOPT PACKING pc=0x000001ae38924a35 sp=0x00000002590fd700
Event: 2.530 Thread 0x000001ae4380a170 DEOPT UNPACKING pc=0x000001ae381e2b43 sp=0x00000002590fcc28 mode 3
Event: 2.611 Thread 0x000001ae4384fe80 DEOPT PACKING pc=0x000001ae389442ab sp=0x00000002596fe3d0
Event: 2.611 Thread 0x000001ae4384fe80 DEOPT UNPACKING pc=0x000001ae381e2b43 sp=0x00000002596fd918 mode 3
Event: 2.643 Thread 0x000001ae4339c6d0 DEOPT PACKING pc=0x000001ae386ee601 sp=0x0000000258ffd930
Event: 2.643 Thread 0x000001ae4339c6d0 DEOPT UNPACKING pc=0x000001ae381e2b43 sp=0x0000000258ffcdc0 mode 3
Event: 3.050 Thread 0x000001ae438529d0 DEOPT PACKING pc=0x000001ae386ec517 sp=0x0000000259dfebd0
Event: 3.050 Thread 0x000001ae438529d0 DEOPT UNPACKING pc=0x000001ae381e2b43 sp=0x0000000259dfe028 mode 3

Classes unloaded (0 events):
No events

Classes redefined (0 events):
No events

Internal exceptions (20 events):
Event: 2.642 Thread 0x000001ae43850cf0 Exception <a 'sun/nio/fs/WindowsException'{0x00000000a6d5a7d8}> (0x00000000a6d5a7d8) 
thrown [s\src\hotspot\share\prims\jni.cpp, line 516]
Event: 2.642 Thread 0x000001ae43850cf0 Exception <a 'sun/nio/fs/WindowsException'{0x00000000a6c998e0}> (0x00000000a6c998e0) 
thrown [s\src\hotspot\share\prims\jni.cpp, line 516]
Event: 2.642 Thread 0x000001ae43850cf0 Exception <a 'sun/nio/fs/WindowsException'{0x00000000a6c9a2d0}> (0x00000000a6c9a2d0) 
thrown [s\src\hotspot\share\prims\jni.cpp, line 516]
Event: 2.642 Thread 0x000001ae43850cf0 Exception <a 'sun/nio/fs/WindowsException'{0x00000000a6c9a678}> (0x00000000a6c9a678) 
thrown [s\src\hotspot\share\prims\jni.cpp, line 516]
Event: 2.642 Thread 0x000001ae43850cf0 Exception <a 'sun/nio/fs/WindowsException'{0x00000000a6c9b078}> (0x00000000a6c9b078) 
thrown [s\src\hotspot\share\prims\jni.cpp, line 516]
Event: 2.643 Thread 0x000001ae43850cf0 Exception <a 'sun/nio/fs/WindowsException'{0x00000000a6c9b438}> (0x00000000a6c9b438) 
thrown [s\src\hotspot\share\prims\jni.cpp, line 516]
Event: 2.643 Thread 0x000001ae43850cf0 Exception <a 'sun/nio/fs/WindowsException'{0x00000000a6c9be38}> (0x00000000a6c9be38) 
thrown [s\src\hotspot\share\prims\jni.cpp, line 516]
Event: 2.643 Thread 0x000001ae43850cf0 Exception <a 'sun/nio/fs/WindowsException'{0x00000000a6c9c1e8}> (0x00000000a6c9c1e8) 
thrown [s\src\hotspot\share\prims\jni.cpp, line 516]
Event: 2.643 Thread 0x000001ae43850cf0 Exception <a 'sun/nio/fs/WindowsException'{0x00000000a6c9cbe8}> (0x00000000a6c9cbe8) 
thrown [s\src\hotspot\share\prims\jni.cpp, line 516]
Event: 2.643 Thread 0x000001ae43850cf0 Exception <a 'sun/nio/fs/WindowsException'{0x00000000a6c9cfa8}> (0x00000000a6c9cfa8) 
thrown [s\src\hotspot\share\prims\jni.cpp, line 516]
Event: 2.643 Thread 0x000001ae43850cf0 Exception <a 'sun/nio/fs/WindowsException'{0x00000000a6c9d9d0}> (0x00000000a6c9d9d0) 
thrown [s\src\hotspot\share\prims\jni.cpp, line 516]
Event: 2.643 Thread 0x000001ae43850cf0 Exception <a 'sun/nio/fs/WindowsException'{0x00000000a6c9ddb0}> (0x00000000a6c9ddb0) 
thrown [s\src\hotspot\share\prims\jni.cpp, line 516]
Event: 2.643 Thread 0x000001ae43850cf0 Exception <a 'sun/nio/fs/WindowsException'{0x00000000a6c9e7e8}> (0x00000000a6c9e7e8) 
thrown [s\src\hotspot\share\prims\jni.cpp, line 516]
Event: 2.643 Thread 0x000001ae43850cf0 Exception <a 'sun/nio/fs/WindowsException'{0x00000000a6c9ebd8}> (0x00000000a6c9ebd8) 
thrown [s\src\hotspot\share\prims\jni.cpp, line 516]
Event: 2.643 Thread 0x000001ae43850cf0 Exception <a 'sun/nio/fs/WindowsException'{0x00000000a6c9f600}> (0x00000000a6c9f600) 
thrown [s\src\hotspot\share\prims\jni.cpp, line 516]
Event: 2.644 Thread 0x000001ae43850cf0 Exception <a 'sun/nio/fs/WindowsException'{0x00000000a6c9f9f0}> (0x00000000a6c9f9f0) 
thrown [s\src\hotspot\share\prims\jni.cpp, line 516]
Event: 3.017 Thread 0x000001ae4380a170 Exception <a 'java/lang/NoSuchMethodError'{0x00000000a658c540}: 'java.lang.Object java.lang.invoke.Invokers$Holder.invoke_MT(java.lang.Object, java.lang.Object, java.lang.Object)'> (0x00000000a658c540) 
thrown [s\src\hotspot\share\interpreter\linkResolver.cpp, line 759]
Event: 3.146 Thread 0x000001ae4380a170 Exception <a 'java/lang/NoSuchMethodError'{0x00000000b254b998}: 'java.lang.Object java.lang.invoke.DirectMethodHandle$Holder.newInvokeSpecial(java.lang.Object, java.lang.Object, int)'> (0x00000000b254b998) 
thrown [s\src\hotspot\share\interpreter\linkResolver.cpp, line 759]
Event: 3.161 Thread 0x000001ae43946290 Exception <a 'java/lang/NoSuchMethodError'{0x00000000b23f41e8}: 'java.lang.Object java.lang.invoke.Invokers$Holder.linkToTargetMethod(java.lang.Object, long, java.lang.Object)'> (0x00000000b23f41e8) 
thrown [s\src\hotspot\share\interpreter\linkResolver.cpp, line 759]
Event: 3.181 Thread 0x000001ae43947aa0 Exception <a 'java/lang/NoSuchMethodError'{0x00000000b20b9d20}: 'void java.lang.invoke.DirectMethodHandle$Holder.invokeVirtual(java.lang.Object, java.lang.Object, java.lang.Object, java.lang.Object)'> (0x00000000b20b9d20) 
thrown [s\src\hotspot\share\interpreter\linkResolver.cpp, line 759]

VM Operations (20 events):
Event: 3.069 Executing VM operation: G1CollectForAllocation done
Event: 3.080 Executing VM operation: G1TryInitiateConcMark
Event: 3.085 Executing VM operation: G1TryInitiateConcMark done
Event: 3.327 Executing VM operation: G1CollectForAllocation
Event: 3.332 Executing VM operation: G1CollectForAllocation done
Event: 3.332 Executing VM operation: G1CollectForAllocation
Event: 3.360 Executing VM operation: G1CollectForAllocation done
Event: 3.361 Executing VM operation: HandshakeAllThreads
Event: 3.386 Executing VM operation: HandshakeAllThreads done
Event: 3.387 Executing VM operation: HandshakeAllThreads
Event: 3.387 Executing VM operation: HandshakeAllThreads done
Event: 3.427 Executing VM operation: G1CollectForAllocation
Event: 3.440 Executing VM operation: G1CollectForAllocation done
Event: 3.488 Executing VM operation: G1CollectForAllocation
Event: 3.489 Executing VM operation: G1CollectForAllocation done
Event: 3.489 Executing VM operation: G1CollectForAllocation
Event: 3.495 Executing VM operation: G1CollectForAllocation done
Event: 3.531 Executing VM operation: G1CollectForAllocation
Event: 3.532 Executing VM operation: G1CollectForAllocation done
Event: 3.532 Executing VM operation: G1CollectForAllocation

Events (20 events):
Event: 3.179 loading class java/util/concurrent/locks/ReentrantReadWriteLock$NonfairSync done
Event: 3.180 loading class java/util/concurrent/locks/ReentrantReadWriteLock$Sync$ThreadLocalHoldCounter
Event: 3.180 loading class java/util/concurrent/locks/ReentrantReadWriteLock$Sync$ThreadLocalHoldCounter done
Event: 3.180 loading class java/util/concurrent/locks/ReentrantReadWriteLock$ReadLock
Event: 3.180 loading class java/util/concurrent/locks/ReentrantReadWriteLock$ReadLock done
Event: 3.180 loading class java/util/concurrent/locks/ReentrantReadWriteLock$WriteLock
Event: 3.180 loading class java/util/concurrent/locks/ReentrantReadWriteLock$WriteLock done
Event: 3.188 Thread 0x000001ae4394aac0 Thread added: 0x000001ae4394aac0
Event: 3.189 loading class sun/security/provider/MD5
Event: 3.190 loading class sun/security/provider/MD5 done
Event: 3.190 loading class sun/security/provider/ByteArrayAccess$LE
Event: 3.190 loading class sun/security/provider/ByteArrayAccess$LE done
Event: 3.194 Thread 0x000001ae43948440 Thread added: 0x000001ae43948440
Event: 3.288 loading class sun/util/ResourceBundleEnumeration
Event: 3.289 loading class sun/util/ResourceBundleEnumeration done
Event: 3.361 Thread 0x000001ae43948910 Thread added: 0x000001ae43948910
Event: 3.368 Thread 0x000001ae4394af90 Thread added: 0x000001ae4394af90
Event: 3.396 loading class java/lang/AbstractMethodError
Event: 3.396 loading class java/lang/AbstractMethodError done
Event: 3.402 Thread 0x000001ae43946760 Thread added: 0x000001ae43946760


Dynamic libraries:
0x00007ff6735f0000 - 0x00007ff6735fe000 	c:\Users\nhatn\.vscode\extensions\redhat.java-1.13.0-win32-x64\jre\17.0.5-win32-x86_64\bin\java.exe
0x00007ffc89c80000 - 0x00007ffc89e89000 	C:\Windows\SYSTEM32\ntdll.dll
0x00007ffc88e60000 - 0x00007ffc88f1e000 	C:\Windows\System32\KERNEL32.DLL
0x00007ffc87350000 - 0x00007ffc876cb000 	C:\Windows\System32\KERNELBASE.dll
0x00007ffc878c0000 - 0x00007ffc879d1000 	C:\Windows\System32\ucrtbase.dll
0x00007ffc31e40000 - 0x00007ffc31e59000 	c:\Users\nhatn\.vscode\extensions\redhat.java-1.13.0-win32-x64\jre\17.0.5-win32-x86_64\bin\VCRUNTIME140.dll
0x00007ffc31e60000 - 0x00007ffc31e77000 	c:\Users\nhatn\.vscode\extensions\redhat.java-1.13.0-win32-x64\jre\17.0.5-win32-x86_64\bin\jli.dll
0x00007ffc88cb0000 - 0x00007ffc88e5d000 	C:\Windows\System32\USER32.dll
0x00007ffc78c90000 - 0x00007ffc78f35000 	C:\Windows\WinSxS\amd64_microsoft.windows.common-controls_6595b64144ccf1df_6.0.22000.120_none_9d947278b86cc467\COMCTL32.dll
0x00007ffc87150000 - 0x00007ffc87176000 	C:\Windows\System32\win32u.dll
0x00007ffc896f0000 - 0x00007ffc89793000 	C:\Windows\System32\msvcrt.dll
0x00007ffc890e0000 - 0x00007ffc89109000 	C:\Windows\System32\GDI32.dll
0x00007ffc879e0000 - 0x00007ffc87af8000 	C:\Windows\System32\gdi32full.dll
0x00007ffc871f0000 - 0x00007ffc8728d000 	C:\Windows\System32\msvcp_win.dll
0x00007ffc88080000 - 0x00007ffc880b2000 	C:\Windows\System32\IMM32.DLL
0x00007ffc39f20000 - 0x00007ffc39f2c000 	c:\Users\nhatn\.vscode\extensions\redhat.java-1.13.0-win32-x64\jre\17.0.5-win32-x86_64\bin\vcruntime140_1.dll
0x00007ffc1fd60000 - 0x00007ffc1fdf1000 	c:\Users\nhatn\.vscode\extensions\redhat.java-1.13.0-win32-x64\jre\17.0.5-win32-x86_64\bin\msvcp140.dll
0x00007ffb76ae0000 - 0x00007ffb77724000 	c:\Users\nhatn\.vscode\extensions\redhat.java-1.13.0-win32-x64\jre\17.0.5-win32-x86_64\bin\server\jvm.dll
0x00007ffc89b80000 - 0x00007ffc89c2e000 	C:\Windows\System32\ADVAPI32.dll
0x00007ffc87fe0000 - 0x00007ffc8807e000 	C:\Windows\System32\sechost.dll
0x00007ffc89110000 - 0x00007ffc89230000 	C:\Windows\System32\RPCRT4.dll
0x00007ffc82070000 - 0x00007ffc820a3000 	C:\Windows\SYSTEM32\WINMM.dll
0x00007ffc40600000 - 0x00007ffc40609000 	C:\Windows\SYSTEM32\WSOCK32.dll
0x00007ffc81340000 - 0x00007ffc8134a000 	C:\Windows\SYSTEM32\VERSION.dll
0x00007ffc88ad0000 - 0x00007ffc88b3f000 	C:\Windows\System32\WS2_32.dll
0x00007ffc861d0000 - 0x00007ffc861e8000 	C:\Windows\SYSTEM32\kernel.appcore.dll
0x00007ffc36c90000 - 0x00007ffc36c9a000 	c:\Users\nhatn\.vscode\extensions\redhat.java-1.13.0-win32-x64\jre\17.0.5-win32-x86_64\bin\jimage.dll
0x00007ffc7de40000 - 0x00007ffc7e061000 	C:\Windows\SYSTEM32\DBGHELP.DLL
0x00007ffc7e380000 - 0x00007ffc7e3b1000 	C:\Windows\SYSTEM32\dbgcore.DLL
0x00007ffc876d0000 - 0x00007ffc8774f000 	C:\Windows\System32\bcryptPrimitives.dll
0x00007ffc22860000 - 0x00007ffc22885000 	c:\Users\nhatn\.vscode\extensions\redhat.java-1.13.0-win32-x64\jre\17.0.5-win32-x86_64\bin\java.dll
0x00007ffc20200000 - 0x00007ffc20218000 	c:\Users\nhatn\.vscode\extensions\redhat.java-1.13.0-win32-x64\jre\17.0.5-win32-x86_64\bin\zip.dll
0x00007ffc880c0000 - 0x00007ffc88877000 	C:\Windows\System32\SHELL32.dll
0x00007ffc85210000 - 0x00007ffc85a75000 	C:\Windows\SYSTEM32\windows.storage.dll
0x00007ffc89290000 - 0x00007ffc89608000 	C:\Windows\System32\combase.dll
0x00007ffc850a0000 - 0x00007ffc85206000 	C:\Windows\SYSTEM32\wintypes.dll
0x00007ffc88950000 - 0x00007ffc88a3a000 	C:\Windows\System32\SHCORE.dll
0x00007ffc89230000 - 0x00007ffc8928d000 	C:\Windows\System32\shlwapi.dll
0x00007ffc87080000 - 0x00007ffc870a1000 	C:\Windows\SYSTEM32\profapi.dll
0x00007ffc201e0000 - 0x00007ffc201f9000 	C:\Users\nhatn\.vscode\extensions\redhat.java-1.13.0-win32-x64\jre\17.0.5-win32-x86_64\bin\net.dll
0x00007ffc81f50000 - 0x00007ffc82064000 	C:\Windows\SYSTEM32\WINHTTP.dll
0x00007ffc86670000 - 0x00007ffc866d7000 	C:\Windows\system32\mswsock.dll
0x00007ffc1fea0000 - 0x00007ffc1feb5000 	C:\Users\nhatn\.vscode\extensions\redhat.java-1.13.0-win32-x64\jre\17.0.5-win32-x86_64\bin\nio.dll
0x00007ffc2d040000 - 0x00007ffc2d050000 	c:\Users\nhatn\.vscode\extensions\redhat.java-1.13.0-win32-x64\jre\17.0.5-win32-x86_64\bin\verify.dll
0x00007ffc82a50000 - 0x00007ffc82a59000 	C:\Users\nhatn\.vscode\extensions\redhat.java-1.13.0-win32-x64\jre\17.0.5-win32-x86_64\bin\management.dll
0x00007ffc79700000 - 0x00007ffc7970b000 	C:\Users\nhatn\.vscode\extensions\redhat.java-1.13.0-win32-x64\jre\17.0.5-win32-x86_64\bin\management_ext.dll
0x00007ffc88880000 - 0x00007ffc88888000 	C:\Windows\System32\PSAPI.DLL
0x00007ffc6a8e0000 - 0x00007ffc6a8f7000 	C:\Windows\system32\napinsp.dll
0x00007ffc67060000 - 0x00007ffc6707b000 	C:\Windows\system32\pnrpnsp.dll
0x00007ffc85cf0000 - 0x00007ffc85dd8000 	C:\Windows\SYSTEM32\DNSAPI.dll
0x00007ffc85cc0000 - 0x00007ffc85ced000 	C:\Windows\SYSTEM32\IPHLPAPI.DLL
0x00007ffc87b60000 - 0x00007ffc87b69000 	C:\Windows\System32\NSI.dll
0x00007ffc7a960000 - 0x00007ffc7a972000 	C:\Windows\System32\winrnr.dll
0x00007ffc81100000 - 0x00007ffc81115000 	C:\Windows\system32\wshbth.dll
0x00007ffc7a940000 - 0x00007ffc7a95f000 	C:\Windows\system32\nlansp_c.dll
0x0000000060b90000 - 0x0000000060bc5000 	C:\Program Files\Bonjour\mdnsNSP.dll
0x00007ffc7ff60000 - 0x00007ffc7ff6a000 	C:\Windows\System32\rasadhlp.dll
0x00007ffc80fd0000 - 0x00007ffc81051000 	C:\Windows\System32\fwpuclnt.dll
0x00007ffc868b0000 - 0x00007ffc868c8000 	C:\Windows\SYSTEM32\CRYPTSP.dll
0x00007ffc86130000 - 0x00007ffc86165000 	C:\Windows\system32\rsaenh.dll
0x00007ffc86760000 - 0x00007ffc86789000 	C:\Windows\SYSTEM32\USERENV.dll
0x00007ffc86ab0000 - 0x00007ffc86ad7000 	C:\Windows\SYSTEM32\bcrypt.dll
0x00007ffc868d0000 - 0x00007ffc868dc000 	C:\Windows\SYSTEM32\CRYPTBASE.dll
0x00007ffc822d0000 - 0x00007ffc822e9000 	C:\Windows\SYSTEM32\dhcpcsvc6.DLL
0x00007ffc82470000 - 0x00007ffc8248e000 	C:\Windows\SYSTEM32\dhcpcsvc.DLL

dbghelp: loaded successfully - version: 4.0.5 - missing functions: none
symbol engine: initialized successfully - sym options: 0x614 - pdb path: .;c:\Users\nhatn\.vscode\extensions\redhat.java-1.13.0-win32-x64\jre\17.0.5-win32-x86_64\bin;C:\Windows\SYSTEM32;C:\Windows\WinSxS\amd64_microsoft.windows.common-controls_6595b64144ccf1df_6.0.22000.120_none_9d947278b86cc467;c:\Users\nhatn\.vscode\extensions\redhat.java-1.13.0-win32-x64\jre\17.0.5-win32-x86_64\bin\server;C:\Program Files\Bonjour

VM Arguments:
jvm_args: -Dsts.lsp.client=vscode -Dsts.log.file=/dev/null -XX:TieredStopAtLevel=1 -Xlog:jni+resolve=off -Dspring.config.location=file:c:\Users\nhatn\.vscode\extensions\pivotal.vscode-spring-boot-1.42.0\language-server\BOOT-INF\classes\application.properties 
java_command: org.springframework.ide.vscode.boot.app.BootLanguageServerBootApp
java_class_path (initial): c:\Users\nhatn\.vscode\extensions\pivotal.vscode-spring-boot-1.42.0\language-server\BOOT-INF\classes;c:\Users\nhatn\.vscode\extensions\pivotal.vscode-spring-boot-1.42.0\language-server\BOOT-INF\lib\annotations-23.1.0.jar;c:\Users\nhatn\.vscode\extensions\pivotal.vscode-spring-boot-1.42.0\language-server\BOOT-INF\lib\ant-1.10.12.jar;c:\Users\nhatn\.vscode\extensions\pivotal.vscode-spring-boot-1.42.0\language-server\BOOT-INF\lib\ant-launcher-1.10.12.jar;c:\Users\nhatn\.vscode\extensions\pivotal.vscode-spring-boot-1.42.0\language-server\BOOT-INF\lib\antlr-runtime-3.5.2.jar;c:\Users\nhatn\.vscode\extensions\pivotal.vscode-spring-boot-1.42.0\language-server\BOOT-INF\lib\antlr4-4.9.3.jar;c:\Users\nhatn\.vscode\extensions\pivotal.vscode-spring-boot-1.42.0\language-server\BOOT-INF\lib\antlr4-runtime-4.9.3.jar;c:\Users\nhatn\.vscode\extensions\pivotal.vscode-spring-boot-1.42.0\language-server\BOOT-INF\lib\apiguardian-api-1.1.2.jar;c:\Users\nhatn\.vscode\extensions\pivotal.vscode-spring-boot-1.42.0\language-server\BOOT-INF\lib\asm-9.4.jar;c:\Users\nhatn\.vscode\extensions\pivotal.vscode-spring-boot-1.42.0\language-server\BOOT-INF\lib\asm-analysis-9.4.jar;c:\Users\nhatn\.vscode\extensions\pivotal.vscode-spring-boot-1.42.0\language-server\BOOT-INF\lib\asm-tree-9.4.jar;c:\Users\nhatn\.vscode\extensions\pivotal.vscode-spring-boot-1.42.0\language-server\BOOT-INF\lib\asm-util-9.4.jar;c:\Users\nhatn\.vscode\extensions\pivotal.vscode-spring-boot-1.42.0\language-server\BOOT-INF\lib\caffeine-2.9.3.jar;c:\Users\nhatn\.vscode\extensions\pivotal.vscode-spring-boot-1.42.0\language-server\BOOT-INF\lib\checker-qual-3.12.0.jar;c:\Users\nhatn\.vscode\extensions\pivotal.vscode-spring-boot-1.42.0\language-server\BOOT-INF\lib\ci-environment-9.1.0.jar;c:\Users\nhatn\.vscode\extensions\pivotal.vscode-spring-boot-1.42.0\language-server\BOOT-INF\lib\classgraph-4.8.149.jar;c:\Users\nhatn\.vscode\extensions\pivotal.vscode-spring-boot-1.42.0\language-server\BOOT-INF\lib\comm
Launcher Type: SUN_STANDARD

[Global flags]
     intx CICompilerCount                          = 4                                         {product} {ergonomic}
     uint ConcGCThreads                            = 2                                         {product} {ergonomic}
     uint G1ConcRefinementThreads                  = 8                                         {product} {ergonomic}
   size_t G1HeapRegionSize                         = 1048576                                   {product} {ergonomic}
    uintx GCDrainStackTargetSize                   = 64                                        {product} {ergonomic}
   size_t InitialHeapSize                          = 100663296                                 {product} {ergonomic}
   size_t MarkStackSize                            = 4194304                                   {product} {ergonomic}
   size_t MaxHeapSize                              = 1595932672                                {product} {ergonomic}
   size_t MaxNewSize                               = 957349888                                 {product} {ergonomic}
   size_t MinHeapDeltaBytes                        = 1048576                                   {product} {ergonomic}
   size_t MinHeapSize                              = 8388608                                   {product} {ergonomic}
    uintx NonProfiledCodeHeapSize                  = 0                                      {pd product} {ergonomic}
     bool ProfileInterpreter                       = false                                  {pd product} {command line}
    uintx ProfiledCodeHeapSize                     = 0                                      {pd product} {ergonomic}
   size_t SoftMaxHeapSize                          = 1595932672                             {manageable} {ergonomic}
     intx TieredStopAtLevel                        = 1                                         {product} {command line}
     bool UseCompressedClassPointers               = true                           {product lp64_product} {ergonomic}
     bool UseCompressedOops                        = true                           {product lp64_product} {ergonomic}
     bool UseG1GC                                  = true                                      {product} {ergonomic}
     bool UseLargePagesIndividualAllocation        = false                                  {pd product} {ergonomic}

Logging:
Log output configuration:
 #0: stdout all=warning,jni+resolve=off uptime,level,tags
 #1: stderr all=off uptime,level,tags

Environment Variables:
JAVA_HOME=C:\Program Files\Java\jdk-11.0.16
PATH=C:\Program Files\NVIDIA GPU Computing Toolkit\CUDA\v8.0\bin;C:\Program Files\NVIDIA GPU Computing Toolkit\CUDA\v8.0\libnvvp;C:\Program Files (x86)\VMware\VMware Workstation\bin\;C:\ProgramData\Oracle\Java\javapath;C:\Program Files\Common Files\Oracle\Java\javapath;C:\Program Files (x86)\Common Files\Oracle\Java\javapath;C:\Windows\system32;C:\Windows;C:\Windows\System32\Wbem;C:\Windows\System32\WindowsPowerShell\v1.0\;C:\Windows\System32\OpenSSH\;C:\Program Files\dotnet\;C:\Program Files\Microsoft SQL Server\130\Tools\Binn\;C:\Program Files\Microsoft SQL Server\Client SDK\ODBC\170\Tools\Binn\;C:\Program Files (x86)\Microsoft SQL Server\150\Tools\Binn\;C:\Program Files\Microsoft SQL Server\150\Tools\Binn\;C:\Program Files\Microsoft SQL Server\150\DTS\Binn\;C:\Program Files (x86)\Microsoft SQL Server\150\DTS\Binn\;C:\Program Files\Azure Data Studio\bin;C:\Program Files\Java\jdk-17.0.1\bin;C:\Program Files\Git\cmd;C:\Users\nhatn\apache-maven-3.8.6-bin\apache-maven-3.8.6\bin;C:\Program Files\Java\jdk-11.0.16\bin;C:\Program Files\Java\jdk-18.0.2.1\bin;C:\Program Files\Java\jdk1.8.0_45\bin;C:\Program Files (x86)\dotnet\;C:\Program Files (x86)\NVIDIA Corporation\PhysX\Common;C:\Program Files\nodejs\;C:\sqlite3;C:\Users\nhatn\AppData\Local\Microsoft\WindowsApps;C:\Users\nhatn\.dotnet\tools;C:\Program Files\Azure Data Studio\bin;C:\Users\nhatn\AppData\Local\Programs\Microsoft VS Code\bin;C:\Users\nhatn\AppData\Local\Programs\oh-my-posh\bin;C:\Program Files\heroku\bin;C:\Program Files\JetBrains\IntelliJ IDEA 2021.1.3\bin;;C:\Users\nhatn\AppData\Roaming\npm
USERNAME=nhatn
OS=Windows_NT
PROCESSOR_IDENTIFIER=AMD64 Family 23 Model 24 Stepping 1, AuthenticAMD
TMP=C:\Users\nhatn\AppData\Local\Temp
TEMP=C:\Users\nhatn\AppData\Local\Temp



---------------  S Y S T E M  ---------------

OS:
 Windows 11 , 64 bit Build 22000 (10.0.22000.1335)
OS uptime: 4 days 5:16 hours
Hyper-V role detected

CPU: total 8 (initial active 8) (8 cores per cpu, 2 threads per core) family 23 model 24 stepping 1 microcode 0x0, cx8, cmov, fxsr, ht, mmx, 3dnowpref, sse, sse2, sse3, ssse3, sse4a, sse4.1, sse4.2, popcnt, lzcnt, tsc, tscinvbit, avx, avx2, aes, clmul, bmi1, bmi2, adx, sha, fma, vzeroupper, clflush, clflushopt, hv

Memory: 4k page, system-wide physical 6080M (523M free)
TotalPageFile size 24512M (AvailPageFile size 6M)
current process WorkingSet (physical memory assigned to process): 411M, peak: 411M
current process commit charge ("private bytes"): 737M, peak: 741M

vm_info: OpenJDK 64-Bit Server VM (17.0.5+8) for windows-amd64 JRE (17.0.5+8), built on Oct 19 2022 04:48:13 by "temurin" with MS VC++ 16.7 (VS2019)

END.
