#
# There is insufficient memory for the Java Runtime Environment to continue.
# Native memory allocation (mmap) failed to map 294649856 bytes for G1 virtual space
# Possible reasons:
#   The system is out of physical RAM or swap space
#   The process is running with CompressedOops enabled, and the Java Heap may be blocking the growth of the native heap
# Possible solutions:
#   Reduce memory load on the system
#   Increase physical memory or swap space
#   Check if swap backing store is full
#   Decrease Java heap size (-Xmx/-Xms)
#   Decrease number of Java threads
#   Decrease Java thread stack sizes (-Xss)
#   Set larger code cache with -XX:ReservedCodeCacheSize=
#   JVM is running with Unscaled Compressed Oops mode in which the Java heap is
#     placed in the first 4GB address space. The Java Heap base address is the
#     maximum limit for the native heap growth. Please use -XX:HeapBaseMinAddress
#     to set the Java Heap base and to place the Java Heap above 4GB virtual address.
# This output file may be truncated or incomplete.
#
#  Out of Memory Error (os_windows.cpp:3548), pid=19940, tid=12004
#
# JRE version: OpenJDK Runtime Environment Temurin-17.0.5+8 (17.0.5+8) (build 17.0.5+8)
# Java VM: OpenJDK 64-Bit Server VM Temurin-17.0.5+8 (17.0.5+8, mixed mode, emulated-client, tiered, compressed oops, compressed class ptrs, g1 gc, windows-amd64)
# No core dump will be written. Minidumps are not enabled by default on client versions of Windows
#

---------------  S U M M A R Y ------------

Command Line: -Dsts.lsp.client=vscode -Dsts.log.file=/dev/null -XX:TieredStopAtLevel=1 -Xlog:jni+resolve=off -Dspring.config.location=file:c:\Users\nhatn\.vscode\extensions\pivotal.vscode-spring-boot-1.42.0\language-server\BOOT-INF\classes\application.properties org.springframework.ide.vscode.boot.app.BootLanguageServerBootApp

Host: AMD Ryzen 5 3550H with Radeon Vega Mobile Gfx  , 8 cores, 5G,  Windows 11 , 64 bit Build 22000 (10.0.22000.1335)
Time: Wed Dec 21 09:34:29 2022 SE Asia Standard Time elapsed time: 3.451003 seconds (0d 0h 0m 3s)

---------------  T H R E A D  ---------------

Current thread (0x0000026218fd4280):  VMThread "VM Thread" [stack: 0x000000ffd0400000,0x000000ffd0500000] [id=12004]

Stack: [0x000000ffd0400000,0x000000ffd0500000]
Native frames: (J=compiled Java code, j=interpreted, Vv=VM code, C=native code)
V  [jvm.dll+0x676b3a]
V  [jvm.dll+0x831444]
V  [jvm.dll+0x832bee]
V  [jvm.dll+0x833253]
V  [jvm.dll+0x244ce5]
V  [jvm.dll+0x673a49]
V  [jvm.dll+0x66811a]
V  [jvm.dll+0x303ceb]
V  [jvm.dll+0x30b1e6]
V  [jvm.dll+0x35adbe]
V  [jvm.dll+0x35afef]
V  [jvm.dll+0x2dab88]
V  [jvm.dll+0x2d8e3c]
V  [jvm.dll+0x2d840c]
V  [jvm.dll+0x31c31b]
V  [jvm.dll+0x8376fb]
V  [jvm.dll+0x838434]
V  [jvm.dll+0x83894c]
V  [jvm.dll+0x838d24]
V  [jvm.dll+0x838df0]
V  [jvm.dll+0x7e17ea]
V  [jvm.dll+0x6759e5]
C  [ucrtbase.dll+0x26c0c]
C  [KERNEL32.DLL+0x155a0]
C  [ntdll.dll+0x485b]

VM_Operation (0x000000ffd31fe200): G1CollectForAllocation, mode: safepoint, requested by thread 0x000002621b296ec0


---------------  P R O C E S S  ---------------

Threads class SMR info:
_java_thread_list=0x000002621dd75b70, length=52, elements={
0x0000026218feb380, 0x0000026218fee5f0, 0x0000026218ffe5a0, 0x0000026219021010,
0x00000262190218d0, 0x0000026219022930, 0x0000026219025200, 0x0000026219c0a820,
0x0000026219dfb9b0, 0x0000026219e0c910, 0x0000026219e142a0, 0x000002621a763820,
0x000002621a774390, 0x000002621af4f4c0, 0x000002621b1efcd0, 0x000002621b1f03c0,
0x000002620cf7deb0, 0x000002621ae095b0, 0x000002621b2d2020, 0x000002621b273c20,
0x000002621b2d2d00, 0x000002621b272e10, 0x000002621b2fe0b0, 0x000002621b2fd240,
0x000002621b2fd710, 0x000002621b2fc3d0, 0x000002621b2fb560, 0x000002621b2fe580,
0x000002621b2fcd70, 0x000002621b2fea50, 0x000002621b2fdbe0, 0x000002621b2fc8a0,
0x000002621b2fba30, 0x000002621b2fb090, 0x000002621b2fbf00, 0x000002621b296ec0,
0x000002621b297390, 0x000002621b299070, 0x000002621b297860, 0x000002621b299540,
0x000002621b297d30, 0x000002621b299a10, 0x000002621b29a3b0, 0x000002621b298200,
0x000002621b2969f0, 0x000002621b298ba0, 0x000002621ddedbc0, 0x000002621ddeef00,
0x000002621ddf0710, 0x000002621ddec880, 0x000002621ddf3730, 0x000002621ddecd50
}

Java Threads: ( => current thread )
  0x0000026218feb380 JavaThread "Reference Handler" daemon [_thread_blocked, id=9664, stack(0x000000ffd0500000,0x000000ffd0600000)]
  0x0000026218fee5f0 JavaThread "Finalizer" daemon [_thread_blocked, id=18860, stack(0x000000ffd0600000,0x000000ffd0700000)]
  0x0000026218ffe5a0 JavaThread "Signal Dispatcher" daemon [_thread_blocked, id=8784, stack(0x000000ffd0700000,0x000000ffd0800000)]
  0x0000026219021010 JavaThread "Attach Listener" daemon [_thread_blocked, id=19404, stack(0x000000ffd0800000,0x000000ffd0900000)]
  0x00000262190218d0 JavaThread "Service Thread" daemon [_thread_blocked, id=3600, stack(0x000000ffd0900000,0x000000ffd0a00000)]
  0x0000026219022930 JavaThread "Monitor Deflation Thread" daemon [_thread_blocked, id=6400, stack(0x000000ffd0a00000,0x000000ffd0b00000)]
  0x0000026219025200 JavaThread "C1 CompilerThread0" daemon [_thread_blocked, id=4812, stack(0x000000ffd0b00000,0x000000ffd0c00000)]
  0x0000026219c0a820 JavaThread "Sweeper thread" daemon [_thread_blocked, id=4700, stack(0x000000ffd0c00000,0x000000ffd0d00000)]
  0x0000026219dfb9b0 JavaThread "C1 CompilerThread1" daemon [_thread_blocked, id=4252, stack(0x000000ffd0d00000,0x000000ffd0e00000)]
  0x0000026219e0c910 JavaThread "Notification Thread" daemon [_thread_blocked, id=15836, stack(0x000000ffd0e00000,0x000000ffd0f00000)]
  0x0000026219e142a0 JavaThread "Common-Cleaner" daemon [_thread_blocked, id=13488, stack(0x000000ffd1000000,0x000000ffd1100000)]
  0x000002621a763820 JavaThread "C1 CompilerThread2" daemon [_thread_blocked, id=5832, stack(0x000000ffd1100000,0x000000ffd1200000)]
  0x000002621a774390 JavaThread "C1 CompilerThread3" daemon [_thread_blocked, id=8348, stack(0x000000ffd1200000,0x000000ffd1300000)]
  0x000002621af4f4c0 JavaThread "boundedElastic-evictor-1" daemon [_thread_blocked, id=12984, stack(0x000000ffd1b00000,0x000000ffd1c00000)]
  0x000002621b1efcd0 JavaThread "pool-11-thread-1" [_thread_blocked, id=3448, stack(0x000000ffd1d00000,0x000000ffd1e00000)]
  0x000002621b1f03c0 JavaThread "LanguageServerApp-lifecycle" [_thread_blocked, id=15412, stack(0x000000ffd1e00000,0x000000ffd1f00000)]
  0x000002620cf7deb0 JavaThread "DestroyJavaVM" [_thread_blocked, id=15680, stack(0x000000ffcfe00000,0x000000ffcff00000)]
  0x000002621ae095b0 JavaThread "pool-12-thread-1" [_thread_in_native, id=16432, stack(0x000000ffd1f00000,0x000000ffd2000000)]
  0x000002621b2d2020 JavaThread "Simple-Language-Server main thread" daemon [_thread_blocked, id=15776, stack(0x000000ffd2000000,0x000000ffd2100000)]
  0x000002621b273c20 JavaThread "pool-8-thread-1" [_thread_blocked, id=4228, stack(0x000000ffd2100000,0x000000ffd2200000)]
  0x000002621b2d2d00 JavaThread "parallel-1" daemon [_thread_blocked, id=12356, stack(0x000000ffd2200000,0x000000ffd2300000)]
  0x000002621b272e10 JavaThread "parallel-2" daemon [_thread_blocked, id=13912, stack(0x000000ffd2300000,0x000000ffd2400000)]
  0x000002621b2fe0b0 JavaThread "parallel-3" daemon [_thread_blocked, id=8952, stack(0x000000ffd2400000,0x000000ffd2500000)]
  0x000002621b2fd240 JavaThread "parallel-4" daemon [_thread_blocked, id=14404, stack(0x000000ffd2500000,0x000000ffd2600000)]
  0x000002621b2fd710 JavaThread "ForkJoinPool.commonPool-worker-1" daemon [_thread_blocked, id=3420, stack(0x000000ffd2600000,0x000000ffd2700000)]
  0x000002621b2fc3d0 JavaThread "pool-5-thread-1" [_thread_blocked, id=14472, stack(0x000000ffd2700000,0x000000ffd2800000)]
  0x000002621b2fb560 JavaThread "parallel-5" daemon [_thread_blocked, id=20240, stack(0x000000ffd2800000,0x000000ffd2900000)]
  0x000002621b2fe580 JavaThread "ClassGraph-worker-0" daemon [_thread_blocked, id=8588, stack(0x000000ffd2900000,0x000000ffd2a00000)]
  0x000002621b2fcd70 JavaThread "ClassGraph-worker-1" daemon [_thread_blocked, id=15592, stack(0x000000ffd2a00000,0x000000ffd2b00000)]
  0x000002621b2fea50 JavaThread "ClassGraph-worker-2" daemon [_thread_blocked, id=4140, stack(0x000000ffd2b00000,0x000000ffd2c00000)]
  0x000002621b2fdbe0 JavaThread "ClassGraph-worker-3" daemon [_thread_blocked, id=9296, stack(0x000000ffd2c00000,0x000000ffd2d00000)]
  0x000002621b2fc8a0 JavaThread "ClassGraph-worker-4" daemon [_thread_blocked, id=1988, stack(0x000000ffd2d00000,0x000000ffd2e00000)]
  0x000002621b2fba30 JavaThread "ClassGraph-worker-5" daemon [_thread_blocked, id=19216, stack(0x000000ffd2e00000,0x000000ffd2f00000)]
  0x000002621b2fb090 JavaThread "ClassGraph-worker-6" daemon [_thread_blocked, id=8316, stack(0x000000ffd2f00000,0x000000ffd3000000)]
  0x000002621b2fbf00 JavaThread "ClassGraph-worker-7" daemon [_thread_blocked, id=7812, stack(0x000000ffd3000000,0x000000ffd3100000)]
  0x000002621b296ec0 JavaThread "ClassGraph-worker-8" daemon [_thread_blocked, id=13500, stack(0x000000ffd3100000,0x000000ffd3200000)]
  0x000002621b297390 JavaThread "ClassGraph-worker-9" daemon [_thread_blocked, id=1268, stack(0x000000ffd3200000,0x000000ffd3300000)]
  0x000002621b299070 JavaThread "ClassGraph-worker-10" daemon [_thread_blocked, id=6292, stack(0x000000ffd3300000,0x000000ffd3400000)]
  0x000002621b297860 JavaThread "ClassGraph-worker-11" daemon [_thread_blocked, id=10144, stack(0x000000ffd3400000,0x000000ffd3500000)]
  0x000002621b299540 JavaThread "ClassGraph-worker-12" daemon [_thread_blocked, id=18772, stack(0x000000ffd3500000,0x000000ffd3600000)]
  0x000002621b297d30 JavaThread "ClassGraph-worker-13" daemon [_thread_blocked, id=7944, stack(0x000000ffd3600000,0x000000ffd3700000)]
  0x000002621b299a10 JavaThread "Reconciler-1" daemon [_thread_blocked, id=6872, stack(0x000000ffd3700000,0x000000ffd3800000)]
  0x000002621b29a3b0 JavaThread "pool-6-thread-1" [_thread_blocked, id=3572, stack(0x000000ffd3800000,0x000000ffd3900000)]
  0x000002621b298200 JavaThread "pool-10-thread-1" [_thread_blocked, id=16860, stack(0x000000ffd3900000,0x000000ffd3a00000)]
  0x000002621b2969f0 JavaThread "parallel-6" daemon [_thread_blocked, id=8156, stack(0x000000ffd3a00000,0x000000ffd3b00000)]
  0x000002621b298ba0 JavaThread "parallel-7" daemon [_thread_blocked, id=2124, stack(0x000000ffd3b00000,0x000000ffd3c00000)]
  0x000002621ddedbc0 JavaThread "pool-10-thread-2" [_thread_blocked, id=17920, stack(0x000000ffd3d00000,0x000000ffd3e00000)]
  0x000002621ddeef00 JavaThread "parallel-8" daemon [_thread_blocked, id=9328, stack(0x000000ffd3e00000,0x000000ffd3f00000)]
  0x000002621ddf0710 JavaThread "ForkJoinPool.commonPool-worker-2" daemon [_thread_blocked, id=8912, stack(0x000000ffd3f00000,0x000000ffd4000000)]
  0x000002621ddec880 JavaThread "Project-Reconciler-1" daemon [_thread_blocked, id=18560, stack(0x000000ffd4000000,0x000000ffd4100000)]
  0x000002621ddf3730 JavaThread "pool-10-thread-3" [_thread_blocked, id=11832, stack(0x000000ffd4100000,0x000000ffd4200000)]
  0x000002621ddecd50 JavaThread "Project-Reconciler-2" daemon [_thread_blocked, id=18116, stack(0x000000ffd4200000,0x000000ffd4300000)]

Other Threads:
=>0x0000026218fd4280 VMThread "VM Thread" [stack: 0x000000ffd0400000,0x000000ffd0500000] [id=12004]
  0x000002620cfe7d30 WatcherThread [stack: 0x000000ffd0f00000,0x000000ffd1000000] [id=17160]
  0x000002620cfcae10 GCTaskThread "GC Thread#0" [stack: 0x000000ffcff00000,0x000000ffd0000000] [id=11320]
  0x000002621a8559e0 GCTaskThread "GC Thread#1" [stack: 0x000000ffd1300000,0x000000ffd1400000] [id=9904]
  0x000002621a896420 GCTaskThread "GC Thread#2" [stack: 0x000000ffd1400000,0x000000ffd1500000] [id=12812]
  0x000002621a896ae0 GCTaskThread "GC Thread#3" [stack: 0x000000ffd1500000,0x000000ffd1600000] [id=20044]
  0x000002621a8971a0 GCTaskThread "GC Thread#4" [stack: 0x000000ffd1600000,0x000000ffd1700000] [id=20028]
  0x000002621a89b460 GCTaskThread "GC Thread#5" [stack: 0x000000ffd1700000,0x000000ffd1800000] [id=3676]
  0x000002621aa76850 GCTaskThread "GC Thread#6" [stack: 0x000000ffd1900000,0x000000ffd1a00000] [id=19516]
  0x000002621aa76b00 GCTaskThread "GC Thread#7" [stack: 0x000000ffd1a00000,0x000000ffd1b00000] [id=15660]
  0x000002620cfd7c00 ConcurrentGCThread "G1 Main Marker" [stack: 0x000000ffd0000000,0x000000ffd0100000] [id=10344]
  0x000002620cfd93d0 ConcurrentGCThread "G1 Conc#0" [stack: 0x000000ffd0100000,0x000000ffd0200000] [id=2856]
  0x000002621ac88d80 ConcurrentGCThread "G1 Conc#1" [stack: 0x000000ffd1c00000,0x000000ffd1d00000] [id=14572]
  0x000002620d03da50 ConcurrentGCThread "G1 Refine#0" [stack: 0x000000ffd0200000,0x000000ffd0300000] [id=2584]
  0x0000026219f36c60 ConcurrentGCThread "G1 Refine#1" [stack: 0x000000ffd1800000,0x000000ffd1900000] [id=5092]
  0x000002621b0cfa60 ConcurrentGCThread "G1 Refine#2" [stack: 0x000000ffd3c00000,0x000000ffd3d00000] [id=10732]
  0x000002620d03e220 ConcurrentGCThread "G1 Service" [stack: 0x000000ffd0300000,0x000000ffd0400000] [id=11824]

Threads with active compile tasks:
C1 CompilerThread0     3463 4204       1       jdk.internal.module.SystemModuleFinders$SystemModuleReader::open (15 bytes)
C1 CompilerThread1     3463 4202       1       jdk.internal.module.SystemModuleFinders$SystemModuleReader::findImageLocation (42 bytes)
C1 CompilerThread2     3463 4183       1       jdk.internal.jimage.ImageLocation::verify (38 bytes)
C1 CompilerThread3     3463 4185   !   1       io.github.classgraph.Classfile::<init> (860 bytes)

VM state: at safepoint (normal execution)

VM Mutex/Monitor currently owned by a thread:  ([mutex/lock_event])
[0x000002620ad423d0] Threads_lock - owner thread: 0x0000026218fd4280
[0x000002620cf6dde0] Heap_lock - owner thread: 0x000002621b296ec0

Heap address: 0x00000000a0e00000, size: 1522 MB, Compressed Oops mode: 32-bit

CDS archive(s) not mapped
Compressed class space mapped at: 0x0000000100000000-0x0000000140000000, reserved size: 1073741824
Narrow klass base: 0x0000000000000000, Narrow klass shift: 3, Narrow klass range: 0x140000000

GC Precious Log:
 CPUs: 8 total, 8 available
 Memory: 6080M
 Large Page Support: Disabled
 NUMA Support: Disabled
 Compressed Oops: Enabled (32-bit)
 Heap Region Size: 1M
 Heap Min Capacity: 8M
 Heap Initial Capacity: 96M
 Heap Max Capacity: 1522M
 Pre-touch: Disabled
 Parallel Workers: 8
 Concurrent Workers: 2
 Concurrent Refinement Workers: 8
 Periodic GC: Disabled

Heap:
 garbage-first heap   total 297984K, used 94183K [0x00000000a0e00000, 0x0000000100000000)
  region size 1024K, 13 young (13312K), 13 survivors (13312K)
 Metaspace       used 40589K, committed 40960K, reserved 1089536K
  class space    used 5065K, committed 5248K, reserved 1048576K

Heap Regions: E=young(eden), S=young(survivor), O=old, HS=humongous(starts), HC=humongous(continues), CS=collection set, F=free, OA=open archive, CA=closed archive, TAMS=top-at-mark-start (previous, next)
|   0|0x00000000a0e00000, 0x00000000a0f00000, 0x00000000a0f00000|100%| O|  |TAMS 0x00000000a0f00000, 0x00000000a0e00000| Untracked 
|   1|0x00000000a0f00000, 0x00000000a1000000, 0x00000000a1000000|100%| O|  |TAMS 0x00000000a1000000, 0x00000000a0f00000| Untracked 
|   2|0x00000000a1000000, 0x00000000a1100000, 0x00000000a1100000|100%| O|  |TAMS 0x00000000a1100000, 0x00000000a1000000| Untracked 
|   3|0x00000000a1100000, 0x00000000a1200000, 0x00000000a1200000|100%| O|  |TAMS 0x00000000a1200000, 0x00000000a1100000| Untracked 
|   4|0x00000000a1200000, 0x00000000a1300000, 0x00000000a1300000|100%| O|  |TAMS 0x00000000a1300000, 0x00000000a1200000| Untracked 
|   5|0x00000000a1300000, 0x00000000a1400000, 0x00000000a1400000|100%| O|  |TAMS 0x00000000a1400000, 0x00000000a1300000| Untracked 
|   6|0x00000000a1400000, 0x00000000a1500000, 0x00000000a1500000|100%| O|  |TAMS 0x00000000a1500000, 0x00000000a1400000| Untracked 
|   7|0x00000000a1500000, 0x00000000a1600000, 0x00000000a1600000|100%| O|  |TAMS 0x00000000a1600000, 0x00000000a1500000| Untracked 
|   8|0x00000000a1600000, 0x00000000a16bbe00, 0x00000000a1700000| 73%| O|  |TAMS 0x00000000a16bbe00, 0x00000000a1600000| Untracked 
|   9|0x00000000a1700000, 0x00000000a1800000, 0x00000000a1800000|100%| O|  |TAMS 0x00000000a1800000, 0x00000000a1700000| Untracked 
|  10|0x00000000a1800000, 0x00000000a1900000, 0x00000000a1900000|100%| O|  |TAMS 0x00000000a1900000, 0x00000000a1800000| Untracked 
|  11|0x00000000a1900000, 0x00000000a1a00000, 0x00000000a1a00000|100%| O|  |TAMS 0x00000000a1a00000, 0x00000000a1900000| Untracked 
|  12|0x00000000a1a00000, 0x00000000a1b00000, 0x00000000a1b00000|100%| O|  |TAMS 0x00000000a1b00000, 0x00000000a1a00000| Untracked 
|  13|0x00000000a1b00000, 0x00000000a1c00000, 0x00000000a1c00000|100%| O|  |TAMS 0x00000000a1c00000, 0x00000000a1b00000| Untracked 
|  14|0x00000000a1c00000, 0x00000000a1d00000, 0x00000000a1d00000|100%| O|  |TAMS 0x00000000a1d00000, 0x00000000a1c00000| Untracked 
|  15|0x00000000a1d00000, 0x00000000a1e00000, 0x00000000a1e00000|100%| O|  |TAMS 0x00000000a1e00000, 0x00000000a1d00000| Untracked 
|  16|0x00000000a1e00000, 0x00000000a1f00000, 0x00000000a1f00000|100%| O|  |TAMS 0x00000000a1f00000, 0x00000000a1e00000| Untracked 
|  17|0x00000000a1f00000, 0x00000000a2000000, 0x00000000a2000000|100%| O|  |TAMS 0x00000000a2000000, 0x00000000a1f00000| Untracked 
|  18|0x00000000a2000000, 0x00000000a2100000, 0x00000000a2100000|100%| O|  |TAMS 0x00000000a2100000, 0x00000000a2000000| Untracked 
|  19|0x00000000a2100000, 0x00000000a2200000, 0x00000000a2200000|100%| O|  |TAMS 0x00000000a2200000, 0x00000000a2100000| Untracked 
|  20|0x00000000a2200000, 0x00000000a2300000, 0x00000000a2300000|100%| O|  |TAMS 0x00000000a2300000, 0x00000000a2200000| Untracked 
|  21|0x00000000a2300000, 0x00000000a2400000, 0x00000000a2400000|100%| O|  |TAMS 0x00000000a2400000, 0x00000000a2300000| Untracked 
|  22|0x00000000a2400000, 0x00000000a2500000, 0x00000000a2500000|100%| O|  |TAMS 0x00000000a2500000, 0x00000000a2400000| Untracked 
|  23|0x00000000a2500000, 0x00000000a2600000, 0x00000000a2600000|100%| O|  |TAMS 0x00000000a2600000, 0x00000000a2500000| Untracked 
|  24|0x00000000a2600000, 0x00000000a2700000, 0x00000000a2700000|100%| O|  |TAMS 0x00000000a2700000, 0x00000000a2600000| Untracked 
|  25|0x00000000a2700000, 0x00000000a2800000, 0x00000000a2800000|100%| O|  |TAMS 0x00000000a2800000, 0x00000000a2700000| Untracked 
|  26|0x00000000a2800000, 0x00000000a2900000, 0x00000000a2900000|100%| O|  |TAMS 0x00000000a2900000, 0x00000000a2800000| Untracked 
|  27|0x00000000a2900000, 0x00000000a2a00000, 0x00000000a2a00000|100%| O|  |TAMS 0x00000000a2a00000, 0x00000000a2900000| Untracked 
|  28|0x00000000a2a00000, 0x00000000a2b00000, 0x00000000a2b00000|100%| O|  |TAMS 0x00000000a2b00000, 0x00000000a2a00000| Untracked 
|  29|0x00000000a2b00000, 0x00000000a2c00000, 0x00000000a2c00000|100%| O|  |TAMS 0x00000000a2c00000, 0x00000000a2b00000| Untracked 
|  30|0x00000000a2c00000, 0x00000000a2d00000, 0x00000000a2d00000|100%| O|  |TAMS 0x00000000a2d00000, 0x00000000a2c00000| Untracked 
|  31|0x00000000a2d00000, 0x00000000a2e00000, 0x00000000a2e00000|100%| O|  |TAMS 0x00000000a2e00000, 0x00000000a2d00000| Untracked 
|  32|0x00000000a2e00000, 0x00000000a2f00000, 0x00000000a2f00000|100%| O|  |TAMS 0x00000000a2f00000, 0x00000000a2e00000| Untracked 
|  33|0x00000000a2f00000, 0x00000000a3000000, 0x00000000a3000000|100%| O|  |TAMS 0x00000000a3000000, 0x00000000a2f00000| Untracked 
|  34|0x00000000a3000000, 0x00000000a3100000, 0x00000000a3100000|100%| O|  |TAMS 0x00000000a3100000, 0x00000000a3000000| Untracked 
|  35|0x00000000a3100000, 0x00000000a3200000, 0x00000000a3200000|100%| O|  |TAMS 0x00000000a3200000, 0x00000000a3100000| Untracked 
|  36|0x00000000a3200000, 0x00000000a3300000, 0x00000000a3300000|100%| O|  |TAMS 0x00000000a3300000, 0x00000000a3200000| Untracked 
|  37|0x00000000a3300000, 0x00000000a3400000, 0x00000000a3400000|100%| O|  |TAMS 0x00000000a3400000, 0x00000000a3300000| Untracked 
|  38|0x00000000a3400000, 0x00000000a3500000, 0x00000000a3500000|100%| O|  |TAMS 0x00000000a3500000, 0x00000000a3400000| Untracked 
|  39|0x00000000a3500000, 0x00000000a3600000, 0x00000000a3600000|100%| O|  |TAMS 0x00000000a3600000, 0x00000000a3500000| Untracked 
|  40|0x00000000a3600000, 0x00000000a3700000, 0x00000000a3700000|100%| O|  |TAMS 0x00000000a3700000, 0x00000000a3600000| Untracked 
|  41|0x00000000a3700000, 0x00000000a3800000, 0x00000000a3800000|100%| O|  |TAMS 0x00000000a3800000, 0x00000000a3700000| Untracked 
|  42|0x00000000a3800000, 0x00000000a3900000, 0x00000000a3900000|100%| O|  |TAMS 0x00000000a3900000, 0x00000000a3800000| Untracked 
|  43|0x00000000a3900000, 0x00000000a3a00000, 0x00000000a3a00000|100%| O|  |TAMS 0x00000000a3a00000, 0x00000000a3900000| Untracked 
|  44|0x00000000a3a00000, 0x00000000a3b00000, 0x00000000a3b00000|100%| O|  |TAMS 0x00000000a3b00000, 0x00000000a3a00000| Untracked 
|  45|0x00000000a3b00000, 0x00000000a3c00000, 0x00000000a3c00000|100%| O|  |TAMS 0x00000000a3c00000, 0x00000000a3b00000| Untracked 
|  46|0x00000000a3c00000, 0x00000000a3c00000, 0x00000000a3d00000|  0%| F|  |TAMS 0x00000000a3c00000, 0x00000000a3c00000| Untracked 
|  47|0x00000000a3d00000, 0x00000000a3e00000, 0x00000000a3e00000|100%| O|  |TAMS 0x00000000a3d00000, 0x00000000a3d00000| Untracked 
|  48|0x00000000a3e00000, 0x00000000a3f00000, 0x00000000a3f00000|100%|HS|  |TAMS 0x00000000a3f00000, 0x00000000a3e00000| Complete 
|  49|0x00000000a3f00000, 0x00000000a4000000, 0x00000000a4000000|100%| O|  |TAMS 0x00000000a3f00000, 0x00000000a3f00000| Untracked 
|  50|0x00000000a4000000, 0x00000000a4100000, 0x00000000a4100000|100%| O|  |TAMS 0x00000000a4000000, 0x00000000a4000000| Untracked 
|  51|0x00000000a4100000, 0x00000000a4200000, 0x00000000a4200000|100%| O|  |TAMS 0x00000000a4100000, 0x00000000a4100000| Untracked 
|  52|0x00000000a4200000, 0x00000000a4300000, 0x00000000a4300000|100%| O|  |TAMS 0x00000000a4200000, 0x00000000a4200000| Untracked 
|  53|0x00000000a4300000, 0x00000000a4400000, 0x00000000a4400000|100%| O|  |TAMS 0x00000000a4300000, 0x00000000a4300000| Untracked 
|  54|0x00000000a4400000, 0x00000000a4500000, 0x00000000a4500000|100%| O|  |TAMS 0x00000000a4400000, 0x00000000a4400000| Untracked 
|  55|0x00000000a4500000, 0x00000000a4600000, 0x00000000a4600000|100%| O|  |TAMS 0x00000000a4500000, 0x00000000a4500000| Untracked 
|  56|0x00000000a4600000, 0x00000000a4700000, 0x00000000a4700000|100%| O|  |TAMS 0x00000000a4600000, 0x00000000a4600000| Untracked 
|  57|0x00000000a4700000, 0x00000000a4800000, 0x00000000a4800000|100%| O|  |TAMS 0x00000000a4700000, 0x00000000a4700000| Untracked 
|  58|0x00000000a4800000, 0x00000000a4900000, 0x00000000a4900000|100%| O|  |TAMS 0x00000000a4800000, 0x00000000a4800000| Untracked 
|  59|0x00000000a4900000, 0x00000000a4a00000, 0x00000000a4a00000|100%| O|  |TAMS 0x00000000a4900000, 0x00000000a4900000| Untracked 
|  60|0x00000000a4a00000, 0x00000000a4b00000, 0x00000000a4b00000|100%| O|  |TAMS 0x00000000a4a00000, 0x00000000a4a00000| Untracked 
|  61|0x00000000a4b00000, 0x00000000a4c00000, 0x00000000a4c00000|100%| O|  |TAMS 0x00000000a4b00000, 0x00000000a4b00000| Untracked 
|  62|0x00000000a4c00000, 0x00000000a4d00000, 0x00000000a4d00000|100%| O|  |TAMS 0x00000000a4c00000, 0x00000000a4c00000| Untracked 
|  63|0x00000000a4d00000, 0x00000000a4e00000, 0x00000000a4e00000|100%| O|  |TAMS 0x00000000a4d00000, 0x00000000a4d00000| Untracked 
|  64|0x00000000a4e00000, 0x00000000a4f00000, 0x00000000a4f00000|100%|HS|  |TAMS 0x00000000a4e00000, 0x00000000a4e00000| Complete 
|  65|0x00000000a4f00000, 0x00000000a5000000, 0x00000000a5000000|100%| O|  |TAMS 0x00000000a4f00000, 0x00000000a4f00000| Untracked 
|  66|0x00000000a5000000, 0x00000000a5100000, 0x00000000a5100000|100%| O|  |TAMS 0x00000000a5000000, 0x00000000a5000000| Untracked 
|  67|0x00000000a5100000, 0x00000000a5200000, 0x00000000a5200000|100%| O|  |TAMS 0x00000000a5100000, 0x00000000a5100000| Untracked 
|  68|0x00000000a5200000, 0x00000000a5300000, 0x00000000a5300000|100%| O|  |TAMS 0x00000000a5200000, 0x00000000a5200000| Untracked 
|  69|0x00000000a5300000, 0x00000000a5400000, 0x00000000a5400000|100%| O|  |TAMS 0x00000000a5300000, 0x00000000a5300000| Untracked 
|  70|0x00000000a5400000, 0x00000000a5500000, 0x00000000a5500000|100%| O|  |TAMS 0x00000000a5400000, 0x00000000a5400000| Untracked 
|  71|0x00000000a5500000, 0x00000000a5600000, 0x00000000a5600000|100%| O|  |TAMS 0x00000000a5500000, 0x00000000a5500000| Untracked 
|  72|0x00000000a5600000, 0x00000000a5700000, 0x00000000a5700000|100%| O|  |TAMS 0x00000000a5600000, 0x00000000a5600000| Untracked 
|  73|0x00000000a5700000, 0x00000000a5800000, 0x00000000a5800000|100%| O|  |TAMS 0x00000000a5700000, 0x00000000a5700000| Untracked 
|  74|0x00000000a5800000, 0x00000000a5900000, 0x00000000a5900000|100%| O|  |TAMS 0x00000000a5800000, 0x00000000a5800000| Untracked 
|  75|0x00000000a5900000, 0x00000000a5a00000, 0x00000000a5a00000|100%| O|  |TAMS 0x00000000a5900000, 0x00000000a5900000| Untracked 
|  76|0x00000000a5a00000, 0x00000000a5b00000, 0x00000000a5b00000|100%| O|  |TAMS 0x00000000a5a00000, 0x00000000a5a00000| Untracked 
|  77|0x00000000a5b00000, 0x00000000a5c00000, 0x00000000a5c00000|100%| O|  |TAMS 0x00000000a5b00000, 0x00000000a5b00000| Untracked 
|  78|0x00000000a5c00000, 0x00000000a5d00000, 0x00000000a5d00000|100%| O|  |TAMS 0x00000000a5c00000, 0x00000000a5c00000| Untracked 
|  79|0x00000000a5d00000, 0x00000000a5e00000, 0x00000000a5e00000|100%| O|  |TAMS 0x00000000a5d00000, 0x00000000a5d00000| Untracked 
|  80|0x00000000a5e00000, 0x00000000a5f00000, 0x00000000a5f00000|100%| O|  |TAMS 0x00000000a5e00000, 0x00000000a5e00000| Untracked 
|  81|0x00000000a5f00000, 0x00000000a5f05600, 0x00000000a6000000|  2%| O|  |TAMS 0x00000000a5f00000, 0x00000000a5f00000| Untracked 
|  82|0x00000000a6000000, 0x00000000a6000000, 0x00000000a6100000|  0%| F|  |TAMS 0x00000000a6000000, 0x00000000a6000000| Untracked 
|  83|0x00000000a6100000, 0x00000000a6100000, 0x00000000a6200000|  0%| F|  |TAMS 0x00000000a6100000, 0x00000000a6100000| Untracked 
|  84|0x00000000a6200000, 0x00000000a6200000, 0x00000000a6300000|  0%| F|  |TAMS 0x00000000a6200000, 0x00000000a6200000| Untracked 
|  85|0x00000000a6300000, 0x00000000a6300000, 0x00000000a6400000|  0%| F|  |TAMS 0x00000000a6300000, 0x00000000a6300000| Untracked 
|  86|0x00000000a6400000, 0x00000000a6400000, 0x00000000a6500000|  0%| F|  |TAMS 0x00000000a6400000, 0x00000000a6400000| Untracked 
|  87|0x00000000a6500000, 0x00000000a6500000, 0x00000000a6600000|  0%| F|  |TAMS 0x00000000a6500000, 0x00000000a6500000| Untracked 
|  88|0x00000000a6600000, 0x00000000a6600000, 0x00000000a6700000|  0%| F|  |TAMS 0x00000000a6600000, 0x00000000a6600000| Untracked 
|  89|0x00000000a6700000, 0x00000000a6700000, 0x00000000a6800000|  0%| F|  |TAMS 0x00000000a6700000, 0x00000000a6700000| Untracked 
|  90|0x00000000a6800000, 0x00000000a6800000, 0x00000000a6900000|  0%| F|  |TAMS 0x00000000a6800000, 0x00000000a6800000| Untracked 
|  91|0x00000000a6900000, 0x00000000a6900000, 0x00000000a6a00000|  0%| F|  |TAMS 0x00000000a6900000, 0x00000000a6900000| Untracked 
|  92|0x00000000a6a00000, 0x00000000a6a00000, 0x00000000a6b00000|  0%| F|  |TAMS 0x00000000a6a00000, 0x00000000a6a00000| Untracked 
|  93|0x00000000a6b00000, 0x00000000a6b00000, 0x00000000a6c00000|  0%| F|  |TAMS 0x00000000a6b00000, 0x00000000a6b00000| Untracked 
|  94|0x00000000a6c00000, 0x00000000a6c00000, 0x00000000a6d00000|  0%| F|  |TAMS 0x00000000a6c00000, 0x00000000a6c00000| Untracked 
|  95|0x00000000a6d00000, 0x00000000a6d00000, 0x00000000a6e00000|  0%| F|  |TAMS 0x00000000a6d00000, 0x00000000a6d00000| Untracked 
|  96|0x00000000a6e00000, 0x00000000a6e00000, 0x00000000a6f00000|  0%| F|  |TAMS 0x00000000a6e00000, 0x00000000a6e00000| Untracked 
|  97|0x00000000a6f00000, 0x00000000a6f00000, 0x00000000a7000000|  0%| F|  |TAMS 0x00000000a6f00000, 0x00000000a6f00000| Untracked 
|  98|0x00000000a7000000, 0x00000000a7000000, 0x00000000a7100000|  0%| F|  |TAMS 0x00000000a7000000, 0x00000000a7000000| Untracked 
|  99|0x00000000a7100000, 0x00000000a7100000, 0x00000000a7200000|  0%| F|  |TAMS 0x00000000a7100000, 0x00000000a7100000| Untracked 
| 100|0x00000000a7200000, 0x00000000a7200000, 0x00000000a7300000|  0%| F|  |TAMS 0x00000000a7200000, 0x00000000a7200000| Untracked 
| 101|0x00000000a7300000, 0x00000000a7300000, 0x00000000a7400000|  0%| F|  |TAMS 0x00000000a7300000, 0x00000000a7300000| Untracked 
| 102|0x00000000a7400000, 0x00000000a7400000, 0x00000000a7500000|  0%| F|  |TAMS 0x00000000a7400000, 0x00000000a7400000| Untracked 
| 103|0x00000000a7500000, 0x00000000a7500000, 0x00000000a7600000|  0%| F|  |TAMS 0x00000000a7500000, 0x00000000a7500000| Untracked 
| 104|0x00000000a7600000, 0x00000000a7600000, 0x00000000a7700000|  0%| F|  |TAMS 0x00000000a7600000, 0x00000000a7600000| Untracked 
| 105|0x00000000a7700000, 0x00000000a7700000, 0x00000000a7800000|  0%| F|  |TAMS 0x00000000a7700000, 0x00000000a7700000| Untracked 
| 106|0x00000000a7800000, 0x00000000a7800000, 0x00000000a7900000|  0%| F|  |TAMS 0x00000000a7800000, 0x00000000a7800000| Untracked 
| 107|0x00000000a7900000, 0x00000000a7900000, 0x00000000a7a00000|  0%| F|  |TAMS 0x00000000a7900000, 0x00000000a7900000| Untracked 
| 108|0x00000000a7a00000, 0x00000000a7a00000, 0x00000000a7b00000|  0%| F|  |TAMS 0x00000000a7a00000, 0x00000000a7a00000| Untracked 
| 109|0x00000000a7b00000, 0x00000000a7b00000, 0x00000000a7c00000|  0%| F|  |TAMS 0x00000000a7b00000, 0x00000000a7b00000| Untracked 
| 110|0x00000000a7c00000, 0x00000000a7c00000, 0x00000000a7d00000|  0%| F|  |TAMS 0x00000000a7c00000, 0x00000000a7c00000| Untracked 
| 111|0x00000000a7d00000, 0x00000000a7d00000, 0x00000000a7e00000|  0%| F|  |TAMS 0x00000000a7d00000, 0x00000000a7d00000| Untracked 
| 112|0x00000000a7e00000, 0x00000000a7e00000, 0x00000000a7f00000|  0%| F|  |TAMS 0x00000000a7e00000, 0x00000000a7e00000| Untracked 
| 113|0x00000000a7f00000, 0x00000000a7f00000, 0x00000000a8000000|  0%| F|  |TAMS 0x00000000a7f00000, 0x00000000a7f00000| Untracked 
| 114|0x00000000a8000000, 0x00000000a8000000, 0x00000000a8100000|  0%| F|  |TAMS 0x00000000a8000000, 0x00000000a8000000| Untracked 
| 115|0x00000000a8100000, 0x00000000a8100000, 0x00000000a8200000|  0%| F|  |TAMS 0x00000000a8100000, 0x00000000a8100000| Untracked 
| 116|0x00000000a8200000, 0x00000000a8200000, 0x00000000a8300000|  0%| F|  |TAMS 0x00000000a8200000, 0x00000000a8200000| Untracked 
| 117|0x00000000a8300000, 0x00000000a8300000, 0x00000000a8400000|  0%| F|  |TAMS 0x00000000a8300000, 0x00000000a8300000| Untracked 
| 118|0x00000000a8400000, 0x00000000a8400000, 0x00000000a8500000|  0%| F|  |TAMS 0x00000000a8400000, 0x00000000a8400000| Untracked 
| 119|0x00000000a8500000, 0x00000000a8500000, 0x00000000a8600000|  0%| F|  |TAMS 0x00000000a8500000, 0x00000000a8500000| Untracked 
| 120|0x00000000a8600000, 0x00000000a8600000, 0x00000000a8700000|  0%| F|  |TAMS 0x00000000a8600000, 0x00000000a8600000| Untracked 
| 121|0x00000000a8700000, 0x00000000a8700000, 0x00000000a8800000|  0%| F|  |TAMS 0x00000000a8700000, 0x00000000a8700000| Untracked 
| 122|0x00000000a8800000, 0x00000000a8800000, 0x00000000a8900000|  0%| F|  |TAMS 0x00000000a8800000, 0x00000000a8800000| Untracked 
| 123|0x00000000a8900000, 0x00000000a8900000, 0x00000000a8a00000|  0%| F|  |TAMS 0x00000000a8900000, 0x00000000a8900000| Untracked 
| 124|0x00000000a8a00000, 0x00000000a8a00000, 0x00000000a8b00000|  0%| F|  |TAMS 0x00000000a8a00000, 0x00000000a8a00000| Untracked 
| 125|0x00000000a8b00000, 0x00000000a8b00000, 0x00000000a8c00000|  0%| F|  |TAMS 0x00000000a8b00000, 0x00000000a8b00000| Untracked 
| 126|0x00000000a8c00000, 0x00000000a8c00000, 0x00000000a8d00000|  0%| F|  |TAMS 0x00000000a8c00000, 0x00000000a8c00000| Untracked 
| 127|0x00000000a8d00000, 0x00000000a8d00000, 0x00000000a8e00000|  0%| F|  |TAMS 0x00000000a8d00000, 0x00000000a8d00000| Untracked 
| 128|0x00000000a8e00000, 0x00000000a8e00000, 0x00000000a8f00000|  0%| F|  |TAMS 0x00000000a8e00000, 0x00000000a8e00000| Untracked 
| 129|0x00000000a8f00000, 0x00000000a8f00000, 0x00000000a9000000|  0%| F|  |TAMS 0x00000000a8f00000, 0x00000000a8f00000| Untracked 
| 130|0x00000000a9000000, 0x00000000a9000000, 0x00000000a9100000|  0%| F|  |TAMS 0x00000000a9000000, 0x00000000a9000000| Untracked 
| 131|0x00000000a9100000, 0x00000000a9138bd0, 0x00000000a9200000| 22%| S|CS|TAMS 0x00000000a9100000, 0x00000000a9100000| Complete 
| 132|0x00000000a9200000, 0x00000000a9300000, 0x00000000a9300000|100%| S|CS|TAMS 0x00000000a9200000, 0x00000000a9200000| Complete 
| 133|0x00000000a9300000, 0x00000000a9400000, 0x00000000a9400000|100%| S|CS|TAMS 0x00000000a9300000, 0x00000000a9300000| Complete 
| 134|0x00000000a9400000, 0x00000000a9500000, 0x00000000a9500000|100%| S|CS|TAMS 0x00000000a9400000, 0x00000000a9400000| Complete 
| 135|0x00000000a9500000, 0x00000000a9600000, 0x00000000a9600000|100%| S|CS|TAMS 0x00000000a9500000, 0x00000000a9500000| Complete 
| 136|0x00000000a9600000, 0x00000000a9700000, 0x00000000a9700000|100%| S|CS|TAMS 0x00000000a9600000, 0x00000000a9600000| Complete 
| 137|0x00000000a9700000, 0x00000000a9800000, 0x00000000a9800000|100%| S|CS|TAMS 0x00000000a9700000, 0x00000000a9700000| Complete 
| 138|0x00000000a9800000, 0x00000000a9900000, 0x00000000a9900000|100%| S|CS|TAMS 0x00000000a9800000, 0x00000000a9800000| Complete 
| 139|0x00000000a9900000, 0x00000000a9a00000, 0x00000000a9a00000|100%| S|CS|TAMS 0x00000000a9900000, 0x00000000a9900000| Complete 
| 140|0x00000000a9a00000, 0x00000000a9b00000, 0x00000000a9b00000|100%| S|CS|TAMS 0x00000000a9a00000, 0x00000000a9a00000| Complete 
| 141|0x00000000a9b00000, 0x00000000a9c00000, 0x00000000a9c00000|100%| S|CS|TAMS 0x00000000a9b00000, 0x00000000a9b00000| Complete 
| 142|0x00000000a9c00000, 0x00000000a9d00000, 0x00000000a9d00000|100%| S|CS|TAMS 0x00000000a9c00000, 0x00000000a9c00000| Complete 
| 143|0x00000000a9d00000, 0x00000000a9e00000, 0x00000000a9e00000|100%| S|CS|TAMS 0x00000000a9d00000, 0x00000000a9d00000| Complete 
| 144|0x00000000a9e00000, 0x00000000a9e00000, 0x00000000a9f00000|  0%| F|  |TAMS 0x00000000a9e00000, 0x00000000a9e00000| Untracked 
| 145|0x00000000a9f00000, 0x00000000a9f00000, 0x00000000aa000000|  0%| F|  |TAMS 0x00000000a9f00000, 0x00000000a9f00000| Untracked 
| 146|0x00000000aa000000, 0x00000000aa000000, 0x00000000aa100000|  0%| F|  |TAMS 0x00000000aa000000, 0x00000000aa000000| Untracked 
| 147|0x00000000aa100000, 0x00000000aa100000, 0x00000000aa200000|  0%| F|  |TAMS 0x00000000aa100000, 0x00000000aa100000| Untracked 
| 148|0x00000000aa200000, 0x00000000aa200000, 0x00000000aa300000|  0%| F|  |TAMS 0x00000000aa200000, 0x00000000aa200000| Untracked 
| 149|0x00000000aa300000, 0x00000000aa300000, 0x00000000aa400000|  0%| F|  |TAMS 0x00000000aa300000, 0x00000000aa300000| Untracked 
| 150|0x00000000aa400000, 0x00000000aa400000, 0x00000000aa500000|  0%| F|  |TAMS 0x00000000aa400000, 0x00000000aa400000| Untracked 
| 151|0x00000000aa500000, 0x00000000aa500000, 0x00000000aa600000|  0%| F|  |TAMS 0x00000000aa500000, 0x00000000aa500000| Untracked 
| 152|0x00000000aa600000, 0x00000000aa600000, 0x00000000aa700000|  0%| F|  |TAMS 0x00000000aa600000, 0x00000000aa600000| Untracked 
| 153|0x00000000aa700000, 0x00000000aa700000, 0x00000000aa800000|  0%| F|  |TAMS 0x00000000aa700000, 0x00000000aa700000| Untracked 
| 154|0x00000000aa800000, 0x00000000aa800000, 0x00000000aa900000|  0%| F|  |TAMS 0x00000000aa800000, 0x00000000aa800000| Untracked 
| 155|0x00000000aa900000, 0x00000000aa900000, 0x00000000aaa00000|  0%| F|  |TAMS 0x00000000aa900000, 0x00000000aa900000| Untracked 
| 156|0x00000000aaa00000, 0x00000000aaa00000, 0x00000000aab00000|  0%| F|  |TAMS 0x00000000aaa00000, 0x00000000aaa00000| Untracked 
| 157|0x00000000aab00000, 0x00000000aab00000, 0x00000000aac00000|  0%| F|  |TAMS 0x00000000aab00000, 0x00000000aab00000| Untracked 
| 158|0x00000000aac00000, 0x00000000aac00000, 0x00000000aad00000|  0%| F|  |TAMS 0x00000000aac00000, 0x00000000aac00000| Untracked 
| 159|0x00000000aad00000, 0x00000000aad00000, 0x00000000aae00000|  0%| F|  |TAMS 0x00000000aad00000, 0x00000000aad00000| Untracked 
| 160|0x00000000aae00000, 0x00000000aae00000, 0x00000000aaf00000|  0%| F|  |TAMS 0x00000000aae00000, 0x00000000aae00000| Untracked 
| 161|0x00000000aaf00000, 0x00000000aaf00000, 0x00000000ab000000|  0%| F|  |TAMS 0x00000000aaf00000, 0x00000000aaf00000| Untracked 
| 162|0x00000000ab000000, 0x00000000ab000000, 0x00000000ab100000|  0%| F|  |TAMS 0x00000000ab000000, 0x00000000ab000000| Untracked 
| 163|0x00000000ab100000, 0x00000000ab100000, 0x00000000ab200000|  0%| F|  |TAMS 0x00000000ab100000, 0x00000000ab100000| Untracked 
| 164|0x00000000ab200000, 0x00000000ab200000, 0x00000000ab300000|  0%| F|  |TAMS 0x00000000ab200000, 0x00000000ab200000| Untracked 
| 165|0x00000000ab300000, 0x00000000ab300000, 0x00000000ab400000|  0%| F|  |TAMS 0x00000000ab300000, 0x00000000ab300000| Untracked 
| 166|0x00000000ab400000, 0x00000000ab400000, 0x00000000ab500000|  0%| F|  |TAMS 0x00000000ab400000, 0x00000000ab400000| Untracked 
| 167|0x00000000ab500000, 0x00000000ab500000, 0x00000000ab600000|  0%| F|  |TAMS 0x00000000ab500000, 0x00000000ab500000| Untracked 
| 168|0x00000000ab600000, 0x00000000ab600000, 0x00000000ab700000|  0%| F|  |TAMS 0x00000000ab600000, 0x00000000ab600000| Untracked 
| 169|0x00000000ab700000, 0x00000000ab700000, 0x00000000ab800000|  0%| F|  |TAMS 0x00000000ab700000, 0x00000000ab700000| Untracked 
| 170|0x00000000ab800000, 0x00000000ab800000, 0x00000000ab900000|  0%| F|  |TAMS 0x00000000ab800000, 0x00000000ab800000| Untracked 
| 171|0x00000000ab900000, 0x00000000ab900000, 0x00000000aba00000|  0%| F|  |TAMS 0x00000000ab900000, 0x00000000ab900000| Untracked 
| 172|0x00000000aba00000, 0x00000000aba00000, 0x00000000abb00000|  0%| F|  |TAMS 0x00000000aba00000, 0x00000000aba00000| Untracked 
| 173|0x00000000abb00000, 0x00000000abb00000, 0x00000000abc00000|  0%| F|  |TAMS 0x00000000abb00000, 0x00000000abb00000| Untracked 
| 174|0x00000000abc00000, 0x00000000abc00000, 0x00000000abd00000|  0%| F|  |TAMS 0x00000000abc00000, 0x00000000abc00000| Untracked 
| 175|0x00000000abd00000, 0x00000000abd00000, 0x00000000abe00000|  0%| F|  |TAMS 0x00000000abd00000, 0x00000000abd00000| Untracked 
| 176|0x00000000abe00000, 0x00000000abe00000, 0x00000000abf00000|  0%| F|  |TAMS 0x00000000abe00000, 0x00000000abe00000| Untracked 
| 177|0x00000000abf00000, 0x00000000abf00000, 0x00000000ac000000|  0%| F|  |TAMS 0x00000000abf00000, 0x00000000abf00000| Untracked 
| 178|0x00000000ac000000, 0x00000000ac000000, 0x00000000ac100000|  0%| F|  |TAMS 0x00000000ac000000, 0x00000000ac000000| Untracked 
| 179|0x00000000ac100000, 0x00000000ac100000, 0x00000000ac200000|  0%| F|  |TAMS 0x00000000ac100000, 0x00000000ac100000| Untracked 
| 180|0x00000000ac200000, 0x00000000ac200000, 0x00000000ac300000|  0%| F|  |TAMS 0x00000000ac200000, 0x00000000ac200000| Untracked 
| 181|0x00000000ac300000, 0x00000000ac300000, 0x00000000ac400000|  0%| F|  |TAMS 0x00000000ac300000, 0x00000000ac300000| Untracked 
| 182|0x00000000ac400000, 0x00000000ac400000, 0x00000000ac500000|  0%| F|  |TAMS 0x00000000ac400000, 0x00000000ac400000| Untracked 
| 183|0x00000000ac500000, 0x00000000ac500000, 0x00000000ac600000|  0%| F|  |TAMS 0x00000000ac500000, 0x00000000ac500000| Untracked 
| 184|0x00000000ac600000, 0x00000000ac600000, 0x00000000ac700000|  0%| F|  |TAMS 0x00000000ac600000, 0x00000000ac600000| Untracked 
| 185|0x00000000ac700000, 0x00000000ac700000, 0x00000000ac800000|  0%| F|  |TAMS 0x00000000ac700000, 0x00000000ac700000| Untracked 
| 186|0x00000000ac800000, 0x00000000ac800000, 0x00000000ac900000|  0%| F|  |TAMS 0x00000000ac800000, 0x00000000ac800000| Untracked 
| 187|0x00000000ac900000, 0x00000000ac900000, 0x00000000aca00000|  0%| F|  |TAMS 0x00000000ac900000, 0x00000000ac900000| Untracked 
| 188|0x00000000aca00000, 0x00000000aca00000, 0x00000000acb00000|  0%| F|  |TAMS 0x00000000aca00000, 0x00000000aca00000| Untracked 
| 189|0x00000000acb00000, 0x00000000acb00000, 0x00000000acc00000|  0%| F|  |TAMS 0x00000000acb00000, 0x00000000acb00000| Untracked 
| 190|0x00000000acc00000, 0x00000000acc00000, 0x00000000acd00000|  0%| F|  |TAMS 0x00000000acc00000, 0x00000000acc00000| Untracked 
| 191|0x00000000acd00000, 0x00000000acd00000, 0x00000000ace00000|  0%| F|  |TAMS 0x00000000acd00000, 0x00000000acd00000| Untracked 
| 192|0x00000000ace00000, 0x00000000ace00000, 0x00000000acf00000|  0%| F|  |TAMS 0x00000000ace00000, 0x00000000ace00000| Untracked 
| 193|0x00000000acf00000, 0x00000000acf00000, 0x00000000ad000000|  0%| F|  |TAMS 0x00000000acf00000, 0x00000000acf00000| Untracked 
| 194|0x00000000ad000000, 0x00000000ad000000, 0x00000000ad100000|  0%| F|  |TAMS 0x00000000ad000000, 0x00000000ad000000| Untracked 
| 195|0x00000000ad100000, 0x00000000ad100000, 0x00000000ad200000|  0%| F|  |TAMS 0x00000000ad100000, 0x00000000ad100000| Untracked 
| 196|0x00000000ad200000, 0x00000000ad200000, 0x00000000ad300000|  0%| F|  |TAMS 0x00000000ad200000, 0x00000000ad200000| Untracked 
| 197|0x00000000ad300000, 0x00000000ad300000, 0x00000000ad400000|  0%| F|  |TAMS 0x00000000ad300000, 0x00000000ad300000| Untracked 
| 198|0x00000000ad400000, 0x00000000ad400000, 0x00000000ad500000|  0%| F|  |TAMS 0x00000000ad400000, 0x00000000ad400000| Untracked 
| 199|0x00000000ad500000, 0x00000000ad500000, 0x00000000ad600000|  0%| F|  |TAMS 0x00000000ad500000, 0x00000000ad500000| Untracked 
| 200|0x00000000ad600000, 0x00000000ad600000, 0x00000000ad700000|  0%| F|  |TAMS 0x00000000ad600000, 0x00000000ad600000| Untracked 
| 201|0x00000000ad700000, 0x00000000ad700000, 0x00000000ad800000|  0%| F|  |TAMS 0x00000000ad700000, 0x00000000ad700000| Untracked 
| 202|0x00000000ad800000, 0x00000000ad800000, 0x00000000ad900000|  0%| F|  |TAMS 0x00000000ad800000, 0x00000000ad800000| Untracked 
| 203|0x00000000ad900000, 0x00000000ad900000, 0x00000000ada00000|  0%| F|  |TAMS 0x00000000ad900000, 0x00000000ad900000| Untracked 
| 204|0x00000000ada00000, 0x00000000ada00000, 0x00000000adb00000|  0%| F|  |TAMS 0x00000000ada00000, 0x00000000ada00000| Untracked 
| 205|0x00000000adb00000, 0x00000000adb00000, 0x00000000adc00000|  0%| F|  |TAMS 0x00000000adb00000, 0x00000000adb00000| Untracked 
| 206|0x00000000adc00000, 0x00000000adc00000, 0x00000000add00000|  0%| F|  |TAMS 0x00000000adc00000, 0x00000000adc00000| Untracked 
| 207|0x00000000add00000, 0x00000000add00000, 0x00000000ade00000|  0%| F|  |TAMS 0x00000000add00000, 0x00000000add00000| Untracked 
| 208|0x00000000ade00000, 0x00000000ade00000, 0x00000000adf00000|  0%| F|  |TAMS 0x00000000ade00000, 0x00000000ade00000| Untracked 
| 209|0x00000000adf00000, 0x00000000adf00000, 0x00000000ae000000|  0%| F|  |TAMS 0x00000000adf00000, 0x00000000adf00000| Untracked 
| 210|0x00000000ae000000, 0x00000000ae000000, 0x00000000ae100000|  0%| F|  |TAMS 0x00000000ae000000, 0x00000000ae000000| Untracked 
| 211|0x00000000ae100000, 0x00000000ae100000, 0x00000000ae200000|  0%| F|  |TAMS 0x00000000ae100000, 0x00000000ae100000| Untracked 
| 212|0x00000000ae200000, 0x00000000ae200000, 0x00000000ae300000|  0%| F|  |TAMS 0x00000000ae200000, 0x00000000ae200000| Untracked 
| 213|0x00000000ae300000, 0x00000000ae300000, 0x00000000ae400000|  0%| F|  |TAMS 0x00000000ae300000, 0x00000000ae300000| Untracked 
| 214|0x00000000ae400000, 0x00000000ae400000, 0x00000000ae500000|  0%| F|  |TAMS 0x00000000ae400000, 0x00000000ae400000| Untracked 
| 215|0x00000000ae500000, 0x00000000ae500000, 0x00000000ae600000|  0%| F|  |TAMS 0x00000000ae500000, 0x00000000ae500000| Untracked 
| 216|0x00000000ae600000, 0x00000000ae600000, 0x00000000ae700000|  0%| F|  |TAMS 0x00000000ae600000, 0x00000000ae600000| Untracked 
| 217|0x00000000ae700000, 0x00000000ae700000, 0x00000000ae800000|  0%| F|  |TAMS 0x00000000ae700000, 0x00000000ae700000| Untracked 
| 218|0x00000000ae800000, 0x00000000ae800000, 0x00000000ae900000|  0%| F|  |TAMS 0x00000000ae800000, 0x00000000ae800000| Untracked 
| 219|0x00000000ae900000, 0x00000000ae900000, 0x00000000aea00000|  0%| F|  |TAMS 0x00000000ae900000, 0x00000000ae900000| Untracked 
| 220|0x00000000aea00000, 0x00000000aea00000, 0x00000000aeb00000|  0%| F|  |TAMS 0x00000000aea00000, 0x00000000aea00000| Untracked 
| 221|0x00000000aeb00000, 0x00000000aeb00000, 0x00000000aec00000|  0%| F|  |TAMS 0x00000000aeb00000, 0x00000000aeb00000| Untracked 
| 222|0x00000000aec00000, 0x00000000aec00000, 0x00000000aed00000|  0%| F|  |TAMS 0x00000000aec00000, 0x00000000aec00000| Untracked 
| 223|0x00000000aed00000, 0x00000000aed00000, 0x00000000aee00000|  0%| F|  |TAMS 0x00000000aed00000, 0x00000000aed00000| Untracked 
| 224|0x00000000aee00000, 0x00000000aee00000, 0x00000000aef00000|  0%| F|  |TAMS 0x00000000aee00000, 0x00000000aee00000| Untracked 
| 225|0x00000000aef00000, 0x00000000aef00000, 0x00000000af000000|  0%| F|  |TAMS 0x00000000aef00000, 0x00000000aef00000| Untracked 
| 226|0x00000000af000000, 0x00000000af000000, 0x00000000af100000|  0%| F|  |TAMS 0x00000000af000000, 0x00000000af000000| Untracked 
| 227|0x00000000af100000, 0x00000000af100000, 0x00000000af200000|  0%| F|  |TAMS 0x00000000af100000, 0x00000000af100000| Untracked 
| 228|0x00000000af200000, 0x00000000af200000, 0x00000000af300000|  0%| F|  |TAMS 0x00000000af200000, 0x00000000af200000| Untracked 
| 229|0x00000000af300000, 0x00000000af300000, 0x00000000af400000|  0%| F|  |TAMS 0x00000000af300000, 0x00000000af300000| Untracked 
| 230|0x00000000af400000, 0x00000000af400000, 0x00000000af500000|  0%| F|  |TAMS 0x00000000af400000, 0x00000000af400000| Untracked 
| 231|0x00000000af500000, 0x00000000af500000, 0x00000000af600000|  0%| F|  |TAMS 0x00000000af500000, 0x00000000af500000| Untracked 
| 232|0x00000000af600000, 0x00000000af600000, 0x00000000af700000|  0%| F|  |TAMS 0x00000000af600000, 0x00000000af600000| Untracked 
| 233|0x00000000af700000, 0x00000000af700000, 0x00000000af800000|  0%| F|  |TAMS 0x00000000af700000, 0x00000000af700000| Untracked 
| 234|0x00000000af800000, 0x00000000af800000, 0x00000000af900000|  0%| F|  |TAMS 0x00000000af800000, 0x00000000af800000| Untracked 
| 235|0x00000000af900000, 0x00000000af900000, 0x00000000afa00000|  0%| F|  |TAMS 0x00000000af900000, 0x00000000af900000| Untracked 
| 236|0x00000000afa00000, 0x00000000afa00000, 0x00000000afb00000|  0%| F|  |TAMS 0x00000000afa00000, 0x00000000afa00000| Untracked 
| 237|0x00000000afb00000, 0x00000000afb00000, 0x00000000afc00000|  0%| F|  |TAMS 0x00000000afb00000, 0x00000000afb00000| Untracked 
| 238|0x00000000afc00000, 0x00000000afc00000, 0x00000000afd00000|  0%| F|  |TAMS 0x00000000afc00000, 0x00000000afc00000| Untracked 
| 239|0x00000000afd00000, 0x00000000afd00000, 0x00000000afe00000|  0%| F|  |TAMS 0x00000000afd00000, 0x00000000afd00000| Untracked 
| 240|0x00000000afe00000, 0x00000000afe00000, 0x00000000aff00000|  0%| F|  |TAMS 0x00000000afe00000, 0x00000000afe00000| Untracked 
| 241|0x00000000aff00000, 0x00000000aff00000, 0x00000000b0000000|  0%| F|  |TAMS 0x00000000aff00000, 0x00000000aff00000| Untracked 
| 242|0x00000000b0000000, 0x00000000b0000000, 0x00000000b0100000|  0%| F|  |TAMS 0x00000000b0000000, 0x00000000b0000000| Untracked 
| 243|0x00000000b0100000, 0x00000000b0100000, 0x00000000b0200000|  0%| F|  |TAMS 0x00000000b0100000, 0x00000000b0100000| Untracked 
| 244|0x00000000b0200000, 0x00000000b0200000, 0x00000000b0300000|  0%| F|  |TAMS 0x00000000b0200000, 0x00000000b0200000| Untracked 
| 245|0x00000000b0300000, 0x00000000b0300000, 0x00000000b0400000|  0%| F|  |TAMS 0x00000000b0300000, 0x00000000b0300000| Untracked 
| 246|0x00000000b0400000, 0x00000000b0400000, 0x00000000b0500000|  0%| F|  |TAMS 0x00000000b0400000, 0x00000000b0400000| Untracked 
| 247|0x00000000b0500000, 0x00000000b0500000, 0x00000000b0600000|  0%| F|  |TAMS 0x00000000b0500000, 0x00000000b0500000| Untracked 
| 248|0x00000000b0600000, 0x00000000b0600000, 0x00000000b0700000|  0%| F|  |TAMS 0x00000000b0600000, 0x00000000b0600000| Untracked 
| 249|0x00000000b0700000, 0x00000000b0700000, 0x00000000b0800000|  0%| F|  |TAMS 0x00000000b0700000, 0x00000000b0700000| Untracked 
| 250|0x00000000b0800000, 0x00000000b0800000, 0x00000000b0900000|  0%| F|  |TAMS 0x00000000b0800000, 0x00000000b0800000| Untracked 
| 251|0x00000000b0900000, 0x00000000b0900000, 0x00000000b0a00000|  0%| F|  |TAMS 0x00000000b0900000, 0x00000000b0900000| Untracked 
| 252|0x00000000b0a00000, 0x00000000b0a00000, 0x00000000b0b00000|  0%| F|  |TAMS 0x00000000b0a00000, 0x00000000b0a00000| Untracked 
| 253|0x00000000b0b00000, 0x00000000b0b00000, 0x00000000b0c00000|  0%| F|  |TAMS 0x00000000b0b00000, 0x00000000b0b00000| Untracked 
| 254|0x00000000b0c00000, 0x00000000b0c00000, 0x00000000b0d00000|  0%| F|  |TAMS 0x00000000b0c00000, 0x00000000b0c00000| Untracked 
| 255|0x00000000b0d00000, 0x00000000b0d00000, 0x00000000b0e00000|  0%| F|  |TAMS 0x00000000b0d00000, 0x00000000b0d00000| Untracked 
| 256|0x00000000b0e00000, 0x00000000b0e00000, 0x00000000b0f00000|  0%| F|  |TAMS 0x00000000b0e00000, 0x00000000b0e00000| Untracked 
| 257|0x00000000b0f00000, 0x00000000b0f00000, 0x00000000b1000000|  0%| F|  |TAMS 0x00000000b0f00000, 0x00000000b0f00000| Untracked 
| 258|0x00000000b1000000, 0x00000000b1000000, 0x00000000b1100000|  0%| F|  |TAMS 0x00000000b1000000, 0x00000000b1000000| Untracked 
| 259|0x00000000b1100000, 0x00000000b1100000, 0x00000000b1200000|  0%| F|  |TAMS 0x00000000b1100000, 0x00000000b1100000| Untracked 
| 260|0x00000000b1200000, 0x00000000b1200000, 0x00000000b1300000|  0%| F|  |TAMS 0x00000000b1200000, 0x00000000b1200000| Untracked 
| 261|0x00000000b1300000, 0x00000000b1300000, 0x00000000b1400000|  0%| F|  |TAMS 0x00000000b1300000, 0x00000000b1300000| Untracked 
| 262|0x00000000b1400000, 0x00000000b1400000, 0x00000000b1500000|  0%| F|  |TAMS 0x00000000b1400000, 0x00000000b1400000| Untracked 
| 263|0x00000000b1500000, 0x00000000b1500000, 0x00000000b1600000|  0%| F|  |TAMS 0x00000000b1500000, 0x00000000b1500000| Untracked 
| 264|0x00000000b1600000, 0x00000000b1600000, 0x00000000b1700000|  0%| F|  |TAMS 0x00000000b1600000, 0x00000000b1600000| Untracked 
| 265|0x00000000b1700000, 0x00000000b1700000, 0x00000000b1800000|  0%| F|  |TAMS 0x00000000b1700000, 0x00000000b1700000| Untracked 
| 266|0x00000000b1800000, 0x00000000b1800000, 0x00000000b1900000|  0%| F|  |TAMS 0x00000000b1800000, 0x00000000b1800000| Untracked 
| 267|0x00000000b1900000, 0x00000000b1900000, 0x00000000b1a00000|  0%| F|  |TAMS 0x00000000b1900000, 0x00000000b1900000| Untracked 
| 268|0x00000000b1a00000, 0x00000000b1a00000, 0x00000000b1b00000|  0%| F|  |TAMS 0x00000000b1a00000, 0x00000000b1a00000| Untracked 
| 269|0x00000000b1b00000, 0x00000000b1b00000, 0x00000000b1c00000|  0%| F|  |TAMS 0x00000000b1b00000, 0x00000000b1b00000| Untracked 
| 270|0x00000000b1c00000, 0x00000000b1c00000, 0x00000000b1d00000|  0%| F|  |TAMS 0x00000000b1c00000, 0x00000000b1c00000| Untracked 
| 271|0x00000000b1d00000, 0x00000000b1d00000, 0x00000000b1e00000|  0%| F|  |TAMS 0x00000000b1d00000, 0x00000000b1d00000| Untracked 
| 272|0x00000000b1e00000, 0x00000000b1e00000, 0x00000000b1f00000|  0%| F|  |TAMS 0x00000000b1e00000, 0x00000000b1e00000| Untracked 
| 273|0x00000000b1f00000, 0x00000000b1f00000, 0x00000000b2000000|  0%| F|  |TAMS 0x00000000b1f00000, 0x00000000b1f00000| Untracked 
| 274|0x00000000b2000000, 0x00000000b2000000, 0x00000000b2100000|  0%| F|  |TAMS 0x00000000b2000000, 0x00000000b2000000| Untracked 
| 275|0x00000000b2100000, 0x00000000b2100000, 0x00000000b2200000|  0%| F|  |TAMS 0x00000000b2100000, 0x00000000b2100000| Untracked 
| 276|0x00000000b2200000, 0x00000000b2200000, 0x00000000b2300000|  0%| F|  |TAMS 0x00000000b2200000, 0x00000000b2200000| Untracked 
| 277|0x00000000b2300000, 0x00000000b2300000, 0x00000000b2400000|  0%| F|  |TAMS 0x00000000b2300000, 0x00000000b2300000| Untracked 
| 278|0x00000000b2400000, 0x00000000b2400000, 0x00000000b2500000|  0%| F|  |TAMS 0x00000000b2400000, 0x00000000b2400000| Untracked 
| 279|0x00000000b2500000, 0x00000000b2500000, 0x00000000b2600000|  0%| F|  |TAMS 0x00000000b2500000, 0x00000000b2500000| Untracked 
| 280|0x00000000b2600000, 0x00000000b2600000, 0x00000000b2700000|  0%| F|  |TAMS 0x00000000b2600000, 0x00000000b2600000| Untracked 
| 281|0x00000000b2700000, 0x00000000b2700000, 0x00000000b2800000|  0%| F|  |TAMS 0x00000000b2700000, 0x00000000b2700000| Untracked 
| 282|0x00000000b2800000, 0x00000000b2800000, 0x00000000b2900000|  0%| F|  |TAMS 0x00000000b2800000, 0x00000000b2800000| Untracked 
| 283|0x00000000b2900000, 0x00000000b2900000, 0x00000000b2a00000|  0%| F|  |TAMS 0x00000000b2900000, 0x00000000b2900000| Untracked 
| 284|0x00000000b2a00000, 0x00000000b2a00000, 0x00000000b2b00000|  0%| F|  |TAMS 0x00000000b2a00000, 0x00000000b2a00000| Untracked 
| 285|0x00000000b2b00000, 0x00000000b2b00000, 0x00000000b2c00000|  0%| F|  |TAMS 0x00000000b2b00000, 0x00000000b2b00000| Untracked 
| 286|0x00000000b2c00000, 0x00000000b2c00000, 0x00000000b2d00000|  0%| F|  |TAMS 0x00000000b2c00000, 0x00000000b2c00000| Untracked 
| 287|0x00000000b2d00000, 0x00000000b2d00000, 0x00000000b2e00000|  0%| F|  |TAMS 0x00000000b2d00000, 0x00000000b2d00000| Untracked 
| 288|0x00000000b2e00000, 0x00000000b2e00000, 0x00000000b2f00000|  0%| F|  |TAMS 0x00000000b2e00000, 0x00000000b2e00000| Untracked 
| 289|0x00000000b2f00000, 0x00000000b2f00000, 0x00000000b3000000|  0%| F|  |TAMS 0x00000000b2f00000, 0x00000000b2f00000| Untracked 
| 290|0x00000000b3000000, 0x00000000b3000000, 0x00000000b3100000|  0%| F|  |TAMS 0x00000000b3000000, 0x00000000b3000000| Untracked 

Card table byte_map: [0x0000026213010000,0x0000026213310000] _byte_map_base: 0x0000026212b09000

Marking Bits (Prev, Next): (CMBitMap*) 0x000002620cfcb330, (CMBitMap*) 0x000002620cfcb370
 Prev Bits: [0x0000026213610000, 0x0000026214dd8000)
 Next Bits: [0x0000026214de0000, 0x00000262165a8000)

Polling page: 0x000002620aea0000

Metaspace:

Usage:
  Non-class:     34.69 MB used.
      Class:      4.95 MB used.
       Both:     39.64 MB used.

Virtual space:
  Non-class space:       40.00 MB reserved,      34.88 MB ( 87%) committed,  5 nodes.
      Class space:        1.00 GB reserved,       5.12 MB ( <1%) committed,  1 nodes.
             Both:        1.04 GB reserved,      40.00 MB (  4%) committed. 

Chunk freelists:
   Non-Class:  384.00 KB
       Class:  2.92 MB
        Both:  3.30 MB

MaxMetaspaceSize: unlimited
CompressedClassSpaceSize: 1.00 GB
Initial GC threshold: 21.00 MB
Current GC threshold: 64.69 MB
CDS: off
MetaspaceReclaimPolicy: balanced
 - commit_granule_bytes: 65536.
 - commit_granule_words: 8192.
 - virtual_space_node_default_size: 1048576.
 - enlarge_chunks_in_place: 1.
 - new_chunks_are_fully_committed: 0.
 - uncommit_free_chunks: 1.
 - use_allocation_guard: 0.
 - handle_deallocations: 1.


Internal statistics:

num_allocs_failed_limit: 6.
num_arena_births: 388.
num_arena_deaths: 0.
num_vsnodes_births: 6.
num_vsnodes_deaths: 0.
num_space_committed: 640.
num_space_uncommitted: 0.
num_chunks_returned_to_freelist: 6.
num_chunks_taken_from_freelist: 1599.
num_chunk_merges: 6.
num_chunk_splits: 1096.
num_chunks_enlarged: 854.
num_purges: 0.
num_inconsistent_stats: 0.

CodeCache: size=49152Kb used=9864Kb max_used=9864Kb free=39287Kb
 bounds [0x000002620fc00000, 0x00000262105b0000, 0x0000026212c00000]
 total_blobs=4727 nmethods=4179 adapters=472
 compilation: enabled
              stopped_count=0, restarted_count=0
 full_count=0

Compilation events (20 events):
Event: 3.385 Thread 0x000002621a763820 nmethod 4173 0x000002621059bd10 code [0x000002621059bee0, 0x000002621059c238]
Event: 3.385 Thread 0x000002621a763820 4201   !   1       nonapi.io.github.classgraph.fileslice.reader.ClassfileReader::close (43 bytes)
Event: 3.397 Thread 0x000002621a763820 nmethod 4201 0x000002621059f110 code [0x000002621059f2c0, 0x000002621059f498]
Event: 3.403 Thread 0x000002621a763820 4221       1       java.lang.StringLatin1::compareToCI (108 bytes)
Event: 3.423 Thread 0x0000026219025200 nmethod 4181 0x000002621059c410 code [0x000002621059c6c0, 0x000002621059d178]
Event: 3.423 Thread 0x0000026219dfb9b0 nmethod 4195 0x000002621059d790 code [0x000002621059db00, 0x000002621059e928]
Event: 3.441 Thread 0x0000026219025200 4193       1       java.nio.HeapByteBuffer::get (64 bytes)
Event: 3.441 Thread 0x0000026219dfb9b0 4190       1       jdk.internal.module.SystemModuleFinders$SystemModuleReader$$Lambda$132/0x00000001001e9f30::apply (12 bytes)
Event: 3.441 Thread 0x0000026219dfb9b0 nmethod 4190 0x000002621059f590 code [0x000002621059f720, 0x000002621059f848]
Event: 3.441 Thread 0x0000026219dfb9b0 4188       1       java.util.Optional::map (30 bytes)
Event: 3.441 Thread 0x000002621a763820 nmethod 4221 0x000002621059f910 code [0x000002621059fb00, 0x000002621059fe18]
Event: 3.441 Thread 0x000002621a763820 4189   !   1       jdk.internal.module.SystemModuleFinders$SystemModuleReader::toInputStream (43 bytes)
Event: 3.442 Thread 0x0000026219dfb9b0 nmethod 4188 0x00000262105a0090 code [0x00000262105a0240, 0x00000262105a04f8]
Event: 3.442 Thread 0x0000026219dfb9b0 4162   !   1       jdk.internal.reflect.GeneratedMethodAccessor17::invoke (61 bytes)
Event: 3.442 Thread 0x0000026219025200 nmethod 4193 0x00000262105a0610 code [0x00000262105a0800, 0x00000262105a0b98]
Event: 3.442 Thread 0x0000026219025200 4204       1       jdk.internal.module.SystemModuleFinders$SystemModuleReader::open (15 bytes)
Event: 3.442 Thread 0x0000026219dfb9b0 nmethod 4162 0x00000262105a0d90 code [0x00000262105a0f80, 0x00000262105a13f8]
Event: 3.442 Thread 0x000002621a763820 nmethod 4189 0x00000262105a1710 code [0x00000262105a1900, 0x00000262105a1e28]
Event: 3.442 Thread 0x0000026219dfb9b0 4202       1       jdk.internal.module.SystemModuleFinders$SystemModuleReader::findImageLocation (42 bytes)
Event: 3.442 Thread 0x000002621a763820 4183       1       jdk.internal.jimage.ImageLocation::verify (38 bytes)

GC Heap History (20 events):
Event: 2.789 GC heap after
{Heap after GC invocations=12 (full 0):
 garbage-first heap   total 61440K, used 32758K [0x00000000a0e00000, 0x0000000100000000)
  region size 1024K, 3 young (3072K), 3 survivors (3072K)
 Metaspace       used 36649K, committed 36992K, reserved 1081344K
  class space    used 4706K, committed 4864K, reserved 1048576K
}
Event: 2.816 GC heap before
{Heap before GC invocations=12 (full 0):
 garbage-first heap   total 61440K, used 47094K [0x00000000a0e00000, 0x0000000100000000)
  region size 1024K, 17 young (17408K), 3 survivors (3072K)
 Metaspace       used 37037K, committed 37376K, reserved 1081344K
  class space    used 4746K, committed 4864K, reserved 1048576K
}
Event: 2.820 GC heap after
{Heap after GC invocations=13 (full 0):
 garbage-first heap   total 112640K, used 35282K [0x00000000a0e00000, 0x0000000100000000)
  region size 1024K, 3 young (3072K), 3 survivors (3072K)
 Metaspace       used 37037K, committed 37376K, reserved 1081344K
  class space    used 4746K, committed 4864K, reserved 1048576K
}
Event: 2.909 GC heap before
{Heap before GC invocations=14 (full 0):
 garbage-first heap   total 112640K, used 80338K [0x00000000a0e00000, 0x0000000100000000)
  region size 1024K, 48 young (49152K), 3 survivors (3072K)
 Metaspace       used 38010K, committed 38272K, reserved 1089536K
  class space    used 4799K, committed 4928K, reserved 1048576K
}
Event: 2.918 GC heap after
{Heap after GC invocations=15 (full 0):
 garbage-first heap   total 112640K, used 45873K [0x00000000a0e00000, 0x0000000100000000)
  region size 1024K, 6 young (6144K), 6 survivors (6144K)
 Metaspace       used 38010K, committed 38272K, reserved 1089536K
  class space    used 4799K, committed 4928K, reserved 1048576K
}
Event: 3.020 GC heap before
{Heap before GC invocations=15 (full 0):
 garbage-first heap   total 112640K, used 77617K [0x00000000a0e00000, 0x0000000100000000)
  region size 1024K, 38 young (38912K), 6 survivors (6144K)
 Metaspace       used 38669K, committed 39040K, reserved 1089536K
  class space    used 4872K, committed 5056K, reserved 1048576K
}
Event: 3.028 GC heap after
{Heap after GC invocations=16 (full 0):
 garbage-first heap   total 112640K, used 52648K [0x00000000a0e00000, 0x0000000100000000)
  region size 1024K, 5 young (5120K), 5 survivors (5120K)
 Metaspace       used 38669K, committed 39040K, reserved 1089536K
  class space    used 4872K, committed 5056K, reserved 1048576K
}
Event: 3.094 GC heap before
{Heap before GC invocations=16 (full 0):
 garbage-first heap   total 112640K, used 79272K [0x00000000a0e00000, 0x0000000100000000)
  region size 1024K, 31 young (31744K), 5 survivors (5120K)
 Metaspace       used 38891K, committed 39232K, reserved 1089536K
  class space    used 4903K, committed 5056K, reserved 1048576K
}
Event: 3.105 GC heap after
{Heap after GC invocations=17 (full 0):
 garbage-first heap   total 112640K, used 69527K [0x00000000a0e00000, 0x0000000100000000)
  region size 1024K, 5 young (5120K), 5 survivors (5120K)
 Metaspace       used 38891K, committed 39232K, reserved 1089536K
  class space    used 4903K, committed 5056K, reserved 1048576K
}
Event: 3.190 GC heap before
{Heap before GC invocations=17 (full 0):
 garbage-first heap   total 135168K, used 83863K [0x00000000a0e00000, 0x0000000100000000)
  region size 1024K, 20 young (20480K), 5 survivors (5120K)
 Metaspace       used 39489K, committed 39872K, reserved 1089536K
  class space    used 4982K, committed 5184K, reserved 1048576K
}
Event: 3.207 GC heap after
{Heap after GC invocations=18 (full 0):
 garbage-first heap   total 135168K, used 75503K [0x00000000a0e00000, 0x0000000100000000)
  region size 1024K, 3 young (3072K), 3 survivors (3072K)
 Metaspace       used 39489K, committed 39872K, reserved 1089536K
  class space    used 4982K, committed 5184K, reserved 1048576K
}
Event: 3.225 GC heap before
{Heap before GC invocations=18 (full 0):
 garbage-first heap   total 135168K, used 95983K [0x00000000a0e00000, 0x0000000100000000)
  region size 1024K, 24 young (24576K), 3 survivors (3072K)
 Metaspace       used 39504K, committed 39872K, reserved 1089536K
  class space    used 4988K, committed 5184K, reserved 1048576K
}
Event: 3.229 GC heap after
{Heap after GC invocations=19 (full 0):
 garbage-first heap   total 297984K, used 77152K [0x00000000a0e00000, 0x0000000100000000)
  region size 1024K, 2 young (2048K), 2 survivors (2048K)
 Metaspace       used 39504K, committed 39872K, reserved 1089536K
  class space    used 4988K, committed 5184K, reserved 1048576K
}
Event: 3.309 GC heap before
{Heap before GC invocations=20 (full 0):
 garbage-first heap   total 297984K, used 208224K [0x00000000a0e00000, 0x0000000100000000)
  region size 1024K, 131 young (134144K), 2 survivors (2048K)
 Metaspace       used 39969K, committed 40320K, reserved 1089536K
  class space    used 5018K, committed 5184K, reserved 1048576K
}
Event: 3.313 GC heap after
{Heap after GC invocations=21 (full 0):
 garbage-first heap   total 297984K, used 82499K [0x00000000a0e00000, 0x0000000100000000)
  region size 1024K, 7 young (7168K), 7 survivors (7168K)
 Metaspace       used 39969K, committed 40320K, reserved 1089536K
  class space    used 5018K, committed 5184K, reserved 1048576K
}
Event: 3.317 GC heap before
{Heap before GC invocations=21 (full 0):
 garbage-first heap   total 297984K, used 88643K [0x00000000a0e00000, 0x0000000100000000)
  region size 1024K, 14 young (14336K), 7 survivors (7168K)
 Metaspace       used 39981K, committed 40384K, reserved 1089536K
  class space    used 5024K, committed 5184K, reserved 1048576K
}
Event: 3.320 GC heap after
{Heap after GC invocations=22 (full 0):
 garbage-first heap   total 297984K, used 82653K [0x00000000a0e00000, 0x0000000100000000)
  region size 1024K, 1 young (1024K), 1 survivors (1024K)
 Metaspace       used 39981K, committed 40384K, reserved 1089536K
  class space    used 5024K, committed 5184K, reserved 1048576K
}
Event: 3.379 GC heap before
{Heap before GC invocations=22 (full 0):
 garbage-first heap   total 297984K, used 224989K [0x00000000a0e00000, 0x0000000100000000)
  region size 1024K, 141 young (144384K), 1 survivors (1024K)
 Metaspace       used 40256K, committed 40640K, reserved 1089536K
  class space    used 5058K, committed 5248K, reserved 1048576K
}
Event: 3.383 GC heap after
{Heap after GC invocations=23 (full 0):
 garbage-first heap   total 297984K, used 87813K [0x00000000a0e00000, 0x0000000100000000)
  region size 1024K, 6 young (6144K), 6 survivors (6144K)
 Metaspace       used 40256K, committed 40640K, reserved 1089536K
  class space    used 5058K, committed 5248K, reserved 1048576K
}
Event: 3.443 GC heap before
{Heap before GC invocations=23 (full 0):
 garbage-first heap   total 297984K, used 231173K [0x00000000a0e00000, 0x0000000100000000)
  region size 1024K, 147 young (150528K), 6 survivors (6144K)
 Metaspace       used 40589K, committed 40960K, reserved 1089536K
  class space    used 5065K, committed 5248K, reserved 1048576K
}

Dll operation events (8 events):
Event: 0.005 Loaded shared library c:\Users\nhatn\.vscode\extensions\redhat.java-1.13.0-win32-x64\jre\17.0.5-win32-x86_64\bin\java.dll
Event: 0.143 Loaded shared library C:\Users\nhatn\.vscode\extensions\redhat.java-1.13.0-win32-x64\jre\17.0.5-win32-x86_64\bin\net.dll
Event: 0.144 Loaded shared library C:\Users\nhatn\.vscode\extensions\redhat.java-1.13.0-win32-x64\jre\17.0.5-win32-x86_64\bin\nio.dll
Event: 0.151 Loaded shared library C:\Users\nhatn\.vscode\extensions\redhat.java-1.13.0-win32-x64\jre\17.0.5-win32-x86_64\bin\zip.dll
Event: 0.250 Loaded shared library c:\Users\nhatn\.vscode\extensions\redhat.java-1.13.0-win32-x64\jre\17.0.5-win32-x86_64\bin\verify.dll
Event: 0.257 Loaded shared library C:\Users\nhatn\.vscode\extensions\redhat.java-1.13.0-win32-x64\jre\17.0.5-win32-x86_64\bin\jimage.dll
Event: 1.018 Loaded shared library C:\Users\nhatn\.vscode\extensions\redhat.java-1.13.0-win32-x64\jre\17.0.5-win32-x86_64\bin\management.dll
Event: 1.021 Loaded shared library C:\Users\nhatn\.vscode\extensions\redhat.java-1.13.0-win32-x64\jre\17.0.5-win32-x86_64\bin\management_ext.dll

Deoptimization events (12 events):
Event: 1.216 Thread 0x000002620cf7deb0 DEOPT PACKING pc=0x0000026210163199 sp=0x000000ffcfefd140
Event: 1.216 Thread 0x000002620cf7deb0 DEOPT UNPACKING pc=0x000002620fc52b43 sp=0x000000ffcfefc620 mode 3
Event: 2.183 Thread 0x000002620cf7deb0 DEOPT PACKING pc=0x00000262102dd319 sp=0x000000ffcfefc520
Event: 2.183 Thread 0x000002620cf7deb0 DEOPT UNPACKING pc=0x000002620fc52b43 sp=0x000000ffcfefba00 mode 3
Event: 2.464 Thread 0x000002621b2d2020 DEOPT PACKING pc=0x0000026210394735 sp=0x000000ffd20fdc30
Event: 2.464 Thread 0x000002621b2d2020 DEOPT UNPACKING pc=0x000002620fc52b43 sp=0x000000ffd20fd148 mode 3
Event: 2.549 Thread 0x000002621b2fd710 DEOPT PACKING pc=0x00000262103b4d2b sp=0x000000ffd26fe250
Event: 2.549 Thread 0x000002621b2fd710 DEOPT UNPACKING pc=0x000002620fc52b43 sp=0x000000ffd26fd798 mode 3
Event: 2.585 Thread 0x000002621ae095b0 DEOPT PACKING pc=0x000002621015df81 sp=0x000000ffd1ffd6f0
Event: 2.585 Thread 0x000002621ae095b0 DEOPT UNPACKING pc=0x000002620fc52b43 sp=0x000000ffd1ffcb80 mode 3
Event: 2.718 Thread 0x000002621b2fbf00 DEOPT PACKING pc=0x000002621015ba97 sp=0x000000ffd30feb20
Event: 2.718 Thread 0x000002621b2fbf00 DEOPT UNPACKING pc=0x000002620fc52b43 sp=0x000000ffd30fdf78 mode 3

Classes unloaded (0 events):
No events

Classes redefined (0 events):
No events

Internal exceptions (20 events):
Event: 2.576 Thread 0x000002621b2fcd70 Exception <a 'sun/nio/fs/WindowsException'{0x00000000a3b0ad18}> (0x00000000a3b0ad18) 
thrown [s\src\hotspot\share\prims\jni.cpp, line 516]
Event: 2.576 Thread 0x000002621b2fcd70 Exception <a 'sun/nio/fs/WindowsException'{0x00000000a3b0b0f8}> (0x00000000a3b0b0f8) 
thrown [s\src\hotspot\share\prims\jni.cpp, line 516]
Event: 2.576 Thread 0x000002621b2fcd70 Exception <a 'sun/nio/fs/WindowsException'{0x00000000a3b0bae8}> (0x00000000a3b0bae8) 
thrown [s\src\hotspot\share\prims\jni.cpp, line 516]
Event: 2.577 Thread 0x000002621b2fcd70 Exception <a 'sun/nio/fs/WindowsException'{0x00000000a3b0be90}> (0x00000000a3b0be90) 
thrown [s\src\hotspot\share\prims\jni.cpp, line 516]
Event: 2.577 Thread 0x000002621b2fcd70 Exception <a 'sun/nio/fs/WindowsException'{0x00000000a3b0c890}> (0x00000000a3b0c890) 
thrown [s\src\hotspot\share\prims\jni.cpp, line 516]
Event: 2.577 Thread 0x000002621b2fcd70 Exception <a 'sun/nio/fs/WindowsException'{0x00000000a3b0cc50}> (0x00000000a3b0cc50) 
thrown [s\src\hotspot\share\prims\jni.cpp, line 516]
Event: 2.577 Thread 0x000002621b2fcd70 Exception <a 'sun/nio/fs/WindowsException'{0x00000000a3b0d650}> (0x00000000a3b0d650) 
thrown [s\src\hotspot\share\prims\jni.cpp, line 516]
Event: 2.577 Thread 0x000002621b2fcd70 Exception <a 'sun/nio/fs/WindowsException'{0x00000000a3b0da00}> (0x00000000a3b0da00) 
thrown [s\src\hotspot\share\prims\jni.cpp, line 516]
Event: 2.577 Thread 0x000002621b2fcd70 Exception <a 'sun/nio/fs/WindowsException'{0x00000000a3b0e400}> (0x00000000a3b0e400) 
thrown [s\src\hotspot\share\prims\jni.cpp, line 516]
Event: 2.577 Thread 0x000002621b2fcd70 Exception <a 'sun/nio/fs/WindowsException'{0x00000000a3b0e7c0}> (0x00000000a3b0e7c0) 
thrown [s\src\hotspot\share\prims\jni.cpp, line 516]
Event: 2.577 Thread 0x000002621b2fcd70 Exception <a 'sun/nio/fs/WindowsException'{0x00000000a3b0f1e8}> (0x00000000a3b0f1e8) 
thrown [s\src\hotspot\share\prims\jni.cpp, line 516]
Event: 2.577 Thread 0x000002621b2fcd70 Exception <a 'sun/nio/fs/WindowsException'{0x00000000a3b0f5c8}> (0x00000000a3b0f5c8) 
thrown [s\src\hotspot\share\prims\jni.cpp, line 516]
Event: 2.577 Thread 0x000002621b2fcd70 Exception <a 'sun/nio/fs/WindowsException'{0x00000000a3b10000}> (0x00000000a3b10000) 
thrown [s\src\hotspot\share\prims\jni.cpp, line 516]
Event: 2.577 Thread 0x000002621b2fcd70 Exception <a 'sun/nio/fs/WindowsException'{0x00000000a3b103f0}> (0x00000000a3b103f0) 
thrown [s\src\hotspot\share\prims\jni.cpp, line 516]
Event: 2.578 Thread 0x000002621b2fcd70 Exception <a 'sun/nio/fs/WindowsException'{0x00000000a3b10e18}> (0x00000000a3b10e18) 
thrown [s\src\hotspot\share\prims\jni.cpp, line 516]
Event: 2.578 Thread 0x000002621b2fcd70 Exception <a 'sun/nio/fs/WindowsException'{0x00000000a3b11208}> (0x00000000a3b11208) 
thrown [s\src\hotspot\share\prims\jni.cpp, line 516]
Event: 2.981 Thread 0x000002621b2d2020 Exception <a 'java/lang/NoSuchMethodError'{0x00000000a64a35b0}: 'java.lang.Object java.lang.invoke.Invokers$Holder.invoke_MT(java.lang.Object, java.lang.Object, java.lang.Object)'> (0x00000000a64a35b0) 
thrown [s\src\hotspot\share\interpreter\linkResolver.cpp, line 759]
Event: 3.122 Thread 0x000002621b2d2020 Exception <a 'java/lang/NoSuchMethodError'{0x00000000a7724108}: 'java.lang.Object java.lang.invoke.DirectMethodHandle$Holder.newInvokeSpecial(java.lang.Object, java.lang.Object, int)'> (0x00000000a7724108) 
thrown [s\src\hotspot\share\interpreter\linkResolver.cpp, line 759]
Event: 3.136 Thread 0x000002621b29a3b0 Exception <a 'java/lang/NoSuchMethodError'{0x00000000a74380d8}: 'java.lang.Object java.lang.invoke.Invokers$Holder.linkToTargetMethod(java.lang.Object, long, java.lang.Object)'> (0x00000000a74380d8) 
thrown [s\src\hotspot\share\interpreter\linkResolver.cpp, line 759]
Event: 3.273 Thread 0x000002621b298200 Exception <a 'java/lang/NoSuchMethodError'{0x00000000b3009fc8}: 'void java.lang.invoke.DirectMethodHandle$Holder.invokeVirtual(java.lang.Object, java.lang.Object, java.lang.Object, java.lang.Object)'> (0x00000000b3009fc8) 
thrown [s\src\hotspot\share\interpreter\linkResolver.cpp, line 759]

VM Operations (20 events):
Event: 3.207 Executing VM operation: G1CollectForAllocation done
Event: 3.224 Executing VM operation: G1CollectForAllocation
Event: 3.230 Executing VM operation: G1CollectForAllocation done
Event: 3.230 Executing VM operation: G1Concurrent
Event: 3.231 Executing VM operation: G1Concurrent done
Event: 3.284 Executing VM operation: HandshakeAllThreads
Event: 3.309 Executing VM operation: HandshakeAllThreads done
Event: 3.309 Executing VM operation: G1CollectForAllocation
Event: 3.313 Executing VM operation: G1CollectForAllocation done
Event: 3.315 Executing VM operation: HandshakeAllThreads
Event: 3.315 Executing VM operation: HandshakeAllThreads done
Event: 3.317 Executing VM operation: G1CollectForAllocation
Event: 3.317 Executing VM operation: G1CollectForAllocation done
Event: 3.317 Executing VM operation: G1CollectForAllocation
Event: 3.321 Executing VM operation: G1CollectForAllocation done
Event: 3.377 Executing VM operation: G1CollectForAllocation
Event: 3.384 Executing VM operation: G1CollectForAllocation done
Event: 3.422 Executing VM operation: G1CollectForAllocation
Event: 3.442 Executing VM operation: G1CollectForAllocation done
Event: 3.442 Executing VM operation: G1CollectForAllocation

Events (20 events):
Event: 3.231 loading class java/util/concurrent/locks/ReentrantReadWriteLock
Event: 3.231 Thread 0x000002621ddedbc0 Thread added: 0x000002621ddedbc0
Event: 3.233 loading class java/util/concurrent/locks/ReentrantReadWriteLock done
Event: 3.261 loading class java/util/concurrent/locks/ReentrantReadWriteLock$NonfairSync
Event: 3.261 Thread 0x000002621ddeef00 Thread added: 0x000002621ddeef00
Event: 3.261 loading class java/util/concurrent/locks/ReentrantReadWriteLock$Sync
Event: 3.263 loading class java/util/concurrent/locks/ReentrantReadWriteLock$Sync done
Event: 3.263 Thread 0x000002621ddf0710 Thread added: 0x000002621ddf0710
Event: 3.264 loading class java/util/concurrent/locks/ReentrantReadWriteLock$NonfairSync done
Event: 3.264 loading class java/util/concurrent/locks/ReentrantReadWriteLock$Sync$ThreadLocalHoldCounter
Event: 3.265 loading class java/util/concurrent/locks/ReentrantReadWriteLock$Sync$ThreadLocalHoldCounter done
Event: 3.265 loading class java/util/concurrent/locks/ReentrantReadWriteLock$ReadLock
Event: 3.265 loading class java/util/concurrent/locks/ReentrantReadWriteLock$ReadLock done
Event: 3.267 loading class java/util/concurrent/locks/ReentrantReadWriteLock$WriteLock
Event: 3.267 loading class java/util/concurrent/locks/ReentrantReadWriteLock$WriteLock done
Event: 3.281 Thread 0x000002621ddec880 Thread added: 0x000002621ddec880
Event: 3.322 Thread 0x000002621ddf3730 Thread added: 0x000002621ddf3730
Event: 3.346 Thread 0x000002621ddecd50 Thread added: 0x000002621ddecd50
Event: 3.363 loading class sun/util/ResourceBundleEnumeration
Event: 3.363 loading class sun/util/ResourceBundleEnumeration done


Dynamic libraries:
0x00007ff6735f0000 - 0x00007ff6735fe000 	c:\Users\nhatn\.vscode\extensions\redhat.java-1.13.0-win32-x64\jre\17.0.5-win32-x86_64\bin\java.exe
0x00007ffc89c80000 - 0x00007ffc89e89000 	C:\Windows\SYSTEM32\ntdll.dll
0x00007ffc88e60000 - 0x00007ffc88f1e000 	C:\Windows\System32\KERNEL32.DLL
0x00007ffc87350000 - 0x00007ffc876cb000 	C:\Windows\System32\KERNELBASE.dll
0x00007ffc878c0000 - 0x00007ffc879d1000 	C:\Windows\System32\ucrtbase.dll
0x00007ffc31e60000 - 0x00007ffc31e77000 	c:\Users\nhatn\.vscode\extensions\redhat.java-1.13.0-win32-x64\jre\17.0.5-win32-x86_64\bin\jli.dll
0x00007ffc31e40000 - 0x00007ffc31e59000 	c:\Users\nhatn\.vscode\extensions\redhat.java-1.13.0-win32-x64\jre\17.0.5-win32-x86_64\bin\VCRUNTIME140.dll
0x00007ffc88cb0000 - 0x00007ffc88e5d000 	C:\Windows\System32\USER32.dll
0x00007ffc78c90000 - 0x00007ffc78f35000 	C:\Windows\WinSxS\amd64_microsoft.windows.common-controls_6595b64144ccf1df_6.0.22000.120_none_9d947278b86cc467\COMCTL32.dll
0x00007ffc87150000 - 0x00007ffc87176000 	C:\Windows\System32\win32u.dll
0x00007ffc896f0000 - 0x00007ffc89793000 	C:\Windows\System32\msvcrt.dll
0x00007ffc890e0000 - 0x00007ffc89109000 	C:\Windows\System32\GDI32.dll
0x00007ffc879e0000 - 0x00007ffc87af8000 	C:\Windows\System32\gdi32full.dll
0x00007ffc871f0000 - 0x00007ffc8728d000 	C:\Windows\System32\msvcp_win.dll
0x00007ffc88080000 - 0x00007ffc880b2000 	C:\Windows\System32\IMM32.DLL
0x00007ffc39f20000 - 0x00007ffc39f2c000 	c:\Users\nhatn\.vscode\extensions\redhat.java-1.13.0-win32-x64\jre\17.0.5-win32-x86_64\bin\vcruntime140_1.dll
0x00007ffc1fd60000 - 0x00007ffc1fdf1000 	c:\Users\nhatn\.vscode\extensions\redhat.java-1.13.0-win32-x64\jre\17.0.5-win32-x86_64\bin\msvcp140.dll
0x00007ffb76ae0000 - 0x00007ffb77724000 	c:\Users\nhatn\.vscode\extensions\redhat.java-1.13.0-win32-x64\jre\17.0.5-win32-x86_64\bin\server\jvm.dll
0x00007ffc89b80000 - 0x00007ffc89c2e000 	C:\Windows\System32\ADVAPI32.dll
0x00007ffc87fe0000 - 0x00007ffc8807e000 	C:\Windows\System32\sechost.dll
0x00007ffc89110000 - 0x00007ffc89230000 	C:\Windows\System32\RPCRT4.dll
0x00007ffc82070000 - 0x00007ffc820a3000 	C:\Windows\SYSTEM32\WINMM.dll
0x00007ffc40600000 - 0x00007ffc40609000 	C:\Windows\SYSTEM32\WSOCK32.dll
0x00007ffc81340000 - 0x00007ffc8134a000 	C:\Windows\SYSTEM32\VERSION.dll
0x00007ffc88ad0000 - 0x00007ffc88b3f000 	C:\Windows\System32\WS2_32.dll
0x00007ffc861d0000 - 0x00007ffc861e8000 	C:\Windows\SYSTEM32\kernel.appcore.dll
0x00007ffc36c90000 - 0x00007ffc36c9a000 	c:\Users\nhatn\.vscode\extensions\redhat.java-1.13.0-win32-x64\jre\17.0.5-win32-x86_64\bin\jimage.dll
0x00007ffc7de40000 - 0x00007ffc7e061000 	C:\Windows\SYSTEM32\DBGHELP.DLL
0x00007ffc7e380000 - 0x00007ffc7e3b1000 	C:\Windows\SYSTEM32\dbgcore.DLL
0x00007ffc876d0000 - 0x00007ffc8774f000 	C:\Windows\System32\bcryptPrimitives.dll
0x00007ffc22860000 - 0x00007ffc22885000 	c:\Users\nhatn\.vscode\extensions\redhat.java-1.13.0-win32-x64\jre\17.0.5-win32-x86_64\bin\java.dll
0x00007ffc20200000 - 0x00007ffc20218000 	c:\Users\nhatn\.vscode\extensions\redhat.java-1.13.0-win32-x64\jre\17.0.5-win32-x86_64\bin\zip.dll
0x00007ffc880c0000 - 0x00007ffc88877000 	C:\Windows\System32\SHELL32.dll
0x00007ffc85210000 - 0x00007ffc85a75000 	C:\Windows\SYSTEM32\windows.storage.dll
0x00007ffc89290000 - 0x00007ffc89608000 	C:\Windows\System32\combase.dll
0x00007ffc850a0000 - 0x00007ffc85206000 	C:\Windows\SYSTEM32\wintypes.dll
0x00007ffc88950000 - 0x00007ffc88a3a000 	C:\Windows\System32\SHCORE.dll
0x00007ffc89230000 - 0x00007ffc8928d000 	C:\Windows\System32\shlwapi.dll
0x00007ffc87080000 - 0x00007ffc870a1000 	C:\Windows\SYSTEM32\profapi.dll
0x00007ffc201e0000 - 0x00007ffc201f9000 	C:\Users\nhatn\.vscode\extensions\redhat.java-1.13.0-win32-x64\jre\17.0.5-win32-x86_64\bin\net.dll
0x00007ffc81f50000 - 0x00007ffc82064000 	C:\Windows\SYSTEM32\WINHTTP.dll
0x00007ffc86670000 - 0x00007ffc866d7000 	C:\Windows\system32\mswsock.dll
0x00007ffc1fea0000 - 0x00007ffc1feb5000 	C:\Users\nhatn\.vscode\extensions\redhat.java-1.13.0-win32-x64\jre\17.0.5-win32-x86_64\bin\nio.dll
0x00007ffc2d040000 - 0x00007ffc2d050000 	c:\Users\nhatn\.vscode\extensions\redhat.java-1.13.0-win32-x64\jre\17.0.5-win32-x86_64\bin\verify.dll
0x00007ffc82a50000 - 0x00007ffc82a59000 	C:\Users\nhatn\.vscode\extensions\redhat.java-1.13.0-win32-x64\jre\17.0.5-win32-x86_64\bin\management.dll
0x00007ffc79700000 - 0x00007ffc7970b000 	C:\Users\nhatn\.vscode\extensions\redhat.java-1.13.0-win32-x64\jre\17.0.5-win32-x86_64\bin\management_ext.dll
0x00007ffc88880000 - 0x00007ffc88888000 	C:\Windows\System32\PSAPI.DLL
0x00007ffc6a8e0000 - 0x00007ffc6a8f7000 	C:\Windows\system32\napinsp.dll
0x00007ffc67060000 - 0x00007ffc6707b000 	C:\Windows\system32\pnrpnsp.dll
0x00007ffc85cf0000 - 0x00007ffc85dd8000 	C:\Windows\SYSTEM32\DNSAPI.dll
0x00007ffc85cc0000 - 0x00007ffc85ced000 	C:\Windows\SYSTEM32\IPHLPAPI.DLL
0x00007ffc87b60000 - 0x00007ffc87b69000 	C:\Windows\System32\NSI.dll
0x00007ffc7a960000 - 0x00007ffc7a972000 	C:\Windows\System32\winrnr.dll
0x00007ffc81100000 - 0x00007ffc81115000 	C:\Windows\system32\wshbth.dll
0x00007ffc7a940000 - 0x00007ffc7a95f000 	C:\Windows\system32\nlansp_c.dll
0x0000000060b90000 - 0x0000000060bc5000 	C:\Program Files\Bonjour\mdnsNSP.dll
0x00007ffc7ff60000 - 0x00007ffc7ff6a000 	C:\Windows\System32\rasadhlp.dll
0x00007ffc80fd0000 - 0x00007ffc81051000 	C:\Windows\System32\fwpuclnt.dll
0x00007ffc868b0000 - 0x00007ffc868c8000 	C:\Windows\SYSTEM32\CRYPTSP.dll
0x00007ffc86130000 - 0x00007ffc86165000 	C:\Windows\system32\rsaenh.dll
0x00007ffc86760000 - 0x00007ffc86789000 	C:\Windows\SYSTEM32\USERENV.dll
0x00007ffc86ab0000 - 0x00007ffc86ad7000 	C:\Windows\SYSTEM32\bcrypt.dll
0x00007ffc868d0000 - 0x00007ffc868dc000 	C:\Windows\SYSTEM32\CRYPTBASE.dll
0x00007ffc822d0000 - 0x00007ffc822e9000 	C:\Windows\SYSTEM32\dhcpcsvc6.DLL
0x00007ffc82470000 - 0x00007ffc8248e000 	C:\Windows\SYSTEM32\dhcpcsvc.DLL

dbghelp: loaded successfully - version: 4.0.5 - missing functions: none
symbol engine: initialized successfully - sym options: 0x614 - pdb path: .;c:\Users\nhatn\.vscode\extensions\redhat.java-1.13.0-win32-x64\jre\17.0.5-win32-x86_64\bin;C:\Windows\SYSTEM32;C:\Windows\WinSxS\amd64_microsoft.windows.common-controls_6595b64144ccf1df_6.0.22000.120_none_9d947278b86cc467;c:\Users\nhatn\.vscode\extensions\redhat.java-1.13.0-win32-x64\jre\17.0.5-win32-x86_64\bin\server;C:\Program Files\Bonjour

VM Arguments:
jvm_args: -Dsts.lsp.client=vscode -Dsts.log.file=/dev/null -XX:TieredStopAtLevel=1 -Xlog:jni+resolve=off -Dspring.config.location=file:c:\Users\nhatn\.vscode\extensions\pivotal.vscode-spring-boot-1.42.0\language-server\BOOT-INF\classes\application.properties 
java_command: org.springframework.ide.vscode.boot.app.BootLanguageServerBootApp
java_class_path (initial): c:\Users\nhatn\.vscode\extensions\pivotal.vscode-spring-boot-1.42.0\language-server\BOOT-INF\classes;c:\Users\nhatn\.vscode\extensions\pivotal.vscode-spring-boot-1.42.0\language-server\BOOT-INF\lib\annotations-23.1.0.jar;c:\Users\nhatn\.vscode\extensions\pivotal.vscode-spring-boot-1.42.0\language-server\BOOT-INF\lib\ant-1.10.12.jar;c:\Users\nhatn\.vscode\extensions\pivotal.vscode-spring-boot-1.42.0\language-server\BOOT-INF\lib\ant-launcher-1.10.12.jar;c:\Users\nhatn\.vscode\extensions\pivotal.vscode-spring-boot-1.42.0\language-server\BOOT-INF\lib\antlr-runtime-3.5.2.jar;c:\Users\nhatn\.vscode\extensions\pivotal.vscode-spring-boot-1.42.0\language-server\BOOT-INF\lib\antlr4-4.9.3.jar;c:\Users\nhatn\.vscode\extensions\pivotal.vscode-spring-boot-1.42.0\language-server\BOOT-INF\lib\antlr4-runtime-4.9.3.jar;c:\Users\nhatn\.vscode\extensions\pivotal.vscode-spring-boot-1.42.0\language-server\BOOT-INF\lib\apiguardian-api-1.1.2.jar;c:\Users\nhatn\.vscode\extensions\pivotal.vscode-spring-boot-1.42.0\language-server\BOOT-INF\lib\asm-9.4.jar;c:\Users\nhatn\.vscode\extensions\pivotal.vscode-spring-boot-1.42.0\language-server\BOOT-INF\lib\asm-analysis-9.4.jar;c:\Users\nhatn\.vscode\extensions\pivotal.vscode-spring-boot-1.42.0\language-server\BOOT-INF\lib\asm-tree-9.4.jar;c:\Users\nhatn\.vscode\extensions\pivotal.vscode-spring-boot-1.42.0\language-server\BOOT-INF\lib\asm-util-9.4.jar;c:\Users\nhatn\.vscode\extensions\pivotal.vscode-spring-boot-1.42.0\language-server\BOOT-INF\lib\caffeine-2.9.3.jar;c:\Users\nhatn\.vscode\extensions\pivotal.vscode-spring-boot-1.42.0\language-server\BOOT-INF\lib\checker-qual-3.12.0.jar;c:\Users\nhatn\.vscode\extensions\pivotal.vscode-spring-boot-1.42.0\language-server\BOOT-INF\lib\ci-environment-9.1.0.jar;c:\Users\nhatn\.vscode\extensions\pivotal.vscode-spring-boot-1.42.0\language-server\BOOT-INF\lib\classgraph-4.8.149.jar;c:\Users\nhatn\.vscode\extensions\pivotal.vscode-spring-boot-1.42.0\language-server\BOOT-INF\lib\comm
Launcher Type: SUN_STANDARD

[Global flags]
     intx CICompilerCount                          = 4                                         {product} {ergonomic}
     uint ConcGCThreads                            = 2                                         {product} {ergonomic}
     uint G1ConcRefinementThreads                  = 8                                         {product} {ergonomic}
   size_t G1HeapRegionSize                         = 1048576                                   {product} {ergonomic}
    uintx GCDrainStackTargetSize                   = 64                                        {product} {ergonomic}
   size_t InitialHeapSize                          = 100663296                                 {product} {ergonomic}
   size_t MarkStackSize                            = 4194304                                   {product} {ergonomic}
   size_t MaxHeapSize                              = 1595932672                                {product} {ergonomic}
   size_t MaxNewSize                               = 957349888                                 {product} {ergonomic}
   size_t MinHeapDeltaBytes                        = 1048576                                   {product} {ergonomic}
   size_t MinHeapSize                              = 8388608                                   {product} {ergonomic}
    uintx NonProfiledCodeHeapSize                  = 0                                      {pd product} {ergonomic}
     bool ProfileInterpreter                       = false                                  {pd product} {command line}
    uintx ProfiledCodeHeapSize                     = 0                                      {pd product} {ergonomic}
   size_t SoftMaxHeapSize                          = 1595932672                             {manageable} {ergonomic}
     intx TieredStopAtLevel                        = 1                                         {product} {command line}
     bool UseCompressedClassPointers               = true                           {product lp64_product} {ergonomic}
     bool UseCompressedOops                        = true                           {product lp64_product} {ergonomic}
     bool UseG1GC                                  = true                                      {product} {ergonomic}
     bool UseLargePagesIndividualAllocation        = false                                  {pd product} {ergonomic}

Logging:
Log output configuration:
 #0: stdout all=warning,jni+resolve=off uptime,level,tags
 #1: stderr all=off uptime,level,tags

Environment Variables:
JAVA_HOME=C:\Program Files\Java\jdk-11.0.16
PATH=C:\Program Files\NVIDIA GPU Computing Toolkit\CUDA\v8.0\bin;C:\Program Files\NVIDIA GPU Computing Toolkit\CUDA\v8.0\libnvvp;C:\Program Files (x86)\VMware\VMware Workstation\bin\;C:\ProgramData\Oracle\Java\javapath;C:\Program Files\Common Files\Oracle\Java\javapath;C:\Program Files (x86)\Common Files\Oracle\Java\javapath;C:\Windows\system32;C:\Windows;C:\Windows\System32\Wbem;C:\Windows\System32\WindowsPowerShell\v1.0\;C:\Windows\System32\OpenSSH\;C:\Program Files\dotnet\;C:\Program Files\Microsoft SQL Server\130\Tools\Binn\;C:\Program Files\Microsoft SQL Server\Client SDK\ODBC\170\Tools\Binn\;C:\Program Files (x86)\Microsoft SQL Server\150\Tools\Binn\;C:\Program Files\Microsoft SQL Server\150\Tools\Binn\;C:\Program Files\Microsoft SQL Server\150\DTS\Binn\;C:\Program Files (x86)\Microsoft SQL Server\150\DTS\Binn\;C:\Program Files\Azure Data Studio\bin;C:\Program Files\Java\jdk-17.0.1\bin;C:\Program Files\Git\cmd;C:\Users\nhatn\apache-maven-3.8.6-bin\apache-maven-3.8.6\bin;C:\Program Files\Java\jdk-11.0.16\bin;C:\Program Files\Java\jdk-18.0.2.1\bin;C:\Program Files\Java\jdk1.8.0_45\bin;C:\Program Files (x86)\dotnet\;C:\Program Files (x86)\NVIDIA Corporation\PhysX\Common;C:\Program Files\nodejs\;C:\sqlite3;C:\Users\nhatn\AppData\Local\Microsoft\WindowsApps;C:\Users\nhatn\.dotnet\tools;C:\Program Files\Azure Data Studio\bin;C:\Users\nhatn\AppData\Local\Programs\Microsoft VS Code\bin;C:\Users\nhatn\AppData\Local\Programs\oh-my-posh\bin;C:\Program Files\heroku\bin;C:\Program Files\JetBrains\IntelliJ IDEA 2021.1.3\bin;;C:\Users\nhatn\AppData\Roaming\npm
USERNAME=nhatn
OS=Windows_NT
PROCESSOR_IDENTIFIER=AMD64 Family 23 Model 24 Stepping 1, AuthenticAMD
TMP=C:\Users\nhatn\AppData\Local\Temp
TEMP=C:\Users\nhatn\AppData\Local\Temp



---------------  S Y S T E M  ---------------

OS:
 Windows 11 , 64 bit Build 22000 (10.0.22000.1335)
OS uptime: 4 days 5:16 hours
Hyper-V role detected

CPU: total 8 (initial active 8) (8 cores per cpu, 2 threads per core) family 23 model 24 stepping 1 microcode 0x0, cx8, cmov, fxsr, ht, mmx, 3dnowpref, sse, sse2, sse3, ssse3, sse4a, sse4.1, sse4.2, popcnt, lzcnt, tsc, tscinvbit, avx, avx2, aes, clmul, bmi1, bmi2, adx, sha, fma, vzeroupper, clflush, clflushopt, hv

Memory: 4k page, system-wide physical 6080M (529M free)
TotalPageFile size 24512M (AvailPageFile size 274M)
current process WorkingSet (physical memory assigned to process): 413M, peak: 413M
current process commit charge ("private bytes"): 448M, peak: 729M

vm_info: OpenJDK 64-Bit Server VM (17.0.5+8) for windows-amd64 JRE (17.0.5+8), built on Oct 19 2022 04:48:13 by "temurin" with MS VC++ 16.7 (VS2019)

END.
