#
# There is insufficient memory for the Java Runtime Environment to continue.
# Native memory allocation (mmap) failed to map 84934656 bytes for G1 virtual space
# Possible reasons:
#   The system is out of physical RAM or swap space
#   The process is running with CompressedOops enabled, and the Java Heap may be blocking the growth of the native heap
# Possible solutions:
#   Reduce memory load on the system
#   Increase physical memory or swap space
#   Check if swap backing store is full
#   Decrease Java heap size (-Xmx/-Xms)
#   Decrease number of Java threads
#   Decrease Java thread stack sizes (-Xss)
#   Set larger code cache with -XX:ReservedCodeCacheSize=
#   JVM is running with Unscaled Compressed Oops mode in which the Java heap is
#     placed in the first 4GB address space. The Java Heap base address is the
#     maximum limit for the native heap growth. Please use -XX:HeapBaseMinAddress
#     to set the Java Heap base and to place the Java Heap above 4GB virtual address.
# This output file may be truncated or incomplete.
#
#  Out of Memory Error (os_windows.cpp:3548), pid=13064, tid=12732
#
# JRE version: OpenJDK Runtime Environment Temurin-17.0.5+8 (17.0.5+8) (build 17.0.5+8)
# Java VM: OpenJDK 64-Bit Server VM Temurin-17.0.5+8 (17.0.5+8, mixed mode, emulated-client, tiered, compressed oops, compressed class ptrs, g1 gc, windows-amd64)
# No core dump will be written. Minidumps are not enabled by default on client versions of Windows
#

---------------  S U M M A R Y ------------

Command Line: -Dsts.lsp.client=vscode -Dsts.log.file=/dev/null -XX:TieredStopAtLevel=1 -Xlog:jni+resolve=off -Dspring.config.location=file:c:\Users\nhatn\.vscode\extensions\pivotal.vscode-spring-boot-1.42.0\language-server\BOOT-INF\classes\application.properties org.springframework.ide.vscode.boot.app.BootLanguageServerBootApp

Host: AMD Ryzen 5 3550H with Radeon Vega Mobile Gfx  , 8 cores, 5G,  Windows 11 , 64 bit Build 22000 (10.0.22000.1335)
Time: Wed Dec 21 09:34:02 2022 SE Asia Standard Time elapsed time: 40335.591664 seconds (0d 11h 12m 15s)

---------------  T H R E A D  ---------------

Current thread (0x000001fa44b30310):  VMThread "VM Thread" [stack: 0x000000dbf0b00000,0x000000dbf0c00000] [id=12732]

Stack: [0x000000dbf0b00000,0x000000dbf0c00000]
Native frames: (J=compiled Java code, j=interpreted, Vv=VM code, C=native code)
V  [jvm.dll+0x676b3a]
V  [jvm.dll+0x831444]
V  [jvm.dll+0x832bee]
V  [jvm.dll+0x833253]
V  [jvm.dll+0x244ce5]
V  [jvm.dll+0x673a49]
V  [jvm.dll+0x66811a]
V  [jvm.dll+0x303ceb]
V  [jvm.dll+0x30b1e6]
V  [jvm.dll+0x35adbe]
V  [jvm.dll+0x35afef]
V  [jvm.dll+0x2dab88]
V  [jvm.dll+0x2d8e3c]
V  [jvm.dll+0x2d840c]
V  [jvm.dll+0x31c31b]
V  [jvm.dll+0x8376fb]
V  [jvm.dll+0x838434]
V  [jvm.dll+0x83894c]
V  [jvm.dll+0x838d24]
V  [jvm.dll+0x838df0]
V  [jvm.dll+0x7e17ea]
V  [jvm.dll+0x6759e5]
C  [ucrtbase.dll+0x26c0c]
C  [KERNEL32.DLL+0x155a0]
C  [ntdll.dll+0x485b]

VM_Operation (0x000000dbf04e7640): G1CollectForAllocation, mode: safepoint, requested by thread 0x000001fa4a3695c0


---------------  P R O C E S S  ---------------

Threads class SMR info:
_java_thread_list=0x000001fa49b30d70, length=37, elements={
0x000001fa44b479d0, 0x000001fa44b48d20, 0x000001fa44b782f0, 0x000001fa44b78ca0,
0x000001fa44b7b660, 0x000001fa44b7c010, 0x000001fa44b7c9c0, 0x000001fa44b7e2d0,
0x000001fa456fb190, 0x000001fa45713020, 0x000001fa455da030, 0x000001fa46b4e300,
0x000001fa46700020, 0x000001fa36a7d5e0, 0x000001fa46ba0030, 0x000001fa46bbb830,
0x000001fa466ff080, 0x000001fa466fc060, 0x000001fa466fe6e0, 0x000001fa466fc530,
0x000001fa466fe210, 0x000001fa46e65540, 0x000001fa46e6a240, 0x000001fa46e66880,
0x000001fa46e66d50, 0x000001fa46e67220, 0x000001fa46e6a710, 0x000001fa46e676f0,
0x000001fa46e6ba50, 0x000001fa46e6bf20, 0x000001fa4a36b2a0, 0x000001fa4a36b770,
0x000001fa4a3695c0, 0x000001fa4a3678e0, 0x000001fa4a368280, 0x000001fa4a36cab0,
0x000001fa5372ea30
}

Java Threads: ( => current thread )
  0x000001fa44b479d0 JavaThread "Reference Handler" daemon [_thread_blocked, id=3188, stack(0x000000dbf0c00000,0x000000dbf0d00000)]
  0x000001fa44b48d20 JavaThread "Finalizer" daemon [_thread_blocked, id=3100, stack(0x000000dbf0d00000,0x000000dbf0e00000)]
  0x000001fa44b782f0 JavaThread "Signal Dispatcher" daemon [_thread_blocked, id=17968, stack(0x000000dbf0e00000,0x000000dbf0f00000)]
  0x000001fa44b78ca0 JavaThread "Attach Listener" daemon [_thread_blocked, id=11868, stack(0x000000dbf0f00000,0x000000dbf1000000)]
  0x000001fa44b7b660 JavaThread "Service Thread" daemon [_thread_blocked, id=1180, stack(0x000000dbf1000000,0x000000dbf1100000)]
  0x000001fa44b7c010 JavaThread "Monitor Deflation Thread" daemon [_thread_blocked, id=18348, stack(0x000000dbf1100000,0x000000dbf1200000)]
  0x000001fa44b7c9c0 JavaThread "C1 CompilerThread0" daemon [_thread_blocked, id=8376, stack(0x000000dbf1200000,0x000000dbf1300000)]
  0x000001fa44b7e2d0 JavaThread "Sweeper thread" daemon [_thread_blocked, id=15352, stack(0x000000dbf1300000,0x000000dbf1400000)]
  0x000001fa456fb190 JavaThread "Notification Thread" daemon [_thread_blocked, id=3320, stack(0x000000dbf1500000,0x000000dbf1600000)]
  0x000001fa45713020 JavaThread "Common-Cleaner" daemon [_thread_blocked, id=9172, stack(0x000000dbf1700000,0x000000dbf1800000)]
  0x000001fa455da030 JavaThread "boundedElastic-evictor-1" daemon [_thread_blocked, id=19280, stack(0x000000dbf1900000,0x000000dbf1a00000)]
  0x000001fa46b4e300 JavaThread "pool-11-thread-1" [_thread_blocked, id=13192, stack(0x000000dbf1800000,0x000000dbf1900000)]
  0x000001fa46700020 JavaThread "LanguageServerApp-lifecycle" [_thread_blocked, id=13164, stack(0x000000dbf2200000,0x000000dbf2300000)]
  0x000001fa36a7d5e0 JavaThread "DestroyJavaVM" [_thread_blocked, id=6388, stack(0x000000dbf0500000,0x000000dbf0600000)]
  0x000001fa46ba0030 JavaThread "pool-12-thread-1" [_thread_in_native, id=1636, stack(0x000000dbf2400000,0x000000dbf2500000)]
  0x000001fa46bbb830 JavaThread "Simple-Language-Server main thread" daemon [_thread_blocked, id=11936, stack(0x000000dbf2500000,0x000000dbf2600000)]
  0x000001fa466ff080 JavaThread "pool-8-thread-1" [_thread_blocked, id=3784, stack(0x000000dbf2900000,0x000000dbf2a00000)]
  0x000001fa466fc060 JavaThread "parallel-1" daemon [_thread_blocked, id=10532, stack(0x000000dbf2a00000,0x000000dbf2b00000)]
  0x000001fa466fe6e0 JavaThread "parallel-2" daemon [_thread_blocked, id=17344, stack(0x000000dbf2b00000,0x000000dbf2c00000)]
  0x000001fa466fc530 JavaThread "Reconciler-1" daemon [_thread_blocked, id=8748, stack(0x000000dbf2c00000,0x000000dbf2d00000)]
  0x000001fa466fe210 JavaThread "parallel-3" daemon [_thread_blocked, id=18120, stack(0x000000dbf2e00000,0x000000dbf2f00000)]
  0x000001fa46e65540 JavaThread "pool-6-thread-1" [_thread_blocked, id=10364, stack(0x000000dbf4200000,0x000000dbf4300000)]
  0x000001fa46e6a240 JavaThread "pool-10-thread-1" [_thread_blocked, id=12884, stack(0x000000dbf4300000,0x000000dbf4400000)]
  0x000001fa46e66880 JavaThread "parallel-4" daemon [_thread_blocked, id=6568, stack(0x000000dbf4400000,0x000000dbf4500000)]
  0x000001fa46e66d50 JavaThread "parallel-5" daemon [_thread_blocked, id=2096, stack(0x000000dbf4500000,0x000000dbf4600000)]
  0x000001fa46e67220 JavaThread "parallel-6" daemon [_thread_blocked, id=5312, stack(0x000000dbf4600000,0x000000dbf4700000)]
  0x000001fa46e6a710 JavaThread "pool-10-thread-2" [_thread_blocked, id=16720, stack(0x000000dbf4700000,0x000000dbf4800000)]
  0x000001fa46e676f0 JavaThread "parallel-7" daemon [_thread_blocked, id=12508, stack(0x000000dbf4800000,0x000000dbf4900000)]
  0x000001fa46e6ba50 JavaThread "pool-10-thread-3" [_thread_blocked, id=19636, stack(0x000000dbf4d00000,0x000000dbf4e00000)]
  0x000001fa46e6bf20 JavaThread "parallel-8" daemon [_thread_blocked, id=7232, stack(0x000000dbf4f00000,0x000000dbf5000000)]
  0x000001fa4a36b2a0 JavaThread "Project-Reconciler-25" daemon [_thread_blocked, id=2084, stack(0x000000dbf0200000,0x000000dbf0300000)]
  0x000001fa4a36b770 JavaThread "Project-Reconciler-26" daemon [_thread_blocked, id=18296, stack(0x000000dbf0300000,0x000000dbf0400000)]
  0x000001fa4a3695c0 JavaThread "ForkJoinPool.commonPool-worker-29" daemon [_thread_blocked, id=4608, stack(0x000000dbf0400000,0x000000dbf0500000)]
  0x000001fa4a3678e0 JavaThread "Keep-Alive-Timer" daemon [_thread_blocked, id=9084, stack(0x000000dbf1400000,0x000000dbf1500000)]
  0x000001fa4a368280 JavaThread "ForkJoinPool-1-worker-30" daemon [_thread_blocked, id=17800, stack(0x000000dbf2600000,0x000000dbf2700000)]
  0x000001fa4a36cab0 JavaThread "ForkJoinPool.commonPool-worker-30" daemon [_thread_blocked, id=11648, stack(0x000000dbf2700000,0x000000dbf2800000)]
  0x000001fa5372ea30 JavaThread "ForkJoinPool.commonPool-worker-31" daemon [_thread_blocked, id=9432, stack(0x000000dbf2800000,0x000000dbf2900000)]

Other Threads:
=>0x000001fa44b30310 VMThread "VM Thread" [stack: 0x000000dbf0b00000,0x000000dbf0c00000] [id=12732]
  0x000001fa456fb660 WatcherThread [stack: 0x000000dbf1600000,0x000000dbf1700000] [id=11908]
  0x000001fa36ac9820 GCTaskThread "GC Thread#0" [stack: 0x000000dbf0600000,0x000000dbf0700000] [id=15960]
  0x000001fa46288d90 GCTaskThread "GC Thread#1" [stack: 0x000000dbf1a00000,0x000000dbf1b00000] [id=9340]
  0x000001fa462d3a00 GCTaskThread "GC Thread#2" [stack: 0x000000dbf1b00000,0x000000dbf1c00000] [id=4628]
  0x000001fa462d3cb0 GCTaskThread "GC Thread#3" [stack: 0x000000dbf1c00000,0x000000dbf1d00000] [id=6552]
  0x000001fa462d3f60 GCTaskThread "GC Thread#4" [stack: 0x000000dbf1d00000,0x000000dbf1e00000] [id=15868]
  0x000001fa462d4210 GCTaskThread "GC Thread#5" [stack: 0x000000dbf1e00000,0x000000dbf1f00000] [id=4100]
  0x000001fa46341a60 GCTaskThread "GC Thread#6" [stack: 0x000000dbf2000000,0x000000dbf2100000] [id=11852]
  0x000001fa46341d10 GCTaskThread "GC Thread#7" [stack: 0x000000dbf2100000,0x000000dbf2200000] [id=17268]
  0x000001fa36ad65a0 ConcurrentGCThread "G1 Main Marker" [stack: 0x000000dbf0700000,0x000000dbf0800000] [id=17912]
  0x000001fa36ad6fb0 ConcurrentGCThread "G1 Conc#0" [stack: 0x000000dbf0800000,0x000000dbf0900000] [id=4736]
  0x000001fa464e6450 ConcurrentGCThread "G1 Conc#1" [stack: 0x000000dbf2300000,0x000000dbf2400000] [id=11404]
  0x000001fa449a0090 ConcurrentGCThread "G1 Refine#0" [stack: 0x000000dbf0900000,0x000000dbf0a00000] [id=1456]
  0x000001fa46289040 ConcurrentGCThread "G1 Refine#1" [stack: 0x000000dbf1f00000,0x000000dbf2000000] [id=17272]
  0x000001fa4955ce60 ConcurrentGCThread "G1 Refine#2" [stack: 0x000000dbf4000000,0x000000dbf4100000] [id=12964]
  0x000001fa49a3da00 ConcurrentGCThread "G1 Refine#3" [stack: 0x000000dbf4a00000,0x000000dbf4b00000] [id=8604]
  0x000001fa49a3e580 ConcurrentGCThread "G1 Refine#4" [stack: 0x000000dbf5000000,0x000000dbf5100000] [id=17992]
  0x000001fa49a3d720 ConcurrentGCThread "G1 Refine#5" [stack: 0x000000dbf5100000,0x000000dbf5200000] [id=6840]
  0x000001fa49d98a00 ConcurrentGCThread "G1 Refine#6" [stack: 0x000000dbf5200000,0x000000dbf5300000] [id=9788]
  0x000001fa449a0ab0 ConcurrentGCThread "G1 Service" [stack: 0x000000dbf0a00000,0x000000dbf0b00000] [id=8684]

Threads with active compile tasks:

VM state: at safepoint (normal execution)

VM Mutex/Monitor currently owned by a thread:  ([mutex/lock_event])
[0x000001fa368200f0] Threads_lock - owner thread: 0x000001fa44b30310
[0x000001fa36a6ded0] Heap_lock - owner thread: 0x000001fa4a3695c0

Heap address: 0x00000000a0e00000, size: 1522 MB, Compressed Oops mode: 32-bit

CDS archive(s) not mapped
Compressed class space mapped at: 0x0000000100000000-0x0000000140000000, reserved size: 1073741824
Narrow klass base: 0x0000000000000000, Narrow klass shift: 3, Narrow klass range: 0x140000000

GC Precious Log:
 CPUs: 8 total, 8 available
 Memory: 6080M
 Large Page Support: Disabled
 NUMA Support: Disabled
 Compressed Oops: Enabled (32-bit)
 Heap Region Size: 1M
 Heap Min Capacity: 8M
 Heap Initial Capacity: 96M
 Heap Max Capacity: 1522M
 Pre-touch: Disabled
 Parallel Workers: 8
 Concurrent Workers: 2
 Concurrent Refinement Workers: 8
 Periodic GC: Disabled

Heap:
 garbage-first heap   total 337920K, used 189359K [0x00000000a0e00000, 0x0000000100000000)
  region size 1024K, 2 young (2048K), 2 survivors (2048K)
 Metaspace       used 68577K, committed 68992K, reserved 1114112K
  class space    used 9242K, committed 9408K, reserved 1048576K

Heap Regions: E=young(eden), S=young(survivor), O=old, HS=humongous(starts), HC=humongous(continues), CS=collection set, F=free, OA=open archive, CA=closed archive, TAMS=top-at-mark-start (previous, next)
|   0|0x00000000a0e00000, 0x00000000a0f00000, 0x00000000a0f00000|100%| O|  |TAMS 0x00000000a0f00000, 0x00000000a0e00000| Untracked 
|   1|0x00000000a0f00000, 0x00000000a1000000, 0x00000000a1000000|100%| O|  |TAMS 0x00000000a1000000, 0x00000000a0f00000| Untracked 
|   2|0x00000000a1000000, 0x00000000a10fffe8, 0x00000000a1100000| 99%| O|  |TAMS 0x00000000a10fffe8, 0x00000000a1000000| Untracked 
|   3|0x00000000a1100000, 0x00000000a1200000, 0x00000000a1200000|100%| O|  |TAMS 0x00000000a1200000, 0x00000000a1100000| Untracked 
|   4|0x00000000a1200000, 0x00000000a1300000, 0x00000000a1300000|100%| O|  |TAMS 0x00000000a1300000, 0x00000000a1200000| Untracked 
|   5|0x00000000a1300000, 0x00000000a13ffff8, 0x00000000a1400000| 99%| O|  |TAMS 0x00000000a13ffff8, 0x00000000a1300000| Untracked 
|   6|0x00000000a1400000, 0x00000000a1500000, 0x00000000a1500000|100%| O|  |TAMS 0x00000000a1500000, 0x00000000a1400000| Untracked 
|   7|0x00000000a1500000, 0x00000000a15ffff8, 0x00000000a1600000| 99%| O|  |TAMS 0x00000000a15ffff8, 0x00000000a1500000| Untracked 
|   8|0x00000000a1600000, 0x00000000a16fffb8, 0x00000000a1700000| 99%| O|  |TAMS 0x00000000a16fffb8, 0x00000000a1600000| Untracked 
|   9|0x00000000a1700000, 0x00000000a17ffb08, 0x00000000a1800000| 99%| O|  |TAMS 0x00000000a17ffb08, 0x00000000a1700000| Untracked 
|  10|0x00000000a1800000, 0x00000000a18ffff0, 0x00000000a1900000| 99%| O|  |TAMS 0x00000000a18ffff0, 0x00000000a1800000| Untracked 
|  11|0x00000000a1900000, 0x00000000a1a00000, 0x00000000a1a00000|100%| O|  |TAMS 0x00000000a1a00000, 0x00000000a1900000| Untracked 
|  12|0x00000000a1a00000, 0x00000000a1afffd0, 0x00000000a1b00000| 99%| O|  |TAMS 0x00000000a1afffd0, 0x00000000a1a00000| Untracked 
|  13|0x00000000a1b00000, 0x00000000a1bffff0, 0x00000000a1c00000| 99%| O|  |TAMS 0x00000000a1bffff0, 0x00000000a1b00000| Untracked 
|  14|0x00000000a1c00000, 0x00000000a1cffff8, 0x00000000a1d00000| 99%| O|  |TAMS 0x00000000a1cffff8, 0x00000000a1c00000| Untracked 
|  15|0x00000000a1d00000, 0x00000000a1dffff0, 0x00000000a1e00000| 99%| O|  |TAMS 0x00000000a1dffff0, 0x00000000a1d00000| Untracked 
|  16|0x00000000a1e00000, 0x00000000a1efffb0, 0x00000000a1f00000| 99%| O|  |TAMS 0x00000000a1efffb0, 0x00000000a1e00000| Untracked 
|  17|0x00000000a1f00000, 0x00000000a1fffff8, 0x00000000a2000000| 99%| O|  |TAMS 0x00000000a1fffff8, 0x00000000a1f00000| Untracked 
|  18|0x00000000a2000000, 0x00000000a20fffe0, 0x00000000a2100000| 99%| O|  |TAMS 0x00000000a20fffe0, 0x00000000a2000000| Untracked 
|  19|0x00000000a2100000, 0x00000000a2200000, 0x00000000a2200000|100%| O|  |TAMS 0x00000000a2200000, 0x00000000a2100000| Untracked 
|  20|0x00000000a2200000, 0x00000000a22fffe0, 0x00000000a2300000| 99%| O|  |TAMS 0x00000000a22fffe0, 0x00000000a2200000| Untracked 
|  21|0x00000000a2300000, 0x00000000a23fcc98, 0x00000000a2400000| 98%| O|  |TAMS 0x00000000a23fcc98, 0x00000000a2300000| Untracked 
|  22|0x00000000a2400000, 0x00000000a2500000, 0x00000000a2500000|100%| O|  |TAMS 0x00000000a2500000, 0x00000000a2400000| Untracked 
|  23|0x00000000a2500000, 0x00000000a2600000, 0x00000000a2600000|100%| O|  |TAMS 0x00000000a2600000, 0x00000000a2500000| Untracked 
|  24|0x00000000a2600000, 0x00000000a2700000, 0x00000000a2700000|100%| O|  |TAMS 0x00000000a2700000, 0x00000000a2600000| Untracked 
|  25|0x00000000a2700000, 0x00000000a2800000, 0x00000000a2800000|100%| O|  |TAMS 0x00000000a2800000, 0x00000000a2700000| Untracked 
|  26|0x00000000a2800000, 0x00000000a28ffff8, 0x00000000a2900000| 99%| O|  |TAMS 0x00000000a28ffff8, 0x00000000a2800000| Untracked 
|  27|0x00000000a2900000, 0x00000000a29ffff0, 0x00000000a2a00000| 99%| O|  |TAMS 0x00000000a29ffff0, 0x00000000a2900000| Untracked 
|  28|0x00000000a2a00000, 0x00000000a2afffe8, 0x00000000a2b00000| 99%| O|  |TAMS 0x00000000a2afffe8, 0x00000000a2a00000| Untracked 
|  29|0x00000000a2b00000, 0x00000000a2bfffe8, 0x00000000a2c00000| 99%| O|  |TAMS 0x00000000a2bfffe8, 0x00000000a2b00000| Untracked 
|  30|0x00000000a2c00000, 0x00000000a2cf6fd0, 0x00000000a2d00000| 96%| O|  |TAMS 0x00000000a2cf6fd0, 0x00000000a2c00000| Untracked 
|  31|0x00000000a2d00000, 0x00000000a2dffff0, 0x00000000a2e00000| 99%| O|  |TAMS 0x00000000a2dffff0, 0x00000000a2d00000| Untracked 
|  32|0x00000000a2e00000, 0x00000000a2effff8, 0x00000000a2f00000| 99%| O|  |TAMS 0x00000000a2effff8, 0x00000000a2e00000| Untracked 
|  33|0x00000000a2f00000, 0x00000000a2ffffe8, 0x00000000a3000000| 99%| O|  |TAMS 0x00000000a2ffffe8, 0x00000000a2f00000| Untracked 
|  34|0x00000000a3000000, 0x00000000a30ffff0, 0x00000000a3100000| 99%| O|  |TAMS 0x00000000a30ffff0, 0x00000000a3000000| Untracked 
|  35|0x00000000a3100000, 0x00000000a31fffd0, 0x00000000a3200000| 99%| O|  |TAMS 0x00000000a31fffd0, 0x00000000a3100000| Untracked 
|  36|0x00000000a3200000, 0x00000000a32ff5d8, 0x00000000a3300000| 99%| O|  |TAMS 0x00000000a32ff5d8, 0x00000000a3200000| Untracked 
|  37|0x00000000a3300000, 0x00000000a3400000, 0x00000000a3400000|100%| O|  |TAMS 0x00000000a3400000, 0x00000000a3300000| Untracked 
|  38|0x00000000a3400000, 0x00000000a34fffc8, 0x00000000a3500000| 99%| O|  |TAMS 0x00000000a34fffc8, 0x00000000a3400000| Untracked 
|  39|0x00000000a3500000, 0x00000000a35fb300, 0x00000000a3600000| 98%| O|  |TAMS 0x00000000a35fb300, 0x00000000a3500000| Untracked 
|  40|0x00000000a3600000, 0x00000000a36ffff0, 0x00000000a3700000| 99%| O|  |TAMS 0x00000000a36ffff0, 0x00000000a3600000| Untracked 
|  41|0x00000000a3700000, 0x00000000a3800000, 0x00000000a3800000|100%| O|  |TAMS 0x00000000a3800000, 0x00000000a3700000| Untracked 
|  42|0x00000000a3800000, 0x00000000a38ffff8, 0x00000000a3900000| 99%| O|  |TAMS 0x00000000a38ffff8, 0x00000000a3800000| Untracked 
|  43|0x00000000a3900000, 0x00000000a39fe7a8, 0x00000000a3a00000| 99%| O|  |TAMS 0x00000000a39fe7a8, 0x00000000a3900000| Untracked 
|  44|0x00000000a3a00000, 0x00000000a3affff0, 0x00000000a3b00000| 99%| O|  |TAMS 0x00000000a3affff0, 0x00000000a3a00000| Untracked 
|  45|0x00000000a3b00000, 0x00000000a3c00000, 0x00000000a3c00000|100%|HS|  |TAMS 0x00000000a3c00000, 0x00000000a3b00000| Complete 
|  46|0x00000000a3c00000, 0x00000000a3cfffe8, 0x00000000a3d00000| 99%| O|  |TAMS 0x00000000a3cfffe8, 0x00000000a3c00000| Untracked 
|  47|0x00000000a3d00000, 0x00000000a3dfffe0, 0x00000000a3e00000| 99%| O|  |TAMS 0x00000000a3dfffe0, 0x00000000a3d00000| Untracked 
|  48|0x00000000a3e00000, 0x00000000a3effff8, 0x00000000a3f00000| 99%| O|  |TAMS 0x00000000a3effff8, 0x00000000a3e00000| Untracked 
|  49|0x00000000a3f00000, 0x00000000a4000000, 0x00000000a4000000|100%| O|  |TAMS 0x00000000a4000000, 0x00000000a3f00000| Untracked 
|  50|0x00000000a4000000, 0x00000000a4100000, 0x00000000a4100000|100%| O|  |TAMS 0x00000000a4100000, 0x00000000a4000000| Untracked 
|  51|0x00000000a4100000, 0x00000000a41ffff8, 0x00000000a4200000| 99%| O|  |TAMS 0x00000000a41ffff8, 0x00000000a4100000| Untracked 
|  52|0x00000000a4200000, 0x00000000a4300000, 0x00000000a4300000|100%| O|  |TAMS 0x00000000a4300000, 0x00000000a4200000| Untracked 
|  53|0x00000000a4300000, 0x00000000a43fffd8, 0x00000000a4400000| 99%| O|  |TAMS 0x00000000a43fffd8, 0x00000000a4300000| Untracked 
|  54|0x00000000a4400000, 0x00000000a44ffff8, 0x00000000a4500000| 99%| O|  |TAMS 0x00000000a44ffff8, 0x00000000a4400000| Untracked 
|  55|0x00000000a4500000, 0x00000000a45ffff0, 0x00000000a4600000| 99%| O|  |TAMS 0x00000000a45ffff0, 0x00000000a4500000| Untracked 
|  56|0x00000000a4600000, 0x00000000a46ffff0, 0x00000000a4700000| 99%| O|  |TAMS 0x00000000a46ffff0, 0x00000000a4600000| Untracked 
|  57|0x00000000a4700000, 0x00000000a47ffff0, 0x00000000a4800000| 99%| O|  |TAMS 0x00000000a47ffff0, 0x00000000a4700000| Untracked 
|  58|0x00000000a4800000, 0x00000000a48ffff8, 0x00000000a4900000| 99%| O|  |TAMS 0x00000000a48ffff8, 0x00000000a4800000| Untracked 
|  59|0x00000000a4900000, 0x00000000a49ffff0, 0x00000000a4a00000| 99%| O|  |TAMS 0x00000000a49ffff0, 0x00000000a4900000| Untracked 
|  60|0x00000000a4a00000, 0x00000000a4affff0, 0x00000000a4b00000| 99%| O|  |TAMS 0x00000000a4affff0, 0x00000000a4a00000| Untracked 
|  61|0x00000000a4b00000, 0x00000000a4c00000, 0x00000000a4c00000|100%| O|  |TAMS 0x00000000a4c00000, 0x00000000a4b00000| Untracked 
|  62|0x00000000a4c00000, 0x00000000a4d00000, 0x00000000a4d00000|100%| O|  |TAMS 0x00000000a4d00000, 0x00000000a4c00000| Untracked 
|  63|0x00000000a4d00000, 0x00000000a4dff870, 0x00000000a4e00000| 99%| O|  |TAMS 0x00000000a4dff870, 0x00000000a4d00000| Untracked 
|  64|0x00000000a4e00000, 0x00000000a4f00000, 0x00000000a4f00000|100%| O|  |TAMS 0x00000000a4f00000, 0x00000000a4e00000| Untracked 
|  65|0x00000000a4f00000, 0x00000000a4ffffd0, 0x00000000a5000000| 99%| O|  |TAMS 0x00000000a4ffffd0, 0x00000000a4f00000| Untracked 
|  66|0x00000000a5000000, 0x00000000a5100000, 0x00000000a5100000|100%| O|  |TAMS 0x00000000a5100000, 0x00000000a5000000| Untracked 
|  67|0x00000000a5100000, 0x00000000a5200000, 0x00000000a5200000|100%| O|  |TAMS 0x00000000a5200000, 0x00000000a5100000| Untracked 
|  68|0x00000000a5200000, 0x00000000a5200000, 0x00000000a5300000|  0%| F|  |TAMS 0x00000000a5200000, 0x00000000a5200000| Untracked 
|  69|0x00000000a5300000, 0x00000000a5400000, 0x00000000a5400000|100%|HS|  |TAMS 0x00000000a5400000, 0x00000000a5300000| Complete 
|  70|0x00000000a5400000, 0x00000000a5500000, 0x00000000a5500000|100%| O|  |TAMS 0x00000000a5500000, 0x00000000a5400000| Untracked 
|  71|0x00000000a5500000, 0x00000000a5500000, 0x00000000a5600000|  0%| F|  |TAMS 0x00000000a5500000, 0x00000000a5500000| Untracked 
|  72|0x00000000a5600000, 0x00000000a5700000, 0x00000000a5700000|100%| O|  |TAMS 0x00000000a5600000, 0x00000000a5600000| Untracked 
|  73|0x00000000a5700000, 0x00000000a57ffff0, 0x00000000a5800000| 99%| O|  |TAMS 0x00000000a57ffff0, 0x00000000a5700000| Untracked 
|  74|0x00000000a5800000, 0x00000000a58fffe8, 0x00000000a5900000| 99%| O|  |TAMS 0x00000000a58fffe8, 0x00000000a5800000| Untracked 
|  75|0x00000000a5900000, 0x00000000a5a00000, 0x00000000a5a00000|100%| O|  |TAMS 0x00000000a5900000, 0x00000000a5900000| Untracked 
|  76|0x00000000a5a00000, 0x00000000a5b00000, 0x00000000a5b00000|100%|HS|  |TAMS 0x00000000a5b00000, 0x00000000a5a00000| Complete 
|  77|0x00000000a5b00000, 0x00000000a5c00000, 0x00000000a5c00000|100%| O|  |TAMS 0x00000000a5c00000, 0x00000000a5b00000| Untracked 
|  78|0x00000000a5c00000, 0x00000000a5d00000, 0x00000000a5d00000|100%| O|  |TAMS 0x00000000a5d00000, 0x00000000a5c00000| Untracked 
|  79|0x00000000a5d00000, 0x00000000a5e00000, 0x00000000a5e00000|100%| O|  |TAMS 0x00000000a5e00000, 0x00000000a5d00000| Untracked 
|  80|0x00000000a5e00000, 0x00000000a5f00000, 0x00000000a5f00000|100%|HS|  |TAMS 0x00000000a5f00000, 0x00000000a5e00000| Complete 
|  81|0x00000000a5f00000, 0x00000000a6000000, 0x00000000a6000000|100%| O|  |TAMS 0x00000000a6000000, 0x00000000a5f00000| Untracked 
|  82|0x00000000a6000000, 0x00000000a6100000, 0x00000000a6100000|100%| O|  |TAMS 0x00000000a6100000, 0x00000000a6000000| Untracked 
|  83|0x00000000a6100000, 0x00000000a6200000, 0x00000000a6200000|100%| O|  |TAMS 0x00000000a6200000, 0x00000000a6100000| Untracked 
|  84|0x00000000a6200000, 0x00000000a62fff90, 0x00000000a6300000| 99%| O|  |TAMS 0x00000000a62fff90, 0x00000000a6200000| Untracked 
|  85|0x00000000a6300000, 0x00000000a6400000, 0x00000000a6400000|100%| O|  |TAMS 0x00000000a6400000, 0x00000000a6300000| Untracked 
|  86|0x00000000a6400000, 0x00000000a6400000, 0x00000000a6500000|  0%| F|  |TAMS 0x00000000a6400000, 0x00000000a6400000| Untracked 
|  87|0x00000000a6500000, 0x00000000a65ffff8, 0x00000000a6600000| 99%| O|  |TAMS 0x00000000a65ffff8, 0x00000000a6500000| Untracked 
|  88|0x00000000a6600000, 0x00000000a66ffff0, 0x00000000a6700000| 99%| O|  |TAMS 0x00000000a66ffff0, 0x00000000a6600000| Untracked 
|  89|0x00000000a6700000, 0x00000000a6800000, 0x00000000a6800000|100%| O|  |TAMS 0x00000000a6800000, 0x00000000a6700000| Untracked 
|  90|0x00000000a6800000, 0x00000000a6900000, 0x00000000a6900000|100%| O|  |TAMS 0x00000000a6900000, 0x00000000a6800000| Untracked 
|  91|0x00000000a6900000, 0x00000000a6a00000, 0x00000000a6a00000|100%| O|  |TAMS 0x00000000a6a00000, 0x00000000a6900000| Untracked 
|  92|0x00000000a6a00000, 0x00000000a6b00000, 0x00000000a6b00000|100%| O|  |TAMS 0x00000000a6a00000, 0x00000000a6a00000| Untracked 
|  93|0x00000000a6b00000, 0x00000000a6c00000, 0x00000000a6c00000|100%| O|  |TAMS 0x00000000a6b00000, 0x00000000a6b00000| Untracked 
|  94|0x00000000a6c00000, 0x00000000a6c00000, 0x00000000a6d00000|  0%| F|  |TAMS 0x00000000a6c00000, 0x00000000a6c00000| Untracked 
|  95|0x00000000a6d00000, 0x00000000a6dfffe0, 0x00000000a6e00000| 99%| O|  |TAMS 0x00000000a6dfffe0, 0x00000000a6d00000| Untracked 
|  96|0x00000000a6e00000, 0x00000000a6e00000, 0x00000000a6f00000|  0%| F|  |TAMS 0x00000000a6e00000, 0x00000000a6e00000| Untracked 
|  97|0x00000000a6f00000, 0x00000000a7000000, 0x00000000a7000000|100%| O|  |TAMS 0x00000000a7000000, 0x00000000a6f00000| Untracked 
|  98|0x00000000a7000000, 0x00000000a7100000, 0x00000000a7100000|100%| O|  |TAMS 0x00000000a7100000, 0x00000000a7000000| Untracked 
|  99|0x00000000a7100000, 0x00000000a7200000, 0x00000000a7200000|100%| O|  |TAMS 0x00000000a7200000, 0x00000000a7100000| Untracked 
| 100|0x00000000a7200000, 0x00000000a7300000, 0x00000000a7300000|100%| O|  |TAMS 0x00000000a7300000, 0x00000000a7200000| Untracked 
| 101|0x00000000a7300000, 0x00000000a7400000, 0x00000000a7400000|100%| O|  |TAMS 0x00000000a7400000, 0x00000000a7300000| Untracked 
| 102|0x00000000a7400000, 0x00000000a7500000, 0x00000000a7500000|100%| O|  |TAMS 0x00000000a7500000, 0x00000000a7400000| Untracked 
| 103|0x00000000a7500000, 0x00000000a7600000, 0x00000000a7600000|100%| O|  |TAMS 0x00000000a7600000, 0x00000000a7500000| Untracked 
| 104|0x00000000a7600000, 0x00000000a7700000, 0x00000000a7700000|100%| O|  |TAMS 0x00000000a7700000, 0x00000000a7600000| Untracked 
| 105|0x00000000a7700000, 0x00000000a7800000, 0x00000000a7800000|100%| O|  |TAMS 0x00000000a7800000, 0x00000000a7700000| Untracked 
| 106|0x00000000a7800000, 0x00000000a7900000, 0x00000000a7900000|100%| O|  |TAMS 0x00000000a7900000, 0x00000000a7800000| Untracked 
| 107|0x00000000a7900000, 0x00000000a7a00000, 0x00000000a7a00000|100%| O|  |TAMS 0x00000000a7a00000, 0x00000000a7900000| Untracked 
| 108|0x00000000a7a00000, 0x00000000a7b00000, 0x00000000a7b00000|100%| O|  |TAMS 0x00000000a7b00000, 0x00000000a7a00000| Untracked 
| 109|0x00000000a7b00000, 0x00000000a7c00000, 0x00000000a7c00000|100%| O|  |TAMS 0x00000000a7c00000, 0x00000000a7b00000| Untracked 
| 110|0x00000000a7c00000, 0x00000000a7d00000, 0x00000000a7d00000|100%| O|  |TAMS 0x00000000a7d00000, 0x00000000a7c00000| Untracked 
| 111|0x00000000a7d00000, 0x00000000a7e00000, 0x00000000a7e00000|100%| O|  |TAMS 0x00000000a7e00000, 0x00000000a7d00000| Untracked 
| 112|0x00000000a7e00000, 0x00000000a7f00000, 0x00000000a7f00000|100%| O|  |TAMS 0x00000000a7f00000, 0x00000000a7e00000| Untracked 
| 113|0x00000000a7f00000, 0x00000000a8000000, 0x00000000a8000000|100%| O|  |TAMS 0x00000000a8000000, 0x00000000a7f00000| Untracked 
| 114|0x00000000a8000000, 0x00000000a8100000, 0x00000000a8100000|100%| O|  |TAMS 0x00000000a8100000, 0x00000000a8000000| Untracked 
| 115|0x00000000a8100000, 0x00000000a8200000, 0x00000000a8200000|100%| O|  |TAMS 0x00000000a8200000, 0x00000000a8100000| Untracked 
| 116|0x00000000a8200000, 0x00000000a8300000, 0x00000000a8300000|100%| O|  |TAMS 0x00000000a8300000, 0x00000000a8200000| Untracked 
| 117|0x00000000a8300000, 0x00000000a8400000, 0x00000000a8400000|100%| O|  |TAMS 0x00000000a8400000, 0x00000000a8300000| Untracked 
| 118|0x00000000a8400000, 0x00000000a8500000, 0x00000000a8500000|100%| O|  |TAMS 0x00000000a8500000, 0x00000000a8400000| Untracked 
| 119|0x00000000a8500000, 0x00000000a8600000, 0x00000000a8600000|100%| O|  |TAMS 0x00000000a8600000, 0x00000000a8500000| Untracked 
| 120|0x00000000a8600000, 0x00000000a8700000, 0x00000000a8700000|100%| O|  |TAMS 0x00000000a8700000, 0x00000000a8600000| Untracked 
| 121|0x00000000a8700000, 0x00000000a8800000, 0x00000000a8800000|100%| O|  |TAMS 0x00000000a8800000, 0x00000000a8700000| Untracked 
| 122|0x00000000a8800000, 0x00000000a8900000, 0x00000000a8900000|100%| O|  |TAMS 0x00000000a8900000, 0x00000000a8800000| Untracked 
| 123|0x00000000a8900000, 0x00000000a8a00000, 0x00000000a8a00000|100%| O|  |TAMS 0x00000000a8a00000, 0x00000000a8900000| Untracked 
| 124|0x00000000a8a00000, 0x00000000a8b00000, 0x00000000a8b00000|100%| O|  |TAMS 0x00000000a8b00000, 0x00000000a8a00000| Untracked 
| 125|0x00000000a8b00000, 0x00000000a8c00000, 0x00000000a8c00000|100%| O|  |TAMS 0x00000000a8b00000, 0x00000000a8b00000| Untracked 
| 126|0x00000000a8c00000, 0x00000000a8d00000, 0x00000000a8d00000|100%| O|  |TAMS 0x00000000a8c00000, 0x00000000a8c00000| Untracked 
| 127|0x00000000a8d00000, 0x00000000a8e00000, 0x00000000a8e00000|100%| O|  |TAMS 0x00000000a8e00000, 0x00000000a8d00000| Untracked 
| 128|0x00000000a8e00000, 0x00000000a8f00000, 0x00000000a8f00000|100%| O|  |TAMS 0x00000000a8f00000, 0x00000000a8e00000| Untracked 
| 129|0x00000000a8f00000, 0x00000000a9000000, 0x00000000a9000000|100%| O|  |TAMS 0x00000000a9000000, 0x00000000a8f00000| Untracked 
| 130|0x00000000a9000000, 0x00000000a9100000, 0x00000000a9100000|100%| O|  |TAMS 0x00000000a9100000, 0x00000000a9000000| Untracked 
| 131|0x00000000a9100000, 0x00000000a9200000, 0x00000000a9200000|100%| O|  |TAMS 0x00000000a9200000, 0x00000000a9100000| Untracked 
| 132|0x00000000a9200000, 0x00000000a9300000, 0x00000000a9300000|100%| O|  |TAMS 0x00000000a9300000, 0x00000000a9200000| Untracked 
| 133|0x00000000a9300000, 0x00000000a9400000, 0x00000000a9400000|100%| O|  |TAMS 0x00000000a9400000, 0x00000000a9300000| Untracked 
| 134|0x00000000a9400000, 0x00000000a9500000, 0x00000000a9500000|100%| O|  |TAMS 0x00000000a9500000, 0x00000000a9400000| Untracked 
| 135|0x00000000a9500000, 0x00000000a9600000, 0x00000000a9600000|100%| O|  |TAMS 0x00000000a9600000, 0x00000000a9500000| Untracked 
| 136|0x00000000a9600000, 0x00000000a9700000, 0x00000000a9700000|100%| O|  |TAMS 0x00000000a9700000, 0x00000000a9600000| Untracked 
| 137|0x00000000a9700000, 0x00000000a9800000, 0x00000000a9800000|100%| O|  |TAMS 0x00000000a9800000, 0x00000000a9700000| Untracked 
| 138|0x00000000a9800000, 0x00000000a9900000, 0x00000000a9900000|100%| O|  |TAMS 0x00000000a9900000, 0x00000000a9800000| Untracked 
| 139|0x00000000a9900000, 0x00000000a9a00000, 0x00000000a9a00000|100%| O|  |TAMS 0x00000000a9a00000, 0x00000000a9900000| Untracked 
| 140|0x00000000a9a00000, 0x00000000a9b00000, 0x00000000a9b00000|100%| O|  |TAMS 0x00000000a9b00000, 0x00000000a9a00000| Untracked 
| 141|0x00000000a9b00000, 0x00000000a9c00000, 0x00000000a9c00000|100%| O|  |TAMS 0x00000000a9c00000, 0x00000000a9b00000| Untracked 
| 142|0x00000000a9c00000, 0x00000000a9d00000, 0x00000000a9d00000|100%| O|  |TAMS 0x00000000a9d00000, 0x00000000a9c00000| Untracked 
| 143|0x00000000a9d00000, 0x00000000a9e00000, 0x00000000a9e00000|100%| O|  |TAMS 0x00000000a9e00000, 0x00000000a9d00000| Untracked 
| 144|0x00000000a9e00000, 0x00000000a9f00000, 0x00000000a9f00000|100%| O|  |TAMS 0x00000000a9f00000, 0x00000000a9e00000| Untracked 
| 145|0x00000000a9f00000, 0x00000000aa000000, 0x00000000aa000000|100%| O|  |TAMS 0x00000000aa000000, 0x00000000a9f00000| Untracked 
| 146|0x00000000aa000000, 0x00000000aa100000, 0x00000000aa100000|100%|HS|  |TAMS 0x00000000aa100000, 0x00000000aa000000| Complete 
| 147|0x00000000aa100000, 0x00000000aa200000, 0x00000000aa200000|100%|HC|  |TAMS 0x00000000aa200000, 0x00000000aa100000| Complete 
| 148|0x00000000aa200000, 0x00000000aa300000, 0x00000000aa300000|100%| O|  |TAMS 0x00000000aa300000, 0x00000000aa200000| Untracked 
| 149|0x00000000aa300000, 0x00000000aa400000, 0x00000000aa400000|100%| O|  |TAMS 0x00000000aa400000, 0x00000000aa300000| Untracked 
| 150|0x00000000aa400000, 0x00000000aa500000, 0x00000000aa500000|100%| O|  |TAMS 0x00000000aa500000, 0x00000000aa400000| Untracked 
| 151|0x00000000aa500000, 0x00000000aa600000, 0x00000000aa600000|100%| O|  |TAMS 0x00000000aa600000, 0x00000000aa500000| Untracked 
| 152|0x00000000aa600000, 0x00000000aa700000, 0x00000000aa700000|100%| O|  |TAMS 0x00000000aa700000, 0x00000000aa600000| Untracked 
| 153|0x00000000aa700000, 0x00000000aa800000, 0x00000000aa800000|100%| O|  |TAMS 0x00000000aa800000, 0x00000000aa700000| Untracked 
| 154|0x00000000aa800000, 0x00000000aa900000, 0x00000000aa900000|100%| O|  |TAMS 0x00000000aa900000, 0x00000000aa800000| Untracked 
| 155|0x00000000aa900000, 0x00000000aaa00000, 0x00000000aaa00000|100%| O|  |TAMS 0x00000000aaa00000, 0x00000000aa900000| Untracked 
| 156|0x00000000aaa00000, 0x00000000aab00000, 0x00000000aab00000|100%| O|  |TAMS 0x00000000aab00000, 0x00000000aaa00000| Untracked 
| 157|0x00000000aab00000, 0x00000000aac00000, 0x00000000aac00000|100%| O|  |TAMS 0x00000000aac00000, 0x00000000aab00000| Untracked 
| 158|0x00000000aac00000, 0x00000000aad00000, 0x00000000aad00000|100%| O|  |TAMS 0x00000000aad00000, 0x00000000aac00000| Untracked 
| 159|0x00000000aad00000, 0x00000000aae00000, 0x00000000aae00000|100%| O|  |TAMS 0x00000000aad00000, 0x00000000aad00000| Untracked 
| 160|0x00000000aae00000, 0x00000000aaf00000, 0x00000000aaf00000|100%| O|  |TAMS 0x00000000aaf00000, 0x00000000aae00000| Untracked 
| 161|0x00000000aaf00000, 0x00000000ab000000, 0x00000000ab000000|100%| O|  |TAMS 0x00000000ab000000, 0x00000000aaf00000| Untracked 
| 162|0x00000000ab000000, 0x00000000ab100000, 0x00000000ab100000|100%| O|  |TAMS 0x00000000ab100000, 0x00000000ab000000| Untracked 
| 163|0x00000000ab100000, 0x00000000ab200000, 0x00000000ab200000|100%| O|  |TAMS 0x00000000ab200000, 0x00000000ab100000| Untracked 
| 164|0x00000000ab200000, 0x00000000ab300000, 0x00000000ab300000|100%| O|  |TAMS 0x00000000ab300000, 0x00000000ab200000| Untracked 
| 165|0x00000000ab300000, 0x00000000ab400000, 0x00000000ab400000|100%| O|  |TAMS 0x00000000ab3e9c00, 0x00000000ab300000| Untracked 
| 166|0x00000000ab400000, 0x00000000ab500000, 0x00000000ab500000|100%|HS|  |TAMS 0x00000000ab400000, 0x00000000ab400000| Complete 
| 167|0x00000000ab500000, 0x00000000ab600000, 0x00000000ab600000|100%|HC|  |TAMS 0x00000000ab500000, 0x00000000ab500000| Complete 
| 168|0x00000000ab600000, 0x00000000ab700000, 0x00000000ab700000|100%|HC|  |TAMS 0x00000000ab600000, 0x00000000ab600000| Complete 
| 169|0x00000000ab700000, 0x00000000ab800000, 0x00000000ab800000|100%| O|  |TAMS 0x00000000ab700000, 0x00000000ab700000| Untracked 
| 170|0x00000000ab800000, 0x00000000ab900000, 0x00000000ab900000|100%| O|  |TAMS 0x00000000ab800000, 0x00000000ab800000| Untracked 
| 171|0x00000000ab900000, 0x00000000aba00000, 0x00000000aba00000|100%| O|  |TAMS 0x00000000ab900000, 0x00000000ab900000| Untracked 
| 172|0x00000000aba00000, 0x00000000abb00000, 0x00000000abb00000|100%| O|  |TAMS 0x00000000aba00000, 0x00000000aba00000| Untracked 
| 173|0x00000000abb00000, 0x00000000abc00000, 0x00000000abc00000|100%| O|  |TAMS 0x00000000abb00000, 0x00000000abb00000| Untracked 
| 174|0x00000000abc00000, 0x00000000abd00000, 0x00000000abd00000|100%| O|  |TAMS 0x00000000abc00000, 0x00000000abc00000| Untracked 
| 175|0x00000000abd00000, 0x00000000abe00000, 0x00000000abe00000|100%| O|  |TAMS 0x00000000abd00000, 0x00000000abd00000| Untracked 
| 176|0x00000000abe00000, 0x00000000abf00000, 0x00000000abf00000|100%| O|  |TAMS 0x00000000abe00000, 0x00000000abe00000| Untracked 
| 177|0x00000000abf00000, 0x00000000ac000000, 0x00000000ac000000|100%| O|  |TAMS 0x00000000abf00000, 0x00000000abf00000| Untracked 
| 178|0x00000000ac000000, 0x00000000ac100000, 0x00000000ac100000|100%| O|  |TAMS 0x00000000ac000000, 0x00000000ac000000| Untracked 
| 179|0x00000000ac100000, 0x00000000ac200000, 0x00000000ac200000|100%| O|  |TAMS 0x00000000ac100000, 0x00000000ac100000| Untracked 
| 180|0x00000000ac200000, 0x00000000ac200000, 0x00000000ac300000|  0%| F|  |TAMS 0x00000000ac200000, 0x00000000ac200000| Untracked 
| 181|0x00000000ac300000, 0x00000000ac300000, 0x00000000ac400000|  0%| F|  |TAMS 0x00000000ac300000, 0x00000000ac300000| Untracked 
| 182|0x00000000ac400000, 0x00000000ac400000, 0x00000000ac500000|  0%| F|  |TAMS 0x00000000ac400000, 0x00000000ac400000| Untracked 
| 183|0x00000000ac500000, 0x00000000ac500000, 0x00000000ac600000|  0%| F|  |TAMS 0x00000000ac500000, 0x00000000ac500000| Untracked 
| 184|0x00000000ac600000, 0x00000000ac600000, 0x00000000ac700000|  0%| F|  |TAMS 0x00000000ac600000, 0x00000000ac600000| Untracked 
| 185|0x00000000ac700000, 0x00000000ac700000, 0x00000000ac800000|  0%| F|  |TAMS 0x00000000ac700000, 0x00000000ac700000| Untracked 
| 186|0x00000000ac800000, 0x00000000ac800000, 0x00000000ac900000|  0%| F|  |TAMS 0x00000000ac800000, 0x00000000ac800000| Untracked 
| 187|0x00000000ac900000, 0x00000000ac900000, 0x00000000aca00000|  0%| F|  |TAMS 0x00000000ac900000, 0x00000000ac900000| Untracked 
| 188|0x00000000aca00000, 0x00000000aca00000, 0x00000000acb00000|  0%| F|  |TAMS 0x00000000aca00000, 0x00000000aca00000| Untracked 
| 189|0x00000000acb00000, 0x00000000acb00000, 0x00000000acc00000|  0%| F|  |TAMS 0x00000000acb00000, 0x00000000acb00000| Untracked 
| 190|0x00000000acc00000, 0x00000000acc00000, 0x00000000acd00000|  0%| F|  |TAMS 0x00000000acc00000, 0x00000000acc00000| Untracked 
| 191|0x00000000acd00000, 0x00000000acd00000, 0x00000000ace00000|  0%| F|  |TAMS 0x00000000acd00000, 0x00000000acd00000| Untracked 
| 192|0x00000000ace00000, 0x00000000ace00000, 0x00000000acf00000|  0%| F|  |TAMS 0x00000000ace00000, 0x00000000ace00000| Untracked 
| 193|0x00000000acf00000, 0x00000000acf00000, 0x00000000ad000000|  0%| F|  |TAMS 0x00000000acf00000, 0x00000000acf00000| Untracked 
| 194|0x00000000ad000000, 0x00000000ad000000, 0x00000000ad100000|  0%| F|  |TAMS 0x00000000ad000000, 0x00000000ad000000| Untracked 
| 195|0x00000000ad100000, 0x00000000ad100000, 0x00000000ad200000|  0%| F|  |TAMS 0x00000000ad100000, 0x00000000ad100000| Untracked 
| 196|0x00000000ad200000, 0x00000000ad200000, 0x00000000ad300000|  0%| F|  |TAMS 0x00000000ad200000, 0x00000000ad200000| Untracked 
| 197|0x00000000ad300000, 0x00000000ad300000, 0x00000000ad400000|  0%| F|  |TAMS 0x00000000ad300000, 0x00000000ad300000| Untracked 
| 198|0x00000000ad400000, 0x00000000ad400000, 0x00000000ad500000|  0%| F|  |TAMS 0x00000000ad400000, 0x00000000ad400000| Untracked 
| 199|0x00000000ad500000, 0x00000000ad500000, 0x00000000ad600000|  0%| F|  |TAMS 0x00000000ad500000, 0x00000000ad500000| Untracked 
| 200|0x00000000ad600000, 0x00000000ad600000, 0x00000000ad700000|  0%| F|  |TAMS 0x00000000ad600000, 0x00000000ad600000| Untracked 
| 201|0x00000000ad700000, 0x00000000ad700000, 0x00000000ad800000|  0%| F|  |TAMS 0x00000000ad700000, 0x00000000ad700000| Untracked 
| 202|0x00000000ad800000, 0x00000000ad800000, 0x00000000ad900000|  0%| F|  |TAMS 0x00000000ad800000, 0x00000000ad800000| Untracked 
| 203|0x00000000ad900000, 0x00000000ad900000, 0x00000000ada00000|  0%| F|  |TAMS 0x00000000ad900000, 0x00000000ad900000| Untracked 
| 204|0x00000000ada00000, 0x00000000ada00000, 0x00000000adb00000|  0%| F|  |TAMS 0x00000000ada00000, 0x00000000ada00000| Untracked 
| 205|0x00000000adb00000, 0x00000000adb00000, 0x00000000adc00000|  0%| F|  |TAMS 0x00000000adb00000, 0x00000000adb00000| Untracked 
| 206|0x00000000adc00000, 0x00000000adc00000, 0x00000000add00000|  0%| F|  |TAMS 0x00000000adc00000, 0x00000000adc00000| Untracked 
| 207|0x00000000add00000, 0x00000000add00000, 0x00000000ade00000|  0%| F|  |TAMS 0x00000000add00000, 0x00000000add00000| Untracked 
| 208|0x00000000ade00000, 0x00000000ade00000, 0x00000000adf00000|  0%| F|  |TAMS 0x00000000ade00000, 0x00000000ade00000| Untracked 
| 209|0x00000000adf00000, 0x00000000adf00000, 0x00000000ae000000|  0%| F|  |TAMS 0x00000000adf00000, 0x00000000adf00000| Untracked 
| 210|0x00000000ae000000, 0x00000000ae000000, 0x00000000ae100000|  0%| F|  |TAMS 0x00000000ae000000, 0x00000000ae000000| Untracked 
| 211|0x00000000ae100000, 0x00000000ae100000, 0x00000000ae200000|  0%| F|  |TAMS 0x00000000ae100000, 0x00000000ae100000| Untracked 
| 212|0x00000000ae200000, 0x00000000ae200000, 0x00000000ae300000|  0%| F|  |TAMS 0x00000000ae200000, 0x00000000ae200000| Untracked 
| 213|0x00000000ae300000, 0x00000000ae300000, 0x00000000ae400000|  0%| F|  |TAMS 0x00000000ae300000, 0x00000000ae300000| Untracked 
| 214|0x00000000ae400000, 0x00000000ae400000, 0x00000000ae500000|  0%| F|  |TAMS 0x00000000ae400000, 0x00000000ae400000| Untracked 
| 215|0x00000000ae500000, 0x00000000ae500000, 0x00000000ae600000|  0%| F|  |TAMS 0x00000000ae500000, 0x00000000ae500000| Untracked 
| 216|0x00000000ae600000, 0x00000000ae600000, 0x00000000ae700000|  0%| F|  |TAMS 0x00000000ae600000, 0x00000000ae600000| Untracked 
| 217|0x00000000ae700000, 0x00000000ae700000, 0x00000000ae800000|  0%| F|  |TAMS 0x00000000ae700000, 0x00000000ae700000| Untracked 
| 218|0x00000000ae800000, 0x00000000ae800000, 0x00000000ae900000|  0%| F|  |TAMS 0x00000000ae800000, 0x00000000ae800000| Untracked 
| 219|0x00000000ae900000, 0x00000000ae900000, 0x00000000aea00000|  0%| F|  |TAMS 0x00000000ae900000, 0x00000000ae900000| Untracked 
| 220|0x00000000aea00000, 0x00000000aea00000, 0x00000000aeb00000|  0%| F|  |TAMS 0x00000000aea00000, 0x00000000aea00000| Untracked 
| 221|0x00000000aeb00000, 0x00000000aeb00000, 0x00000000aec00000|  0%| F|  |TAMS 0x00000000aeb00000, 0x00000000aeb00000| Untracked 
| 222|0x00000000aec00000, 0x00000000aec00000, 0x00000000aed00000|  0%| F|  |TAMS 0x00000000aec00000, 0x00000000aec00000| Untracked 
| 223|0x00000000aed00000, 0x00000000aed00000, 0x00000000aee00000|  0%| F|  |TAMS 0x00000000aed00000, 0x00000000aed00000| Untracked 
| 224|0x00000000aee00000, 0x00000000aee00000, 0x00000000aef00000|  0%| F|  |TAMS 0x00000000aee00000, 0x00000000aee00000| Untracked 
| 225|0x00000000aef00000, 0x00000000aef00000, 0x00000000af000000|  0%| F|  |TAMS 0x00000000aef00000, 0x00000000aef00000| Untracked 
| 226|0x00000000af000000, 0x00000000af000000, 0x00000000af100000|  0%| F|  |TAMS 0x00000000af000000, 0x00000000af000000| Untracked 
| 227|0x00000000af100000, 0x00000000af100000, 0x00000000af200000|  0%| F|  |TAMS 0x00000000af100000, 0x00000000af100000| Untracked 
| 228|0x00000000af200000, 0x00000000af200000, 0x00000000af300000|  0%| F|  |TAMS 0x00000000af200000, 0x00000000af200000| Untracked 
| 229|0x00000000af300000, 0x00000000af300000, 0x00000000af400000|  0%| F|  |TAMS 0x00000000af300000, 0x00000000af300000| Untracked 
| 230|0x00000000af400000, 0x00000000af400000, 0x00000000af500000|  0%| F|  |TAMS 0x00000000af400000, 0x00000000af400000| Untracked 
| 231|0x00000000af500000, 0x00000000af500000, 0x00000000af600000|  0%| F|  |TAMS 0x00000000af500000, 0x00000000af500000| Untracked 
| 232|0x00000000af600000, 0x00000000af600000, 0x00000000af700000|  0%| F|  |TAMS 0x00000000af600000, 0x00000000af600000| Untracked 
| 233|0x00000000af700000, 0x00000000af700000, 0x00000000af800000|  0%| F|  |TAMS 0x00000000af700000, 0x00000000af700000| Untracked 
| 234|0x00000000af800000, 0x00000000af800000, 0x00000000af900000|  0%| F|  |TAMS 0x00000000af800000, 0x00000000af800000| Untracked 
| 235|0x00000000af900000, 0x00000000af900000, 0x00000000afa00000|  0%| F|  |TAMS 0x00000000af900000, 0x00000000af900000| Untracked 
| 236|0x00000000afa00000, 0x00000000afa00000, 0x00000000afb00000|  0%| F|  |TAMS 0x00000000afa00000, 0x00000000afa00000| Untracked 
| 237|0x00000000afb00000, 0x00000000afb00000, 0x00000000afc00000|  0%| F|  |TAMS 0x00000000afb00000, 0x00000000afb00000| Untracked 
| 238|0x00000000afc00000, 0x00000000afc00000, 0x00000000afd00000|  0%| F|  |TAMS 0x00000000afc00000, 0x00000000afc00000| Untracked 
| 239|0x00000000afd00000, 0x00000000afd00000, 0x00000000afe00000|  0%| F|  |TAMS 0x00000000afd00000, 0x00000000afd00000| Untracked 
| 240|0x00000000afe00000, 0x00000000afe00000, 0x00000000aff00000|  0%| F|  |TAMS 0x00000000afe00000, 0x00000000afe00000| Untracked 
| 241|0x00000000aff00000, 0x00000000aff00000, 0x00000000b0000000|  0%| F|  |TAMS 0x00000000aff00000, 0x00000000aff00000| Untracked 
| 242|0x00000000b0000000, 0x00000000b0000000, 0x00000000b0100000|  0%| F|  |TAMS 0x00000000b0000000, 0x00000000b0000000| Untracked 
| 243|0x00000000b0100000, 0x00000000b0100000, 0x00000000b0200000|  0%| F|  |TAMS 0x00000000b0100000, 0x00000000b0100000| Untracked 
| 244|0x00000000b0200000, 0x00000000b0200000, 0x00000000b0300000|  0%| F|  |TAMS 0x00000000b0200000, 0x00000000b0200000| Untracked 
| 245|0x00000000b0300000, 0x00000000b0300000, 0x00000000b0400000|  0%| F|  |TAMS 0x00000000b0300000, 0x00000000b0300000| Untracked 
| 246|0x00000000b0400000, 0x00000000b0400000, 0x00000000b0500000|  0%| F|  |TAMS 0x00000000b0400000, 0x00000000b0400000| Untracked 
| 247|0x00000000b0500000, 0x00000000b0500000, 0x00000000b0600000|  0%| F|  |TAMS 0x00000000b0500000, 0x00000000b0500000| Untracked 
| 248|0x00000000b0600000, 0x00000000b0600000, 0x00000000b0700000|  0%| F|  |TAMS 0x00000000b0600000, 0x00000000b0600000| Untracked 
| 249|0x00000000b0700000, 0x00000000b0700000, 0x00000000b0800000|  0%| F|  |TAMS 0x00000000b0700000, 0x00000000b0700000| Untracked 
| 250|0x00000000b0800000, 0x00000000b0800000, 0x00000000b0900000|  0%| F|  |TAMS 0x00000000b0800000, 0x00000000b0800000| Untracked 
| 251|0x00000000b0900000, 0x00000000b0900000, 0x00000000b0a00000|  0%| F|  |TAMS 0x00000000b0900000, 0x00000000b0900000| Untracked 
| 252|0x00000000b0a00000, 0x00000000b0a00000, 0x00000000b0b00000|  0%| F|  |TAMS 0x00000000b0a00000, 0x00000000b0a00000| Untracked 
| 253|0x00000000b0b00000, 0x00000000b0b00000, 0x00000000b0c00000|  0%| F|  |TAMS 0x00000000b0b00000, 0x00000000b0b00000| Untracked 
| 254|0x00000000b0c00000, 0x00000000b0c00000, 0x00000000b0d00000|  0%| F|  |TAMS 0x00000000b0c00000, 0x00000000b0c00000| Untracked 
| 255|0x00000000b0d00000, 0x00000000b0d00000, 0x00000000b0e00000|  0%| F|  |TAMS 0x00000000b0d00000, 0x00000000b0d00000| Untracked 
| 256|0x00000000b0e00000, 0x00000000b0e00000, 0x00000000b0f00000|  0%| F|  |TAMS 0x00000000b0e00000, 0x00000000b0e00000| Untracked 
| 257|0x00000000b0f00000, 0x00000000b0f00000, 0x00000000b1000000|  0%| F|  |TAMS 0x00000000b0f00000, 0x00000000b0f00000| Untracked 
| 258|0x00000000b1000000, 0x00000000b1000000, 0x00000000b1100000|  0%| F|  |TAMS 0x00000000b1000000, 0x00000000b1000000| Untracked 
| 259|0x00000000b1100000, 0x00000000b1100000, 0x00000000b1200000|  0%| F|  |TAMS 0x00000000b1100000, 0x00000000b1100000| Untracked 
| 260|0x00000000b1200000, 0x00000000b1200000, 0x00000000b1300000|  0%| F|  |TAMS 0x00000000b1200000, 0x00000000b1200000| Untracked 
| 261|0x00000000b1300000, 0x00000000b1300000, 0x00000000b1400000|  0%| F|  |TAMS 0x00000000b1300000, 0x00000000b1300000| Untracked 
| 262|0x00000000b1400000, 0x00000000b1400000, 0x00000000b1500000|  0%| F|  |TAMS 0x00000000b1400000, 0x00000000b1400000| Untracked 
| 263|0x00000000b1500000, 0x00000000b1500000, 0x00000000b1600000|  0%| F|  |TAMS 0x00000000b1500000, 0x00000000b1500000| Untracked 
| 264|0x00000000b1600000, 0x00000000b1600000, 0x00000000b1700000|  0%| F|  |TAMS 0x00000000b1600000, 0x00000000b1600000| Untracked 
| 265|0x00000000b1700000, 0x00000000b1700000, 0x00000000b1800000|  0%| F|  |TAMS 0x00000000b1700000, 0x00000000b1700000| Untracked 
| 266|0x00000000b1800000, 0x00000000b1800000, 0x00000000b1900000|  0%| F|  |TAMS 0x00000000b1800000, 0x00000000b1800000| Untracked 
| 267|0x00000000b1900000, 0x00000000b1900000, 0x00000000b1a00000|  0%| F|  |TAMS 0x00000000b1900000, 0x00000000b1900000| Untracked 
| 268|0x00000000b1a00000, 0x00000000b1a00000, 0x00000000b1b00000|  0%| F|  |TAMS 0x00000000b1a00000, 0x00000000b1a00000| Untracked 
| 269|0x00000000b1b00000, 0x00000000b1b00000, 0x00000000b1c00000|  0%| F|  |TAMS 0x00000000b1b00000, 0x00000000b1b00000| Untracked 
| 270|0x00000000b1c00000, 0x00000000b1c00000, 0x00000000b1d00000|  0%| F|  |TAMS 0x00000000b1c00000, 0x00000000b1c00000| Untracked 
| 271|0x00000000b1d00000, 0x00000000b1d00000, 0x00000000b1e00000|  0%| F|  |TAMS 0x00000000b1d00000, 0x00000000b1d00000| Untracked 
| 272|0x00000000b1e00000, 0x00000000b1e00000, 0x00000000b1f00000|  0%| F|  |TAMS 0x00000000b1e00000, 0x00000000b1e00000| Untracked 
| 273|0x00000000b1f00000, 0x00000000b1f00000, 0x00000000b2000000|  0%| F|  |TAMS 0x00000000b1f00000, 0x00000000b1f00000| Untracked 
| 274|0x00000000b2000000, 0x00000000b2000000, 0x00000000b2100000|  0%| F|  |TAMS 0x00000000b2000000, 0x00000000b2000000| Untracked 
| 275|0x00000000b2100000, 0x00000000b2100000, 0x00000000b2200000|  0%| F|  |TAMS 0x00000000b2100000, 0x00000000b2100000| Untracked 
| 276|0x00000000b2200000, 0x00000000b2200000, 0x00000000b2300000|  0%| F|  |TAMS 0x00000000b2200000, 0x00000000b2200000| Untracked 
| 277|0x00000000b2300000, 0x00000000b2300000, 0x00000000b2400000|  0%| F|  |TAMS 0x00000000b2300000, 0x00000000b2300000| Untracked 
| 278|0x00000000b2400000, 0x00000000b2400000, 0x00000000b2500000|  0%| F|  |TAMS 0x00000000b2400000, 0x00000000b2400000| Untracked 
| 279|0x00000000b2500000, 0x00000000b2500000, 0x00000000b2600000|  0%| F|  |TAMS 0x00000000b2500000, 0x00000000b2500000| Untracked 
| 280|0x00000000b2600000, 0x00000000b2600000, 0x00000000b2700000|  0%| F|  |TAMS 0x00000000b2600000, 0x00000000b2600000| Untracked 
| 281|0x00000000b2700000, 0x00000000b2700000, 0x00000000b2800000|  0%| F|  |TAMS 0x00000000b2700000, 0x00000000b2700000| Untracked 
| 282|0x00000000b2800000, 0x00000000b2800000, 0x00000000b2900000|  0%| F|  |TAMS 0x00000000b2800000, 0x00000000b2800000| Untracked 
| 283|0x00000000b2900000, 0x00000000b2900000, 0x00000000b2a00000|  0%| F|  |TAMS 0x00000000b2900000, 0x00000000b2900000| Untracked 
| 284|0x00000000b2a00000, 0x00000000b2a00000, 0x00000000b2b00000|  0%| F|  |TAMS 0x00000000b2a00000, 0x00000000b2a00000| Untracked 
| 285|0x00000000b2b00000, 0x00000000b2b00000, 0x00000000b2c00000|  0%| F|  |TAMS 0x00000000b2b00000, 0x00000000b2b00000| Untracked 
| 286|0x00000000b2c00000, 0x00000000b2c00000, 0x00000000b2d00000|  0%| F|  |TAMS 0x00000000b2c00000, 0x00000000b2c00000| Untracked 
| 287|0x00000000b2d00000, 0x00000000b2d00000, 0x00000000b2e00000|  0%| F|  |TAMS 0x00000000b2d00000, 0x00000000b2d00000| Untracked 
| 288|0x00000000b2e00000, 0x00000000b2e00000, 0x00000000b2f00000|  0%| F|  |TAMS 0x00000000b2e00000, 0x00000000b2e00000| Untracked 
| 289|0x00000000b2f00000, 0x00000000b2f00000, 0x00000000b3000000|  0%| F|  |TAMS 0x00000000b2f00000, 0x00000000b2f00000| Untracked 
| 290|0x00000000b3000000, 0x00000000b3000000, 0x00000000b3100000|  0%| F|  |TAMS 0x00000000b3000000, 0x00000000b3000000| Untracked 
| 291|0x00000000b3100000, 0x00000000b3100000, 0x00000000b3200000|  0%| F|  |TAMS 0x00000000b3100000, 0x00000000b3100000| Untracked 
| 292|0x00000000b3200000, 0x00000000b3200000, 0x00000000b3300000|  0%| F|  |TAMS 0x00000000b3200000, 0x00000000b3200000| Untracked 
| 293|0x00000000b3300000, 0x00000000b3300000, 0x00000000b3400000|  0%| F|  |TAMS 0x00000000b3300000, 0x00000000b3300000| Untracked 
| 294|0x00000000b3400000, 0x00000000b3400000, 0x00000000b3500000|  0%| F|  |TAMS 0x00000000b3400000, 0x00000000b3400000| Untracked 
| 295|0x00000000b3500000, 0x00000000b3500000, 0x00000000b3600000|  0%| F|  |TAMS 0x00000000b3500000, 0x00000000b3500000| Untracked 
| 296|0x00000000b3600000, 0x00000000b3600000, 0x00000000b3700000|  0%| F|  |TAMS 0x00000000b3600000, 0x00000000b3600000| Untracked 
| 297|0x00000000b3700000, 0x00000000b3700000, 0x00000000b3800000|  0%| F|  |TAMS 0x00000000b3700000, 0x00000000b3700000| Untracked 
| 298|0x00000000b3800000, 0x00000000b3800000, 0x00000000b3900000|  0%| F|  |TAMS 0x00000000b3800000, 0x00000000b3800000| Untracked 
| 299|0x00000000b3900000, 0x00000000b3900000, 0x00000000b3a00000|  0%| F|  |TAMS 0x00000000b3900000, 0x00000000b3900000| Untracked 
| 300|0x00000000b3a00000, 0x00000000b3a00000, 0x00000000b3b00000|  0%| F|  |TAMS 0x00000000b3a00000, 0x00000000b3a00000| Untracked 
| 301|0x00000000b3b00000, 0x00000000b3b00000, 0x00000000b3c00000|  0%| F|  |TAMS 0x00000000b3b00000, 0x00000000b3b00000| Untracked 
| 302|0x00000000b3c00000, 0x00000000b3c00000, 0x00000000b3d00000|  0%| F|  |TAMS 0x00000000b3c00000, 0x00000000b3c00000| Untracked 
| 303|0x00000000b3d00000, 0x00000000b3d00000, 0x00000000b3e00000|  0%| F|  |TAMS 0x00000000b3d00000, 0x00000000b3d00000| Untracked 
| 304|0x00000000b3e00000, 0x00000000b3e00000, 0x00000000b3f00000|  0%| F|  |TAMS 0x00000000b3e00000, 0x00000000b3e00000| Untracked 
| 305|0x00000000b3f00000, 0x00000000b3f00000, 0x00000000b4000000|  0%| F|  |TAMS 0x00000000b3f00000, 0x00000000b3f00000| Untracked 
| 306|0x00000000b4000000, 0x00000000b4000000, 0x00000000b4100000|  0%| F|  |TAMS 0x00000000b4000000, 0x00000000b4000000| Untracked 
| 307|0x00000000b4100000, 0x00000000b4100000, 0x00000000b4200000|  0%| F|  |TAMS 0x00000000b4100000, 0x00000000b4100000| Untracked 
| 308|0x00000000b4200000, 0x00000000b4200000, 0x00000000b4300000|  0%| F|  |TAMS 0x00000000b4200000, 0x00000000b4200000| Untracked 
| 309|0x00000000b4300000, 0x00000000b4300000, 0x00000000b4400000|  0%| F|  |TAMS 0x00000000b4300000, 0x00000000b4300000| Untracked 
| 310|0x00000000b4400000, 0x00000000b4400000, 0x00000000b4500000|  0%| F|  |TAMS 0x00000000b4400000, 0x00000000b4400000| Untracked 
| 311|0x00000000b4500000, 0x00000000b4500000, 0x00000000b4600000|  0%| F|  |TAMS 0x00000000b4500000, 0x00000000b4500000| Untracked 
| 312|0x00000000b4600000, 0x00000000b4600000, 0x00000000b4700000|  0%| F|  |TAMS 0x00000000b4600000, 0x00000000b4600000| Untracked 
| 313|0x00000000b4700000, 0x00000000b4700000, 0x00000000b4800000|  0%| F|  |TAMS 0x00000000b4700000, 0x00000000b4700000| Untracked 
| 314|0x00000000b4800000, 0x00000000b4800000, 0x00000000b4900000|  0%| F|  |TAMS 0x00000000b4800000, 0x00000000b4800000| Untracked 
| 315|0x00000000b4900000, 0x00000000b4900000, 0x00000000b4a00000|  0%| F|  |TAMS 0x00000000b4900000, 0x00000000b4900000| Untracked 
| 316|0x00000000b4a00000, 0x00000000b4b00000, 0x00000000b4b00000|100%| S|CS|TAMS 0x00000000b4a00000, 0x00000000b4a00000| Complete 
| 317|0x00000000b4b00000, 0x00000000b4c00000, 0x00000000b4c00000|100%| S|CS|TAMS 0x00000000b4b00000, 0x00000000b4b00000| Complete 
| 318|0x00000000b4c00000, 0x00000000b4c00000, 0x00000000b4d00000|  0%| F|  |TAMS 0x00000000b4c00000, 0x00000000b4c00000| Untracked 
| 319|0x00000000b4d00000, 0x00000000b4d00000, 0x00000000b4e00000|  0%| F|  |TAMS 0x00000000b4d00000, 0x00000000b4d00000| Untracked 
| 320|0x00000000b4e00000, 0x00000000b4e00000, 0x00000000b4f00000|  0%| F|  |TAMS 0x00000000b4e00000, 0x00000000b4e00000| Untracked 
| 321|0x00000000b4f00000, 0x00000000b4f00000, 0x00000000b5000000|  0%| F|  |TAMS 0x00000000b4f00000, 0x00000000b4f00000| Untracked 
| 403|0x00000000ba100000, 0x00000000ba200000, 0x00000000ba200000|100%| O|  |TAMS 0x00000000ba200000, 0x00000000ba100000| Untracked 
| 409|0x00000000ba700000, 0x00000000ba800000, 0x00000000ba800000|100%| O|  |TAMS 0x00000000ba800000, 0x00000000ba700000| Untracked 
| 436|0x00000000bc200000, 0x00000000bc300000, 0x00000000bc300000|100%| O|  |TAMS 0x00000000bc300000, 0x00000000bc200000| Untracked 
| 440|0x00000000bc600000, 0x00000000bc700000, 0x00000000bc700000|100%| O|  |TAMS 0x00000000bc700000, 0x00000000bc600000| Untracked 
| 441|0x00000000bc700000, 0x00000000bc800000, 0x00000000bc800000|100%| O|  |TAMS 0x00000000bc800000, 0x00000000bc700000| Untracked 
| 451|0x00000000bd100000, 0x00000000bd200000, 0x00000000bd200000|100%|HS|  |TAMS 0x00000000bd200000, 0x00000000bd100000| Complete 
| 452|0x00000000bd200000, 0x00000000bd300000, 0x00000000bd300000|100%|HC|  |TAMS 0x00000000bd300000, 0x00000000bd200000| Complete 
| 453|0x00000000bd300000, 0x00000000bd400000, 0x00000000bd400000|100%|HC|  |TAMS 0x00000000bd400000, 0x00000000bd300000| Complete 

Card table byte_map: [0x000001fa3eaf0000,0x000001fa3edf0000] _byte_map_base: 0x000001fa3e5e9000

Marking Bits (Prev, Next): (CMBitMap*) 0x000001fa36ac9e30, (CMBitMap*) 0x000001fa36ac9e70
 Prev Bits: [0x000001fa3f0f0000, 0x000001fa408b8000)
 Next Bits: [0x000001fa408c0000, 0x000001fa42088000)

Polling page: 0x000001fa36b40000

Metaspace:

Usage:
  Non-class:     57.94 MB used.
      Class:      9.03 MB used.
       Both:     66.97 MB used.

Virtual space:
  Non-class space:       64.00 MB reserved,      58.19 MB ( 91%) committed,  8 nodes.
      Class space:        1.00 GB reserved,       9.19 MB ( <1%) committed,  1 nodes.
             Both:        1.06 GB reserved,      67.38 MB (  6%) committed. 

Chunk freelists:
   Non-Class:  1.61 MB
       Class:  2.66 MB
        Both:  4.27 MB

MaxMetaspaceSize: unlimited
CompressedClassSpaceSize: 1.00 GB
Initial GC threshold: 21.00 MB
Current GC threshold: 112.19 MB
CDS: off
MetaspaceReclaimPolicy: balanced
 - commit_granule_bytes: 65536.
 - commit_granule_words: 8192.
 - virtual_space_node_default_size: 1048576.
 - enlarge_chunks_in_place: 1.
 - new_chunks_are_fully_committed: 0.
 - uncommit_free_chunks: 1.
 - use_allocation_guard: 0.
 - handle_deallocations: 1.


Internal statistics:

num_allocs_failed_limit: 10.
num_arena_births: 578.
num_arena_deaths: 156.
num_vsnodes_births: 9.
num_vsnodes_deaths: 0.
num_space_committed: 1078.
num_space_uncommitted: 0.
num_chunks_returned_to_freelist: 188.
num_chunks_taken_from_freelist: 2902.
num_chunk_merges: 65.
num_chunk_splits: 1946.
num_chunks_enlarged: 1416.
num_purges: 16.
num_inconsistent_stats: 0.

CodeCache: size=49152Kb used=25024Kb max_used=25347Kb free=24127Kb
 bounds [0x000001fa3af10000, 0x000001fa3c7e0000, 0x000001fa3df10000]
 total_blobs=14199 nmethods=13509 adapters=616
 compilation: enabled
              stopped_count=0, restarted_count=0
 full_count=0

Compilation events (20 events):
Event: 40333.893 Thread 0x000001fa44b7c9c0 13682       1       com.sun.tools.javac.comp.Operators$BinaryNumericOperator::test (13 bytes)
Event: 40333.893 Thread 0x000001fa44b7c9c0 nmethod 13682 0x000001fa3c76d210 code [0x000001fa3c76d3a0, 0x000001fa3c76d4e8]
Event: 40333.893 Thread 0x000001fa44b7c9c0 13683       1       com.sun.tools.javac.comp.Operators$BinaryNumericOperator::test (46 bytes)
Event: 40333.893 Thread 0x000001fa44b7c9c0 nmethod 13683 0x000001fa3c76cd10 code [0x000001fa3c76cee0, 0x000001fa3c76d098]
Event: 40333.893 Thread 0x000001fa44b7c9c0 13684       1       com.sun.tools.javac.comp.Operators$BinaryStringOperator::stringPromotion (92 bytes)
Event: 40333.894 Thread 0x000001fa44b7c9c0 nmethod 13684 0x000001fa3c76c410 code [0x000001fa3c76c640, 0x000001fa3c76c9f8]
Event: 40333.900 Thread 0x000001fa44b7c9c0 13685       1       com.sun.tools.javac.code.Type$ErrorType::isCompound (2 bytes)
Event: 40333.900 Thread 0x000001fa44b7c9c0 nmethod 13685 0x000001fa3c76c110 code [0x000001fa3c76c2a0, 0x000001fa3c76c378]
Event: 40333.936 Thread 0x000001fa44b7c9c0 13686       1       com.sun.tools.javac.code.Types$Adapter::adaptRecursive (50 bytes)
Event: 40333.937 Thread 0x000001fa44b7c9c0 nmethod 13686 0x000001fa3c76bb10 code [0x000001fa3c76bcc0, 0x000001fa3c76bf08]
Event: 40334.556 Thread 0x000001fa44b7c9c0 13688       1       com.sun.tools.javac.jvm.ClassReader$27::read (77 bytes)
Event: 40334.561 Thread 0x000001fa44b7c9c0 nmethod 13688 0x000001fa3c76b110 code [0x000001fa3c76b300, 0x000001fa3c76b758]
Event: 40334.561 Thread 0x000001fa44b7c9c0 13687       1       com.sun.tools.javac.jvm.ClassReader$27::accepts (24 bytes)
Event: 40334.562 Thread 0x000001fa44b7c9c0 nmethod 13687 0x000001fa3c76ad90 code [0x000001fa3c76af20, 0x000001fa3c76b048]
Event: 40334.720 Thread 0x000001fa44b7c9c0 13689       1       org.openrewrite.Cursor::firstEnclosing (37 bytes)
Event: 40334.724 Thread 0x000001fa44b7c9c0 nmethod 13689 0x000001fa3c76a810 code [0x000001fa3c76a9e0, 0x000001fa3c76ac98]
Event: 40334.724 Thread 0x000001fa44b7c9c0 13690       1       org.openrewrite.Cursor$CursorIterator::<init> (6 bytes)
Event: 40334.724 Thread 0x000001fa44b7c9c0 nmethod 13690 0x000001fa3c76a490 code [0x000001fa3c76a620, 0x000001fa3c76a798]
Event: 40334.724 Thread 0x000001fa44b7c9c0 13691       1       org.openrewrite.Cursor$CursorIterator::<init> (19 bytes)
Event: 40334.724 Thread 0x000001fa44b7c9c0 nmethod 13691 0x000001fa3c76a110 code [0x000001fa3c76a2a0, 0x000001fa3c76a418]

GC Heap History (20 events):
Event: 40320.333 GC heap after
{Heap after GC invocations=3029 (full 2882):
 garbage-first heap   total 337920K, used 100306K [0x00000000a0e00000, 0x0000000100000000)
  region size 1024K, 0 young (0K), 0 survivors (0K)
 Metaspace       used 68570K, committed 68992K, reserved 1114112K
  class space    used 9242K, committed 9408K, reserved 1048576K
}
Event: 40329.728 GC heap before
{Heap before GC invocations=3029 (full 2882):
 garbage-first heap   total 337920K, used 144338K [0x00000000a0e00000, 0x0000000100000000)
  region size 1024K, 45 young (46080K), 0 survivors (0K)
 Metaspace       used 68576K, committed 68992K, reserved 1114112K
  class space    used 9242K, committed 9408K, reserved 1048576K
}
Event: 40329.833 GC heap after
{Heap after GC invocations=3030 (full 2882):
 garbage-first heap   total 337920K, used 107090K [0x00000000a0e00000, 0x0000000100000000)
  region size 1024K, 7 young (7168K), 7 survivors (7168K)
 Metaspace       used 68576K, committed 68992K, reserved 1114112K
  class space    used 9242K, committed 9408K, reserved 1048576K
}
Event: 40332.809 GC heap before
{Heap before GC invocations=3031 (full 2882):
 garbage-first heap   total 337920K, used 231476K [0x00000000a0e00000, 0x0000000100000000)
  region size 1024K, 127 young (130048K), 7 survivors (7168K)
 Metaspace       used 68576K, committed 68992K, reserved 1114112K
  class space    used 9242K, committed 9408K, reserved 1048576K
}
Event: 40332.897 GC heap after
{Heap after GC invocations=3032 (full 2882):
 garbage-first heap   total 337920K, used 134649K [0x00000000a0e00000, 0x0000000100000000)
  region size 1024K, 16 young (16384K), 16 survivors (16384K)
 Metaspace       used 68576K, committed 68992K, reserved 1114112K
  class space    used 9242K, committed 9408K, reserved 1048576K
}
Event: 40332.903 GC heap before
{Heap before GC invocations=3032 (full 2882):
 garbage-first heap   total 337920K, used 135673K [0x00000000a0e00000, 0x0000000100000000)
  region size 1024K, 17 young (17408K), 16 survivors (16384K)
 Metaspace       used 68576K, committed 68992K, reserved 1114112K
  class space    used 9242K, committed 9408K, reserved 1048576K
}
Event: 40332.975 GC heap after
{Heap after GC invocations=3033 (full 2882):
 garbage-first heap   total 337920K, used 137131K [0x00000000a0e00000, 0x0000000100000000)
  region size 1024K, 3 young (3072K), 3 survivors (3072K)
 Metaspace       used 68576K, committed 68992K, reserved 1114112K
  class space    used 9242K, committed 9408K, reserved 1048576K
}
Event: 40334.027 GC heap before
{Heap before GC invocations=3033 (full 2882):
 garbage-first heap   total 337920K, used 253867K [0x00000000a0e00000, 0x0000000100000000)
  region size 1024K, 115 young (117760K), 3 survivors (3072K)
 Metaspace       used 68577K, committed 68992K, reserved 1114112K
  class space    used 9242K, committed 9408K, reserved 1048576K
}
Event: 40334.051 GC heap after
{Heap after GC invocations=3034 (full 2882):
 garbage-first heap   total 337920K, used 156807K [0x00000000a0e00000, 0x0000000100000000)
  region size 1024K, 15 young (15360K), 15 survivors (15360K)
 Metaspace       used 68577K, committed 68992K, reserved 1114112K
  class space    used 9242K, committed 9408K, reserved 1048576K
}
Event: 40334.211 GC heap before
{Heap before GC invocations=3034 (full 2882):
 garbage-first heap   total 337920K, used 205959K [0x00000000a0e00000, 0x0000000100000000)
  region size 1024K, 64 young (65536K), 15 survivors (15360K)
 Metaspace       used 68577K, committed 68992K, reserved 1114112K
  class space    used 9242K, committed 9408K, reserved 1048576K
}
Event: 40334.277 GC heap after
{Heap after GC invocations=3035 (full 2882):
 garbage-first heap   total 337920K, used 165458K [0x00000000a0e00000, 0x0000000100000000)
  region size 1024K, 8 young (8192K), 8 survivors (8192K)
 Metaspace       used 68577K, committed 68992K, reserved 1114112K
  class space    used 9242K, committed 9408K, reserved 1048576K
}
Event: 40334.881 GC heap before
{Heap before GC invocations=3036 (full 2882):
 garbage-first heap   total 337920K, used 262738K [0x00000000a0e00000, 0x0000000100000000)
  region size 1024K, 101 young (103424K), 8 survivors (8192K)
 Metaspace       used 68577K, committed 68992K, reserved 1114112K
  class space    used 9242K, committed 9408K, reserved 1048576K
}
Event: 40334.922 GC heap after
{Heap after GC invocations=3037 (full 2882):
 garbage-first heap   total 337920K, used 177778K [0x00000000a0e00000, 0x0000000100000000)
  region size 1024K, 12 young (12288K), 12 survivors (12288K)
 Metaspace       used 68577K, committed 68992K, reserved 1114112K
  class space    used 9242K, committed 9408K, reserved 1048576K
}
Event: 40334.948 GC heap before
{Heap before GC invocations=3037 (full 2882):
 garbage-first heap   total 337920K, used 181874K [0x00000000a0e00000, 0x0000000100000000)
  region size 1024K, 16 young (16384K), 12 survivors (12288K)
 Metaspace       used 68577K, committed 68992K, reserved 1114112K
  class space    used 9242K, committed 9408K, reserved 1048576K
}
Event: 40334.987 GC heap after
{Heap after GC invocations=3038 (full 2882):
 garbage-first heap   total 337920K, used 176844K [0x00000000a0e00000, 0x0000000100000000)
  region size 1024K, 2 young (2048K), 2 survivors (2048K)
 Metaspace       used 68577K, committed 68992K, reserved 1114112K
  class space    used 9242K, committed 9408K, reserved 1048576K
}
Event: 40335.083 GC heap before
{Heap before GC invocations=3038 (full 2882):
 garbage-first heap   total 337920K, used 208588K [0x00000000a0e00000, 0x0000000100000000)
  region size 1024K, 34 young (34816K), 2 survivors (2048K)
 Metaspace       used 68577K, committed 68992K, reserved 1114112K
  class space    used 9242K, committed 9408K, reserved 1048576K
}
Event: 40335.092 GC heap after
{Heap after GC invocations=3039 (full 2882):
 garbage-first heap   total 337920K, used 180226K [0x00000000a0e00000, 0x0000000100000000)
  region size 1024K, 6 young (6144K), 6 survivors (6144K)
 Metaspace       used 68577K, committed 68992K, reserved 1114112K
  class space    used 9242K, committed 9408K, reserved 1048576K
}
Event: 40335.506 GC heap before
{Heap before GC invocations=3040 (full 2882):
 garbage-first heap   total 337920K, used 269314K [0x00000000a0e00000, 0x0000000100000000)
  region size 1024K, 92 young (94208K), 6 survivors (6144K)
 Metaspace       used 68577K, committed 68992K, reserved 1114112K
  class space    used 9242K, committed 9408K, reserved 1048576K
}
Event: 40335.530 GC heap after
{Heap after GC invocations=3041 (full 2882):
 garbage-first heap   total 337920K, used 191786K [0x00000000a0e00000, 0x0000000100000000)
  region size 1024K, 12 young (12288K), 12 survivors (12288K)
 Metaspace       used 68577K, committed 68992K, reserved 1114112K
  class space    used 9242K, committed 9408K, reserved 1048576K
}
Event: 40335.538 GC heap before
{Heap before GC invocations=3041 (full 2882):
 garbage-first heap   total 337920K, used 195882K [0x00000000a0e00000, 0x0000000100000000)
  region size 1024K, 16 young (16384K), 12 survivors (12288K)
 Metaspace       used 68577K, committed 68992K, reserved 1114112K
  class space    used 9242K, committed 9408K, reserved 1048576K
}

Dll operation events (10 events):
Event: 0.017 Loaded shared library c:\Users\nhatn\.vscode\extensions\redhat.java-1.13.0-win32-x64\jre\17.0.5-win32-x86_64\bin\java.dll
Event: 0.463 Loaded shared library C:\Users\nhatn\.vscode\extensions\redhat.java-1.13.0-win32-x64\jre\17.0.5-win32-x86_64\bin\net.dll
Event: 0.467 Loaded shared library C:\Users\nhatn\.vscode\extensions\redhat.java-1.13.0-win32-x64\jre\17.0.5-win32-x86_64\bin\nio.dll
Event: 0.879 Loaded shared library C:\Users\nhatn\.vscode\extensions\redhat.java-1.13.0-win32-x64\jre\17.0.5-win32-x86_64\bin\zip.dll
Event: 6.892 Loaded shared library c:\Users\nhatn\.vscode\extensions\redhat.java-1.13.0-win32-x64\jre\17.0.5-win32-x86_64\bin\verify.dll
Event: 6.923 Loaded shared library C:\Users\nhatn\.vscode\extensions\redhat.java-1.13.0-win32-x64\jre\17.0.5-win32-x86_64\bin\jimage.dll
Event: 11.621 Loaded shared library C:\Users\nhatn\.vscode\extensions\redhat.java-1.13.0-win32-x64\jre\17.0.5-win32-x86_64\bin\management.dll
Event: 11.692 Loaded shared library C:\Users\nhatn\.vscode\extensions\redhat.java-1.13.0-win32-x64\jre\17.0.5-win32-x86_64\bin\management_ext.dll
Event: 26.586 Loaded shared library C:\Users\nhatn\.vscode\extensions\redhat.java-1.13.0-win32-x64\jre\17.0.5-win32-x86_64\bin\sunmscapi.dll
Event: 33.078 Loaded shared library C:\Users\nhatn\AppData\Local\Temp\snappy-1.1.8-7f448b1b-c9fe-4bba-9e47-95511335ba84-snappyjava.dll

Deoptimization events (20 events):
Event: 33.545 Thread 0x000001fa46e68090 DEOPT PACKING pc=0x000001fa3bd10cbc sp=0x000000dbf4bfea20
Event: 33.545 Thread 0x000001fa46e68090 DEOPT UNPACKING pc=0x000001fa3af62b43 sp=0x000000dbf4bfdf68 mode 0
Event: 40.219 Thread 0x000001fa466fdd40 DEOPT PACKING pc=0x000001fa3b464e52 sp=0x000000dbf2dfd880
Event: 40.219 Thread 0x000001fa466fdd40 DEOPT UNPACKING pc=0x000001fa3af62b43 sp=0x000000dbf2dfcd88 mode 3
Event: 41.121 Thread 0x000001fa466fdd40 DEOPT PACKING pc=0x000001fa3c2d26f4 sp=0x000000dbf2dfe000
Event: 41.121 Thread 0x000001fa466fdd40 DEOPT UNPACKING pc=0x000001fa3af62b43 sp=0x000000dbf2dfd4f8 mode 0
Event: 41.121 Thread 0x000001fa466fdd40 DEOPT PACKING pc=0x000001fa3c297374 sp=0x000000dbf2dfe0d0
Event: 41.121 Thread 0x000001fa466fdd40 DEOPT UNPACKING pc=0x000001fa3af62b43 sp=0x000000dbf2dfd5a8 mode 0
Event: 41.121 Thread 0x000001fa466fdd40 DEOPT PACKING pc=0x000001fa3c28afa4 sp=0x000000dbf2dfe180
Event: 41.121 Thread 0x000001fa466fdd40 DEOPT UNPACKING pc=0x000001fa3af62b43 sp=0x000000dbf2dfd700 mode 0
Event: 41.123 Thread 0x000001fa466fdd40 DEOPT PACKING pc=0x000001fa3c2e43ac sp=0x000000dbf2dfe480
Event: 41.123 Thread 0x000001fa466fdd40 DEOPT UNPACKING pc=0x000001fa3af62b43 sp=0x000000dbf2dfd910 mode 0
Event: 268.439 Thread 0x000001fa46ba0030 DEOPT PACKING pc=0x000001fa3b529dd4 sp=0x000000dbf24feb40
Event: 268.439 Thread 0x000001fa46ba0030 DEOPT UNPACKING pc=0x000001fa3af62b43 sp=0x000000dbf24fdfc8 mode 0
Event: 6357.288 Thread 0x000001fa46e68090 DEOPT PACKING pc=0x000001fa3b0d8e20 sp=0x000000dbf2ffd470
Event: 6357.289 Thread 0x000001fa46e68090 DEOPT UNPACKING pc=0x000001fa3af62b43 sp=0x000000dbf2ffc8f0 mode 3
Event: 6418.564 Thread 0x000001fa46e68090 DEOPT PACKING pc=0x000001fa3c422f36 sp=0x000000dbf2ffc7a0
Event: 6418.565 Thread 0x000001fa46e68090 DEOPT UNPACKING pc=0x000001fa3af62b43 sp=0x000000dbf2ffbc98 mode 3
Event: 40333.235 Thread 0x000001fa4a3695c0 DEOPT PACKING pc=0x000001fa3c69f54b sp=0x000000dbf04fd9e0
Event: 40333.241 Thread 0x000001fa4a3695c0 DEOPT UNPACKING pc=0x000001fa3af62b43 sp=0x000000dbf04fcf78 mode 3

Classes unloaded (20 events):
Event: 256.596 Thread 0x000001fa44b30310 Unloading class 0x00000001000d2000 'java/lang/invoke/LambdaForm$MH+0x00000001000d2000'
Event: 256.596 Thread 0x000001fa44b30310 Unloading class 0x00000001000d1c00 'java/lang/invoke/LambdaForm$MH+0x00000001000d1c00'
Event: 256.596 Thread 0x000001fa44b30310 Unloading class 0x00000001000d1800 'java/lang/invoke/LambdaForm$MH+0x00000001000d1800'
Event: 256.596 Thread 0x000001fa44b30310 Unloading class 0x00000001000d1000 'java/lang/invoke/LambdaForm$MH+0x00000001000d1000'
Event: 256.596 Thread 0x000001fa44b30310 Unloading class 0x00000001000d0c00 'java/lang/invoke/LambdaForm$MH+0x00000001000d0c00'
Event: 256.596 Thread 0x000001fa44b30310 Unloading class 0x00000001000d0800 'java/lang/invoke/LambdaForm$MH+0x00000001000d0800'
Event: 256.596 Thread 0x000001fa44b30310 Unloading class 0x00000001000d0000 'java/lang/invoke/LambdaForm$MH+0x00000001000d0000'
Event: 266.781 Thread 0x000001fa44b30310 Unloading class 0x0000000100949000 'java/lang/invoke/LambdaForm$DMH+0x0000000100949000'
Event: 266.782 Thread 0x000001fa44b30310 Unloading class 0x00000001004fa400 'java/lang/invoke/LambdaForm$MH+0x00000001004fa400'
Event: 266.782 Thread 0x000001fa44b30310 Unloading class 0x00000001004fa000 'java/lang/invoke/LambdaForm$MH+0x00000001004fa000'
Event: 266.782 Thread 0x000001fa44b30310 Unloading class 0x00000001004f9c00 'java/lang/invoke/LambdaForm$MH+0x00000001004f9c00'
Event: 266.782 Thread 0x000001fa44b30310 Unloading class 0x00000001004f9800 'java/lang/invoke/LambdaForm$MH+0x00000001004f9800'
Event: 266.782 Thread 0x000001fa44b30310 Unloading class 0x00000001004f9400 'java/lang/invoke/LambdaForm$MH+0x00000001004f9400'
Event: 266.782 Thread 0x000001fa44b30310 Unloading class 0x00000001004f9000 'java/lang/invoke/LambdaForm$MH+0x00000001004f9000'
Event: 266.782 Thread 0x000001fa44b30310 Unloading class 0x0000000100350000 'java/lang/invoke/LambdaForm$MH+0x0000000100350000'
Event: 6596.580 Thread 0x000001fa44b30310 Unloading class 0x0000000100634000 'java/lang/invoke/LambdaForm$MH+0x0000000100634000'
Event: 6596.580 Thread 0x000001fa44b30310 Unloading class 0x000000010071c000 'java/lang/invoke/LambdaForm$MH+0x000000010071c000'
Event: 6596.580 Thread 0x000001fa44b30310 Unloading class 0x0000000100784400 'java/lang/invoke/LambdaForm$MH+0x0000000100784400'
Event: 7402.193 Thread 0x000001fa44b30310 Unloading class 0x0000000100498000 'jdk/internal/reflect/GeneratedConstructorAccessor51'
Event: 7402.193 Thread 0x000001fa44b30310 Unloading class 0x000000010049b400 'jdk/internal/reflect/GeneratedMethodAccessor36'

Classes redefined (0 events):
No events

Internal exceptions (20 events):
Event: 40335.353 Thread 0x000001fa4a36b2a0 Exception <a 'sun/nio/fs/WindowsException'{0x00000000b260d078}> (0x00000000b260d078) 
thrown [s\src\hotspot\share\prims\jni.cpp, line 516]
Event: 40335.353 Thread 0x000001fa4a36b2a0 Exception <a 'sun/nio/fs/WindowsException'{0x00000000b260d3c0}> (0x00000000b260d3c0) 
thrown [s\src\hotspot\share\prims\jni.cpp, line 516]
Event: 40335.354 Thread 0x000001fa4a36b2a0 Exception <a 'sun/nio/fs/WindowsException'{0x00000000b26366f8}> (0x00000000b26366f8) 
thrown [s\src\hotspot\share\prims\jni.cpp, line 516]
Event: 40335.354 Thread 0x000001fa4a36b2a0 Exception <a 'sun/nio/fs/WindowsException'{0x00000000b2636a70}> (0x00000000b2636a70) 
thrown [s\src\hotspot\share\prims\jni.cpp, line 516]
Event: 40335.355 Thread 0x000001fa4a36b2a0 Exception <a 'sun/nio/fs/WindowsException'{0x00000000b2637f30}> (0x00000000b2637f30) 
thrown [s\src\hotspot\share\prims\jni.cpp, line 516]
Event: 40335.355 Thread 0x000001fa4a36b2a0 Exception <a 'sun/nio/fs/WindowsException'{0x00000000b26382c0}> (0x00000000b26382c0) 
thrown [s\src\hotspot\share\prims\jni.cpp, line 516]
Event: 40335.360 Thread 0x000001fa4a36b2a0 Exception <a 'sun/nio/fs/WindowsException'{0x00000000b2529938}> (0x00000000b2529938) 
thrown [s\src\hotspot\share\prims\jni.cpp, line 516]
Event: 40335.360 Thread 0x000001fa4a36b2a0 Exception <a 'sun/nio/fs/WindowsException'{0x00000000b2529c80}> (0x00000000b2529c80) 
thrown [s\src\hotspot\share\prims\jni.cpp, line 516]
Event: 40335.360 Thread 0x000001fa4a36b2a0 Exception <a 'sun/nio/fs/WindowsException'{0x00000000b252b110}> (0x00000000b252b110) 
thrown [s\src\hotspot\share\prims\jni.cpp, line 516]
Event: 40335.360 Thread 0x000001fa4a36b2a0 Exception <a 'sun/nio/fs/WindowsException'{0x00000000b252b470}> (0x00000000b252b470) 
thrown [s\src\hotspot\share\prims\jni.cpp, line 516]
Event: 40335.445 Thread 0x000001fa4a3695c0 Exception <a 'sun/nio/fs/WindowsException'{0x00000000b1057340}> (0x00000000b1057340) 
thrown [s\src\hotspot\share\prims\jni.cpp, line 516]
Event: 40335.445 Thread 0x000001fa4a3695c0 Exception <a 'sun/nio/fs/WindowsException'{0x00000000b10578a0}> (0x00000000b10578a0) 
thrown [s\src\hotspot\share\prims\jni.cpp, line 516]
Event: 40335.445 Thread 0x000001fa4a3695c0 Exception <a 'sun/nio/fs/WindowsException'{0x00000000b105af80}> (0x00000000b105af80) 
thrown [s\src\hotspot\share\prims\jni.cpp, line 516]
Event: 40335.445 Thread 0x000001fa4a3695c0 Exception <a 'sun/nio/fs/WindowsException'{0x00000000b105b4e0}> (0x00000000b105b4e0) 
thrown [s\src\hotspot\share\prims\jni.cpp, line 516]
Event: 40335.446 Thread 0x000001fa4a3695c0 Exception <a 'sun/nio/fs/WindowsException'{0x00000000b1069928}> (0x00000000b1069928) 
thrown [s\src\hotspot\share\prims\jni.cpp, line 516]
Event: 40335.447 Thread 0x000001fa4a3695c0 Exception <a 'sun/nio/fs/WindowsException'{0x00000000b1069e88}> (0x00000000b1069e88) 
thrown [s\src\hotspot\share\prims\jni.cpp, line 516]
Event: 40335.447 Thread 0x000001fa4a3695c0 Exception <a 'sun/nio/fs/WindowsException'{0x00000000b106a460}> (0x00000000b106a460) 
thrown [s\src\hotspot\share\prims\jni.cpp, line 516]
Event: 40335.447 Thread 0x000001fa4a3695c0 Exception <a 'sun/nio/fs/WindowsException'{0x00000000b106a9c0}> (0x00000000b106a9c0) 
thrown [s\src\hotspot\share\prims\jni.cpp, line 516]
Event: 40335.447 Thread 0x000001fa4a3695c0 Exception <a 'sun/nio/fs/WindowsException'{0x00000000b106b498}> (0x00000000b106b498) 
thrown [s\src\hotspot\share\prims\jni.cpp, line 516]
Event: 40335.447 Thread 0x000001fa4a3695c0 Exception <a 'sun/nio/fs/WindowsException'{0x00000000b106b9f8}> (0x00000000b106b9f8) 
thrown [s\src\hotspot\share\prims\jni.cpp, line 516]

VM Operations (20 events):
Event: 40334.277 Executing VM operation: G1TryInitiateConcMark done
Event: 40334.423 Executing VM operation: G1Concurrent
Event: 40334.434 Executing VM operation: G1Concurrent done
Event: 40334.507 Executing VM operation: G1Concurrent
Event: 40334.521 Executing VM operation: G1Concurrent done
Event: 40334.813 Executing VM operation: G1CollectForAllocation
Event: 40334.923 Executing VM operation: G1CollectForAllocation done
Event: 40334.947 Executing VM operation: G1CollectForAllocation
Event: 40334.988 Executing VM operation: G1CollectForAllocation done
Event: 40335.082 Executing VM operation: G1TryInitiateConcMark
Event: 40335.082 Executing VM operation: G1TryInitiateConcMark done
Event: 40335.083 Executing VM operation: G1CollectForAllocation
Event: 40335.092 Executing VM operation: G1CollectForAllocation done
Event: 40335.268 Executing VM operation: G1Concurrent
Event: 40335.290 Executing VM operation: G1Concurrent done
Event: 40335.355 Executing VM operation: G1Concurrent
Event: 40335.357 Executing VM operation: G1Concurrent done
Event: 40335.506 Executing VM operation: G1CollectForAllocation
Event: 40335.530 Executing VM operation: G1CollectForAllocation done
Event: 40335.537 Executing VM operation: G1CollectForAllocation

Events (20 events):
Event: 39199.986 Thread 0x000001fa4a36d920 Thread added: 0x000001fa4a36d920
Event: 39262.239 Thread 0x000001fa4a36d920 Thread exited: 0x000001fa4a36d920
Event: 39272.757 Thread 0x000001fa4a367410 Thread exited: 0x000001fa4a367410
Event: 39750.110 Thread 0x000001fa4a36a430 Thread added: 0x000001fa4a36a430
Event: 39750.118 Thread 0x000001fa4a36d920 Thread added: 0x000001fa4a36d920
Event: 39810.129 Thread 0x000001fa4a36d920 Thread exited: 0x000001fa4a36d920
Event: 39810.145 Thread 0x000001fa4a36a430 Thread exited: 0x000001fa4a36a430
Event: 40064.534 Thread 0x000001fa4a367410 Thread added: 0x000001fa4a367410
Event: 40064.541 Thread 0x000001fa4a36bc40 Thread added: 0x000001fa4a36bc40
Event: 40124.573 Thread 0x000001fa4a36bc40 Thread exited: 0x000001fa4a36bc40
Event: 40126.492 Thread 0x000001fa4a367410 Thread exited: 0x000001fa4a367410
Event: 40327.339 Thread 0x000001fa4a36b2a0 Thread added: 0x000001fa4a36b2a0
Event: 40328.966 Thread 0x000001fa4a36b770 Thread added: 0x000001fa4a36b770
Event: 40328.991 Thread 0x000001fa4a3695c0 Thread added: 0x000001fa4a3695c0
Event: 40330.021 Thread 0x000001fa4a36bc40 Thread added: 0x000001fa4a36bc40
Event: 40330.042 Thread 0x000001fa4a36bc40 Thread exited: 0x000001fa4a36bc40
Event: 40330.842 Thread 0x000001fa4a3678e0 Thread added: 0x000001fa4a3678e0
Event: 40333.123 Thread 0x000001fa4a368280 Thread added: 0x000001fa4a368280
Event: 40333.125 Thread 0x000001fa4a36cab0 Thread added: 0x000001fa4a36cab0
Event: 40334.692 Thread 0x000001fa5372ea30 Thread added: 0x000001fa5372ea30


Dynamic libraries:
0x00007ff6735f0000 - 0x00007ff6735fe000 	c:\Users\nhatn\.vscode\extensions\redhat.java-1.13.0-win32-x64\jre\17.0.5-win32-x86_64\bin\java.exe
0x00007ffc89c80000 - 0x00007ffc89e89000 	C:\Windows\SYSTEM32\ntdll.dll
0x00007ffc88e60000 - 0x00007ffc88f1e000 	C:\Windows\System32\KERNEL32.DLL
0x00007ffc87350000 - 0x00007ffc876cb000 	C:\Windows\System32\KERNELBASE.dll
0x00007ffc878c0000 - 0x00007ffc879d1000 	C:\Windows\System32\ucrtbase.dll
0x00007ffc31e40000 - 0x00007ffc31e59000 	c:\Users\nhatn\.vscode\extensions\redhat.java-1.13.0-win32-x64\jre\17.0.5-win32-x86_64\bin\VCRUNTIME140.dll
0x00007ffc31e60000 - 0x00007ffc31e77000 	c:\Users\nhatn\.vscode\extensions\redhat.java-1.13.0-win32-x64\jre\17.0.5-win32-x86_64\bin\jli.dll
0x00007ffc88cb0000 - 0x00007ffc88e5d000 	C:\Windows\System32\USER32.dll
0x00007ffc78c90000 - 0x00007ffc78f35000 	C:\Windows\WinSxS\amd64_microsoft.windows.common-controls_6595b64144ccf1df_6.0.22000.120_none_9d947278b86cc467\COMCTL32.dll
0x00007ffc896f0000 - 0x00007ffc89793000 	C:\Windows\System32\msvcrt.dll
0x00007ffc87150000 - 0x00007ffc87176000 	C:\Windows\System32\win32u.dll
0x00007ffc890e0000 - 0x00007ffc89109000 	C:\Windows\System32\GDI32.dll
0x00007ffc879e0000 - 0x00007ffc87af8000 	C:\Windows\System32\gdi32full.dll
0x00007ffc871f0000 - 0x00007ffc8728d000 	C:\Windows\System32\msvcp_win.dll
0x00007ffc88080000 - 0x00007ffc880b2000 	C:\Windows\System32\IMM32.DLL
0x00007ffc39f20000 - 0x00007ffc39f2c000 	c:\Users\nhatn\.vscode\extensions\redhat.java-1.13.0-win32-x64\jre\17.0.5-win32-x86_64\bin\vcruntime140_1.dll
0x00007ffc1fd60000 - 0x00007ffc1fdf1000 	c:\Users\nhatn\.vscode\extensions\redhat.java-1.13.0-win32-x64\jre\17.0.5-win32-x86_64\bin\msvcp140.dll
0x00007ffb76ae0000 - 0x00007ffb77724000 	c:\Users\nhatn\.vscode\extensions\redhat.java-1.13.0-win32-x64\jre\17.0.5-win32-x86_64\bin\server\jvm.dll
0x00007ffc89b80000 - 0x00007ffc89c2e000 	C:\Windows\System32\ADVAPI32.dll
0x00007ffc87fe0000 - 0x00007ffc8807e000 	C:\Windows\System32\sechost.dll
0x00007ffc89110000 - 0x00007ffc89230000 	C:\Windows\System32\RPCRT4.dll
0x00007ffc40600000 - 0x00007ffc40609000 	C:\Windows\SYSTEM32\WSOCK32.dll
0x00007ffc82070000 - 0x00007ffc820a3000 	C:\Windows\SYSTEM32\WINMM.dll
0x00007ffc88ad0000 - 0x00007ffc88b3f000 	C:\Windows\System32\WS2_32.dll
0x00007ffc81340000 - 0x00007ffc8134a000 	C:\Windows\SYSTEM32\VERSION.dll
0x00007ffc861d0000 - 0x00007ffc861e8000 	C:\Windows\SYSTEM32\kernel.appcore.dll
0x00007ffc36c90000 - 0x00007ffc36c9a000 	c:\Users\nhatn\.vscode\extensions\redhat.java-1.13.0-win32-x64\jre\17.0.5-win32-x86_64\bin\jimage.dll
0x00007ffc7de40000 - 0x00007ffc7e061000 	C:\Windows\SYSTEM32\DBGHELP.DLL
0x00007ffc7e380000 - 0x00007ffc7e3b1000 	C:\Windows\SYSTEM32\dbgcore.DLL
0x00007ffc876d0000 - 0x00007ffc8774f000 	C:\Windows\System32\bcryptPrimitives.dll
0x00007ffc22860000 - 0x00007ffc22885000 	c:\Users\nhatn\.vscode\extensions\redhat.java-1.13.0-win32-x64\jre\17.0.5-win32-x86_64\bin\java.dll
0x00007ffc20200000 - 0x00007ffc20218000 	c:\Users\nhatn\.vscode\extensions\redhat.java-1.13.0-win32-x64\jre\17.0.5-win32-x86_64\bin\zip.dll
0x00007ffc880c0000 - 0x00007ffc88877000 	C:\Windows\System32\SHELL32.dll
0x00007ffc85210000 - 0x00007ffc85a75000 	C:\Windows\SYSTEM32\windows.storage.dll
0x00007ffc89290000 - 0x00007ffc89608000 	C:\Windows\System32\combase.dll
0x00007ffc850a0000 - 0x00007ffc85206000 	C:\Windows\SYSTEM32\wintypes.dll
0x00007ffc88950000 - 0x00007ffc88a3a000 	C:\Windows\System32\SHCORE.dll
0x00007ffc89230000 - 0x00007ffc8928d000 	C:\Windows\System32\shlwapi.dll
0x00007ffc87080000 - 0x00007ffc870a1000 	C:\Windows\SYSTEM32\profapi.dll
0x00007ffc201e0000 - 0x00007ffc201f9000 	C:\Users\nhatn\.vscode\extensions\redhat.java-1.13.0-win32-x64\jre\17.0.5-win32-x86_64\bin\net.dll
0x00007ffc81f50000 - 0x00007ffc82064000 	C:\Windows\SYSTEM32\WINHTTP.dll
0x00007ffc86670000 - 0x00007ffc866d7000 	C:\Windows\system32\mswsock.dll
0x00007ffc1fea0000 - 0x00007ffc1feb5000 	C:\Users\nhatn\.vscode\extensions\redhat.java-1.13.0-win32-x64\jre\17.0.5-win32-x86_64\bin\nio.dll
0x00007ffc2d040000 - 0x00007ffc2d050000 	c:\Users\nhatn\.vscode\extensions\redhat.java-1.13.0-win32-x64\jre\17.0.5-win32-x86_64\bin\verify.dll
0x00007ffc49dc0000 - 0x00007ffc49dc9000 	C:\Users\nhatn\.vscode\extensions\redhat.java-1.13.0-win32-x64\jre\17.0.5-win32-x86_64\bin\management.dll
0x00007ffc46130000 - 0x00007ffc4613b000 	C:\Users\nhatn\.vscode\extensions\redhat.java-1.13.0-win32-x64\jre\17.0.5-win32-x86_64\bin\management_ext.dll
0x00007ffc88880000 - 0x00007ffc88888000 	C:\Windows\System32\PSAPI.DLL
0x00007ffc6a8e0000 - 0x00007ffc6a8f7000 	C:\Windows\system32\napinsp.dll
0x00007ffc67060000 - 0x00007ffc6707b000 	C:\Windows\system32\pnrpnsp.dll
0x00007ffc85cf0000 - 0x00007ffc85dd8000 	C:\Windows\SYSTEM32\DNSAPI.dll
0x00007ffc85cc0000 - 0x00007ffc85ced000 	C:\Windows\SYSTEM32\IPHLPAPI.DLL
0x00007ffc87b60000 - 0x00007ffc87b69000 	C:\Windows\System32\NSI.dll
0x00007ffc7a960000 - 0x00007ffc7a972000 	C:\Windows\System32\winrnr.dll
0x00007ffc81100000 - 0x00007ffc81115000 	C:\Windows\system32\wshbth.dll
0x00007ffc7a940000 - 0x00007ffc7a95f000 	C:\Windows\system32\nlansp_c.dll
0x0000000060b90000 - 0x0000000060bc5000 	C:\Program Files\Bonjour\mdnsNSP.dll
0x00007ffc7ff60000 - 0x00007ffc7ff6a000 	C:\Windows\System32\rasadhlp.dll
0x00007ffc80fd0000 - 0x00007ffc81051000 	C:\Windows\System32\fwpuclnt.dll
0x00007ffc868b0000 - 0x00007ffc868c8000 	C:\Windows\SYSTEM32\CRYPTSP.dll
0x00007ffc86130000 - 0x00007ffc86165000 	C:\Windows\system32\rsaenh.dll
0x00007ffc86760000 - 0x00007ffc86789000 	C:\Windows\SYSTEM32\USERENV.dll
0x00007ffc86ab0000 - 0x00007ffc86ad7000 	C:\Windows\SYSTEM32\bcrypt.dll
0x00007ffc868d0000 - 0x00007ffc868dc000 	C:\Windows\SYSTEM32\CRYPTBASE.dll
0x00007ffc822d0000 - 0x00007ffc822e9000 	C:\Windows\SYSTEM32\dhcpcsvc6.DLL
0x00007ffc82470000 - 0x00007ffc8248e000 	C:\Windows\SYSTEM32\dhcpcsvc.DLL
0x00007ffc46120000 - 0x00007ffc4612e000 	C:\Users\nhatn\.vscode\extensions\redhat.java-1.13.0-win32-x64\jre\17.0.5-win32-x86_64\bin\sunmscapi.dll
0x00007ffc87750000 - 0x00007ffc878b2000 	C:\Windows\System32\CRYPT32.dll
0x00007ffc86a80000 - 0x00007ffc86aa8000 	C:\Windows\SYSTEM32\ncrypt.dll
0x00007ffc869d0000 - 0x00007ffc86a07000 	C:\Windows\SYSTEM32\NTASN1.dll
0x000000006c500000 - 0x000000006c5c7000 	C:\Users\nhatn\AppData\Local\Temp\snappy-1.1.8-7f448b1b-c9fe-4bba-9e47-95511335ba84-snappyjava.dll

dbghelp: loaded successfully - version: 4.0.5 - missing functions: none
symbol engine: initialized successfully - sym options: 0x614 - pdb path: .;c:\Users\nhatn\.vscode\extensions\redhat.java-1.13.0-win32-x64\jre\17.0.5-win32-x86_64\bin;C:\Windows\SYSTEM32;C:\Windows\WinSxS\amd64_microsoft.windows.common-controls_6595b64144ccf1df_6.0.22000.120_none_9d947278b86cc467;c:\Users\nhatn\.vscode\extensions\redhat.java-1.13.0-win32-x64\jre\17.0.5-win32-x86_64\bin\server;C:\Program Files\Bonjour;C:\Users\nhatn\AppData\Local\Temp

VM Arguments:
jvm_args: -Dsts.lsp.client=vscode -Dsts.log.file=/dev/null -XX:TieredStopAtLevel=1 -Xlog:jni+resolve=off -Dspring.config.location=file:c:\Users\nhatn\.vscode\extensions\pivotal.vscode-spring-boot-1.42.0\language-server\BOOT-INF\classes\application.properties 
java_command: org.springframework.ide.vscode.boot.app.BootLanguageServerBootApp
java_class_path (initial): c:\Users\nhatn\.vscode\extensions\pivotal.vscode-spring-boot-1.42.0\language-server\BOOT-INF\classes;c:\Users\nhatn\.vscode\extensions\pivotal.vscode-spring-boot-1.42.0\language-server\BOOT-INF\lib\annotations-23.1.0.jar;c:\Users\nhatn\.vscode\extensions\pivotal.vscode-spring-boot-1.42.0\language-server\BOOT-INF\lib\ant-1.10.12.jar;c:\Users\nhatn\.vscode\extensions\pivotal.vscode-spring-boot-1.42.0\language-server\BOOT-INF\lib\ant-launcher-1.10.12.jar;c:\Users\nhatn\.vscode\extensions\pivotal.vscode-spring-boot-1.42.0\language-server\BOOT-INF\lib\antlr-runtime-3.5.2.jar;c:\Users\nhatn\.vscode\extensions\pivotal.vscode-spring-boot-1.42.0\language-server\BOOT-INF\lib\antlr4-4.9.3.jar;c:\Users\nhatn\.vscode\extensions\pivotal.vscode-spring-boot-1.42.0\language-server\BOOT-INF\lib\antlr4-runtime-4.9.3.jar;c:\Users\nhatn\.vscode\extensions\pivotal.vscode-spring-boot-1.42.0\language-server\BOOT-INF\lib\apiguardian-api-1.1.2.jar;c:\Users\nhatn\.vscode\extensions\pivotal.vscode-spring-boot-1.42.0\language-server\BOOT-INF\lib\asm-9.4.jar;c:\Users\nhatn\.vscode\extensions\pivotal.vscode-spring-boot-1.42.0\language-server\BOOT-INF\lib\asm-analysis-9.4.jar;c:\Users\nhatn\.vscode\extensions\pivotal.vscode-spring-boot-1.42.0\language-server\BOOT-INF\lib\asm-tree-9.4.jar;c:\Users\nhatn\.vscode\extensions\pivotal.vscode-spring-boot-1.42.0\language-server\BOOT-INF\lib\asm-util-9.4.jar;c:\Users\nhatn\.vscode\extensions\pivotal.vscode-spring-boot-1.42.0\language-server\BOOT-INF\lib\caffeine-2.9.3.jar;c:\Users\nhatn\.vscode\extensions\pivotal.vscode-spring-boot-1.42.0\language-server\BOOT-INF\lib\checker-qual-3.12.0.jar;c:\Users\nhatn\.vscode\extensions\pivotal.vscode-spring-boot-1.42.0\language-server\BOOT-INF\lib\ci-environment-9.1.0.jar;c:\Users\nhatn\.vscode\extensions\pivotal.vscode-spring-boot-1.42.0\language-server\BOOT-INF\lib\classgraph-4.8.149.jar;c:\Users\nhatn\.vscode\extensions\pivotal.vscode-spring-boot-1.42.0\language-server\BOOT-INF\lib\comm
Launcher Type: SUN_STANDARD

[Global flags]
     intx CICompilerCount                          = 4                                         {product} {ergonomic}
     uint ConcGCThreads                            = 2                                         {product} {ergonomic}
     uint G1ConcRefinementThreads                  = 8                                         {product} {ergonomic}
   size_t G1HeapRegionSize                         = 1048576                                   {product} {ergonomic}
    uintx GCDrainStackTargetSize                   = 64                                        {product} {ergonomic}
   size_t InitialHeapSize                          = 100663296                                 {product} {ergonomic}
   size_t MarkStackSize                            = 4194304                                   {product} {ergonomic}
   size_t MaxHeapSize                              = 1595932672                                {product} {ergonomic}
   size_t MaxNewSize                               = 957349888                                 {product} {ergonomic}
   size_t MinHeapDeltaBytes                        = 1048576                                   {product} {ergonomic}
   size_t MinHeapSize                              = 8388608                                   {product} {ergonomic}
    uintx NonProfiledCodeHeapSize                  = 0                                      {pd product} {ergonomic}
     bool ProfileInterpreter                       = false                                  {pd product} {command line}
    uintx ProfiledCodeHeapSize                     = 0                                      {pd product} {ergonomic}
   size_t SoftMaxHeapSize                          = 1595932672                             {manageable} {ergonomic}
     intx TieredStopAtLevel                        = 1                                         {product} {command line}
     bool UseCompressedClassPointers               = true                           {product lp64_product} {ergonomic}
     bool UseCompressedOops                        = true                           {product lp64_product} {ergonomic}
     bool UseG1GC                                  = true                                      {product} {ergonomic}
     bool UseLargePagesIndividualAllocation        = false                                  {pd product} {ergonomic}

Logging:
Log output configuration:
 #0: stdout all=warning,jni+resolve=off uptime,level,tags
 #1: stderr all=off uptime,level,tags

Environment Variables:
JAVA_HOME=C:\Program Files\Java\jdk-11.0.16
PATH=C:\Program Files\NVIDIA GPU Computing Toolkit\CUDA\v8.0\bin;C:\Program Files\NVIDIA GPU Computing Toolkit\CUDA\v8.0\libnvvp;C:\Program Files (x86)\VMware\VMware Workstation\bin\;C:\ProgramData\Oracle\Java\javapath;C:\Program Files\Common Files\Oracle\Java\javapath;C:\Program Files (x86)\Common Files\Oracle\Java\javapath;C:\Windows\system32;C:\Windows;C:\Windows\System32\Wbem;C:\Windows\System32\WindowsPowerShell\v1.0\;C:\Windows\System32\OpenSSH\;C:\Program Files\dotnet\;C:\Program Files\Microsoft SQL Server\130\Tools\Binn\;C:\Program Files\Microsoft SQL Server\Client SDK\ODBC\170\Tools\Binn\;C:\Program Files (x86)\Microsoft SQL Server\150\Tools\Binn\;C:\Program Files\Microsoft SQL Server\150\Tools\Binn\;C:\Program Files\Microsoft SQL Server\150\DTS\Binn\;C:\Program Files (x86)\Microsoft SQL Server\150\DTS\Binn\;C:\Program Files\Azure Data Studio\bin;C:\Program Files\Java\jdk-17.0.1\bin;C:\Program Files\Git\cmd;C:\Users\nhatn\apache-maven-3.8.6-bin\apache-maven-3.8.6\bin;C:\Program Files\Java\jdk-11.0.16\bin;C:\Program Files\Java\jdk-18.0.2.1\bin;C:\Program Files\Java\jdk1.8.0_45\bin;C:\Program Files (x86)\dotnet\;C:\Program Files (x86)\NVIDIA Corporation\PhysX\Common;C:\Program Files\nodejs\;C:\sqlite3;C:\Users\nhatn\AppData\Local\Microsoft\WindowsApps;C:\Users\nhatn\.dotnet\tools;C:\Program Files\Azure Data Studio\bin;C:\Users\nhatn\AppData\Local\Programs\Microsoft VS Code\bin;C:\Users\nhatn\AppData\Local\Programs\oh-my-posh\bin;C:\Program Files\heroku\bin;C:\Program Files\JetBrains\IntelliJ IDEA 2021.1.3\bin;;C:\Users\nhatn\AppData\Roaming\npm
USERNAME=nhatn
OS=Windows_NT
PROCESSOR_IDENTIFIER=AMD64 Family 23 Model 24 Stepping 1, AuthenticAMD
TMP=C:\Users\nhatn\AppData\Local\Temp
TEMP=C:\Users\nhatn\AppData\Local\Temp



---------------  S Y S T E M  ---------------

OS:
 Windows 11 , 64 bit Build 22000 (10.0.22000.1335)
OS uptime: 4 days 5:15 hours
Hyper-V role detected

CPU: total 8 (initial active 8) (8 cores per cpu, 2 threads per core) family 23 model 24 stepping 1 microcode 0x0, cx8, cmov, fxsr, ht, mmx, 3dnowpref, sse, sse2, sse3, ssse3, sse4a, sse4.1, sse4.2, popcnt, lzcnt, tsc, tscinvbit, avx, avx2, aes, clmul, bmi1, bmi2, adx, sha, fma, vzeroupper, clflush, clflushopt, hv

Memory: 4k page, system-wide physical 6080M (324M free)
TotalPageFile size 24512M (AvailPageFile size 63M)
current process WorkingSet (physical memory assigned to process): 429M, peak: 1234M
current process commit charge ("private bytes"): 554M, peak: 1388M

vm_info: OpenJDK 64-Bit Server VM (17.0.5+8) for windows-amd64 JRE (17.0.5+8), built on Oct 19 2022 04:48:13 by "temurin" with MS VC++ 16.7 (VS2019)

END.
